[1.251s] Invoking command in '/home/luisf/robot2_ws/build/my_package': CMAKE_PREFIX_PATH=/opt/ros/foxy /usr/bin/cmake --build /home/luisf/robot2_ws/build/my_package -- -j4 -l4
[4.388s] [100%] Built target my_node
[4.405s] Invoked command in '/home/luisf/robot2_ws/build/my_package' returned '0': CMAKE_PREFIX_PATH=/opt/ros/foxy /usr/bin/cmake --build /home/luisf/robot2_ws/build/my_package -- -j4 -l4
[4.464s] Invoking command in '/home/luisf/robot2_ws/build/my_package': CMAKE_PREFIX_PATH=/opt/ros/foxy /usr/bin/cmake --install /home/luisf/robot2_ws/build/my_package
[4.504s] -- Install configuration: ""
[4.544s] -- Execute custom install script
[4.588s] -- Up-to-date symlink: /home/luisf/robot2_ws/install/my_package/lib/my_package/my_node
[4.648s] -- Up-to-date symlink: /home/luisf/robot2_ws/install/my_package/share/ament_index/resource_index/package_run_dependencies/my_package
[4.649s] -- Up-to-date symlink: /home/luisf/robot2_ws/install/my_package/share/ament_index/resource_index/parent_prefix_path/my_package
[4.650s] -- Up-to-date symlink: /home/luisf/robot2_ws/install/my_package/share/my_package/environment/ament_prefix_path.sh
[4.651s] -- Up-to-date symlink: /home/luisf/robot2_ws/install/my_package/share/my_package/environment/ament_prefix_path.dsv
[4.652s] -- Up-to-date symlink: /home/luisf/robot2_ws/install/my_package/share/my_package/environment/path.sh
[4.652s] -- Up-to-date symlink: /home/luisf/robot2_ws/install/my_package/share/my_package/environment/path.dsv
[4.653s] -- Up-to-date symlink: /home/luisf/robot2_ws/install/my_package/share/my_package/local_setup.bash
[4.654s] -- Up-to-date symlink: /home/luisf/robot2_ws/install/my_package/share/my_package/local_setup.sh
[4.655s] -- Up-to-date symlink: /home/luisf/robot2_ws/install/my_package/share/my_package/local_setup.zsh
[4.656s] -- Up-to-date symlink: /home/luisf/robot2_ws/install/my_package/share/my_package/local_setup.dsv
[4.656s] -- Symlinking: /home/luisf/robot2_ws/install/my_package/share/my_package/package.dsv
[4.673s] -- Up-to-date symlink: /home/luisf/robot2_ws/install/my_package/share/ament_index/resource_index/packages/my_package
[4.674s] -- Up-to-date symlink: /home/luisf/robot2_ws/install/my_package/share/my_package/cmake/my_packageConfig.cmake
[4.674s] -- Up-to-date symlink: /home/luisf/robot2_ws/install/my_package/share/my_package/cmake/my_packageConfig-version.cmake
[4.675s] -- Up-to-date symlink: /home/luisf/robot2_ws/install/my_package/share/my_package/package.xml
[4.679s] Invoked command in '/home/luisf/robot2_ws/build/my_package' returned '0': CMAKE_PREFIX_PATH=/opt/ros/foxy /usr/bin/cmake --install /home/luisf/robot2_ws/build/my_package
