[0.574s] DEBUG:colcon:Command line arguments: ['/usr/bin/colcon', 'build', '--symlink-install']
[0.574s] DEBUG:colcon:Parsed command line arguments: Namespace(allow_overriding=[], ament_cmake_args=None, base_paths=['.'], build_base='build', catkin_cmake_args=None, catkin_skip_building_tests=False, cmake_args=None, cmake_clean_cache=False, cmake_clean_first=False, cmake_force_configure=False, cmake_target=None, cmake_target_skip_unavailable=False, continue_on_error=False, event_handlers=None, executor='parallel', ignore_user_meta=False, install_base='install', log_base=None, log_level=None, main=<bound method BuildVerb.main of <colcon_core.verb.build.BuildVerb object at 0x7f65458502b0>>, merge_install=False, metas=['./colcon.meta'], packages_above=None, packages_above_and_dependencies=None, packages_above_depth=None, packages_end=None, packages_ignore=None, packages_ignore_regex=None, packages_select=None, packages_select_build_failed=False, packages_select_by_dep=None, packages_select_regex=None, packages_select_test_failures=False, packages_skip=None, packages_skip_build_finished=False, packages_skip_by_dep=None, packages_skip_regex=None, packages_skip_test_passed=False, packages_skip_up_to=None, packages_start=None, packages_up_to=None, packages_up_to_regex=None, parallel_workers=4, paths=None, symlink_install=True, test_result_base=None, verb_extension=<colcon_core.verb.build.BuildVerb object at 0x7f65458502b0>, verb_name='build', verb_parser=<colcon_defaults.argument_parser.defaults.DefaultArgumentsDecorator object at 0x7f65458507f0>)
[0.622s] Level 1:colcon.colcon_core.package_discovery:discover_packages(colcon_meta) check parameters
[0.623s] Level 1:colcon.colcon_core.package_discovery:discover_packages(recursive) check parameters
[0.623s] Level 1:colcon.colcon_core.package_discovery:discover_packages(ignore) check parameters
[0.623s] Level 1:colcon.colcon_core.package_discovery:discover_packages(path) check parameters
[0.623s] Level 1:colcon.colcon_core.package_discovery:discover_packages(colcon_meta) discover
[0.623s] Level 1:colcon.colcon_core.package_discovery:discover_packages(recursive) discover
[0.623s] INFO:colcon.colcon_core.package_discovery:Crawling recursively for packages in '/home/luisf/robot2_ws'
[0.623s] Level 1:colcon.colcon_core.package_identification:_identify(.) by extensions ['ignore', 'ignore_ament_install']
[0.624s] Level 1:colcon.colcon_core.package_identification:_identify(.) by extension 'ignore'
[0.624s] Level 1:colcon.colcon_core.package_identification:_identify(.) by extension 'ignore_ament_install'
[0.624s] Level 1:colcon.colcon_core.package_identification:_identify(.) by extensions ['colcon_pkg']
[0.624s] Level 1:colcon.colcon_core.package_identification:_identify(.) by extension 'colcon_pkg'
[0.624s] Level 1:colcon.colcon_core.package_identification:_identify(.) by extensions ['colcon_meta']
[0.624s] Level 1:colcon.colcon_core.package_identification:_identify(.) by extension 'colcon_meta'
[0.624s] Level 1:colcon.colcon_core.package_identification:_identify(.) by extensions ['ros']
[0.625s] Level 1:colcon.colcon_core.package_identification:_identify(.) by extension 'ros'
[0.658s] Level 1:colcon.colcon_core.package_identification:_identify(.) by extensions ['cmake', 'python']
[0.658s] Level 1:colcon.colcon_core.package_identification:_identify(.) by extension 'cmake'
[0.658s] Level 1:colcon.colcon_core.package_identification:_identify(.) by extension 'python'
[0.658s] Level 1:colcon.colcon_core.package_identification:_identify(.) by extensions ['python_setup_py']
[0.658s] Level 1:colcon.colcon_core.package_identification:_identify(.) by extension 'python_setup_py'
[0.659s] Level 1:colcon.colcon_core.package_identification:_identify(build) by extensions ['ignore', 'ignore_ament_install']
[0.659s] Level 1:colcon.colcon_core.package_identification:_identify(build) by extension 'ignore'
[0.659s] Level 1:colcon.colcon_core.package_identification:_identify(build) ignored
[0.660s] Level 1:colcon.colcon_core.package_identification:_identify(install) by extensions ['ignore', 'ignore_ament_install']
[0.660s] Level 1:colcon.colcon_core.package_identification:_identify(install) by extension 'ignore'
[0.660s] Level 1:colcon.colcon_core.package_identification:_identify(install) ignored
[0.660s] Level 1:colcon.colcon_core.package_identification:_identify(log) by extensions ['ignore', 'ignore_ament_install']
[0.661s] Level 1:colcon.colcon_core.package_identification:_identify(log) by extension 'ignore'
[0.661s] Level 1:colcon.colcon_core.package_identification:_identify(log) ignored
[0.661s] Level 1:colcon.colcon_core.package_identification:_identify(src) by extensions ['ignore', 'ignore_ament_install']
[0.661s] Level 1:colcon.colcon_core.package_identification:_identify(src) by extension 'ignore'
[0.661s] Level 1:colcon.colcon_core.package_identification:_identify(src) by extension 'ignore_ament_install'
[0.662s] Level 1:colcon.colcon_core.package_identification:_identify(src) by extensions ['colcon_pkg']
[0.662s] Level 1:colcon.colcon_core.package_identification:_identify(src) by extension 'colcon_pkg'
[0.662s] Level 1:colcon.colcon_core.package_identification:_identify(src) by extensions ['colcon_meta']
[0.662s] Level 1:colcon.colcon_core.package_identification:_identify(src) by extension 'colcon_meta'
[0.662s] Level 1:colcon.colcon_core.package_identification:_identify(src) by extensions ['ros']
[0.662s] Level 1:colcon.colcon_core.package_identification:_identify(src) by extension 'ros'
[0.662s] Level 1:colcon.colcon_core.package_identification:_identify(src) by extensions ['cmake', 'python']
[0.662s] Level 1:colcon.colcon_core.package_identification:_identify(src) by extension 'cmake'
[0.663s] Level 1:colcon.colcon_core.package_identification:_identify(src) by extension 'python'
[0.663s] Level 1:colcon.colcon_core.package_identification:_identify(src) by extensions ['python_setup_py']
[0.663s] Level 1:colcon.colcon_core.package_identification:_identify(src) by extension 'python_setup_py'
[0.663s] Level 1:colcon.colcon_core.package_identification:_identify(src/cpp_publisher_subscriber) by extensions ['ignore', 'ignore_ament_install']
[0.663s] Level 1:colcon.colcon_core.package_identification:_identify(src/cpp_publisher_subscriber) by extension 'ignore'
[0.663s] Level 1:colcon.colcon_core.package_identification:_identify(src/cpp_publisher_subscriber) by extension 'ignore_ament_install'
[0.664s] Level 1:colcon.colcon_core.package_identification:_identify(src/cpp_publisher_subscriber) by extensions ['colcon_pkg']
[0.664s] Level 1:colcon.colcon_core.package_identification:_identify(src/cpp_publisher_subscriber) by extension 'colcon_pkg'
[0.664s] Level 1:colcon.colcon_core.package_identification:_identify(src/cpp_publisher_subscriber) by extensions ['colcon_meta']
[0.664s] Level 1:colcon.colcon_core.package_identification:_identify(src/cpp_publisher_subscriber) by extension 'colcon_meta'
[0.664s] Level 1:colcon.colcon_core.package_identification:_identify(src/cpp_publisher_subscriber) by extensions ['ros']
[0.664s] Level 1:colcon.colcon_core.package_identification:_identify(src/cpp_publisher_subscriber) by extension 'ros'
[0.669s] DEBUG:colcon.colcon_core.package_identification:Package 'src/cpp_publisher_subscriber' with type 'ros.ament_cmake' and name 'cpp_publisher_subscriber'
[0.669s] Level 1:colcon.colcon_core.package_identification:_identify(src/my_package) by extensions ['ignore', 'ignore_ament_install']
[0.669s] Level 1:colcon.colcon_core.package_identification:_identify(src/my_package) by extension 'ignore'
[0.669s] Level 1:colcon.colcon_core.package_identification:_identify(src/my_package) by extension 'ignore_ament_install'
[0.670s] Level 1:colcon.colcon_core.package_identification:_identify(src/my_package) by extensions ['colcon_pkg']
[0.670s] Level 1:colcon.colcon_core.package_identification:_identify(src/my_package) by extension 'colcon_pkg'
[0.670s] Level 1:colcon.colcon_core.package_identification:_identify(src/my_package) by extensions ['colcon_meta']
[0.670s] Level 1:colcon.colcon_core.package_identification:_identify(src/my_package) by extension 'colcon_meta'
[0.670s] Level 1:colcon.colcon_core.package_identification:_identify(src/my_package) by extensions ['ros']
[0.670s] Level 1:colcon.colcon_core.package_identification:_identify(src/my_package) by extension 'ros'
[0.671s] DEBUG:colcon.colcon_core.package_identification:Package 'src/my_package' with type 'ros.ament_cmake' and name 'my_package'
[0.671s] Level 1:colcon.colcon_core.package_identification:_identify(src/node1) by extensions ['ignore', 'ignore_ament_install']
[0.672s] Level 1:colcon.colcon_core.package_identification:_identify(src/node1) by extension 'ignore'
[0.672s] Level 1:colcon.colcon_core.package_identification:_identify(src/node1) by extension 'ignore_ament_install'
[0.672s] Level 1:colcon.colcon_core.package_identification:_identify(src/node1) by extensions ['colcon_pkg']
[0.672s] Level 1:colcon.colcon_core.package_identification:_identify(src/node1) by extension 'colcon_pkg'
[0.672s] Level 1:colcon.colcon_core.package_identification:_identify(src/node1) by extensions ['colcon_meta']
[0.673s] Level 1:colcon.colcon_core.package_identification:_identify(src/node1) by extension 'colcon_meta'
[0.673s] Level 1:colcon.colcon_core.package_identification:_identify(src/node1) by extensions ['ros']
[0.673s] Level 1:colcon.colcon_core.package_identification:_identify(src/node1) by extension 'ros'
[0.674s] DEBUG:colcon.colcon_core.package_identification:Package 'src/node1' with type 'ros.ament_cmake' and name 'node1'
[0.674s] Level 1:colcon.colcon_core.package_identification:_identify(src/publisher_subscriber_r) by extensions ['ignore', 'ignore_ament_install']
[0.675s] Level 1:colcon.colcon_core.package_identification:_identify(src/publisher_subscriber_r) by extension 'ignore'
[0.675s] Level 1:colcon.colcon_core.package_identification:_identify(src/publisher_subscriber_r) by extension 'ignore_ament_install'
[0.675s] Level 1:colcon.colcon_core.package_identification:_identify(src/publisher_subscriber_r) by extensions ['colcon_pkg']
[0.675s] Level 1:colcon.colcon_core.package_identification:_identify(src/publisher_subscriber_r) by extension 'colcon_pkg'
[0.675s] Level 1:colcon.colcon_core.package_identification:_identify(src/publisher_subscriber_r) by extensions ['colcon_meta']
[0.675s] Level 1:colcon.colcon_core.package_identification:_identify(src/publisher_subscriber_r) by extension 'colcon_meta'
[0.675s] Level 1:colcon.colcon_core.package_identification:_identify(src/publisher_subscriber_r) by extensions ['ros']
[0.675s] Level 1:colcon.colcon_core.package_identification:_identify(src/publisher_subscriber_r) by extension 'ros'
[0.677s] DEBUG:colcon.colcon_core.package_identification:Found ROS schema reference in package manifest in 'src/publisher_subscriber_r'
[0.677s] WARNING:colcon.colcon_core.package_identification:Failed to parse ROS package manifest in 'src/publisher_subscriber_r': Error(s) in package 'src/publisher_subscriber_r/package.xml':
Error(s):
- The generic dependency on 'rclcpy' is redundant with: exec_depend
- The generic dependency on 'std_msgs' is redundant with: exec_depend
[0.678s] Level 1:colcon.colcon_core.package_identification:_identify(src/publisher_subscriber_r) by extensions ['cmake', 'python']
[0.678s] Level 1:colcon.colcon_core.package_identification:_identify(src/publisher_subscriber_r) by extension 'cmake'
[0.678s] Level 1:colcon.colcon_core.package_identification:_identify(src/publisher_subscriber_r) by extension 'python'
[0.678s] DEBUG:colcon.colcon_core.package_identification:Python package in 'src/publisher_subscriber_r' passes arguments to the setup() function which requires a different identification extension than 'python'
[0.678s] Level 1:colcon.colcon_core.package_identification:_identify(src/publisher_subscriber_r) by extensions ['python_setup_py']
[0.678s] Level 1:colcon.colcon_core.package_identification:_identify(src/publisher_subscriber_r) by extension 'python_setup_py'
[1.109s] DEBUG:colcon.colcon_core.package_identification:Package 'src/publisher_subscriber_r' with type 'python' and name 'publisher_subscriber_r'
[1.110s] Level 1:colcon.colcon_core.package_discovery:discover_packages(recursive) using defaults
[1.110s] Level 1:colcon.colcon_core.package_discovery:discover_packages(ignore) discover
[1.110s] Level 1:colcon.colcon_core.package_discovery:discover_packages(ignore) using defaults
[1.110s] Level 1:colcon.colcon_core.package_discovery:discover_packages(path) discover
[1.110s] Level 1:colcon.colcon_core.package_discovery:discover_packages(path) using defaults
[1.155s] Level 1:colcon.colcon_core.package_discovery:discover_packages(prefix_path) check parameters
[1.155s] Level 1:colcon.colcon_core.package_discovery:discover_packages(prefix_path) discover
[1.165s] DEBUG:colcon.colcon_installed_package_information.package_discovery:Found 6 installed packages in /home/luisf/robot2_ws/install
[1.171s] DEBUG:colcon.colcon_installed_package_information.package_discovery:Found 266 installed packages in /opt/ros/foxy
[1.176s] Level 1:colcon.colcon_core.package_discovery:discover_packages(prefix_path) using defaults
[1.428s] Level 5:colcon.colcon_core.verb:set package 'cpp_publisher_subscriber' build argument 'cmake_args' from command line to 'None'
[1.428s] Level 5:colcon.colcon_core.verb:set package 'cpp_publisher_subscriber' build argument 'cmake_target' from command line to 'None'
[1.428s] Level 5:colcon.colcon_core.verb:set package 'cpp_publisher_subscriber' build argument 'cmake_target_skip_unavailable' from command line to 'False'
[1.428s] Level 5:colcon.colcon_core.verb:set package 'cpp_publisher_subscriber' build argument 'cmake_clean_cache' from command line to 'False'
[1.428s] Level 5:colcon.colcon_core.verb:set package 'cpp_publisher_subscriber' build argument 'cmake_clean_first' from command line to 'False'
[1.428s] Level 5:colcon.colcon_core.verb:set package 'cpp_publisher_subscriber' build argument 'cmake_force_configure' from command line to 'False'
[1.428s] Level 5:colcon.colcon_core.verb:set package 'cpp_publisher_subscriber' build argument 'ament_cmake_args' from command line to 'None'
[1.428s] Level 5:colcon.colcon_core.verb:set package 'cpp_publisher_subscriber' build argument 'catkin_cmake_args' from command line to 'None'
[1.428s] Level 5:colcon.colcon_core.verb:set package 'cpp_publisher_subscriber' build argument 'catkin_skip_building_tests' from command line to 'False'
[1.428s] DEBUG:colcon.colcon_core.verb:Building package 'cpp_publisher_subscriber' with the following arguments: {'ament_cmake_args': None, 'build_base': '/home/luisf/robot2_ws/build/cpp_publisher_subscriber', 'catkin_cmake_args': None, 'catkin_skip_building_tests': False, 'cmake_args': None, 'cmake_clean_cache': False, 'cmake_clean_first': False, 'cmake_force_configure': False, 'cmake_target': None, 'cmake_target_skip_unavailable': False, 'install_base': '/home/luisf/robot2_ws/install/cpp_publisher_subscriber', 'merge_install': False, 'path': '/home/luisf/robot2_ws/src/cpp_publisher_subscriber', 'symlink_install': True, 'test_result_base': None}
[1.430s] Level 5:colcon.colcon_core.verb:set package 'my_package' build argument 'cmake_args' from command line to 'None'
[1.430s] Level 5:colcon.colcon_core.verb:set package 'my_package' build argument 'cmake_target' from command line to 'None'
[1.430s] Level 5:colcon.colcon_core.verb:set package 'my_package' build argument 'cmake_target_skip_unavailable' from command line to 'False'
[1.430s] Level 5:colcon.colcon_core.verb:set package 'my_package' build argument 'cmake_clean_cache' from command line to 'False'
[1.431s] Level 5:colcon.colcon_core.verb:set package 'my_package' build argument 'cmake_clean_first' from command line to 'False'
[1.431s] Level 5:colcon.colcon_core.verb:set package 'my_package' build argument 'cmake_force_configure' from command line to 'False'
[1.431s] Level 5:colcon.colcon_core.verb:set package 'my_package' build argument 'ament_cmake_args' from command line to 'None'
[1.431s] Level 5:colcon.colcon_core.verb:set package 'my_package' build argument 'catkin_cmake_args' from command line to 'None'
[1.431s] Level 5:colcon.colcon_core.verb:set package 'my_package' build argument 'catkin_skip_building_tests' from command line to 'False'
[1.431s] DEBUG:colcon.colcon_core.verb:Building package 'my_package' with the following arguments: {'ament_cmake_args': None, 'build_base': '/home/luisf/robot2_ws/build/my_package', 'catkin_cmake_args': None, 'catkin_skip_building_tests': False, 'cmake_args': None, 'cmake_clean_cache': False, 'cmake_clean_first': False, 'cmake_force_configure': False, 'cmake_target': None, 'cmake_target_skip_unavailable': False, 'install_base': '/home/luisf/robot2_ws/install/my_package', 'merge_install': False, 'path': '/home/luisf/robot2_ws/src/my_package', 'symlink_install': True, 'test_result_base': None}
[1.433s] Level 5:colcon.colcon_core.verb:set package 'node1' build argument 'cmake_args' from command line to 'None'
[1.433s] Level 5:colcon.colcon_core.verb:set package 'node1' build argument 'cmake_target' from command line to 'None'
[1.433s] Level 5:colcon.colcon_core.verb:set package 'node1' build argument 'cmake_target_skip_unavailable' from command line to 'False'
[1.433s] Level 5:colcon.colcon_core.verb:set package 'node1' build argument 'cmake_clean_cache' from command line to 'False'
[1.433s] Level 5:colcon.colcon_core.verb:set package 'node1' build argument 'cmake_clean_first' from command line to 'False'
[1.433s] Level 5:colcon.colcon_core.verb:set package 'node1' build argument 'cmake_force_configure' from command line to 'False'
[1.433s] Level 5:colcon.colcon_core.verb:set package 'node1' build argument 'ament_cmake_args' from command line to 'None'
[1.433s] Level 5:colcon.colcon_core.verb:set package 'node1' build argument 'catkin_cmake_args' from command line to 'None'
[1.433s] Level 5:colcon.colcon_core.verb:set package 'node1' build argument 'catkin_skip_building_tests' from command line to 'False'
[1.433s] DEBUG:colcon.colcon_core.verb:Building package 'node1' with the following arguments: {'ament_cmake_args': None, 'build_base': '/home/luisf/robot2_ws/build/node1', 'catkin_cmake_args': None, 'catkin_skip_building_tests': False, 'cmake_args': None, 'cmake_clean_cache': False, 'cmake_clean_first': False, 'cmake_force_configure': False, 'cmake_target': None, 'cmake_target_skip_unavailable': False, 'install_base': '/home/luisf/robot2_ws/install/node1', 'merge_install': False, 'path': '/home/luisf/robot2_ws/src/node1', 'symlink_install': True, 'test_result_base': None}
[1.435s] Level 5:colcon.colcon_core.verb:set package 'publisher_subscriber_r' build argument 'cmake_args' from command line to 'None'
[1.435s] Level 5:colcon.colcon_core.verb:set package 'publisher_subscriber_r' build argument 'cmake_target' from command line to 'None'
[1.435s] Level 5:colcon.colcon_core.verb:set package 'publisher_subscriber_r' build argument 'cmake_target_skip_unavailable' from command line to 'False'
[1.435s] Level 5:colcon.colcon_core.verb:set package 'publisher_subscriber_r' build argument 'cmake_clean_cache' from command line to 'False'
[1.436s] Level 5:colcon.colcon_core.verb:set package 'publisher_subscriber_r' build argument 'cmake_clean_first' from command line to 'False'
[1.436s] Level 5:colcon.colcon_core.verb:set package 'publisher_subscriber_r' build argument 'cmake_force_configure' from command line to 'False'
[1.436s] Level 5:colcon.colcon_core.verb:set package 'publisher_subscriber_r' build argument 'ament_cmake_args' from command line to 'None'
[1.436s] Level 5:colcon.colcon_core.verb:set package 'publisher_subscriber_r' build argument 'catkin_cmake_args' from command line to 'None'
[1.436s] Level 5:colcon.colcon_core.verb:set package 'publisher_subscriber_r' build argument 'catkin_skip_building_tests' from command line to 'False'
[1.436s] DEBUG:colcon.colcon_core.verb:Building package 'publisher_subscriber_r' with the following arguments: {'ament_cmake_args': None, 'build_base': '/home/luisf/robot2_ws/build/publisher_subscriber_r', 'catkin_cmake_args': None, 'catkin_skip_building_tests': False, 'cmake_args': None, 'cmake_clean_cache': False, 'cmake_clean_first': False, 'cmake_force_configure': False, 'cmake_target': None, 'cmake_target_skip_unavailable': False, 'install_base': '/home/luisf/robot2_ws/install/publisher_subscriber_r', 'merge_install': False, 'path': '/home/luisf/robot2_ws/src/publisher_subscriber_r', 'symlink_install': True, 'test_result_base': None}
[1.437s] INFO:colcon.colcon_core.executor:Executing jobs using 'parallel' executor
[1.444s] DEBUG:colcon.colcon_parallel_executor.executor.parallel:run_until_complete
[1.444s] INFO:colcon.colcon_ros.task.ament_cmake.build:Building ROS package in '/home/luisf/robot2_ws/src/cpp_publisher_subscriber' with build type 'ament_cmake'
[1.444s] INFO:colcon.colcon_cmake.task.cmake.build:Building CMake package in '/home/luisf/robot2_ws/src/cpp_publisher_subscriber'
[1.453s] INFO:colcon.colcon_core.plugin_system:Skipping extension 'colcon_core.shell.bat': Not used on non-Windows systems
[1.454s] INFO:colcon.colcon_core.shell:Skip shell extension 'powershell' for command environment: Not usable outside of PowerShell
[1.454s] DEBUG:colcon.colcon_core.shell:Skip shell extension 'dsv' for command environment
[1.466s] INFO:colcon.colcon_ros.task.ament_cmake.build:Building ROS package in '/home/luisf/robot2_ws/src/my_package' with build type 'ament_cmake'
[1.467s] INFO:colcon.colcon_cmake.task.cmake.build:Building CMake package in '/home/luisf/robot2_ws/src/my_package'
[1.470s] INFO:colcon.colcon_core.shell:Skip shell extension 'powershell' for command environment: Not usable outside of PowerShell
[1.470s] DEBUG:colcon.colcon_core.shell:Skip shell extension 'dsv' for command environment
[1.487s] INFO:colcon.colcon_ros.task.ament_cmake.build:Building ROS package in '/home/luisf/robot2_ws/src/node1' with build type 'ament_cmake'
[1.487s] INFO:colcon.colcon_cmake.task.cmake.build:Building CMake package in '/home/luisf/robot2_ws/src/node1'
[1.491s] INFO:colcon.colcon_core.shell:Skip shell extension 'powershell' for command environment: Not usable outside of PowerShell
[1.491s] DEBUG:colcon.colcon_core.shell:Skip shell extension 'dsv' for command environment
[1.504s] INFO:colcon.colcon_core.task.python.build:Building Python package in '/home/luisf/robot2_ws/src/publisher_subscriber_r'
[1.509s] INFO:colcon.colcon_core.shell:Skip shell extension 'powershell' for command environment: Not usable outside of PowerShell
[1.509s] DEBUG:colcon.colcon_core.shell:Skip shell extension 'dsv' for command environment
[1.550s] DEBUG:colcon.colcon_core.event_handler.log_command:Invoking command in '/home/luisf/robot2_ws/build/cpp_publisher_subscriber': CMAKE_PREFIX_PATH=${CMAKE_PREFIX_PATH}:/home/luisf/robot2_ws/install/program2:/opt/ros/foxy /usr/bin/cmake --build /home/luisf/robot2_ws/build/cpp_publisher_subscriber -- -j4 -l4
[1.560s] DEBUG:colcon.colcon_core.event_handler.log_command:Invoking command in '/home/luisf/robot2_ws/build/my_package': CMAKE_PREFIX_PATH=${CMAKE_PREFIX_PATH}:/home/luisf/robot2_ws/install/program2:/opt/ros/foxy /usr/bin/cmake --build /home/luisf/robot2_ws/build/my_package -- -j4 -l4
[1.589s] DEBUG:colcon.colcon_core.event_handler.log_command:Invoking command in '/home/luisf/robot2_ws/build/node1': CMAKE_PREFIX_PATH=${CMAKE_PREFIX_PATH}:/home/luisf/robot2_ws/install/program2:/opt/ros/foxy /usr/bin/cmake --build /home/luisf/robot2_ws/build/node1 -- -j4 -l4
[2.130s] DEBUG:colcon.colcon_core.event_handler.log_command:Invoked command in '/home/luisf/robot2_ws/build/node1' returned '0': CMAKE_PREFIX_PATH=${CMAKE_PREFIX_PATH}:/home/luisf/robot2_ws/install/program2:/opt/ros/foxy /usr/bin/cmake --build /home/luisf/robot2_ws/build/node1 -- -j4 -l4
[2.137s] DEBUG:colcon.colcon_core.event_handler.log_command:Invoked command in '/home/luisf/robot2_ws/build/my_package' returned '0': CMAKE_PREFIX_PATH=${CMAKE_PREFIX_PATH}:/home/luisf/robot2_ws/install/program2:/opt/ros/foxy /usr/bin/cmake --build /home/luisf/robot2_ws/build/my_package -- -j4 -l4
[2.146s] DEBUG:colcon.colcon_core.event_handler.log_command:Invoked command in '/home/luisf/robot2_ws/build/cpp_publisher_subscriber' returned '0': CMAKE_PREFIX_PATH=${CMAKE_PREFIX_PATH}:/home/luisf/robot2_ws/install/program2:/opt/ros/foxy /usr/bin/cmake --build /home/luisf/robot2_ws/build/cpp_publisher_subscriber -- -j4 -l4
[2.227s] DEBUG:colcon.colcon_core.event_handler.log_command:Invoking command in '/home/luisf/robot2_ws/build/node1': CMAKE_PREFIX_PATH=${CMAKE_PREFIX_PATH}:/home/luisf/robot2_ws/install/program2:/opt/ros/foxy /usr/bin/cmake --install /home/luisf/robot2_ws/build/node1
[2.236s] DEBUG:colcon.colcon_core.event_handler.log_command:Invoking command in '/home/luisf/robot2_ws/build/cpp_publisher_subscriber': CMAKE_PREFIX_PATH=${CMAKE_PREFIX_PATH}:/home/luisf/robot2_ws/install/program2:/opt/ros/foxy /usr/bin/cmake --install /home/luisf/robot2_ws/build/cpp_publisher_subscriber
[2.246s] DEBUG:colcon.colcon_core.event_handler.log_command:Invoking command in '/home/luisf/robot2_ws/build/my_package': CMAKE_PREFIX_PATH=${CMAKE_PREFIX_PATH}:/home/luisf/robot2_ws/install/program2:/opt/ros/foxy /usr/bin/cmake --install /home/luisf/robot2_ws/build/my_package
[2.320s] Level 1:colcon.colcon_core.environment:create_environment_scripts_only(my_package)
[2.327s] DEBUG:colcon.colcon_core.event_handler.log_command:Invoked command in '/home/luisf/robot2_ws/build/my_package' returned '0': CMAKE_PREFIX_PATH=${CMAKE_PREFIX_PATH}:/home/luisf/robot2_ws/install/program2:/opt/ros/foxy /usr/bin/cmake --install /home/luisf/robot2_ws/build/my_package
[2.342s] Level 1:colcon.colcon_core.environment:checking '/home/luisf/robot2_ws/install/my_package' for CMake module files
[2.344s] Level 1:colcon.colcon_core.environment:checking '/home/luisf/robot2_ws/install/my_package' for CMake config files
[2.345s] Level 1:colcon.colcon_core.shell:create_environment_hook('my_package', 'cmake_prefix_path')
[2.349s] INFO:colcon.colcon_core.shell:Creating environment hook '/home/luisf/robot2_ws/install/my_package/share/my_package/hook/cmake_prefix_path.ps1'
[2.351s] INFO:colcon.colcon_core.shell:Creating environment descriptor '/home/luisf/robot2_ws/install/my_package/share/my_package/hook/cmake_prefix_path.dsv'
[2.352s] INFO:colcon.colcon_core.shell:Creating environment hook '/home/luisf/robot2_ws/install/my_package/share/my_package/hook/cmake_prefix_path.sh'
[2.355s] Level 1:colcon.colcon_core.environment:checking '/home/luisf/robot2_ws/install/my_package/lib'
[2.355s] Level 1:colcon.colcon_core.environment:checking '/home/luisf/robot2_ws/install/my_package/bin'
[2.356s] Level 1:colcon.colcon_core.environment:checking '/home/luisf/robot2_ws/install/my_package/lib/pkgconfig/my_package.pc'
[2.356s] Level 1:colcon.colcon_core.environment:checking '/home/luisf/robot2_ws/install/my_package/lib/python3.8/site-packages'
[2.357s] Level 1:colcon.colcon_core.environment:checking '/home/luisf/robot2_ws/install/my_package/bin'
[2.359s] INFO:colcon.colcon_core.shell:Creating package script '/home/luisf/robot2_ws/install/my_package/share/my_package/package.ps1'
[2.361s] INFO:colcon.colcon_core.shell:Creating package descriptor '/home/luisf/robot2_ws/install/my_package/share/my_package/package.dsv'
[2.362s] INFO:colcon.colcon_core.shell:Creating package script '/home/luisf/robot2_ws/install/my_package/share/my_package/package.sh'
[2.364s] INFO:colcon.colcon_core.shell:Creating package script '/home/luisf/robot2_ws/install/my_package/share/my_package/package.bash'
[2.367s] INFO:colcon.colcon_core.shell:Creating package script '/home/luisf/robot2_ws/install/my_package/share/my_package/package.zsh'
[2.368s] Level 1:colcon.colcon_core.environment:create_file_with_runtime_dependencies(/home/luisf/robot2_ws/install/my_package/share/colcon-core/packages/my_package)
[2.376s] Level 1:colcon.colcon_core.environment:create_environment_scripts_only(cpp_publisher_subscriber)
[2.379s] DEBUG:colcon.colcon_core.event_handler.log_command:Invoked command in '/home/luisf/robot2_ws/build/cpp_publisher_subscriber' returned '0': CMAKE_PREFIX_PATH=${CMAKE_PREFIX_PATH}:/home/luisf/robot2_ws/install/program2:/opt/ros/foxy /usr/bin/cmake --install /home/luisf/robot2_ws/build/cpp_publisher_subscriber
[2.387s] Level 1:colcon.colcon_core.environment:checking '/home/luisf/robot2_ws/install/cpp_publisher_subscriber' for CMake module files
[2.388s] Level 1:colcon.colcon_core.environment:checking '/home/luisf/robot2_ws/install/cpp_publisher_subscriber' for CMake config files
[2.389s] Level 1:colcon.colcon_core.shell:create_environment_hook('cpp_publisher_subscriber', 'cmake_prefix_path')
[2.394s] INFO:colcon.colcon_core.shell:Creating environment hook '/home/luisf/robot2_ws/install/cpp_publisher_subscriber/share/cpp_publisher_subscriber/hook/cmake_prefix_path.ps1'
[2.395s] INFO:colcon.colcon_core.shell:Creating environment descriptor '/home/luisf/robot2_ws/install/cpp_publisher_subscriber/share/cpp_publisher_subscriber/hook/cmake_prefix_path.dsv'
[2.396s] INFO:colcon.colcon_core.shell:Creating environment hook '/home/luisf/robot2_ws/install/cpp_publisher_subscriber/share/cpp_publisher_subscriber/hook/cmake_prefix_path.sh'
[2.398s] Level 1:colcon.colcon_core.environment:checking '/home/luisf/robot2_ws/install/cpp_publisher_subscriber/lib'
[2.398s] Level 1:colcon.colcon_core.environment:checking '/home/luisf/robot2_ws/install/cpp_publisher_subscriber/bin'
[2.398s] Level 1:colcon.colcon_core.environment:checking '/home/luisf/robot2_ws/install/cpp_publisher_subscriber/lib/pkgconfig/cpp_publisher_subscriber.pc'
[2.399s] Level 1:colcon.colcon_core.environment:checking '/home/luisf/robot2_ws/install/cpp_publisher_subscriber/lib/python3.8/site-packages'
[2.399s] Level 1:colcon.colcon_core.environment:checking '/home/luisf/robot2_ws/install/cpp_publisher_subscriber/bin'
[2.404s] INFO:colcon.colcon_core.shell:Creating package script '/home/luisf/robot2_ws/install/cpp_publisher_subscriber/share/cpp_publisher_subscriber/package.ps1'
[2.406s] INFO:colcon.colcon_core.shell:Creating package descriptor '/home/luisf/robot2_ws/install/cpp_publisher_subscriber/share/cpp_publisher_subscriber/package.dsv'
[2.407s] INFO:colcon.colcon_core.shell:Creating package script '/home/luisf/robot2_ws/install/cpp_publisher_subscriber/share/cpp_publisher_subscriber/package.sh'
[2.408s] INFO:colcon.colcon_core.shell:Creating package script '/home/luisf/robot2_ws/install/cpp_publisher_subscriber/share/cpp_publisher_subscriber/package.bash'
[2.409s] INFO:colcon.colcon_core.shell:Creating package script '/home/luisf/robot2_ws/install/cpp_publisher_subscriber/share/cpp_publisher_subscriber/package.zsh'
[2.410s] Level 1:colcon.colcon_core.environment:create_file_with_runtime_dependencies(/home/luisf/robot2_ws/install/cpp_publisher_subscriber/share/colcon-core/packages/cpp_publisher_subscriber)
[2.431s] Level 1:colcon.colcon_core.environment:create_environment_scripts_only(node1)
[2.432s] DEBUG:colcon.colcon_core.event_handler.log_command:Invoked command in '/home/luisf/robot2_ws/build/node1' returned '0': CMAKE_PREFIX_PATH=${CMAKE_PREFIX_PATH}:/home/luisf/robot2_ws/install/program2:/opt/ros/foxy /usr/bin/cmake --install /home/luisf/robot2_ws/build/node1
[2.442s] Level 1:colcon.colcon_core.environment:checking '/home/luisf/robot2_ws/install/node1' for CMake module files
[2.443s] Level 1:colcon.colcon_core.environment:checking '/home/luisf/robot2_ws/install/node1' for CMake config files
[2.444s] Level 1:colcon.colcon_core.shell:create_environment_hook('node1', 'cmake_prefix_path')
[2.448s] INFO:colcon.colcon_core.shell:Creating environment hook '/home/luisf/robot2_ws/install/node1/share/node1/hook/cmake_prefix_path.ps1'
[2.449s] INFO:colcon.colcon_core.shell:Creating environment descriptor '/home/luisf/robot2_ws/install/node1/share/node1/hook/cmake_prefix_path.dsv'
[2.450s] INFO:colcon.colcon_core.shell:Creating environment hook '/home/luisf/robot2_ws/install/node1/share/node1/hook/cmake_prefix_path.sh'
[2.452s] Level 1:colcon.colcon_core.environment:checking '/home/luisf/robot2_ws/install/node1/bin'
[2.452s] Level 1:colcon.colcon_core.environment:checking '/home/luisf/robot2_ws/install/node1/lib/pkgconfig/node1.pc'
[2.453s] Level 1:colcon.colcon_core.environment:checking '/home/luisf/robot2_ws/install/node1/lib/python3.8/site-packages'
[2.454s] Level 1:colcon.colcon_core.environment:checking '/home/luisf/robot2_ws/install/node1/bin'
[2.458s] INFO:colcon.colcon_core.shell:Creating package script '/home/luisf/robot2_ws/install/node1/share/node1/package.ps1'
[2.460s] INFO:colcon.colcon_core.shell:Creating package descriptor '/home/luisf/robot2_ws/install/node1/share/node1/package.dsv'
[2.462s] INFO:colcon.colcon_core.shell:Creating package script '/home/luisf/robot2_ws/install/node1/share/node1/package.sh'
[2.463s] INFO:colcon.colcon_core.shell:Creating package script '/home/luisf/robot2_ws/install/node1/share/node1/package.bash'
[2.464s] INFO:colcon.colcon_core.shell:Creating package script '/home/luisf/robot2_ws/install/node1/share/node1/package.zsh'
[2.465s] Level 1:colcon.colcon_core.environment:create_file_with_runtime_dependencies(/home/luisf/robot2_ws/install/node1/share/colcon-core/packages/node1)
[2.481s] Level 1:colcon.colcon_core.environment:create_environment_scripts_only(my_package)
[2.489s] Level 1:colcon.colcon_core.environment:checking '/home/luisf/robot2_ws/install/my_package' for CMake module files
[2.491s] Level 1:colcon.colcon_core.environment:checking '/home/luisf/robot2_ws/install/my_package' for CMake config files
[2.492s] Level 1:colcon.colcon_core.shell:create_environment_hook('my_package', 'cmake_prefix_path')
[2.497s] INFO:colcon.colcon_core.shell:Creating environment hook '/home/luisf/robot2_ws/install/my_package/share/my_package/hook/cmake_prefix_path.ps1'
[2.499s] INFO:colcon.colcon_core.shell:Creating environment descriptor '/home/luisf/robot2_ws/install/my_package/share/my_package/hook/cmake_prefix_path.dsv'
[2.499s] INFO:colcon.colcon_core.shell:Creating environment hook '/home/luisf/robot2_ws/install/my_package/share/my_package/hook/cmake_prefix_path.sh'
[2.501s] Level 1:colcon.colcon_core.environment:checking '/home/luisf/robot2_ws/install/my_package/lib'
[2.502s] Level 1:colcon.colcon_core.environment:checking '/home/luisf/robot2_ws/install/my_package/bin'
[2.502s] Level 1:colcon.colcon_core.environment:checking '/home/luisf/robot2_ws/install/my_package/lib/pkgconfig/my_package.pc'
[2.503s] Level 1:colcon.colcon_core.environment:checking '/home/luisf/robot2_ws/install/my_package/lib/python3.8/site-packages'
[2.503s] Level 1:colcon.colcon_core.environment:checking '/home/luisf/robot2_ws/install/my_package/bin'
[2.507s] INFO:colcon.colcon_core.shell:Creating package script '/home/luisf/robot2_ws/install/my_package/share/my_package/package.ps1'
[2.508s] INFO:colcon.colcon_core.shell:Creating package descriptor '/home/luisf/robot2_ws/install/my_package/share/my_package/package.dsv'
[2.509s] INFO:colcon.colcon_core.shell:Creating package script '/home/luisf/robot2_ws/install/my_package/share/my_package/package.sh'
[2.510s] INFO:colcon.colcon_core.shell:Creating package script '/home/luisf/robot2_ws/install/my_package/share/my_package/package.bash'
[2.511s] INFO:colcon.colcon_core.shell:Creating package script '/home/luisf/robot2_ws/install/my_package/share/my_package/package.zsh'
[2.512s] Level 1:colcon.colcon_core.environment:create_file_with_runtime_dependencies(/home/luisf/robot2_ws/install/my_package/share/colcon-core/packages/my_package)
[2.518s] Level 1:colcon.colcon_core.environment:create_environment_scripts_only(cpp_publisher_subscriber)
[2.527s] Level 1:colcon.colcon_core.environment:checking '/home/luisf/robot2_ws/install/cpp_publisher_subscriber' for CMake module files
[2.529s] Level 1:colcon.colcon_core.environment:checking '/home/luisf/robot2_ws/install/cpp_publisher_subscriber' for CMake config files
[2.529s] Level 1:colcon.colcon_core.shell:create_environment_hook('cpp_publisher_subscriber', 'cmake_prefix_path')
[2.534s] INFO:colcon.colcon_core.shell:Creating environment hook '/home/luisf/robot2_ws/install/cpp_publisher_subscriber/share/cpp_publisher_subscriber/hook/cmake_prefix_path.ps1'
[2.535s] INFO:colcon.colcon_core.shell:Creating environment descriptor '/home/luisf/robot2_ws/install/cpp_publisher_subscriber/share/cpp_publisher_subscriber/hook/cmake_prefix_path.dsv'
[2.535s] INFO:colcon.colcon_core.shell:Creating environment hook '/home/luisf/robot2_ws/install/cpp_publisher_subscriber/share/cpp_publisher_subscriber/hook/cmake_prefix_path.sh'
[2.536s] Level 1:colcon.colcon_core.environment:checking '/home/luisf/robot2_ws/install/cpp_publisher_subscriber/lib'
[2.537s] Level 1:colcon.colcon_core.environment:checking '/home/luisf/robot2_ws/install/cpp_publisher_subscriber/bin'
[2.537s] Level 1:colcon.colcon_core.environment:checking '/home/luisf/robot2_ws/install/cpp_publisher_subscriber/lib/pkgconfig/cpp_publisher_subscriber.pc'
[2.537s] Level 1:colcon.colcon_core.environment:checking '/home/luisf/robot2_ws/install/cpp_publisher_subscriber/lib/python3.8/site-packages'
[2.538s] Level 1:colcon.colcon_core.environment:checking '/home/luisf/robot2_ws/install/cpp_publisher_subscriber/bin'
[2.541s] INFO:colcon.colcon_core.shell:Creating package script '/home/luisf/robot2_ws/install/cpp_publisher_subscriber/share/cpp_publisher_subscriber/package.ps1'
[2.541s] INFO:colcon.colcon_core.shell:Creating package descriptor '/home/luisf/robot2_ws/install/cpp_publisher_subscriber/share/cpp_publisher_subscriber/package.dsv'
[2.542s] INFO:colcon.colcon_core.shell:Creating package script '/home/luisf/robot2_ws/install/cpp_publisher_subscriber/share/cpp_publisher_subscriber/package.sh'
[2.543s] INFO:colcon.colcon_core.shell:Creating package script '/home/luisf/robot2_ws/install/cpp_publisher_subscriber/share/cpp_publisher_subscriber/package.bash'
[2.544s] INFO:colcon.colcon_core.shell:Creating package script '/home/luisf/robot2_ws/install/cpp_publisher_subscriber/share/cpp_publisher_subscriber/package.zsh'
[2.545s] Level 1:colcon.colcon_core.environment:create_file_with_runtime_dependencies(/home/luisf/robot2_ws/install/cpp_publisher_subscriber/share/colcon-core/packages/cpp_publisher_subscriber)
[2.551s] Level 1:colcon.colcon_core.environment:create_environment_scripts_only(node1)
[2.556s] Level 1:colcon.colcon_core.environment:checking '/home/luisf/robot2_ws/install/node1' for CMake module files
[2.563s] Level 1:colcon.colcon_core.environment:checking '/home/luisf/robot2_ws/install/node1' for CMake config files
[2.563s] Level 1:colcon.colcon_core.shell:create_environment_hook('node1', 'cmake_prefix_path')
[2.566s] INFO:colcon.colcon_core.shell:Creating environment hook '/home/luisf/robot2_ws/install/node1/share/node1/hook/cmake_prefix_path.ps1'
[2.567s] INFO:colcon.colcon_core.shell:Creating environment descriptor '/home/luisf/robot2_ws/install/node1/share/node1/hook/cmake_prefix_path.dsv'
[2.567s] INFO:colcon.colcon_core.shell:Creating environment hook '/home/luisf/robot2_ws/install/node1/share/node1/hook/cmake_prefix_path.sh'
[2.568s] Level 1:colcon.colcon_core.environment:checking '/home/luisf/robot2_ws/install/node1/bin'
[2.568s] Level 1:colcon.colcon_core.environment:checking '/home/luisf/robot2_ws/install/node1/lib/pkgconfig/node1.pc'
[2.569s] Level 1:colcon.colcon_core.environment:checking '/home/luisf/robot2_ws/install/node1/lib/python3.8/site-packages'
[2.569s] Level 1:colcon.colcon_core.environment:checking '/home/luisf/robot2_ws/install/node1/bin'
[2.572s] INFO:colcon.colcon_core.shell:Creating package script '/home/luisf/robot2_ws/install/node1/share/node1/package.ps1'
[2.573s] INFO:colcon.colcon_core.shell:Creating package descriptor '/home/luisf/robot2_ws/install/node1/share/node1/package.dsv'
[2.574s] INFO:colcon.colcon_core.shell:Creating package script '/home/luisf/robot2_ws/install/node1/share/node1/package.sh'
[2.575s] INFO:colcon.colcon_core.shell:Creating package script '/home/luisf/robot2_ws/install/node1/share/node1/package.bash'
[2.575s] INFO:colcon.colcon_core.shell:Creating package script '/home/luisf/robot2_ws/install/node1/share/node1/package.zsh'
[2.576s] Level 1:colcon.colcon_core.environment:create_file_with_runtime_dependencies(/home/luisf/robot2_ws/install/node1/share/colcon-core/packages/node1)
[3.040s] DEBUG:colcon.colcon_core.event_handler.log_command:Invoking command in '/home/luisf/robot2_ws/build/publisher_subscriber_r': PYTHONPATH=/home/luisf/robot2_ws/build/publisher_subscriber_r/prefix_override:/home/luisf/robot2_ws/install/publisher_subscriber_r/lib/python3.8/site-packages:${PYTHONPATH} /usr/bin/python3 setup.py develop --editable --build-directory /home/luisf/robot2_ws/build/publisher_subscriber_r/build --no-deps install_data
[3.926s] Level 1:colcon.colcon_core.shell:create_environment_hook('publisher_subscriber_r', 'pythonpath_develop')
[3.927s] DEBUG:colcon.colcon_core.event_handler.log_command:Invoked command in '/home/luisf/robot2_ws/build/publisher_subscriber_r' returned '0': PYTHONPATH=/home/luisf/robot2_ws/build/publisher_subscriber_r/prefix_override:/home/luisf/robot2_ws/install/publisher_subscriber_r/lib/python3.8/site-packages:${PYTHONPATH} /usr/bin/python3 setup.py develop --editable --build-directory /home/luisf/robot2_ws/build/publisher_subscriber_r/build --no-deps install_data
[3.930s] INFO:colcon.colcon_core.shell:Creating environment hook '/home/luisf/robot2_ws/build/publisher_subscriber_r/share/publisher_subscriber_r/hook/pythonpath_develop.ps1'
[3.932s] INFO:colcon.colcon_core.shell:Creating environment descriptor '/home/luisf/robot2_ws/build/publisher_subscriber_r/share/publisher_subscriber_r/hook/pythonpath_develop.dsv'
[3.932s] INFO:colcon.colcon_core.shell:Creating environment hook '/home/luisf/robot2_ws/build/publisher_subscriber_r/share/publisher_subscriber_r/hook/pythonpath_develop.sh'
[3.937s] Level 1:colcon.colcon_core.environment:checking '/home/luisf/robot2_ws/install/publisher_subscriber_r' for CMake module files
[3.937s] Level 1:colcon.colcon_core.environment:checking '/home/luisf/robot2_ws/install/publisher_subscriber_r' for CMake config files
[3.938s] Level 1:colcon.colcon_core.environment:checking '/home/luisf/robot2_ws/install/publisher_subscriber_r/lib'
[3.939s] Level 1:colcon.colcon_core.environment:checking '/home/luisf/robot2_ws/install/publisher_subscriber_r/bin'
[3.939s] Level 1:colcon.colcon_core.environment:checking '/home/luisf/robot2_ws/install/publisher_subscriber_r/lib/pkgconfig/publisher_subscriber_r.pc'
[3.939s] Level 1:colcon.colcon_core.environment:checking '/home/luisf/robot2_ws/install/publisher_subscriber_r/lib/python3.8/site-packages'
[3.939s] Level 1:colcon.colcon_core.shell:create_environment_hook('publisher_subscriber_r', 'pythonpath')
[3.942s] INFO:colcon.colcon_core.shell:Creating environment hook '/home/luisf/robot2_ws/install/publisher_subscriber_r/share/publisher_subscriber_r/hook/pythonpath.ps1'
[3.943s] INFO:colcon.colcon_core.shell:Creating environment descriptor '/home/luisf/robot2_ws/install/publisher_subscriber_r/share/publisher_subscriber_r/hook/pythonpath.dsv'
[3.944s] INFO:colcon.colcon_core.shell:Creating environment hook '/home/luisf/robot2_ws/install/publisher_subscriber_r/share/publisher_subscriber_r/hook/pythonpath.sh'
[3.945s] Level 1:colcon.colcon_core.environment:checking '/home/luisf/robot2_ws/install/publisher_subscriber_r/bin'
[3.945s] Level 1:colcon.colcon_core.environment:create_environment_scripts_only(publisher_subscriber_r)
[3.948s] INFO:colcon.colcon_core.shell:Creating package script '/home/luisf/robot2_ws/install/publisher_subscriber_r/share/publisher_subscriber_r/package.ps1'
[3.948s] INFO:colcon.colcon_core.shell:Creating package descriptor '/home/luisf/robot2_ws/install/publisher_subscriber_r/share/publisher_subscriber_r/package.dsv'
[3.949s] INFO:colcon.colcon_core.shell:Creating package script '/home/luisf/robot2_ws/install/publisher_subscriber_r/share/publisher_subscriber_r/package.sh'
[3.950s] INFO:colcon.colcon_core.shell:Creating package script '/home/luisf/robot2_ws/install/publisher_subscriber_r/share/publisher_subscriber_r/package.bash'
[3.951s] INFO:colcon.colcon_core.shell:Creating package script '/home/luisf/robot2_ws/install/publisher_subscriber_r/share/publisher_subscriber_r/package.zsh'
[3.952s] Level 1:colcon.colcon_core.environment:create_file_with_runtime_dependencies(/home/luisf/robot2_ws/install/publisher_subscriber_r/share/colcon-core/packages/publisher_subscriber_r)
[3.952s] DEBUG:colcon.colcon_parallel_executor.executor.parallel:closing loop
[3.953s] DEBUG:colcon.colcon_parallel_executor.executor.parallel:loop closed
[3.953s] DEBUG:colcon.colcon_parallel_executor.executor.parallel:run_until_complete finished with '0'
[3.953s] DEBUG:colcon.colcon_core.event_reactor:joining thread
[3.964s] INFO:colcon.colcon_core.plugin_system:Skipping extension 'colcon_notification.desktop_notification.terminal_notifier': Not used on non-Darwin systems
[3.965s] INFO:colcon.colcon_core.plugin_system:Skipping extension 'colcon_notification.desktop_notification.win32': Not used on non-Windows systems
[3.965s] INFO:colcon.colcon_notification.desktop_notification:Sending desktop notification using 'notify2'
[3.996s] DEBUG:colcon.colcon_core.event_reactor:joined thread
[3.999s] INFO:colcon.colcon_core.shell:Creating prefix script '/home/luisf/robot2_ws/install/local_setup.ps1'
[4.002s] INFO:colcon.colcon_core.shell:Creating prefix util module '/home/luisf/robot2_ws/install/_local_setup_util_ps1.py'
[4.005s] INFO:colcon.colcon_core.shell:Creating prefix chain script '/home/luisf/robot2_ws/install/setup.ps1'
[4.008s] INFO:colcon.colcon_core.shell:Creating prefix script '/home/luisf/robot2_ws/install/local_setup.sh'
[4.010s] INFO:colcon.colcon_core.shell:Creating prefix util module '/home/luisf/robot2_ws/install/_local_setup_util_sh.py'
[4.012s] INFO:colcon.colcon_core.shell:Creating prefix chain script '/home/luisf/robot2_ws/install/setup.sh'
[4.016s] INFO:colcon.colcon_core.shell:Creating prefix script '/home/luisf/robot2_ws/install/local_setup.bash'
[4.017s] INFO:colcon.colcon_core.shell:Creating prefix chain script '/home/luisf/robot2_ws/install/setup.bash'
[4.022s] INFO:colcon.colcon_core.shell:Creating prefix script '/home/luisf/robot2_ws/install/local_setup.zsh'
[4.023s] INFO:colcon.colcon_core.shell:Creating prefix chain script '/home/luisf/robot2_ws/install/setup.zsh'
