[0.444s] Invoking command in '/home/luisf/robot2_ws/build/custom_msg': CMAKE_PREFIX_PATH=${CMAKE_PREFIX_PATH}:/home/luisf/robot2_ws/install/publisher_subscriber_r:/home/luisf/robot2_ws/install/program2:/opt/ros/foxy /usr/bin/cmake --build /home/luisf/robot2_ws/build/custom_msg -- -j4 -l4
[0.823s] [  3%] Built target custom_msg__cpp
[0.825s] [ 12%] Built target custom_msg__rosidl_generator_c
[0.962s] [ 22%] Built target custom_msg__rosidl_typesupport_introspection_cpp
[1.012s] [ 32%] Built target custom_msg__rosidl_typesupport_cpp
[1.081s] [ 41%] Built target custom_msg__rosidl_typesupport_fastrtps_cpp
[1.118s] [ 51%] Built target custom_msg__rosidl_typesupport_c
[1.150s] [ 61%] Built target custom_msg__rosidl_typesupport_introspection_c
[1.550s] [ 70%] Built target custom_msg__rosidl_typesupport_fastrtps_c
[1.609s] [ 70%] Built target custom_msg
[1.656s] [ 74%] Built target custom_msg__py
[1.711s] [ 80%] Built target custom_msg__python
[1.830s] [ 87%] Built target custom_msg__rosidl_typesupport_fastrtps_c__pyext
[1.849s] [ 93%] Built target custom_msg__rosidl_typesupport_c__pyext
[1.857s] [100%] Built target custom_msg__rosidl_typesupport_introspection_c__pyext
[3.036s] Invoked command in '/home/luisf/robot2_ws/build/custom_msg' returned '0': CMAKE_PREFIX_PATH=${CMAKE_PREFIX_PATH}:/home/luisf/robot2_ws/install/publisher_subscriber_r:/home/luisf/robot2_ws/install/program2:/opt/ros/foxy /usr/bin/cmake --build /home/luisf/robot2_ws/build/custom_msg -- -j4 -l4
[4.372s] Invoking command in '/home/luisf/robot2_ws/build/custom_msg': CMAKE_PREFIX_PATH=${CMAKE_PREFIX_PATH}:/home/luisf/robot2_ws/install/publisher_subscriber_r:/home/luisf/robot2_ws/install/program2:/opt/ros/foxy /usr/bin/cmake --install /home/luisf/robot2_ws/build/custom_msg
[4.373s] -- Install configuration: ""
[4.373s] -- Execute custom install script
[4.402s] -- Up-to-date symlink: /home/luisf/robot2_ws/install/custom_msg/share/ament_index/resource_index/rosidl_interfaces/custom_msg
[4.443s] -- Up-to-date symlink: /home/luisf/robot2_ws/install/custom_msg/include/custom_msg/msg/detail/log_tf__functions.h
[4.444s] -- Up-to-date symlink: /home/luisf/robot2_ws/install/custom_msg/include/custom_msg/msg/detail/log_tf__struct.h
[4.474s] -- Up-to-date symlink: /home/luisf/robot2_ws/install/custom_msg/include/custom_msg/msg/detail/log_tf__type_support.h
[4.475s] -- Up-to-date symlink: /home/luisf/robot2_ws/install/custom_msg/include/custom_msg/msg/log_tf.h
[4.475s] -- Up-to-date symlink: /home/luisf/robot2_ws/install/custom_msg/include/custom_msg/msg/rosidl_generator_c__visibility_control.h
[4.503s] -- Up-to-date symlink: /home/luisf/robot2_ws/install/custom_msg/share/custom_msg/environment/library_path.sh
[4.530s] -- Up-to-date symlink: /home/luisf/robot2_ws/install/custom_msg/share/custom_msg/environment/library_path.dsv
[4.581s] -- Up-to-date symlink: /home/luisf/robot2_ws/install/custom_msg/include/custom_msg/msg/detail/log_tf__rosidl_typesupport_fastrtps_c.h
[4.582s] -- Up-to-date symlink: /home/luisf/robot2_ws/install/custom_msg/include/custom_msg/msg/rosidl_typesupport_fastrtps_c__visibility_control.h
[4.583s] -- Up-to-date symlink: /home/luisf/robot2_ws/install/custom_msg/lib/libcustom_msg__rosidl_typesupport_fastrtps_c.so
[5.017s] -- Up-to-date symlink: /home/luisf/robot2_ws/install/custom_msg/include/custom_msg/msg/detail/log_tf__rosidl_typesupport_fastrtps_cpp.hpp
[5.019s] -- Up-to-date symlink: /home/luisf/robot2_ws/install/custom_msg/include/custom_msg/msg/rosidl_typesupport_fastrtps_cpp__visibility_control.h
[5.066s] -- Up-to-date symlink: /home/luisf/robot2_ws/install/custom_msg/lib/libcustom_msg__rosidl_typesupport_fastrtps_cpp.so
[5.073s] -- Up-to-date symlink: /home/luisf/robot2_ws/install/custom_msg/include/custom_msg/msg/detail/log_tf__rosidl_typesupport_introspection_c.h
[5.074s] -- Up-to-date symlink: /home/luisf/robot2_ws/install/custom_msg/include/custom_msg/msg/rosidl_typesupport_introspection_c__visibility_control.h
[5.075s] -- Up-to-date symlink: /home/luisf/robot2_ws/install/custom_msg/include/custom_msg/msg/detail/log_tf__builder.hpp
[5.075s] -- Up-to-date symlink: /home/luisf/robot2_ws/install/custom_msg/include/custom_msg/msg/detail/log_tf__struct.hpp
[5.075s] -- Up-to-date symlink: /home/luisf/robot2_ws/install/custom_msg/include/custom_msg/msg/detail/log_tf__traits.hpp
[5.075s] -- Up-to-date symlink: /home/luisf/robot2_ws/install/custom_msg/include/custom_msg/msg/detail/log_tf__type_support.hpp
[5.076s] -- Up-to-date symlink: /home/luisf/robot2_ws/install/custom_msg/include/custom_msg/msg/log_tf.hpp
[5.076s] -- Up-to-date symlink: /home/luisf/robot2_ws/install/custom_msg/include/custom_msg/msg/rosidl_generator_cpp__visibility_control.hpp
[5.083s] -- Up-to-date symlink: /home/luisf/robot2_ws/install/custom_msg/include/custom_msg/msg/detail/log_tf__rosidl_typesupport_introspection_cpp.hpp
[5.087s] -- Up-to-date symlink: /home/luisf/robot2_ws/install/custom_msg/share/custom_msg/environment/pythonpath.sh
[5.087s] -- Up-to-date symlink: /home/luisf/robot2_ws/install/custom_msg/share/custom_msg/environment/pythonpath.dsv
[5.088s] -- Up-to-date symlink: /home/luisf/robot2_ws/install/custom_msg/lib/python3.8/site-packages/custom_msg/__init__.py
[5.090s] -- Up-to-date symlink: /home/luisf/robot2_ws/install/custom_msg/lib/python3.8/site-packages/custom_msg/msg/__init__.py
[5.091s] -- Up-to-date symlink: /home/luisf/robot2_ws/install/custom_msg/lib/python3.8/site-packages/custom_msg/msg/_log_tf.py
[5.092s] -- Up-to-date symlink: /home/luisf/robot2_ws/install/custom_msg/lib/python3.8/site-packages/custom_msg/custom_msg_s__rosidl_typesupport_fastrtps_c.cpython-38-x86_64-linux-gnu.so
[5.093s] -- Up-to-date symlink: /home/luisf/robot2_ws/install/custom_msg/lib/python3.8/site-packages/custom_msg/custom_msg_s__rosidl_typesupport_introspection_c.cpython-38-x86_64-linux-gnu.so
[5.093s] -- Up-to-date symlink: /home/luisf/robot2_ws/install/custom_msg/lib/python3.8/site-packages/custom_msg/custom_msg_s__rosidl_typesupport_c.cpython-38-x86_64-linux-gnu.so
[5.094s] -- Up-to-date symlink: /home/luisf/robot2_ws/install/custom_msg/lib/libcustom_msg__python.so
[5.095s] -- Up-to-date symlink: /home/luisf/robot2_ws/install/custom_msg/share/custom_msg/msg/LogTf.idl
[5.096s] -- Up-to-date symlink: /home/luisf/robot2_ws/install/custom_msg/share/custom_msg/msg/LogTf.msg
[5.097s] -- Up-to-date symlink: /home/luisf/robot2_ws/install/custom_msg/share/ament_index/resource_index/package_run_dependencies/custom_msg
[5.097s] -- Up-to-date symlink: /home/luisf/robot2_ws/install/custom_msg/share/ament_index/resource_index/parent_prefix_path/custom_msg
[5.098s] -- Up-to-date symlink: /home/luisf/robot2_ws/install/custom_msg/share/custom_msg/environment/ament_prefix_path.sh
[5.103s] -- Up-to-date symlink: /home/luisf/robot2_ws/install/custom_msg/share/custom_msg/environment/ament_prefix_path.dsv
[5.104s] -- Up-to-date symlink: /home/luisf/robot2_ws/install/custom_msg/share/custom_msg/environment/path.sh
[5.109s] -- Up-to-date symlink: /home/luisf/robot2_ws/install/custom_msg/share/custom_msg/environment/path.dsv
[5.109s] -- Up-to-date symlink: /home/luisf/robot2_ws/install/custom_msg/share/custom_msg/local_setup.bash
[5.114s] -- Up-to-date symlink: /home/luisf/robot2_ws/install/custom_msg/share/custom_msg/local_setup.sh
[5.114s] -- Up-to-date symlink: /home/luisf/robot2_ws/install/custom_msg/share/custom_msg/local_setup.zsh
[5.115s] -- Up-to-date symlink: /home/luisf/robot2_ws/install/custom_msg/share/custom_msg/local_setup.dsv
[5.115s] -- Symlinking: /home/luisf/robot2_ws/install/custom_msg/share/custom_msg/package.dsv
[5.135s] -- Up-to-date symlink: /home/luisf/robot2_ws/install/custom_msg/share/ament_index/resource_index/packages/custom_msg
[5.136s] -- Up-to-date symlink: /home/luisf/robot2_ws/install/custom_msg/share/custom_msg/cmake/rosidl_cmake-extras.cmake
[5.138s] -- Up-to-date symlink: /home/luisf/robot2_ws/install/custom_msg/share/custom_msg/cmake/ament_cmake_export_dependencies-extras.cmake
[5.139s] -- Up-to-date symlink: /home/luisf/robot2_ws/install/custom_msg/share/custom_msg/cmake/ament_cmake_export_libraries-extras.cmake
[5.149s] -- Up-to-date symlink: /home/luisf/robot2_ws/install/custom_msg/share/custom_msg/cmake/ament_cmake_export_targets-extras.cmake
[5.150s] -- Up-to-date symlink: /home/luisf/robot2_ws/install/custom_msg/share/custom_msg/cmake/ament_cmake_export_include_directories-extras.cmake
[5.150s] -- Up-to-date symlink: /home/luisf/robot2_ws/install/custom_msg/share/custom_msg/cmake/rosidl_cmake_export_typesupport_libraries-extras.cmake
[5.151s] -- Up-to-date symlink: /home/luisf/robot2_ws/install/custom_msg/share/custom_msg/cmake/rosidl_cmake_export_typesupport_targets-extras.cmake
[5.152s] -- Up-to-date symlink: /home/luisf/robot2_ws/install/custom_msg/share/custom_msg/cmake/custom_msgConfig.cmake
[5.152s] -- Up-to-date symlink: /home/luisf/robot2_ws/install/custom_msg/share/custom_msg/cmake/custom_msgConfig-version.cmake
[5.153s] -- Up-to-date symlink: /home/luisf/robot2_ws/install/custom_msg/share/custom_msg/package.xml
[5.172s] -- Up-to-date: /home/luisf/robot2_ws/install/custom_msg/lib/libcustom_msg__rosidl_generator_c.so
[5.173s] -- Up-to-date: /home/luisf/robot2_ws/install/custom_msg/lib/libcustom_msg__rosidl_typesupport_introspection_c.so
[5.174s] -- Up-to-date: /home/luisf/robot2_ws/install/custom_msg/lib/libcustom_msg__rosidl_typesupport_c.so
[5.175s] -- Up-to-date: /home/luisf/robot2_ws/install/custom_msg/lib/libcustom_msg__rosidl_typesupport_introspection_cpp.so
[5.176s] -- Up-to-date: /home/luisf/robot2_ws/install/custom_msg/lib/libcustom_msg__rosidl_typesupport_cpp.so
[5.276s] -- Up-to-date: /home/luisf/robot2_ws/install/custom_msg/share/custom_msg/cmake/custom_msg__rosidl_generator_cExport.cmake
[5.277s] -- Up-to-date: /home/luisf/robot2_ws/install/custom_msg/share/custom_msg/cmake/custom_msg__rosidl_generator_cExport-noconfig.cmake
[5.277s] -- Up-to-date: /home/luisf/robot2_ws/install/custom_msg/share/custom_msg/cmake/custom_msg__rosidl_typesupport_introspection_cExport.cmake
[5.280s] -- Up-to-date: /home/luisf/robot2_ws/install/custom_msg/share/custom_msg/cmake/custom_msg__rosidl_typesupport_introspection_cExport-noconfig.cmake
[5.280s] -- Up-to-date: /home/luisf/robot2_ws/install/custom_msg/share/custom_msg/cmake/custom_msg__rosidl_typesupport_cExport.cmake
[5.280s] -- Up-to-date: /home/luisf/robot2_ws/install/custom_msg/share/custom_msg/cmake/custom_msg__rosidl_typesupport_cExport-noconfig.cmake
[5.280s] -- Up-to-date: /home/luisf/robot2_ws/install/custom_msg/share/custom_msg/cmake/custom_msg__rosidl_generator_cppExport.cmake
[5.280s] -- Up-to-date: /home/luisf/robot2_ws/install/custom_msg/share/custom_msg/cmake/custom_msg__rosidl_typesupport_introspection_cppExport.cmake
[5.281s] -- Up-to-date: /home/luisf/robot2_ws/install/custom_msg/share/custom_msg/cmake/custom_msg__rosidl_typesupport_introspection_cppExport-noconfig.cmake
[5.281s] -- Up-to-date: /home/luisf/robot2_ws/install/custom_msg/share/custom_msg/cmake/custom_msg__rosidl_typesupport_cppExport.cmake
[5.281s] -- Up-to-date: /home/luisf/robot2_ws/install/custom_msg/share/custom_msg/cmake/custom_msg__rosidl_typesupport_cppExport-noconfig.cmake
[5.295s] Invoked command in '/home/luisf/robot2_ws/build/custom_msg' returned '0': CMAKE_PREFIX_PATH=${CMAKE_PREFIX_PATH}:/home/luisf/robot2_ws/install/publisher_subscriber_r:/home/luisf/robot2_ws/install/program2:/opt/ros/foxy /usr/bin/cmake --install /home/luisf/robot2_ws/build/custom_msg
