[0.582s] DEBUG:colcon:Command line arguments: ['/usr/bin/colcon', 'build']
[0.583s] DEBUG:colcon:Parsed command line arguments: Namespace(allow_overriding=[], ament_cmake_args=None, base_paths=['.'], build_base='build', catkin_cmake_args=None, catkin_skip_building_tests=False, cmake_args=None, cmake_clean_cache=False, cmake_clean_first=False, cmake_force_configure=False, cmake_target=None, cmake_target_skip_unavailable=False, continue_on_error=False, event_handlers=None, executor='parallel', ignore_user_meta=False, install_base='install', log_base=None, log_level=None, main=<bound method BuildVerb.main of <colcon_core.verb.build.BuildVerb object at 0x7f16dcf22250>>, merge_install=False, metas=['./colcon.meta'], packages_above=None, packages_above_and_dependencies=None, packages_above_depth=None, packages_end=None, packages_ignore=None, packages_ignore_regex=None, packages_select=None, packages_select_build_failed=False, packages_select_by_dep=None, packages_select_regex=None, packages_select_test_failures=False, packages_skip=None, packages_skip_build_finished=False, packages_skip_by_dep=None, packages_skip_regex=None, packages_skip_test_passed=False, packages_skip_up_to=None, packages_start=None, packages_up_to=None, packages_up_to_regex=None, parallel_workers=4, paths=None, symlink_install=False, test_result_base=None, verb_extension=<colcon_core.verb.build.BuildVerb object at 0x7f16dcf22250>, verb_name='build', verb_parser=<colcon_defaults.argument_parser.defaults.DefaultArgumentsDecorator object at 0x7f16dcf22790>)
[0.632s] Level 1:colcon.colcon_core.package_discovery:discover_packages(colcon_meta) check parameters
[0.632s] Level 1:colcon.colcon_core.package_discovery:discover_packages(recursive) check parameters
[0.632s] Level 1:colcon.colcon_core.package_discovery:discover_packages(ignore) check parameters
[0.632s] Level 1:colcon.colcon_core.package_discovery:discover_packages(path) check parameters
[0.633s] Level 1:colcon.colcon_core.package_discovery:discover_packages(colcon_meta) discover
[0.633s] Level 1:colcon.colcon_core.package_discovery:discover_packages(recursive) discover
[0.633s] INFO:colcon.colcon_core.package_discovery:Crawling recursively for packages in '/home/luisf/robot2_ws'
[0.633s] Level 1:colcon.colcon_core.package_identification:_identify(.) by extensions ['ignore', 'ignore_ament_install']
[0.633s] Level 1:colcon.colcon_core.package_identification:_identify(.) by extension 'ignore'
[0.633s] Level 1:colcon.colcon_core.package_identification:_identify(.) by extension 'ignore_ament_install'
[0.633s] Level 1:colcon.colcon_core.package_identification:_identify(.) by extensions ['colcon_pkg']
[0.633s] Level 1:colcon.colcon_core.package_identification:_identify(.) by extension 'colcon_pkg'
[0.633s] Level 1:colcon.colcon_core.package_identification:_identify(.) by extensions ['colcon_meta']
[0.634s] Level 1:colcon.colcon_core.package_identification:_identify(.) by extension 'colcon_meta'
[0.634s] Level 1:colcon.colcon_core.package_identification:_identify(.) by extensions ['ros']
[0.634s] Level 1:colcon.colcon_core.package_identification:_identify(.) by extension 'ros'
[0.667s] Level 1:colcon.colcon_core.package_identification:_identify(.) by extensions ['cmake', 'python']
[0.667s] Level 1:colcon.colcon_core.package_identification:_identify(.) by extension 'cmake'
[0.667s] Level 1:colcon.colcon_core.package_identification:_identify(.) by extension 'python'
[0.667s] Level 1:colcon.colcon_core.package_identification:_identify(.) by extensions ['python_setup_py']
[0.667s] Level 1:colcon.colcon_core.package_identification:_identify(.) by extension 'python_setup_py'
[0.668s] Level 1:colcon.colcon_core.package_identification:_identify(build) by extensions ['ignore', 'ignore_ament_install']
[0.668s] Level 1:colcon.colcon_core.package_identification:_identify(build) by extension 'ignore'
[0.668s] Level 1:colcon.colcon_core.package_identification:_identify(build) ignored
[0.669s] Level 1:colcon.colcon_core.package_identification:_identify(install) by extensions ['ignore', 'ignore_ament_install']
[0.669s] Level 1:colcon.colcon_core.package_identification:_identify(install) by extension 'ignore'
[0.669s] Level 1:colcon.colcon_core.package_identification:_identify(install) ignored
[0.669s] Level 1:colcon.colcon_core.package_identification:_identify(log) by extensions ['ignore', 'ignore_ament_install']
[0.669s] Level 1:colcon.colcon_core.package_identification:_identify(log) by extension 'ignore'
[0.669s] Level 1:colcon.colcon_core.package_identification:_identify(log) ignored
[0.669s] Level 1:colcon.colcon_core.package_identification:_identify(src) by extensions ['ignore', 'ignore_ament_install']
[0.670s] Level 1:colcon.colcon_core.package_identification:_identify(src) by extension 'ignore'
[0.670s] Level 1:colcon.colcon_core.package_identification:_identify(src) by extension 'ignore_ament_install'
[0.670s] Level 1:colcon.colcon_core.package_identification:_identify(src) by extensions ['colcon_pkg']
[0.670s] Level 1:colcon.colcon_core.package_identification:_identify(src) by extension 'colcon_pkg'
[0.670s] Level 1:colcon.colcon_core.package_identification:_identify(src) by extensions ['colcon_meta']
[0.670s] Level 1:colcon.colcon_core.package_identification:_identify(src) by extension 'colcon_meta'
[0.670s] Level 1:colcon.colcon_core.package_identification:_identify(src) by extensions ['ros']
[0.670s] Level 1:colcon.colcon_core.package_identification:_identify(src) by extension 'ros'
[0.670s] Level 1:colcon.colcon_core.package_identification:_identify(src) by extensions ['cmake', 'python']
[0.670s] Level 1:colcon.colcon_core.package_identification:_identify(src) by extension 'cmake'
[0.671s] Level 1:colcon.colcon_core.package_identification:_identify(src) by extension 'python'
[0.671s] Level 1:colcon.colcon_core.package_identification:_identify(src) by extensions ['python_setup_py']
[0.671s] Level 1:colcon.colcon_core.package_identification:_identify(src) by extension 'python_setup_py'
[0.671s] Level 1:colcon.colcon_core.package_identification:_identify(src/cpp_publisher_subscriber) by extensions ['ignore', 'ignore_ament_install']
[0.671s] Level 1:colcon.colcon_core.package_identification:_identify(src/cpp_publisher_subscriber) by extension 'ignore'
[0.671s] Level 1:colcon.colcon_core.package_identification:_identify(src/cpp_publisher_subscriber) by extension 'ignore_ament_install'
[0.671s] Level 1:colcon.colcon_core.package_identification:_identify(src/cpp_publisher_subscriber) by extensions ['colcon_pkg']
[0.671s] Level 1:colcon.colcon_core.package_identification:_identify(src/cpp_publisher_subscriber) by extension 'colcon_pkg'
[0.671s] Level 1:colcon.colcon_core.package_identification:_identify(src/cpp_publisher_subscriber) by extensions ['colcon_meta']
[0.671s] Level 1:colcon.colcon_core.package_identification:_identify(src/cpp_publisher_subscriber) by extension 'colcon_meta'
[0.672s] Level 1:colcon.colcon_core.package_identification:_identify(src/cpp_publisher_subscriber) by extensions ['ros']
[0.672s] Level 1:colcon.colcon_core.package_identification:_identify(src/cpp_publisher_subscriber) by extension 'ros'
[0.676s] DEBUG:colcon.colcon_core.package_identification:Package 'src/cpp_publisher_subscriber' with type 'ros.ament_cmake' and name 'cpp_publisher_subscriber'
[0.676s] Level 1:colcon.colcon_core.package_identification:_identify(src/my_package) by extensions ['ignore', 'ignore_ament_install']
[0.676s] Level 1:colcon.colcon_core.package_identification:_identify(src/my_package) by extension 'ignore'
[0.677s] Level 1:colcon.colcon_core.package_identification:_identify(src/my_package) by extension 'ignore_ament_install'
[0.677s] Level 1:colcon.colcon_core.package_identification:_identify(src/my_package) by extensions ['colcon_pkg']
[0.677s] Level 1:colcon.colcon_core.package_identification:_identify(src/my_package) by extension 'colcon_pkg'
[0.677s] Level 1:colcon.colcon_core.package_identification:_identify(src/my_package) by extensions ['colcon_meta']
[0.677s] Level 1:colcon.colcon_core.package_identification:_identify(src/my_package) by extension 'colcon_meta'
[0.677s] Level 1:colcon.colcon_core.package_identification:_identify(src/my_package) by extensions ['ros']
[0.677s] Level 1:colcon.colcon_core.package_identification:_identify(src/my_package) by extension 'ros'
[0.678s] DEBUG:colcon.colcon_core.package_identification:Package 'src/my_package' with type 'ros.ament_cmake' and name 'my_package'
[0.678s] Level 1:colcon.colcon_core.package_identification:_identify(src/node1) by extensions ['ignore', 'ignore_ament_install']
[0.679s] Level 1:colcon.colcon_core.package_identification:_identify(src/node1) by extension 'ignore'
[0.679s] Level 1:colcon.colcon_core.package_identification:_identify(src/node1) by extension 'ignore_ament_install'
[0.679s] Level 1:colcon.colcon_core.package_identification:_identify(src/node1) by extensions ['colcon_pkg']
[0.679s] Level 1:colcon.colcon_core.package_identification:_identify(src/node1) by extension 'colcon_pkg'
[0.679s] Level 1:colcon.colcon_core.package_identification:_identify(src/node1) by extensions ['colcon_meta']
[0.679s] Level 1:colcon.colcon_core.package_identification:_identify(src/node1) by extension 'colcon_meta'
[0.679s] Level 1:colcon.colcon_core.package_identification:_identify(src/node1) by extensions ['ros']
[0.679s] Level 1:colcon.colcon_core.package_identification:_identify(src/node1) by extension 'ros'
[0.680s] DEBUG:colcon.colcon_core.package_identification:Package 'src/node1' with type 'ros.ament_cmake' and name 'node1'
[0.681s] Level 1:colcon.colcon_core.package_identification:_identify(src/publisher_subscriber_r) by extensions ['ignore', 'ignore_ament_install']
[0.681s] Level 1:colcon.colcon_core.package_identification:_identify(src/publisher_subscriber_r) by extension 'ignore'
[0.681s] Level 1:colcon.colcon_core.package_identification:_identify(src/publisher_subscriber_r) by extension 'ignore_ament_install'
[0.681s] Level 1:colcon.colcon_core.package_identification:_identify(src/publisher_subscriber_r) by extensions ['colcon_pkg']
[0.681s] Level 1:colcon.colcon_core.package_identification:_identify(src/publisher_subscriber_r) by extension 'colcon_pkg'
[0.681s] Level 1:colcon.colcon_core.package_identification:_identify(src/publisher_subscriber_r) by extensions ['colcon_meta']
[0.681s] Level 1:colcon.colcon_core.package_identification:_identify(src/publisher_subscriber_r) by extension 'colcon_meta'
[0.681s] Level 1:colcon.colcon_core.package_identification:_identify(src/publisher_subscriber_r) by extensions ['ros']
[0.681s] Level 1:colcon.colcon_core.package_identification:_identify(src/publisher_subscriber_r) by extension 'ros'
[0.682s] DEBUG:colcon.colcon_core.package_identification:Package 'src/publisher_subscriber_r' with type 'ros.ament_python' and name 'publisher_subscriber_r'
[0.682s] Level 1:colcon.colcon_core.package_discovery:discover_packages(recursive) using defaults
[0.683s] Level 1:colcon.colcon_core.package_discovery:discover_packages(ignore) discover
[0.683s] Level 1:colcon.colcon_core.package_discovery:discover_packages(ignore) using defaults
[0.683s] Level 1:colcon.colcon_core.package_discovery:discover_packages(path) discover
[0.683s] Level 1:colcon.colcon_core.package_discovery:discover_packages(path) using defaults
[0.720s] Level 1:colcon.colcon_core.package_discovery:discover_packages(prefix_path) check parameters
[0.720s] Level 1:colcon.colcon_core.package_discovery:discover_packages(prefix_path) discover
[0.725s] DEBUG:colcon.colcon_installed_package_information.package_discovery:Found 6 installed packages in /home/luisf/robot2_ws/install
[0.728s] DEBUG:colcon.colcon_installed_package_information.package_discovery:Found 266 installed packages in /opt/ros/foxy
[0.731s] Level 1:colcon.colcon_core.package_discovery:discover_packages(prefix_path) using defaults
[0.874s] Level 5:colcon.colcon_core.verb:set package 'cpp_publisher_subscriber' build argument 'cmake_args' from command line to 'None'
[0.874s] Level 5:colcon.colcon_core.verb:set package 'cpp_publisher_subscriber' build argument 'cmake_target' from command line to 'None'
[0.874s] Level 5:colcon.colcon_core.verb:set package 'cpp_publisher_subscriber' build argument 'cmake_target_skip_unavailable' from command line to 'False'
[0.874s] Level 5:colcon.colcon_core.verb:set package 'cpp_publisher_subscriber' build argument 'cmake_clean_cache' from command line to 'False'
[0.874s] Level 5:colcon.colcon_core.verb:set package 'cpp_publisher_subscriber' build argument 'cmake_clean_first' from command line to 'False'
[0.874s] Level 5:colcon.colcon_core.verb:set package 'cpp_publisher_subscriber' build argument 'cmake_force_configure' from command line to 'False'
[0.874s] Level 5:colcon.colcon_core.verb:set package 'cpp_publisher_subscriber' build argument 'ament_cmake_args' from command line to 'None'
[0.874s] Level 5:colcon.colcon_core.verb:set package 'cpp_publisher_subscriber' build argument 'catkin_cmake_args' from command line to 'None'
[0.874s] Level 5:colcon.colcon_core.verb:set package 'cpp_publisher_subscriber' build argument 'catkin_skip_building_tests' from command line to 'False'
[0.874s] DEBUG:colcon.colcon_core.verb:Building package 'cpp_publisher_subscriber' with the following arguments: {'ament_cmake_args': None, 'build_base': '/home/luisf/robot2_ws/build/cpp_publisher_subscriber', 'catkin_cmake_args': None, 'catkin_skip_building_tests': False, 'cmake_args': None, 'cmake_clean_cache': False, 'cmake_clean_first': False, 'cmake_force_configure': False, 'cmake_target': None, 'cmake_target_skip_unavailable': False, 'install_base': '/home/luisf/robot2_ws/install/cpp_publisher_subscriber', 'merge_install': False, 'path': '/home/luisf/robot2_ws/src/cpp_publisher_subscriber', 'symlink_install': False, 'test_result_base': None}
[0.876s] Level 5:colcon.colcon_core.verb:set package 'my_package' build argument 'cmake_args' from command line to 'None'
[0.877s] Level 5:colcon.colcon_core.verb:set package 'my_package' build argument 'cmake_target' from command line to 'None'
[0.877s] Level 5:colcon.colcon_core.verb:set package 'my_package' build argument 'cmake_target_skip_unavailable' from command line to 'False'
[0.877s] Level 5:colcon.colcon_core.verb:set package 'my_package' build argument 'cmake_clean_cache' from command line to 'False'
[0.877s] Level 5:colcon.colcon_core.verb:set package 'my_package' build argument 'cmake_clean_first' from command line to 'False'
[0.877s] Level 5:colcon.colcon_core.verb:set package 'my_package' build argument 'cmake_force_configure' from command line to 'False'
[0.877s] Level 5:colcon.colcon_core.verb:set package 'my_package' build argument 'ament_cmake_args' from command line to 'None'
[0.877s] Level 5:colcon.colcon_core.verb:set package 'my_package' build argument 'catkin_cmake_args' from command line to 'None'
[0.877s] Level 5:colcon.colcon_core.verb:set package 'my_package' build argument 'catkin_skip_building_tests' from command line to 'False'
[0.877s] DEBUG:colcon.colcon_core.verb:Building package 'my_package' with the following arguments: {'ament_cmake_args': None, 'build_base': '/home/luisf/robot2_ws/build/my_package', 'catkin_cmake_args': None, 'catkin_skip_building_tests': False, 'cmake_args': None, 'cmake_clean_cache': False, 'cmake_clean_first': False, 'cmake_force_configure': False, 'cmake_target': None, 'cmake_target_skip_unavailable': False, 'install_base': '/home/luisf/robot2_ws/install/my_package', 'merge_install': False, 'path': '/home/luisf/robot2_ws/src/my_package', 'symlink_install': False, 'test_result_base': None}
[0.879s] Level 5:colcon.colcon_core.verb:set package 'node1' build argument 'cmake_args' from command line to 'None'
[0.879s] Level 5:colcon.colcon_core.verb:set package 'node1' build argument 'cmake_target' from command line to 'None'
[0.879s] Level 5:colcon.colcon_core.verb:set package 'node1' build argument 'cmake_target_skip_unavailable' from command line to 'False'
[0.879s] Level 5:colcon.colcon_core.verb:set package 'node1' build argument 'cmake_clean_cache' from command line to 'False'
[0.879s] Level 5:colcon.colcon_core.verb:set package 'node1' build argument 'cmake_clean_first' from command line to 'False'
[0.879s] Level 5:colcon.colcon_core.verb:set package 'node1' build argument 'cmake_force_configure' from command line to 'False'
[0.879s] Level 5:colcon.colcon_core.verb:set package 'node1' build argument 'ament_cmake_args' from command line to 'None'
[0.879s] Level 5:colcon.colcon_core.verb:set package 'node1' build argument 'catkin_cmake_args' from command line to 'None'
[0.879s] Level 5:colcon.colcon_core.verb:set package 'node1' build argument 'catkin_skip_building_tests' from command line to 'False'
[0.879s] DEBUG:colcon.colcon_core.verb:Building package 'node1' with the following arguments: {'ament_cmake_args': None, 'build_base': '/home/luisf/robot2_ws/build/node1', 'catkin_cmake_args': None, 'catkin_skip_building_tests': False, 'cmake_args': None, 'cmake_clean_cache': False, 'cmake_clean_first': False, 'cmake_force_configure': False, 'cmake_target': None, 'cmake_target_skip_unavailable': False, 'install_base': '/home/luisf/robot2_ws/install/node1', 'merge_install': False, 'path': '/home/luisf/robot2_ws/src/node1', 'symlink_install': False, 'test_result_base': None}
[0.881s] Level 5:colcon.colcon_core.verb:set package 'publisher_subscriber_r' build argument 'cmake_args' from command line to 'None'
[0.881s] Level 5:colcon.colcon_core.verb:set package 'publisher_subscriber_r' build argument 'cmake_target' from command line to 'None'
[0.881s] Level 5:colcon.colcon_core.verb:set package 'publisher_subscriber_r' build argument 'cmake_target_skip_unavailable' from command line to 'False'
[0.881s] Level 5:colcon.colcon_core.verb:set package 'publisher_subscriber_r' build argument 'cmake_clean_cache' from command line to 'False'
[0.881s] Level 5:colcon.colcon_core.verb:set package 'publisher_subscriber_r' build argument 'cmake_clean_first' from command line to 'False'
[0.881s] Level 5:colcon.colcon_core.verb:set package 'publisher_subscriber_r' build argument 'cmake_force_configure' from command line to 'False'
[0.882s] Level 5:colcon.colcon_core.verb:set package 'publisher_subscriber_r' build argument 'ament_cmake_args' from command line to 'None'
[0.882s] Level 5:colcon.colcon_core.verb:set package 'publisher_subscriber_r' build argument 'catkin_cmake_args' from command line to 'None'
[0.882s] Level 5:colcon.colcon_core.verb:set package 'publisher_subscriber_r' build argument 'catkin_skip_building_tests' from command line to 'False'
[0.882s] DEBUG:colcon.colcon_core.verb:Building package 'publisher_subscriber_r' with the following arguments: {'ament_cmake_args': None, 'build_base': '/home/luisf/robot2_ws/build/publisher_subscriber_r', 'catkin_cmake_args': None, 'catkin_skip_building_tests': False, 'cmake_args': None, 'cmake_clean_cache': False, 'cmake_clean_first': False, 'cmake_force_configure': False, 'cmake_target': None, 'cmake_target_skip_unavailable': False, 'install_base': '/home/luisf/robot2_ws/install/publisher_subscriber_r', 'merge_install': False, 'path': '/home/luisf/robot2_ws/src/publisher_subscriber_r', 'symlink_install': False, 'test_result_base': None}
[0.883s] INFO:colcon.colcon_core.executor:Executing jobs using 'parallel' executor
[0.889s] DEBUG:colcon.colcon_parallel_executor.executor.parallel:run_until_complete
[0.890s] INFO:colcon.colcon_ros.task.ament_cmake.build:Building ROS package in '/home/luisf/robot2_ws/src/cpp_publisher_subscriber' with build type 'ament_cmake'
[0.890s] INFO:colcon.colcon_cmake.task.cmake.build:Building CMake package in '/home/luisf/robot2_ws/src/cpp_publisher_subscriber'
[0.898s] INFO:colcon.colcon_core.plugin_system:Skipping extension 'colcon_core.shell.bat': Not used on non-Windows systems
[0.899s] INFO:colcon.colcon_core.shell:Skip shell extension 'powershell' for command environment: Not usable outside of PowerShell
[0.899s] DEBUG:colcon.colcon_core.shell:Skip shell extension 'dsv' for command environment
[0.913s] INFO:colcon.colcon_ros.task.ament_cmake.build:Building ROS package in '/home/luisf/robot2_ws/src/my_package' with build type 'ament_cmake'
[0.914s] INFO:colcon.colcon_cmake.task.cmake.build:Building CMake package in '/home/luisf/robot2_ws/src/my_package'
[0.918s] INFO:colcon.colcon_core.shell:Skip shell extension 'powershell' for command environment: Not usable outside of PowerShell
[0.919s] DEBUG:colcon.colcon_core.shell:Skip shell extension 'dsv' for command environment
[0.934s] INFO:colcon.colcon_ros.task.ament_cmake.build:Building ROS package in '/home/luisf/robot2_ws/src/node1' with build type 'ament_cmake'
[0.935s] INFO:colcon.colcon_cmake.task.cmake.build:Building CMake package in '/home/luisf/robot2_ws/src/node1'
[0.940s] INFO:colcon.colcon_core.shell:Skip shell extension 'powershell' for command environment: Not usable outside of PowerShell
[0.941s] DEBUG:colcon.colcon_core.shell:Skip shell extension 'dsv' for command environment
[0.955s] INFO:colcon.colcon_ros.task.ament_python.build:Building ROS package in '/home/luisf/robot2_ws/src/publisher_subscriber_r' with build type 'ament_python'
[0.957s] Level 1:colcon.colcon_core.shell:create_environment_hook('publisher_subscriber_r', 'ament_prefix_path')
[0.963s] INFO:colcon.colcon_core.shell:Creating environment hook '/home/luisf/robot2_ws/install/publisher_subscriber_r/share/publisher_subscriber_r/hook/ament_prefix_path.ps1'
[0.965s] INFO:colcon.colcon_core.shell:Creating environment descriptor '/home/luisf/robot2_ws/install/publisher_subscriber_r/share/publisher_subscriber_r/hook/ament_prefix_path.dsv'
[0.965s] INFO:colcon.colcon_core.shell:Creating environment hook '/home/luisf/robot2_ws/install/publisher_subscriber_r/share/publisher_subscriber_r/hook/ament_prefix_path.sh'
[0.969s] INFO:colcon.colcon_core.shell:Skip shell extension 'powershell' for command environment: Not usable outside of PowerShell
[0.969s] DEBUG:colcon.colcon_core.shell:Skip shell extension 'dsv' for command environment
[0.994s] DEBUG:colcon.colcon_core.event_handler.log_command:Invoking command in '/home/luisf/robot2_ws/build/cpp_publisher_subscriber': CMAKE_PREFIX_PATH=${CMAKE_PREFIX_PATH}:/home/luisf/robot2_ws/install/publisher_subscriber_r:/home/luisf/robot2_ws/install/program2:/opt/ros/foxy /usr/bin/cmake --build /home/luisf/robot2_ws/build/cpp_publisher_subscriber -- -j4 -l4
[1.013s] DEBUG:colcon.colcon_core.event_handler.log_command:Invoking command in '/home/luisf/robot2_ws/build/my_package': CMAKE_PREFIX_PATH=${CMAKE_PREFIX_PATH}:/home/luisf/robot2_ws/install/publisher_subscriber_r:/home/luisf/robot2_ws/install/program2:/opt/ros/foxy /usr/bin/cmake --build /home/luisf/robot2_ws/build/my_package -- -j4 -l4
[1.034s] DEBUG:colcon.colcon_core.event_handler.log_command:Invoking command in '/home/luisf/robot2_ws/build/node1': CMAKE_PREFIX_PATH=${CMAKE_PREFIX_PATH}:/home/luisf/robot2_ws/install/publisher_subscriber_r:/home/luisf/robot2_ws/install/program2:/opt/ros/foxy /usr/bin/cmake --build /home/luisf/robot2_ws/build/node1 -- -j4 -l4
[1.625s] INFO:colcon.colcon_core.task.python.build:Building Python package in '/home/luisf/robot2_ws/src/publisher_subscriber_r'
[1.628s] INFO:colcon.colcon_core.shell:Skip shell extension 'powershell' for command environment: Not usable outside of PowerShell
[1.628s] DEBUG:colcon.colcon_core.shell:Skip shell extension 'dsv' for command environment
[1.648s] DEBUG:colcon.colcon_core.event_handler.log_command:Invoked command in '/home/luisf/robot2_ws/build/node1' returned '0': CMAKE_PREFIX_PATH=${CMAKE_PREFIX_PATH}:/home/luisf/robot2_ws/install/publisher_subscriber_r:/home/luisf/robot2_ws/install/program2:/opt/ros/foxy /usr/bin/cmake --build /home/luisf/robot2_ws/build/node1 -- -j4 -l4
[1.657s] DEBUG:colcon.colcon_core.event_handler.log_command:Invoked command in '/home/luisf/robot2_ws/build/my_package' returned '0': CMAKE_PREFIX_PATH=${CMAKE_PREFIX_PATH}:/home/luisf/robot2_ws/install/publisher_subscriber_r:/home/luisf/robot2_ws/install/program2:/opt/ros/foxy /usr/bin/cmake --build /home/luisf/robot2_ws/build/my_package -- -j4 -l4
[1.680s] DEBUG:colcon.colcon_core.event_handler.log_command:Invoked command in '/home/luisf/robot2_ws/build/cpp_publisher_subscriber' returned '0': CMAKE_PREFIX_PATH=${CMAKE_PREFIX_PATH}:/home/luisf/robot2_ws/install/publisher_subscriber_r:/home/luisf/robot2_ws/install/program2:/opt/ros/foxy /usr/bin/cmake --build /home/luisf/robot2_ws/build/cpp_publisher_subscriber -- -j4 -l4
[1.740s] DEBUG:colcon.colcon_core.event_handler.log_command:Invoking command in '/home/luisf/robot2_ws/build/node1': CMAKE_PREFIX_PATH=${CMAKE_PREFIX_PATH}:/home/luisf/robot2_ws/install/publisher_subscriber_r:/home/luisf/robot2_ws/install/program2:/opt/ros/foxy /usr/bin/cmake --install /home/luisf/robot2_ws/build/node1
[1.751s] DEBUG:colcon.colcon_core.event_handler.log_command:Invoking command in '/home/luisf/robot2_ws/build/my_package': CMAKE_PREFIX_PATH=${CMAKE_PREFIX_PATH}:/home/luisf/robot2_ws/install/publisher_subscriber_r:/home/luisf/robot2_ws/install/program2:/opt/ros/foxy /usr/bin/cmake --install /home/luisf/robot2_ws/build/my_package
[1.762s] DEBUG:colcon.colcon_core.event_handler.log_command:Invoking command in '/home/luisf/robot2_ws/build/cpp_publisher_subscriber': CMAKE_PREFIX_PATH=${CMAKE_PREFIX_PATH}:/home/luisf/robot2_ws/install/publisher_subscriber_r:/home/luisf/robot2_ws/install/program2:/opt/ros/foxy /usr/bin/cmake --install /home/luisf/robot2_ws/build/cpp_publisher_subscriber
[1.817s] Level 1:colcon.colcon_core.environment:create_environment_scripts_only(node1)
[1.831s] DEBUG:colcon.colcon_core.event_handler.log_command:Invoked command in '/home/luisf/robot2_ws/build/node1' returned '0': CMAKE_PREFIX_PATH=${CMAKE_PREFIX_PATH}:/home/luisf/robot2_ws/install/publisher_subscriber_r:/home/luisf/robot2_ws/install/program2:/opt/ros/foxy /usr/bin/cmake --install /home/luisf/robot2_ws/build/node1
[1.859s] Level 1:colcon.colcon_core.environment:checking '/home/luisf/robot2_ws/install/node1' for CMake module files
[1.861s] Level 1:colcon.colcon_core.environment:checking '/home/luisf/robot2_ws/install/node1' for CMake config files
[1.862s] Level 1:colcon.colcon_core.shell:create_environment_hook('node1', 'cmake_prefix_path')
[1.867s] INFO:colcon.colcon_core.shell:Creating environment hook '/home/luisf/robot2_ws/install/node1/share/node1/hook/cmake_prefix_path.ps1'
[1.872s] INFO:colcon.colcon_core.shell:Creating environment descriptor '/home/luisf/robot2_ws/install/node1/share/node1/hook/cmake_prefix_path.dsv'
[1.873s] INFO:colcon.colcon_core.shell:Creating environment hook '/home/luisf/robot2_ws/install/node1/share/node1/hook/cmake_prefix_path.sh'
[1.877s] Level 1:colcon.colcon_core.environment:checking '/home/luisf/robot2_ws/install/node1/bin'
[1.877s] Level 1:colcon.colcon_core.environment:checking '/home/luisf/robot2_ws/install/node1/lib/pkgconfig/node1.pc'
[1.878s] Level 1:colcon.colcon_core.environment:checking '/home/luisf/robot2_ws/install/node1/lib/python3.8/site-packages'
[1.879s] Level 1:colcon.colcon_core.environment:checking '/home/luisf/robot2_ws/install/node1/bin'
[1.884s] INFO:colcon.colcon_core.shell:Creating package script '/home/luisf/robot2_ws/install/node1/share/node1/package.ps1'
[1.888s] INFO:colcon.colcon_core.shell:Creating package descriptor '/home/luisf/robot2_ws/install/node1/share/node1/package.dsv'
[1.889s] INFO:colcon.colcon_core.shell:Creating package script '/home/luisf/robot2_ws/install/node1/share/node1/package.sh'
[1.892s] INFO:colcon.colcon_core.shell:Creating package script '/home/luisf/robot2_ws/install/node1/share/node1/package.bash'
[1.894s] INFO:colcon.colcon_core.shell:Creating package script '/home/luisf/robot2_ws/install/node1/share/node1/package.zsh'
[1.896s] Level 1:colcon.colcon_core.environment:create_file_with_runtime_dependencies(/home/luisf/robot2_ws/install/node1/share/colcon-core/packages/node1)
[1.906s] Level 1:colcon.colcon_core.environment:create_environment_scripts_only(cpp_publisher_subscriber)
[1.913s] DEBUG:colcon.colcon_core.event_handler.log_command:Invoked command in '/home/luisf/robot2_ws/build/cpp_publisher_subscriber' returned '0': CMAKE_PREFIX_PATH=${CMAKE_PREFIX_PATH}:/home/luisf/robot2_ws/install/publisher_subscriber_r:/home/luisf/robot2_ws/install/program2:/opt/ros/foxy /usr/bin/cmake --install /home/luisf/robot2_ws/build/cpp_publisher_subscriber
[1.916s] Level 1:colcon.colcon_core.environment:checking '/home/luisf/robot2_ws/install/cpp_publisher_subscriber' for CMake module files
[1.918s] Level 1:colcon.colcon_core.environment:checking '/home/luisf/robot2_ws/install/cpp_publisher_subscriber' for CMake config files
[1.918s] Level 1:colcon.colcon_core.shell:create_environment_hook('cpp_publisher_subscriber', 'cmake_prefix_path')
[1.922s] INFO:colcon.colcon_core.shell:Creating environment hook '/home/luisf/robot2_ws/install/cpp_publisher_subscriber/share/cpp_publisher_subscriber/hook/cmake_prefix_path.ps1'
[1.924s] INFO:colcon.colcon_core.shell:Creating environment descriptor '/home/luisf/robot2_ws/install/cpp_publisher_subscriber/share/cpp_publisher_subscriber/hook/cmake_prefix_path.dsv'
[1.925s] INFO:colcon.colcon_core.shell:Creating environment hook '/home/luisf/robot2_ws/install/cpp_publisher_subscriber/share/cpp_publisher_subscriber/hook/cmake_prefix_path.sh'
[1.926s] Level 1:colcon.colcon_core.environment:checking '/home/luisf/robot2_ws/install/cpp_publisher_subscriber/lib'
[1.927s] Level 1:colcon.colcon_core.environment:checking '/home/luisf/robot2_ws/install/cpp_publisher_subscriber/bin'
[1.927s] Level 1:colcon.colcon_core.environment:checking '/home/luisf/robot2_ws/install/cpp_publisher_subscriber/lib/pkgconfig/cpp_publisher_subscriber.pc'
[1.928s] Level 1:colcon.colcon_core.environment:checking '/home/luisf/robot2_ws/install/cpp_publisher_subscriber/lib/python3.8/site-packages'
[1.929s] Level 1:colcon.colcon_core.environment:checking '/home/luisf/robot2_ws/install/cpp_publisher_subscriber/bin'
[1.934s] INFO:colcon.colcon_core.shell:Creating package script '/home/luisf/robot2_ws/install/cpp_publisher_subscriber/share/cpp_publisher_subscriber/package.ps1'
[1.935s] INFO:colcon.colcon_core.shell:Creating package descriptor '/home/luisf/robot2_ws/install/cpp_publisher_subscriber/share/cpp_publisher_subscriber/package.dsv'
[1.936s] INFO:colcon.colcon_core.shell:Creating package script '/home/luisf/robot2_ws/install/cpp_publisher_subscriber/share/cpp_publisher_subscriber/package.sh'
[1.938s] INFO:colcon.colcon_core.shell:Creating package script '/home/luisf/robot2_ws/install/cpp_publisher_subscriber/share/cpp_publisher_subscriber/package.bash'
[1.939s] INFO:colcon.colcon_core.shell:Creating package script '/home/luisf/robot2_ws/install/cpp_publisher_subscriber/share/cpp_publisher_subscriber/package.zsh'
[1.940s] Level 1:colcon.colcon_core.environment:create_file_with_runtime_dependencies(/home/luisf/robot2_ws/install/cpp_publisher_subscriber/share/colcon-core/packages/cpp_publisher_subscriber)
[1.948s] Level 1:colcon.colcon_core.environment:create_environment_scripts_only(my_package)
[1.949s] DEBUG:colcon.colcon_core.event_handler.log_command:Invoked command in '/home/luisf/robot2_ws/build/my_package' returned '0': CMAKE_PREFIX_PATH=${CMAKE_PREFIX_PATH}:/home/luisf/robot2_ws/install/publisher_subscriber_r:/home/luisf/robot2_ws/install/program2:/opt/ros/foxy /usr/bin/cmake --install /home/luisf/robot2_ws/build/my_package
[1.957s] Level 1:colcon.colcon_core.environment:checking '/home/luisf/robot2_ws/install/my_package' for CMake module files
[1.959s] Level 1:colcon.colcon_core.environment:checking '/home/luisf/robot2_ws/install/my_package' for CMake config files
[1.960s] Level 1:colcon.colcon_core.shell:create_environment_hook('my_package', 'cmake_prefix_path')
[1.965s] INFO:colcon.colcon_core.shell:Creating environment hook '/home/luisf/robot2_ws/install/my_package/share/my_package/hook/cmake_prefix_path.ps1'
[1.967s] INFO:colcon.colcon_core.shell:Creating environment descriptor '/home/luisf/robot2_ws/install/my_package/share/my_package/hook/cmake_prefix_path.dsv'
[1.968s] INFO:colcon.colcon_core.shell:Creating environment hook '/home/luisf/robot2_ws/install/my_package/share/my_package/hook/cmake_prefix_path.sh'
[1.970s] Level 1:colcon.colcon_core.environment:checking '/home/luisf/robot2_ws/install/my_package/lib'
[1.970s] Level 1:colcon.colcon_core.environment:checking '/home/luisf/robot2_ws/install/my_package/bin'
[1.970s] Level 1:colcon.colcon_core.environment:checking '/home/luisf/robot2_ws/install/my_package/lib/pkgconfig/my_package.pc'
[1.971s] Level 1:colcon.colcon_core.environment:checking '/home/luisf/robot2_ws/install/my_package/lib/python3.8/site-packages'
[1.972s] Level 1:colcon.colcon_core.environment:checking '/home/luisf/robot2_ws/install/my_package/bin'
[1.977s] INFO:colcon.colcon_core.shell:Creating package script '/home/luisf/robot2_ws/install/my_package/share/my_package/package.ps1'
[1.979s] INFO:colcon.colcon_core.shell:Creating package descriptor '/home/luisf/robot2_ws/install/my_package/share/my_package/package.dsv'
[1.980s] INFO:colcon.colcon_core.shell:Creating package script '/home/luisf/robot2_ws/install/my_package/share/my_package/package.sh'
[1.981s] INFO:colcon.colcon_core.shell:Creating package script '/home/luisf/robot2_ws/install/my_package/share/my_package/package.bash'
[1.982s] INFO:colcon.colcon_core.shell:Creating package script '/home/luisf/robot2_ws/install/my_package/share/my_package/package.zsh'
[1.983s] Level 1:colcon.colcon_core.environment:create_file_with_runtime_dependencies(/home/luisf/robot2_ws/install/my_package/share/colcon-core/packages/my_package)
[1.998s] Level 1:colcon.colcon_core.environment:create_environment_scripts_only(node1)
[2.006s] Level 1:colcon.colcon_core.environment:checking '/home/luisf/robot2_ws/install/node1' for CMake module files
[2.008s] Level 1:colcon.colcon_core.environment:checking '/home/luisf/robot2_ws/install/node1' for CMake config files
[2.009s] Level 1:colcon.colcon_core.shell:create_environment_hook('node1', 'cmake_prefix_path')
[2.014s] INFO:colcon.colcon_core.shell:Creating environment hook '/home/luisf/robot2_ws/install/node1/share/node1/hook/cmake_prefix_path.ps1'
[2.015s] INFO:colcon.colcon_core.shell:Creating environment descriptor '/home/luisf/robot2_ws/install/node1/share/node1/hook/cmake_prefix_path.dsv'
[2.016s] INFO:colcon.colcon_core.shell:Creating environment hook '/home/luisf/robot2_ws/install/node1/share/node1/hook/cmake_prefix_path.sh'
[2.018s] Level 1:colcon.colcon_core.environment:checking '/home/luisf/robot2_ws/install/node1/bin'
[2.018s] Level 1:colcon.colcon_core.environment:checking '/home/luisf/robot2_ws/install/node1/lib/pkgconfig/node1.pc'
[2.019s] Level 1:colcon.colcon_core.environment:checking '/home/luisf/robot2_ws/install/node1/lib/python3.8/site-packages'
[2.019s] Level 1:colcon.colcon_core.environment:checking '/home/luisf/robot2_ws/install/node1/bin'
[2.025s] INFO:colcon.colcon_core.shell:Creating package script '/home/luisf/robot2_ws/install/node1/share/node1/package.ps1'
[2.026s] INFO:colcon.colcon_core.shell:Creating package descriptor '/home/luisf/robot2_ws/install/node1/share/node1/package.dsv'
[2.028s] INFO:colcon.colcon_core.shell:Creating package script '/home/luisf/robot2_ws/install/node1/share/node1/package.sh'
[2.029s] INFO:colcon.colcon_core.shell:Creating package script '/home/luisf/robot2_ws/install/node1/share/node1/package.bash'
[2.031s] INFO:colcon.colcon_core.shell:Creating package script '/home/luisf/robot2_ws/install/node1/share/node1/package.zsh'
[2.032s] Level 1:colcon.colcon_core.environment:create_file_with_runtime_dependencies(/home/luisf/robot2_ws/install/node1/share/colcon-core/packages/node1)
[2.041s] Level 1:colcon.colcon_core.environment:create_environment_scripts_only(cpp_publisher_subscriber)
[2.049s] Level 1:colcon.colcon_core.environment:checking '/home/luisf/robot2_ws/install/cpp_publisher_subscriber' for CMake module files
[2.051s] Level 1:colcon.colcon_core.environment:checking '/home/luisf/robot2_ws/install/cpp_publisher_subscriber' for CMake config files
[2.051s] Level 1:colcon.colcon_core.shell:create_environment_hook('cpp_publisher_subscriber', 'cmake_prefix_path')
[2.056s] INFO:colcon.colcon_core.shell:Creating environment hook '/home/luisf/robot2_ws/install/cpp_publisher_subscriber/share/cpp_publisher_subscriber/hook/cmake_prefix_path.ps1'
[2.057s] INFO:colcon.colcon_core.shell:Creating environment descriptor '/home/luisf/robot2_ws/install/cpp_publisher_subscriber/share/cpp_publisher_subscriber/hook/cmake_prefix_path.dsv'
[2.058s] INFO:colcon.colcon_core.shell:Creating environment hook '/home/luisf/robot2_ws/install/cpp_publisher_subscriber/share/cpp_publisher_subscriber/hook/cmake_prefix_path.sh'
[2.060s] Level 1:colcon.colcon_core.environment:checking '/home/luisf/robot2_ws/install/cpp_publisher_subscriber/lib'
[2.060s] Level 1:colcon.colcon_core.environment:checking '/home/luisf/robot2_ws/install/cpp_publisher_subscriber/bin'
[2.060s] Level 1:colcon.colcon_core.environment:checking '/home/luisf/robot2_ws/install/cpp_publisher_subscriber/lib/pkgconfig/cpp_publisher_subscriber.pc'
[2.061s] Level 1:colcon.colcon_core.environment:checking '/home/luisf/robot2_ws/install/cpp_publisher_subscriber/lib/python3.8/site-packages'
[2.061s] Level 1:colcon.colcon_core.environment:checking '/home/luisf/robot2_ws/install/cpp_publisher_subscriber/bin'
[2.067s] INFO:colcon.colcon_core.shell:Creating package script '/home/luisf/robot2_ws/install/cpp_publisher_subscriber/share/cpp_publisher_subscriber/package.ps1'
[2.068s] INFO:colcon.colcon_core.shell:Creating package descriptor '/home/luisf/robot2_ws/install/cpp_publisher_subscriber/share/cpp_publisher_subscriber/package.dsv'
[2.070s] INFO:colcon.colcon_core.shell:Creating package script '/home/luisf/robot2_ws/install/cpp_publisher_subscriber/share/cpp_publisher_subscriber/package.sh'
[2.071s] INFO:colcon.colcon_core.shell:Creating package script '/home/luisf/robot2_ws/install/cpp_publisher_subscriber/share/cpp_publisher_subscriber/package.bash'
[2.072s] INFO:colcon.colcon_core.shell:Creating package script '/home/luisf/robot2_ws/install/cpp_publisher_subscriber/share/cpp_publisher_subscriber/package.zsh'
[2.074s] Level 1:colcon.colcon_core.environment:create_file_with_runtime_dependencies(/home/luisf/robot2_ws/install/cpp_publisher_subscriber/share/colcon-core/packages/cpp_publisher_subscriber)
[2.079s] Level 1:colcon.colcon_core.environment:create_environment_scripts_only(my_package)
[2.086s] Level 1:colcon.colcon_core.environment:checking '/home/luisf/robot2_ws/install/my_package' for CMake module files
[2.089s] Level 1:colcon.colcon_core.environment:checking '/home/luisf/robot2_ws/install/my_package' for CMake config files
[2.089s] Level 1:colcon.colcon_core.shell:create_environment_hook('my_package', 'cmake_prefix_path')
[2.094s] INFO:colcon.colcon_core.shell:Creating environment hook '/home/luisf/robot2_ws/install/my_package/share/my_package/hook/cmake_prefix_path.ps1'
[2.096s] INFO:colcon.colcon_core.shell:Creating environment descriptor '/home/luisf/robot2_ws/install/my_package/share/my_package/hook/cmake_prefix_path.dsv'
[2.097s] INFO:colcon.colcon_core.shell:Creating environment hook '/home/luisf/robot2_ws/install/my_package/share/my_package/hook/cmake_prefix_path.sh'
[2.099s] Level 1:colcon.colcon_core.environment:checking '/home/luisf/robot2_ws/install/my_package/lib'
[2.100s] Level 1:colcon.colcon_core.environment:checking '/home/luisf/robot2_ws/install/my_package/bin'
[2.100s] Level 1:colcon.colcon_core.environment:checking '/home/luisf/robot2_ws/install/my_package/lib/pkgconfig/my_package.pc'
[2.100s] Level 1:colcon.colcon_core.environment:checking '/home/luisf/robot2_ws/install/my_package/lib/python3.8/site-packages'
[2.101s] Level 1:colcon.colcon_core.environment:checking '/home/luisf/robot2_ws/install/my_package/bin'
[2.107s] INFO:colcon.colcon_core.shell:Creating package script '/home/luisf/robot2_ws/install/my_package/share/my_package/package.ps1'
[2.109s] INFO:colcon.colcon_core.shell:Creating package descriptor '/home/luisf/robot2_ws/install/my_package/share/my_package/package.dsv'
[2.110s] INFO:colcon.colcon_core.shell:Creating package script '/home/luisf/robot2_ws/install/my_package/share/my_package/package.sh'
[2.112s] INFO:colcon.colcon_core.shell:Creating package script '/home/luisf/robot2_ws/install/my_package/share/my_package/package.bash'
[2.113s] INFO:colcon.colcon_core.shell:Creating package script '/home/luisf/robot2_ws/install/my_package/share/my_package/package.zsh'
[2.114s] Level 1:colcon.colcon_core.environment:create_file_with_runtime_dependencies(/home/luisf/robot2_ws/install/my_package/share/colcon-core/packages/my_package)
[2.615s] DEBUG:colcon.colcon_core.event_handler.log_command:Invoking command in '/home/luisf/robot2_ws/build/publisher_subscriber_r': PYTHONPATH=/home/luisf/robot2_ws/build/publisher_subscriber_r/prefix_override:/home/luisf/robot2_ws/install/publisher_subscriber_r/lib/python3.8/site-packages:${PYTHONPATH} /usr/bin/python3 setup.py develop --uninstall --editable --build-directory /home/luisf/robot2_ws/build/publisher_subscriber_r/build
[3.372s] DEBUG:colcon.colcon_core.event_handler.log_command:Invoked command in '/home/luisf/robot2_ws/build/publisher_subscriber_r' returned '0': PYTHONPATH=/home/luisf/robot2_ws/build/publisher_subscriber_r/prefix_override:/home/luisf/robot2_ws/install/publisher_subscriber_r/lib/python3.8/site-packages:${PYTHONPATH} /usr/bin/python3 setup.py develop --uninstall --editable --build-directory /home/luisf/robot2_ws/build/publisher_subscriber_r/build
[3.379s] DEBUG:colcon.colcon_core.event_handler.log_command:Invoking command in '/home/luisf/robot2_ws/src/publisher_subscriber_r': PYTHONPATH=/home/luisf/robot2_ws/build/publisher_subscriber_r/prefix_override:/home/luisf/robot2_ws/install/publisher_subscriber_r/lib/python3.8/site-packages:${PYTHONPATH} /usr/bin/python3 setup.py egg_info --egg-base ../../build/publisher_subscriber_r build --build-base /home/luisf/robot2_ws/build/publisher_subscriber_r/build install --record /home/luisf/robot2_ws/build/publisher_subscriber_r/install.log --install-scripts $base#/lib/publisher_subscriber_r --single-version-externally-managed
[3.941s] Level 1:colcon.colcon_core.environment:checking '/home/luisf/robot2_ws/install/publisher_subscriber_r' for CMake module files
[3.943s] DEBUG:colcon.colcon_core.event_handler.log_command:Invoked command in '/home/luisf/robot2_ws/src/publisher_subscriber_r' returned '0': PYTHONPATH=/home/luisf/robot2_ws/build/publisher_subscriber_r/prefix_override:/home/luisf/robot2_ws/install/publisher_subscriber_r/lib/python3.8/site-packages:${PYTHONPATH} /usr/bin/python3 setup.py egg_info --egg-base ../../build/publisher_subscriber_r build --build-base /home/luisf/robot2_ws/build/publisher_subscriber_r/build install --record /home/luisf/robot2_ws/build/publisher_subscriber_r/install.log --install-scripts $base#/lib/publisher_subscriber_r --single-version-externally-managed
[3.943s] Level 1:colcon.colcon_core.environment:checking '/home/luisf/robot2_ws/install/publisher_subscriber_r' for CMake config files
[3.944s] Level 1:colcon.colcon_core.environment:checking '/home/luisf/robot2_ws/install/publisher_subscriber_r/lib'
[3.944s] Level 1:colcon.colcon_core.environment:checking '/home/luisf/robot2_ws/install/publisher_subscriber_r/bin'
[3.945s] Level 1:colcon.colcon_core.environment:checking '/home/luisf/robot2_ws/install/publisher_subscriber_r/lib/pkgconfig/publisher_subscriber_r.pc'
[3.945s] Level 1:colcon.colcon_core.environment:checking '/home/luisf/robot2_ws/install/publisher_subscriber_r/lib/python3.8/site-packages'
[3.945s] Level 1:colcon.colcon_core.shell:create_environment_hook('publisher_subscriber_r', 'pythonpath')
[3.948s] INFO:colcon.colcon_core.shell:Creating environment hook '/home/luisf/robot2_ws/install/publisher_subscriber_r/share/publisher_subscriber_r/hook/pythonpath.ps1'
[3.949s] INFO:colcon.colcon_core.shell:Creating environment descriptor '/home/luisf/robot2_ws/install/publisher_subscriber_r/share/publisher_subscriber_r/hook/pythonpath.dsv'
[3.949s] INFO:colcon.colcon_core.shell:Creating environment hook '/home/luisf/robot2_ws/install/publisher_subscriber_r/share/publisher_subscriber_r/hook/pythonpath.sh'
[3.950s] Level 1:colcon.colcon_core.environment:checking '/home/luisf/robot2_ws/install/publisher_subscriber_r/bin'
[3.950s] Level 1:colcon.colcon_core.environment:create_environment_scripts_only(publisher_subscriber_r)
[3.953s] INFO:colcon.colcon_core.shell:Creating package script '/home/luisf/robot2_ws/install/publisher_subscriber_r/share/publisher_subscriber_r/package.ps1'
[3.954s] INFO:colcon.colcon_core.shell:Creating package descriptor '/home/luisf/robot2_ws/install/publisher_subscriber_r/share/publisher_subscriber_r/package.dsv'
[3.955s] INFO:colcon.colcon_core.shell:Creating package script '/home/luisf/robot2_ws/install/publisher_subscriber_r/share/publisher_subscriber_r/package.sh'
[3.956s] INFO:colcon.colcon_core.shell:Creating package script '/home/luisf/robot2_ws/install/publisher_subscriber_r/share/publisher_subscriber_r/package.bash'
[3.957s] INFO:colcon.colcon_core.shell:Creating package script '/home/luisf/robot2_ws/install/publisher_subscriber_r/share/publisher_subscriber_r/package.zsh'
[3.957s] Level 1:colcon.colcon_core.environment:create_file_with_runtime_dependencies(/home/luisf/robot2_ws/install/publisher_subscriber_r/share/colcon-core/packages/publisher_subscriber_r)
[3.958s] DEBUG:colcon.colcon_parallel_executor.executor.parallel:closing loop
[3.959s] DEBUG:colcon.colcon_parallel_executor.executor.parallel:loop closed
[3.959s] DEBUG:colcon.colcon_parallel_executor.executor.parallel:run_until_complete finished with '0'
[3.959s] DEBUG:colcon.colcon_core.event_reactor:joining thread
[3.974s] INFO:colcon.colcon_core.plugin_system:Skipping extension 'colcon_notification.desktop_notification.terminal_notifier': Not used on non-Darwin systems
[3.974s] INFO:colcon.colcon_core.plugin_system:Skipping extension 'colcon_notification.desktop_notification.win32': Not used on non-Windows systems
[3.975s] INFO:colcon.colcon_notification.desktop_notification:Sending desktop notification using 'notify2'
[4.003s] DEBUG:colcon.colcon_core.event_reactor:joined thread
[4.006s] INFO:colcon.colcon_core.shell:Creating prefix script '/home/luisf/robot2_ws/install/local_setup.ps1'
[4.008s] INFO:colcon.colcon_core.shell:Creating prefix util module '/home/luisf/robot2_ws/install/_local_setup_util_ps1.py'
[4.011s] INFO:colcon.colcon_core.shell:Creating prefix chain script '/home/luisf/robot2_ws/install/setup.ps1'
[4.015s] INFO:colcon.colcon_core.shell:Creating prefix script '/home/luisf/robot2_ws/install/local_setup.sh'
[4.016s] INFO:colcon.colcon_core.shell:Creating prefix util module '/home/luisf/robot2_ws/install/_local_setup_util_sh.py'
[4.017s] INFO:colcon.colcon_core.shell:Creating prefix chain script '/home/luisf/robot2_ws/install/setup.sh'
[4.020s] INFO:colcon.colcon_core.shell:Creating prefix script '/home/luisf/robot2_ws/install/local_setup.bash'
[4.021s] INFO:colcon.colcon_core.shell:Creating prefix chain script '/home/luisf/robot2_ws/install/setup.bash'
[4.024s] INFO:colcon.colcon_core.shell:Creating prefix script '/home/luisf/robot2_ws/install/local_setup.zsh'
[4.025s] INFO:colcon.colcon_core.shell:Creating prefix chain script '/home/luisf/robot2_ws/install/setup.zsh'
