[0.086s] Invoking command in '/home/luisf/robot2_ws/build/node1': CMAKE_PREFIX_PATH=${CMAKE_PREFIX_PATH}:/home/luisf/robot2_ws/install/program2:/opt/ros/foxy /usr/bin/cmake --build /home/luisf/robot2_ws/build/node1 -- -j4 -l4
[0.741s] Invoked command in '/home/luisf/robot2_ws/build/node1' returned '0': CMAKE_PREFIX_PATH=${CMAKE_PREFIX_PATH}:/home/luisf/robot2_ws/install/program2:/opt/ros/foxy /usr/bin/cmake --build /home/luisf/robot2_ws/build/node1 -- -j4 -l4
[0.863s] Invoking command in '/home/luisf/robot2_ws/build/node1': CMAKE_PREFIX_PATH=${CMAKE_PREFIX_PATH}:/home/luisf/robot2_ws/install/program2:/opt/ros/foxy /usr/bin/cmake --install /home/luisf/robot2_ws/build/node1
[0.931s] -- Install configuration: ""
[0.933s] -- Execute custom install script
[0.934s] -- Up-to-date symlink: /home/luisf/robot2_ws/install/node1/share/ament_index/resource_index/package_run_dependencies/node1
[0.936s] -- Up-to-date symlink: /home/luisf/robot2_ws/install/node1/share/ament_index/resource_index/parent_prefix_path/node1
[0.937s] -- Up-to-date symlink: /home/luisf/robot2_ws/install/node1/share/node1/environment/ament_prefix_path.sh
[0.941s] -- Up-to-date symlink: /home/luisf/robot2_ws/install/node1/share/node1/environment/ament_prefix_path.dsv
[0.948s] -- Up-to-date symlink: /home/luisf/robot2_ws/install/node1/share/node1/environment/path.sh
[0.949s] -- Up-to-date symlink: /home/luisf/robot2_ws/install/node1/share/node1/environment/path.dsv
[0.950s] -- Up-to-date symlink: /home/luisf/robot2_ws/install/node1/share/node1/local_setup.bash
[0.952s] -- Up-to-date symlink: /home/luisf/robot2_ws/install/node1/share/node1/local_setup.sh
[0.952s] -- Up-to-date symlink: /home/luisf/robot2_ws/install/node1/share/node1/local_setup.zsh
[0.953s] -- Up-to-date symlink: /home/luisf/robot2_ws/install/node1/share/node1/local_setup.dsv
[0.954s] -- Symlinking: /home/luisf/robot2_ws/install/node1/share/node1/package.dsv
[1.000s] -- Up-to-date symlink: /home/luisf/robot2_ws/install/node1/share/ament_index/resource_index/packages/node1
[1.000s] -- Up-to-date symlink: /home/luisf/robot2_ws/install/node1/share/node1/cmake/node1Config.cmake
[1.000s] -- Up-to-date symlink: /home/luisf/robot2_ws/install/node1/share/node1/cmake/node1Config-version.cmake
[1.001s] -- Up-to-date symlink: /home/luisf/robot2_ws/install/node1/share/node1/package.xml
[1.196s] Invoked command in '/home/luisf/robot2_ws/build/node1' returned '0': CMAKE_PREFIX_PATH=${CMAKE_PREFIX_PATH}:/home/luisf/robot2_ws/install/program2:/opt/ros/foxy /usr/bin/cmake --install /home/luisf/robot2_ws/build/node1
