[0.093s] Invoking command in '/home/luisf/robot2_ws/build/custom_msg': CMAKE_PREFIX_PATH=${CMAKE_PREFIX_PATH}:/home/luisf/robot2_ws/install/publisher_subscriber_r:/home/luisf/robot2_ws/install/program2:/opt/ros/foxy /usr/bin/cmake /home/luisf/robot2_ws/src/custom_msg -DAMENT_CMAKE_SYMLINK_INSTALL=1 -DCMAKE_INSTALL_PREFIX=/home/luisf/robot2_ws/install/custom_msg
[0.163s] -- Found ament_cmake: 0.9.12 (/opt/ros/foxy/share/ament_cmake/cmake)
[0.231s] -- Using PYTHON_EXECUTABLE: /usr/bin/python3
[0.876s] -- Override CMake install command with custom implementation using symlinks instead of copying resources
[0.892s] -- Found rclcpp: 2.4.3 (/opt/ros/foxy/share/rclcpp/cmake)
[0.967s] -- Using all available rosidl_typesupport_c: rosidl_typesupport_fastrtps_c;rosidl_typesupport_introspection_c
[0.973s] -- Found rosidl_adapter: 1.3.1 (/opt/ros/foxy/share/rosidl_adapter/cmake)
[1.216s] -- Using all available rosidl_typesupport_cpp: rosidl_typesupport_fastrtps_cpp;rosidl_typesupport_introspection_cpp
[1.352s] -- Found rmw_implementation_cmake: 1.0.4 (/opt/ros/foxy/share/rmw_implementation_cmake/cmake)
[1.352s] -- Using RMW implementation 'rmw_fastrtps_cpp' as default
[1.677s] -- Found rosidl_default_generators: 1.0.1 (/opt/ros/foxy/share/rosidl_default_generators/cmake)
[1.698s] -- Found ament_lint_auto: 0.9.8 (/opt/ros/foxy/share/ament_lint_auto/cmake)
[1.877s] -- Found PythonInterp: /usr/bin/python3 (found version "3.8.10") 
[2.107s] -- Found ament_cmake_ros: 0.9.2 (/opt/ros/foxy/share/ament_cmake_ros/cmake)
[2.442s] -- Using all available rosidl_typesupport_c: rosidl_typesupport_fastrtps_c;rosidl_typesupport_introspection_c
[2.512s] -- Using all available rosidl_typesupport_cpp: rosidl_typesupport_fastrtps_cpp;rosidl_typesupport_introspection_cpp
[2.577s] -- Found PythonInterp: /usr/bin/python3 (found suitable version "3.8.10", minimum required is "3.5") 
[2.621s] -- Found python_cmake_module: 0.8.1 (/opt/ros/foxy/share/python_cmake_module/cmake)
[2.774s] -- Found PythonLibs: /usr/lib/x86_64-linux-gnu/libpython3.8.so (found suitable version "3.8.10", minimum required is "3.5") 
[2.774s] -- Using PYTHON_EXECUTABLE: /usr/bin/python3
[2.774s] -- Using PYTHON_INCLUDE_DIRS: /usr/include/python3.8
[2.775s] -- Using PYTHON_LIBRARIES: /usr/lib/x86_64-linux-gnu/libpython3.8.so
[2.826s] -- Found PythonExtra: .so  
[2.988s] -- Added test 'copyright' to check source files copyright and LICENSE
[3.023s] -- Added test 'lint_cmake' to check CMake code style
[3.039s] -- Added test 'xmllint' to check XML markup files
[3.135s] -- Configuring done
[3.284s] -- Generating done
[3.292s] -- Build files have been written to: /home/luisf/robot2_ws/build/custom_msg
[3.308s] Invoked command in '/home/luisf/robot2_ws/build/custom_msg' returned '0': CMAKE_PREFIX_PATH=${CMAKE_PREFIX_PATH}:/home/luisf/robot2_ws/install/publisher_subscriber_r:/home/luisf/robot2_ws/install/program2:/opt/ros/foxy /usr/bin/cmake /home/luisf/robot2_ws/src/custom_msg -DAMENT_CMAKE_SYMLINK_INSTALL=1 -DCMAKE_INSTALL_PREFIX=/home/luisf/robot2_ws/install/custom_msg
[3.313s] Invoking command in '/home/luisf/robot2_ws/build/custom_msg': CMAKE_PREFIX_PATH=${CMAKE_PREFIX_PATH}:/home/luisf/robot2_ws/install/publisher_subscriber_r:/home/luisf/robot2_ws/install/program2:/opt/ros/foxy /usr/bin/cmake --build /home/luisf/robot2_ws/build/custom_msg -- -j4 -l4
[3.395s] [  3%] [34m[1mGenerating C code for ROS interfaces[0m
[3.396s] [35m[1mScanning dependencies of target custom_msg__cpp[0m
[3.415s] [  6%] [34m[1mGenerating C++ code for ROS interfaces[0m
[4.024s] [  6%] Built target custom_msg__cpp
[4.052s] [  9%] [34m[1mGenerating C++ type support dispatch for ROS interfaces[0m
[4.055s] [ 12%] [34m[1mGenerating C++ type support for eProsima Fast-RTPS[0m
[4.057s] [ 16%] [34m[1mGenerating C++ introspection for ROS interfaces[0m
[4.060s] [35m[1mScanning dependencies of target custom_msg__rosidl_generator_c[0m
[4.133s] [ 19%] [32mBuilding C object CMakeFiles/custom_msg__rosidl_generator_c.dir/rosidl_generator_c/custom_msg/msg/detail/log_tf__functions.c.o[0m
[4.489s] [ 22%] [32m[1mLinking C shared library libcustom_msg__rosidl_generator_c.so[0m
[4.632s] [ 22%] Built target custom_msg__rosidl_generator_c
[4.662s] [ 25%] [34m[1mGenerating C type support dispatch for ROS interfaces[0m
[4.665s] [35m[1mScanning dependencies of target custom_msg__rosidl_typesupport_cpp[0m
[4.757s] [35m[1mScanning dependencies of target custom_msg__rosidl_typesupport_introspection_cpp[0m
[4.775s] [35m[1mScanning dependencies of target custom_msg__rosidl_typesupport_fastrtps_cpp[0m
[4.796s] [ 29%] [32mBuilding CXX object CMakeFiles/custom_msg__rosidl_typesupport_cpp.dir/rosidl_typesupport_cpp/custom_msg/msg/log_tf__type_support.cpp.o[0m
[4.829s] [ 32%] [32mBuilding CXX object CMakeFiles/custom_msg__rosidl_typesupport_introspection_cpp.dir/rosidl_typesupport_introspection_cpp/custom_msg/msg/detail/log_tf__type_support.cpp.o[0m
[4.949s] [ 35%] [32mBuilding CXX object CMakeFiles/custom_msg__rosidl_typesupport_fastrtps_cpp.dir/rosidl_typesupport_fastrtps_cpp/custom_msg/msg/detail/dds_fastrtps/log_tf__type_support.cpp.o[0m
[5.177s] [35m[1mScanning dependencies of target custom_msg__rosidl_typesupport_c[0m
[5.272s] [ 38%] [32mBuilding CXX object CMakeFiles/custom_msg__rosidl_typesupport_c.dir/rosidl_typesupport_c/custom_msg/msg/log_tf__type_support.cpp.o[0m
[5.382s] [ 41%] [32m[1mLinking CXX shared library libcustom_msg__rosidl_typesupport_c.so[0m
[5.516s] [ 41%] Built target custom_msg__rosidl_typesupport_c
[5.534s] [ 45%] [34m[1mGenerating C introspection for ROS interfaces[0m
[6.123s] [35m[1mScanning dependencies of target custom_msg__rosidl_typesupport_introspection_c[0m
[6.163s] [ 48%] [32mBuilding C object CMakeFiles/custom_msg__rosidl_typesupport_introspection_c.dir/rosidl_typesupport_introspection_c/custom_msg/msg/detail/log_tf__type_support.c.o[0m
[6.258s] [ 51%] [32m[1mLinking C shared library libcustom_msg__rosidl_typesupport_introspection_c.so[0m
[6.349s] [ 51%] Built target custom_msg__rosidl_typesupport_introspection_c
[6.874s] [ 54%] [32m[1mLinking CXX shared library libcustom_msg__rosidl_typesupport_cpp.so[0m
[6.886s] [ 58%] [32m[1mLinking CXX shared library libcustom_msg__rosidl_typesupport_introspection_cpp.so[0m
[7.067s] [ 58%] Built target custom_msg__rosidl_typesupport_cpp
[7.099s] [ 58%] Built target custom_msg__rosidl_typesupport_introspection_cpp
[7.470s] [ 61%] [32m[1mLinking CXX shared library libcustom_msg__rosidl_typesupport_fastrtps_cpp.so[0m
[7.725s] [ 61%] Built target custom_msg__rosidl_typesupport_fastrtps_cpp
[7.742s] [ 64%] [34m[1mGenerating C type support for eProsima Fast-RTPS[0m
[8.242s] [35m[1mScanning dependencies of target custom_msg__rosidl_typesupport_fastrtps_c[0m
[8.322s] [ 67%] [32mBuilding CXX object CMakeFiles/custom_msg__rosidl_typesupport_fastrtps_c.dir/rosidl_typesupport_fastrtps_c/custom_msg/msg/detail/log_tf__type_support_c.cpp.o[0m
[9.234s] [ 70%] [32m[1mLinking CXX shared library libcustom_msg__rosidl_typesupport_fastrtps_c.so[0m
[9.400s] [ 70%] Built target custom_msg__rosidl_typesupport_fastrtps_c
[9.418s] [35m[1mScanning dependencies of target custom_msg[0m
[9.436s] [ 70%] Built target custom_msg
[9.453s] [35m[1mScanning dependencies of target custom_msg__py[0m
[9.473s] [ 74%] [34m[1mGenerating Python code for ROS interfaces[0m
[11.199s] [ 74%] Built target custom_msg__py
[11.219s] [35m[1mScanning dependencies of target custom_msg__python[0m
[11.367s] [ 77%] [32mBuilding C object CMakeFiles/custom_msg__python.dir/rosidl_generator_py/custom_msg/msg/_log_tf_s.c.o[0m
[12.227s] [ 80%] [32m[1mLinking C shared library rosidl_generator_py/custom_msg/libcustom_msg__python.so[0m
[12.369s] [ 80%] Built target custom_msg__python
[12.393s] [35m[1mScanning dependencies of target custom_msg__rosidl_typesupport_fastrtps_c__pyext[0m
[12.397s] [35m[1mScanning dependencies of target custom_msg__rosidl_typesupport_introspection_c__pyext[0m
[12.397s] [35m[1mScanning dependencies of target custom_msg__rosidl_typesupport_c__pyext[0m
[12.512s] [ 83%] [32mBuilding C object CMakeFiles/custom_msg__rosidl_typesupport_fastrtps_c__pyext.dir/rosidl_generator_py/custom_msg/_custom_msg_s.ep.rosidl_typesupport_fastrtps_c.c.o[0m
[12.512s] [ 87%] [32mBuilding C object CMakeFiles/custom_msg__rosidl_typesupport_introspection_c__pyext.dir/rosidl_generator_py/custom_msg/_custom_msg_s.ep.rosidl_typesupport_introspection_c.c.o[0m
[12.531s] [ 90%] [32mBuilding C object CMakeFiles/custom_msg__rosidl_typesupport_c__pyext.dir/rosidl_generator_py/custom_msg/_custom_msg_s.ep.rosidl_typesupport_c.c.o[0m
[12.743s] [ 93%] [32m[1mLinking CXX shared library rosidl_generator_py/custom_msg/custom_msg_s__rosidl_typesupport_fastrtps_c.cpython-38-x86_64-linux-gnu.so[0m
[12.769s] [ 96%] [32m[1mLinking C shared library rosidl_generator_py/custom_msg/custom_msg_s__rosidl_typesupport_introspection_c.cpython-38-x86_64-linux-gnu.so[0m
[12.770s] [100%] [32m[1mLinking C shared library rosidl_generator_py/custom_msg/custom_msg_s__rosidl_typesupport_c.cpython-38-x86_64-linux-gnu.so[0m
[12.869s] [100%] Built target custom_msg__rosidl_typesupport_introspection_c__pyext
[12.876s] [100%] Built target custom_msg__rosidl_typesupport_c__pyext
[12.948s] [100%] Built target custom_msg__rosidl_typesupport_fastrtps_c__pyext
[12.981s] Invoked command in '/home/luisf/robot2_ws/build/custom_msg' returned '0': CMAKE_PREFIX_PATH=${CMAKE_PREFIX_PATH}:/home/luisf/robot2_ws/install/publisher_subscriber_r:/home/luisf/robot2_ws/install/program2:/opt/ros/foxy /usr/bin/cmake --build /home/luisf/robot2_ws/build/custom_msg -- -j4 -l4
[13.077s] Invoking command in '/home/luisf/robot2_ws/build/custom_msg': CMAKE_PREFIX_PATH=${CMAKE_PREFIX_PATH}:/home/luisf/robot2_ws/install/publisher_subscriber_r:/home/luisf/robot2_ws/install/program2:/opt/ros/foxy /usr/bin/cmake --install /home/luisf/robot2_ws/build/custom_msg
[13.106s] -- Install configuration: ""
[13.106s] -- Execute custom install script
[13.107s] -- Symlinking: /home/luisf/robot2_ws/install/custom_msg/share/ament_index/resource_index/rosidl_interfaces/custom_msg
[13.134s] -- Symlinking: /home/luisf/robot2_ws/install/custom_msg/include/custom_msg/msg/detail/log_tf__functions.h
[13.158s] -- Symlinking: /home/luisf/robot2_ws/install/custom_msg/include/custom_msg/msg/detail/log_tf__struct.h
[13.185s] -- Symlinking: /home/luisf/robot2_ws/install/custom_msg/include/custom_msg/msg/detail/log_tf__type_support.h
[13.211s] -- Symlinking: /home/luisf/robot2_ws/install/custom_msg/include/custom_msg/msg/log_tf.h
[13.236s] -- Symlinking: /home/luisf/robot2_ws/install/custom_msg/include/custom_msg/msg/rosidl_generator_c__visibility_control.h
[13.256s] -- Symlinking: /home/luisf/robot2_ws/install/custom_msg/share/custom_msg/environment/library_path.sh
[13.281s] -- Symlinking: /home/luisf/robot2_ws/install/custom_msg/share/custom_msg/environment/library_path.dsv
[13.303s] -- Symlinking: /home/luisf/robot2_ws/install/custom_msg/include/custom_msg/msg/detail/log_tf__rosidl_typesupport_fastrtps_c.h
[13.320s] -- Symlinking: /home/luisf/robot2_ws/install/custom_msg/include/custom_msg/msg/rosidl_typesupport_fastrtps_c__visibility_control.h
[13.339s] -- Symlinking: /home/luisf/robot2_ws/install/custom_msg/lib/libcustom_msg__rosidl_typesupport_fastrtps_c.so
[13.355s] -- Symlinking: /home/luisf/robot2_ws/install/custom_msg/include/custom_msg/msg/detail/log_tf__rosidl_typesupport_fastrtps_cpp.hpp
[13.371s] -- Symlinking: /home/luisf/robot2_ws/install/custom_msg/include/custom_msg/msg/rosidl_typesupport_fastrtps_cpp__visibility_control.h
[13.386s] -- Symlinking: /home/luisf/robot2_ws/install/custom_msg/lib/libcustom_msg__rosidl_typesupport_fastrtps_cpp.so
[13.403s] -- Symlinking: /home/luisf/robot2_ws/install/custom_msg/include/custom_msg/msg/detail/log_tf__rosidl_typesupport_introspection_c.h
[13.418s] -- Symlinking: /home/luisf/robot2_ws/install/custom_msg/include/custom_msg/msg/rosidl_typesupport_introspection_c__visibility_control.h
[13.434s] -- Symlinking: /home/luisf/robot2_ws/install/custom_msg/include/custom_msg/msg/detail/log_tf__builder.hpp
[13.449s] -- Symlinking: /home/luisf/robot2_ws/install/custom_msg/include/custom_msg/msg/detail/log_tf__struct.hpp
[13.465s] -- Symlinking: /home/luisf/robot2_ws/install/custom_msg/include/custom_msg/msg/detail/log_tf__traits.hpp
[13.480s] -- Symlinking: /home/luisf/robot2_ws/install/custom_msg/include/custom_msg/msg/detail/log_tf__type_support.hpp
[13.498s] -- Symlinking: /home/luisf/robot2_ws/install/custom_msg/include/custom_msg/msg/log_tf.hpp
[13.513s] -- Symlinking: /home/luisf/robot2_ws/install/custom_msg/include/custom_msg/msg/rosidl_generator_cpp__visibility_control.hpp
[13.529s] -- Symlinking: /home/luisf/robot2_ws/install/custom_msg/include/custom_msg/msg/detail/log_tf__rosidl_typesupport_introspection_cpp.hpp
[13.544s] -- Symlinking: /home/luisf/robot2_ws/install/custom_msg/share/custom_msg/environment/pythonpath.sh
[13.560s] -- Symlinking: /home/luisf/robot2_ws/install/custom_msg/share/custom_msg/environment/pythonpath.dsv
[13.575s] -- Symlinking: /home/luisf/robot2_ws/install/custom_msg/lib/python3.8/site-packages/custom_msg/__init__.py
[13.592s] -- Symlinking: /home/luisf/robot2_ws/install/custom_msg/lib/python3.8/site-packages/custom_msg/msg/__init__.py
[13.608s] -- Symlinking: /home/luisf/robot2_ws/install/custom_msg/lib/python3.8/site-packages/custom_msg/msg/_log_tf.py
[13.625s] -- Symlinking: /home/luisf/robot2_ws/install/custom_msg/lib/python3.8/site-packages/custom_msg/custom_msg_s__rosidl_typesupport_fastrtps_c.cpython-38-x86_64-linux-gnu.so
[13.642s] -- Symlinking: /home/luisf/robot2_ws/install/custom_msg/lib/python3.8/site-packages/custom_msg/custom_msg_s__rosidl_typesupport_introspection_c.cpython-38-x86_64-linux-gnu.so
[13.659s] -- Symlinking: /home/luisf/robot2_ws/install/custom_msg/lib/python3.8/site-packages/custom_msg/custom_msg_s__rosidl_typesupport_c.cpython-38-x86_64-linux-gnu.so
[13.675s] -- Symlinking: /home/luisf/robot2_ws/install/custom_msg/lib/libcustom_msg__python.so
[13.691s] -- Symlinking: /home/luisf/robot2_ws/install/custom_msg/share/custom_msg/msg/LogTf.idl
[13.707s] -- Symlinking: /home/luisf/robot2_ws/install/custom_msg/share/custom_msg/msg/LogTf.msg
[13.722s] -- Symlinking: /home/luisf/robot2_ws/install/custom_msg/share/ament_index/resource_index/package_run_dependencies/custom_msg
[13.737s] -- Symlinking: /home/luisf/robot2_ws/install/custom_msg/share/ament_index/resource_index/parent_prefix_path/custom_msg
[13.751s] -- Symlinking: /home/luisf/robot2_ws/install/custom_msg/share/custom_msg/environment/ament_prefix_path.sh
[13.767s] -- Symlinking: /home/luisf/robot2_ws/install/custom_msg/share/custom_msg/environment/ament_prefix_path.dsv
[13.782s] -- Symlinking: /home/luisf/robot2_ws/install/custom_msg/share/custom_msg/environment/path.sh
[13.797s] -- Symlinking: /home/luisf/robot2_ws/install/custom_msg/share/custom_msg/environment/path.dsv
[13.812s] -- Symlinking: /home/luisf/robot2_ws/install/custom_msg/share/custom_msg/local_setup.bash
[13.827s] -- Symlinking: /home/luisf/robot2_ws/install/custom_msg/share/custom_msg/local_setup.sh
[13.842s] -- Symlinking: /home/luisf/robot2_ws/install/custom_msg/share/custom_msg/local_setup.zsh
[13.858s] -- Symlinking: /home/luisf/robot2_ws/install/custom_msg/share/custom_msg/local_setup.dsv
[13.879s] -- Symlinking: /home/luisf/robot2_ws/install/custom_msg/share/custom_msg/package.dsv
[13.896s] -- Symlinking: /home/luisf/robot2_ws/install/custom_msg/share/ament_index/resource_index/packages/custom_msg
[13.914s] -- Symlinking: /home/luisf/robot2_ws/install/custom_msg/share/custom_msg/cmake/rosidl_cmake-extras.cmake
[13.929s] -- Symlinking: /home/luisf/robot2_ws/install/custom_msg/share/custom_msg/cmake/ament_cmake_export_dependencies-extras.cmake
[13.944s] -- Symlinking: /home/luisf/robot2_ws/install/custom_msg/share/custom_msg/cmake/ament_cmake_export_libraries-extras.cmake
[13.959s] -- Symlinking: /home/luisf/robot2_ws/install/custom_msg/share/custom_msg/cmake/ament_cmake_export_targets-extras.cmake
[13.975s] -- Symlinking: /home/luisf/robot2_ws/install/custom_msg/share/custom_msg/cmake/ament_cmake_export_include_directories-extras.cmake
[13.990s] -- Symlinking: /home/luisf/robot2_ws/install/custom_msg/share/custom_msg/cmake/rosidl_cmake_export_typesupport_libraries-extras.cmake
[14.006s] -- Symlinking: /home/luisf/robot2_ws/install/custom_msg/share/custom_msg/cmake/rosidl_cmake_export_typesupport_targets-extras.cmake
[14.020s] -- Symlinking: /home/luisf/robot2_ws/install/custom_msg/share/custom_msg/cmake/custom_msgConfig.cmake
[14.035s] -- Symlinking: /home/luisf/robot2_ws/install/custom_msg/share/custom_msg/cmake/custom_msgConfig-version.cmake
[14.051s] -- Symlinking: /home/luisf/robot2_ws/install/custom_msg/share/custom_msg/package.xml
[14.066s] -- Installing: /home/luisf/robot2_ws/install/custom_msg/lib/libcustom_msg__rosidl_generator_c.so
[14.067s] -- Set runtime path of "/home/luisf/robot2_ws/install/custom_msg/lib/libcustom_msg__rosidl_generator_c.so" to ""
[14.067s] -- Installing: /home/luisf/robot2_ws/install/custom_msg/lib/libcustom_msg__rosidl_typesupport_introspection_c.so
[14.073s] -- Set runtime path of "/home/luisf/robot2_ws/install/custom_msg/lib/libcustom_msg__rosidl_typesupport_introspection_c.so" to ""
[14.073s] -- Installing: /home/luisf/robot2_ws/install/custom_msg/lib/libcustom_msg__rosidl_typesupport_c.so
[14.073s] -- Set runtime path of "/home/luisf/robot2_ws/install/custom_msg/lib/libcustom_msg__rosidl_typesupport_c.so" to ""
[14.073s] -- Installing: /home/luisf/robot2_ws/install/custom_msg/lib/libcustom_msg__rosidl_typesupport_introspection_cpp.so
[14.074s] -- Set runtime path of "/home/luisf/robot2_ws/install/custom_msg/lib/libcustom_msg__rosidl_typesupport_introspection_cpp.so" to ""
[14.074s] -- Installing: /home/luisf/robot2_ws/install/custom_msg/lib/libcustom_msg__rosidl_typesupport_cpp.so
[14.074s] -- Set runtime path of "/home/luisf/robot2_ws/install/custom_msg/lib/libcustom_msg__rosidl_typesupport_cpp.so" to ""
[14.194s] Compiling '/home/luisf/robot2_ws/install/custom_msg/lib/python3.8/site-packages/custom_msg/__init__.py'...
[14.202s] -- Installing: /home/luisf/robot2_ws/install/custom_msg/share/custom_msg/cmake/custom_msg__rosidl_generator_cExport.cmake
[14.202s] -- Installing: /home/luisf/robot2_ws/install/custom_msg/share/custom_msg/cmake/custom_msg__rosidl_generator_cExport-noconfig.cmake
[14.203s] -- Installing: /home/luisf/robot2_ws/install/custom_msg/share/custom_msg/cmake/custom_msg__rosidl_typesupport_introspection_cExport.cmake
[14.203s] -- Installing: /home/luisf/robot2_ws/install/custom_msg/share/custom_msg/cmake/custom_msg__rosidl_typesupport_introspection_cExport-noconfig.cmake
[14.204s] -- Installing: /home/luisf/robot2_ws/install/custom_msg/share/custom_msg/cmake/custom_msg__rosidl_typesupport_cExport.cmake
[14.204s] -- Installing: /home/luisf/robot2_ws/install/custom_msg/share/custom_msg/cmake/custom_msg__rosidl_typesupport_cExport-noconfig.cmake
[14.205s] -- Installing: /home/luisf/robot2_ws/install/custom_msg/share/custom_msg/cmake/custom_msg__rosidl_generator_cppExport.cmake
[14.205s] -- Installing: /home/luisf/robot2_ws/install/custom_msg/share/custom_msg/cmake/custom_msg__rosidl_typesupport_introspection_cppExport.cmake
[14.206s] -- Installing: /home/luisf/robot2_ws/install/custom_msg/share/custom_msg/cmake/custom_msg__rosidl_typesupport_introspection_cppExport-noconfig.cmake
[14.206s] -- Installing: /home/luisf/robot2_ws/install/custom_msg/share/custom_msg/cmake/custom_msg__rosidl_typesupport_cppExport.cmake
[14.206s] -- Installing: /home/luisf/robot2_ws/install/custom_msg/share/custom_msg/cmake/custom_msg__rosidl_typesupport_cppExport-noconfig.cmake
[14.216s] Invoked command in '/home/luisf/robot2_ws/build/custom_msg' returned '0': CMAKE_PREFIX_PATH=${CMAKE_PREFIX_PATH}:/home/luisf/robot2_ws/install/publisher_subscriber_r:/home/luisf/robot2_ws/install/program2:/opt/ros/foxy /usr/bin/cmake --install /home/luisf/robot2_ws/build/custom_msg
