[0.103s] Invoking command in '/home/luisf/robot2_ws/build/node1': CMAKE_PREFIX_PATH=${CMAKE_PREFIX_PATH}:/home/luisf/robot2_ws/install/publisher_subscriber_r:/home/luisf/robot2_ws/install/program2:/opt/ros/foxy /usr/bin/cmake --build /home/luisf/robot2_ws/build/node1 -- -j4 -l4
[0.331s] Invoked command in '/home/luisf/robot2_ws/build/node1' returned '0': CMAKE_PREFIX_PATH=${CMAKE_PREFIX_PATH}:/home/luisf/robot2_ws/install/publisher_subscriber_r:/home/luisf/robot2_ws/install/program2:/opt/ros/foxy /usr/bin/cmake --build /home/luisf/robot2_ws/build/node1 -- -j4 -l4
[0.598s] Invoking command in '/home/luisf/robot2_ws/build/node1': CMAKE_PREFIX_PATH=${CMAKE_PREFIX_PATH}:/home/luisf/robot2_ws/install/publisher_subscriber_r:/home/luisf/robot2_ws/install/program2:/opt/ros/foxy /usr/bin/cmake --install /home/luisf/robot2_ws/build/node1
[0.626s] -- Install configuration: ""
[0.628s] -- Execute custom install script
[0.630s] -- Up-to-date symlink: /home/luisf/robot2_ws/install/node1/share/ament_index/resource_index/package_run_dependencies/node1
[0.632s] -- Up-to-date symlink: /home/luisf/robot2_ws/install/node1/share/ament_index/resource_index/parent_prefix_path/node1
[0.635s] -- Up-to-date symlink: /home/luisf/robot2_ws/install/node1/share/node1/environment/ament_prefix_path.sh
[0.646s] -- Up-to-date symlink: /home/luisf/robot2_ws/install/node1/share/node1/environment/ament_prefix_path.dsv
[0.647s] -- Up-to-date symlink: /home/luisf/robot2_ws/install/node1/share/node1/environment/path.sh
[0.648s] -- Up-to-date symlink: /home/luisf/robot2_ws/install/node1/share/node1/environment/path.dsv
[0.648s] -- Up-to-date symlink: /home/luisf/robot2_ws/install/node1/share/node1/local_setup.bash
[0.650s] -- Up-to-date symlink: /home/luisf/robot2_ws/install/node1/share/node1/local_setup.sh
[0.650s] -- Up-to-date symlink: /home/luisf/robot2_ws/install/node1/share/node1/local_setup.zsh
[0.651s] -- Up-to-date symlink: /home/luisf/robot2_ws/install/node1/share/node1/local_setup.dsv
[0.652s] -- Symlinking: /home/luisf/robot2_ws/install/node1/share/node1/package.dsv
[0.688s] -- Up-to-date symlink: /home/luisf/robot2_ws/install/node1/share/ament_index/resource_index/packages/node1
[0.689s] -- Up-to-date symlink: /home/luisf/robot2_ws/install/node1/share/node1/cmake/node1Config.cmake
[0.689s] -- Up-to-date symlink: /home/luisf/robot2_ws/install/node1/share/node1/cmake/node1Config-version.cmake
[0.689s] -- Up-to-date symlink: /home/luisf/robot2_ws/install/node1/share/node1/package.xml
[0.722s] Invoked command in '/home/luisf/robot2_ws/build/node1' returned '0': CMAKE_PREFIX_PATH=${CMAKE_PREFIX_PATH}:/home/luisf/robot2_ws/install/publisher_subscriber_r:/home/luisf/robot2_ws/install/program2:/opt/ros/foxy /usr/bin/cmake --install /home/luisf/robot2_ws/build/node1
