[0.146s] Invoking command in '/home/luisf/robot2_ws/build/node1': CMAKE_PREFIX_PATH=${CMAKE_PREFIX_PATH}:/home/luisf/robot2_ws/install/publisher_subscriber_r:/home/luisf/robot2_ws/install/program2:/opt/ros/foxy /usr/bin/cmake --build /home/luisf/robot2_ws/build/node1 -- -j4 -l4
[0.580s] Invoked command in '/home/luisf/robot2_ws/build/node1' returned '0': CMAKE_PREFIX_PATH=${CMAKE_PREFIX_PATH}:/home/luisf/robot2_ws/install/publisher_subscriber_r:/home/luisf/robot2_ws/install/program2:/opt/ros/foxy /usr/bin/cmake --build /home/luisf/robot2_ws/build/node1 -- -j4 -l4
[0.810s] Invoking command in '/home/luisf/robot2_ws/build/node1': CMAKE_PREFIX_PATH=${CMAKE_PREFIX_PATH}:/home/luisf/robot2_ws/install/publisher_subscriber_r:/home/luisf/robot2_ws/install/program2:/opt/ros/foxy /usr/bin/cmake --install /home/luisf/robot2_ws/build/node1
[0.837s] -- Install configuration: ""
[0.840s] -- Execute custom install script
[0.843s] -- Up-to-date symlink: /home/luisf/robot2_ws/install/node1/share/ament_index/resource_index/package_run_dependencies/node1
[0.844s] -- Up-to-date symlink: /home/luisf/robot2_ws/install/node1/share/ament_index/resource_index/parent_prefix_path/node1
[0.848s] -- Up-to-date symlink: /home/luisf/robot2_ws/install/node1/share/node1/environment/ament_prefix_path.sh
[0.860s] -- Up-to-date symlink: /home/luisf/robot2_ws/install/node1/share/node1/environment/ament_prefix_path.dsv
[0.863s] -- Up-to-date symlink: /home/luisf/robot2_ws/install/node1/share/node1/environment/path.sh
[0.875s] -- Up-to-date symlink: /home/luisf/robot2_ws/install/node1/share/node1/environment/path.dsv
[0.876s] -- Up-to-date symlink: /home/luisf/robot2_ws/install/node1/share/node1/local_setup.bash
[0.878s] -- Up-to-date symlink: /home/luisf/robot2_ws/install/node1/share/node1/local_setup.sh
[0.879s] -- Up-to-date symlink: /home/luisf/robot2_ws/install/node1/share/node1/local_setup.zsh
[0.880s] -- Up-to-date symlink: /home/luisf/robot2_ws/install/node1/share/node1/local_setup.dsv
[0.881s] -- Symlinking: /home/luisf/robot2_ws/install/node1/share/node1/package.dsv
[0.921s] -- Up-to-date symlink: /home/luisf/robot2_ws/install/node1/share/ament_index/resource_index/packages/node1
[0.925s] -- Up-to-date symlink: /home/luisf/robot2_ws/install/node1/share/node1/cmake/node1Config.cmake
[0.933s] -- Up-to-date symlink: /home/luisf/robot2_ws/install/node1/share/node1/cmake/node1Config-version.cmake
[0.934s] -- Up-to-date symlink: /home/luisf/robot2_ws/install/node1/share/node1/package.xml
[1.078s] Invoked command in '/home/luisf/robot2_ws/build/node1' returned '0': CMAKE_PREFIX_PATH=${CMAKE_PREFIX_PATH}:/home/luisf/robot2_ws/install/publisher_subscriber_r:/home/luisf/robot2_ws/install/program2:/opt/ros/foxy /usr/bin/cmake --install /home/luisf/robot2_ws/build/node1
