[0.628s] DEBUG:colcon:Command line arguments: ['/usr/bin/colcon', 'build', '--symlink-install']
[0.628s] DEBUG:colcon:Parsed command line arguments: Namespace(allow_overriding=[], ament_cmake_args=None, base_paths=['.'], build_base='build', catkin_cmake_args=None, catkin_skip_building_tests=False, cmake_args=None, cmake_clean_cache=False, cmake_clean_first=False, cmake_force_configure=False, cmake_target=None, cmake_target_skip_unavailable=False, continue_on_error=False, event_handlers=None, executor='parallel', ignore_user_meta=False, install_base='install', log_base=None, log_level=None, main=<bound method BuildVerb.main of <colcon_core.verb.build.BuildVerb object at 0x7fdc84d98df0>>, merge_install=False, metas=['./colcon.meta'], packages_above=None, packages_above_and_dependencies=None, packages_above_depth=None, packages_end=None, packages_ignore=None, packages_ignore_regex=None, packages_select=None, packages_select_build_failed=False, packages_select_by_dep=None, packages_select_regex=None, packages_select_test_failures=False, packages_skip=None, packages_skip_build_finished=False, packages_skip_by_dep=None, packages_skip_regex=None, packages_skip_test_passed=False, packages_skip_up_to=None, packages_start=None, packages_up_to=None, packages_up_to_regex=None, parallel_workers=4, paths=None, symlink_install=True, test_result_base=None, verb_extension=<colcon_core.verb.build.BuildVerb object at 0x7fdc84d98df0>, verb_name='build', verb_parser=<colcon_defaults.argument_parser.defaults.DefaultArgumentsDecorator object at 0x7fdc84da23a0>)
[0.696s] Level 1:colcon.colcon_core.package_discovery:discover_packages(colcon_meta) check parameters
[0.696s] Level 1:colcon.colcon_core.package_discovery:discover_packages(recursive) check parameters
[0.696s] Level 1:colcon.colcon_core.package_discovery:discover_packages(ignore) check parameters
[0.696s] Level 1:colcon.colcon_core.package_discovery:discover_packages(path) check parameters
[0.696s] Level 1:colcon.colcon_core.package_discovery:discover_packages(colcon_meta) discover
[0.696s] Level 1:colcon.colcon_core.package_discovery:discover_packages(recursive) discover
[0.696s] INFO:colcon.colcon_core.package_discovery:Crawling recursively for packages in '/home/luisf/robot2_ws'
[0.696s] Level 1:colcon.colcon_core.package_identification:_identify(.) by extensions ['ignore', 'ignore_ament_install']
[0.697s] Level 1:colcon.colcon_core.package_identification:_identify(.) by extension 'ignore'
[0.697s] Level 1:colcon.colcon_core.package_identification:_identify(.) by extension 'ignore_ament_install'
[0.697s] Level 1:colcon.colcon_core.package_identification:_identify(.) by extensions ['colcon_pkg']
[0.697s] Level 1:colcon.colcon_core.package_identification:_identify(.) by extension 'colcon_pkg'
[0.697s] Level 1:colcon.colcon_core.package_identification:_identify(.) by extensions ['colcon_meta']
[0.697s] Level 1:colcon.colcon_core.package_identification:_identify(.) by extension 'colcon_meta'
[0.697s] Level 1:colcon.colcon_core.package_identification:_identify(.) by extensions ['ros']
[0.697s] Level 1:colcon.colcon_core.package_identification:_identify(.) by extension 'ros'
[0.731s] Level 1:colcon.colcon_core.package_identification:_identify(.) by extensions ['cmake', 'python']
[0.731s] Level 1:colcon.colcon_core.package_identification:_identify(.) by extension 'cmake'
[0.731s] Level 1:colcon.colcon_core.package_identification:_identify(.) by extension 'python'
[0.731s] Level 1:colcon.colcon_core.package_identification:_identify(.) by extensions ['python_setup_py']
[0.731s] Level 1:colcon.colcon_core.package_identification:_identify(.) by extension 'python_setup_py'
[0.731s] Level 1:colcon.colcon_core.package_identification:_identify(build) by extensions ['ignore', 'ignore_ament_install']
[0.732s] Level 1:colcon.colcon_core.package_identification:_identify(build) by extension 'ignore'
[0.732s] Level 1:colcon.colcon_core.package_identification:_identify(build) ignored
[0.732s] Level 1:colcon.colcon_core.package_identification:_identify(install) by extensions ['ignore', 'ignore_ament_install']
[0.732s] Level 1:colcon.colcon_core.package_identification:_identify(install) by extension 'ignore'
[0.732s] Level 1:colcon.colcon_core.package_identification:_identify(install) ignored
[0.732s] Level 1:colcon.colcon_core.package_identification:_identify(log) by extensions ['ignore', 'ignore_ament_install']
[0.733s] Level 1:colcon.colcon_core.package_identification:_identify(log) by extension 'ignore'
[0.733s] Level 1:colcon.colcon_core.package_identification:_identify(log) ignored
[0.733s] Level 1:colcon.colcon_core.package_identification:_identify(src) by extensions ['ignore', 'ignore_ament_install']
[0.733s] Level 1:colcon.colcon_core.package_identification:_identify(src) by extension 'ignore'
[0.733s] Level 1:colcon.colcon_core.package_identification:_identify(src) by extension 'ignore_ament_install'
[0.733s] Level 1:colcon.colcon_core.package_identification:_identify(src) by extensions ['colcon_pkg']
[0.733s] Level 1:colcon.colcon_core.package_identification:_identify(src) by extension 'colcon_pkg'
[0.733s] Level 1:colcon.colcon_core.package_identification:_identify(src) by extensions ['colcon_meta']
[0.733s] Level 1:colcon.colcon_core.package_identification:_identify(src) by extension 'colcon_meta'
[0.733s] Level 1:colcon.colcon_core.package_identification:_identify(src) by extensions ['ros']
[0.733s] Level 1:colcon.colcon_core.package_identification:_identify(src) by extension 'ros'
[0.734s] Level 1:colcon.colcon_core.package_identification:_identify(src) by extensions ['cmake', 'python']
[0.734s] Level 1:colcon.colcon_core.package_identification:_identify(src) by extension 'cmake'
[0.734s] Level 1:colcon.colcon_core.package_identification:_identify(src) by extension 'python'
[0.734s] Level 1:colcon.colcon_core.package_identification:_identify(src) by extensions ['python_setup_py']
[0.734s] Level 1:colcon.colcon_core.package_identification:_identify(src) by extension 'python_setup_py'
[0.734s] Level 1:colcon.colcon_core.package_identification:_identify(src/cpp_publisher_subscriber) by extensions ['ignore', 'ignore_ament_install']
[0.734s] Level 1:colcon.colcon_core.package_identification:_identify(src/cpp_publisher_subscriber) by extension 'ignore'
[0.734s] Level 1:colcon.colcon_core.package_identification:_identify(src/cpp_publisher_subscriber) by extension 'ignore_ament_install'
[0.734s] Level 1:colcon.colcon_core.package_identification:_identify(src/cpp_publisher_subscriber) by extensions ['colcon_pkg']
[0.735s] Level 1:colcon.colcon_core.package_identification:_identify(src/cpp_publisher_subscriber) by extension 'colcon_pkg'
[0.735s] Level 1:colcon.colcon_core.package_identification:_identify(src/cpp_publisher_subscriber) by extensions ['colcon_meta']
[0.735s] Level 1:colcon.colcon_core.package_identification:_identify(src/cpp_publisher_subscriber) by extension 'colcon_meta'
[0.735s] Level 1:colcon.colcon_core.package_identification:_identify(src/cpp_publisher_subscriber) by extensions ['ros']
[0.735s] Level 1:colcon.colcon_core.package_identification:_identify(src/cpp_publisher_subscriber) by extension 'ros'
[0.739s] DEBUG:colcon.colcon_core.package_identification:Package 'src/cpp_publisher_subscriber' with type 'ros.ament_cmake' and name 'cpp_publisher_subscriber'
[0.739s] Level 1:colcon.colcon_core.package_identification:_identify(src/my_package) by extensions ['ignore', 'ignore_ament_install']
[0.740s] Level 1:colcon.colcon_core.package_identification:_identify(src/my_package) by extension 'ignore'
[0.740s] Level 1:colcon.colcon_core.package_identification:_identify(src/my_package) by extension 'ignore_ament_install'
[0.740s] Level 1:colcon.colcon_core.package_identification:_identify(src/my_package) by extensions ['colcon_pkg']
[0.740s] Level 1:colcon.colcon_core.package_identification:_identify(src/my_package) by extension 'colcon_pkg'
[0.740s] Level 1:colcon.colcon_core.package_identification:_identify(src/my_package) by extensions ['colcon_meta']
[0.740s] Level 1:colcon.colcon_core.package_identification:_identify(src/my_package) by extension 'colcon_meta'
[0.740s] Level 1:colcon.colcon_core.package_identification:_identify(src/my_package) by extensions ['ros']
[0.740s] Level 1:colcon.colcon_core.package_identification:_identify(src/my_package) by extension 'ros'
[0.741s] DEBUG:colcon.colcon_core.package_identification:Package 'src/my_package' with type 'ros.ament_cmake' and name 'my_package'
[0.741s] Level 1:colcon.colcon_core.package_identification:_identify(src/node1) by extensions ['ignore', 'ignore_ament_install']
[0.742s] Level 1:colcon.colcon_core.package_identification:_identify(src/node1) by extension 'ignore'
[0.742s] Level 1:colcon.colcon_core.package_identification:_identify(src/node1) by extension 'ignore_ament_install'
[0.742s] Level 1:colcon.colcon_core.package_identification:_identify(src/node1) by extensions ['colcon_pkg']
[0.742s] Level 1:colcon.colcon_core.package_identification:_identify(src/node1) by extension 'colcon_pkg'
[0.742s] Level 1:colcon.colcon_core.package_identification:_identify(src/node1) by extensions ['colcon_meta']
[0.742s] Level 1:colcon.colcon_core.package_identification:_identify(src/node1) by extension 'colcon_meta'
[0.742s] Level 1:colcon.colcon_core.package_identification:_identify(src/node1) by extensions ['ros']
[0.742s] Level 1:colcon.colcon_core.package_identification:_identify(src/node1) by extension 'ros'
[0.743s] DEBUG:colcon.colcon_core.package_identification:Package 'src/node1' with type 'ros.ament_cmake' and name 'node1'
[0.743s] Level 1:colcon.colcon_core.package_discovery:discover_packages(recursive) using defaults
[0.743s] Level 1:colcon.colcon_core.package_discovery:discover_packages(ignore) discover
[0.744s] Level 1:colcon.colcon_core.package_discovery:discover_packages(ignore) using defaults
[0.744s] Level 1:colcon.colcon_core.package_discovery:discover_packages(path) discover
[0.744s] Level 1:colcon.colcon_core.package_discovery:discover_packages(path) using defaults
[0.796s] Level 1:colcon.colcon_core.package_discovery:discover_packages(prefix_path) check parameters
[0.796s] Level 1:colcon.colcon_core.package_discovery:discover_packages(prefix_path) discover
[0.802s] DEBUG:colcon.colcon_installed_package_information.package_discovery:Found 5 installed packages in /home/luisf/robot2_ws/install
[0.805s] DEBUG:colcon.colcon_installed_package_information.package_discovery:Found 266 installed packages in /opt/ros/foxy
[0.808s] Level 1:colcon.colcon_core.package_discovery:discover_packages(prefix_path) using defaults
[0.963s] Level 5:colcon.colcon_core.verb:set package 'cpp_publisher_subscriber' build argument 'cmake_args' from command line to 'None'
[0.964s] Level 5:colcon.colcon_core.verb:set package 'cpp_publisher_subscriber' build argument 'cmake_target' from command line to 'None'
[0.964s] Level 5:colcon.colcon_core.verb:set package 'cpp_publisher_subscriber' build argument 'cmake_target_skip_unavailable' from command line to 'False'
[0.964s] Level 5:colcon.colcon_core.verb:set package 'cpp_publisher_subscriber' build argument 'cmake_clean_cache' from command line to 'False'
[0.964s] Level 5:colcon.colcon_core.verb:set package 'cpp_publisher_subscriber' build argument 'cmake_clean_first' from command line to 'False'
[0.964s] Level 5:colcon.colcon_core.verb:set package 'cpp_publisher_subscriber' build argument 'cmake_force_configure' from command line to 'False'
[0.964s] Level 5:colcon.colcon_core.verb:set package 'cpp_publisher_subscriber' build argument 'ament_cmake_args' from command line to 'None'
[0.964s] Level 5:colcon.colcon_core.verb:set package 'cpp_publisher_subscriber' build argument 'catkin_cmake_args' from command line to 'None'
[0.964s] Level 5:colcon.colcon_core.verb:set package 'cpp_publisher_subscriber' build argument 'catkin_skip_building_tests' from command line to 'False'
[0.964s] DEBUG:colcon.colcon_core.verb:Building package 'cpp_publisher_subscriber' with the following arguments: {'ament_cmake_args': None, 'build_base': '/home/luisf/robot2_ws/build/cpp_publisher_subscriber', 'catkin_cmake_args': None, 'catkin_skip_building_tests': False, 'cmake_args': None, 'cmake_clean_cache': False, 'cmake_clean_first': False, 'cmake_force_configure': False, 'cmake_target': None, 'cmake_target_skip_unavailable': False, 'install_base': '/home/luisf/robot2_ws/install/cpp_publisher_subscriber', 'merge_install': False, 'path': '/home/luisf/robot2_ws/src/cpp_publisher_subscriber', 'symlink_install': True, 'test_result_base': None}
[0.966s] Level 5:colcon.colcon_core.verb:set package 'my_package' build argument 'cmake_args' from command line to 'None'
[0.966s] Level 5:colcon.colcon_core.verb:set package 'my_package' build argument 'cmake_target' from command line to 'None'
[0.966s] Level 5:colcon.colcon_core.verb:set package 'my_package' build argument 'cmake_target_skip_unavailable' from command line to 'False'
[0.966s] Level 5:colcon.colcon_core.verb:set package 'my_package' build argument 'cmake_clean_cache' from command line to 'False'
[0.966s] Level 5:colcon.colcon_core.verb:set package 'my_package' build argument 'cmake_clean_first' from command line to 'False'
[0.966s] Level 5:colcon.colcon_core.verb:set package 'my_package' build argument 'cmake_force_configure' from command line to 'False'
[0.966s] Level 5:colcon.colcon_core.verb:set package 'my_package' build argument 'ament_cmake_args' from command line to 'None'
[0.966s] Level 5:colcon.colcon_core.verb:set package 'my_package' build argument 'catkin_cmake_args' from command line to 'None'
[0.966s] Level 5:colcon.colcon_core.verb:set package 'my_package' build argument 'catkin_skip_building_tests' from command line to 'False'
[0.967s] DEBUG:colcon.colcon_core.verb:Building package 'my_package' with the following arguments: {'ament_cmake_args': None, 'build_base': '/home/luisf/robot2_ws/build/my_package', 'catkin_cmake_args': None, 'catkin_skip_building_tests': False, 'cmake_args': None, 'cmake_clean_cache': False, 'cmake_clean_first': False, 'cmake_force_configure': False, 'cmake_target': None, 'cmake_target_skip_unavailable': False, 'install_base': '/home/luisf/robot2_ws/install/my_package', 'merge_install': False, 'path': '/home/luisf/robot2_ws/src/my_package', 'symlink_install': True, 'test_result_base': None}
[0.968s] Level 5:colcon.colcon_core.verb:set package 'node1' build argument 'cmake_args' from command line to 'None'
[0.968s] Level 5:colcon.colcon_core.verb:set package 'node1' build argument 'cmake_target' from command line to 'None'
[0.968s] Level 5:colcon.colcon_core.verb:set package 'node1' build argument 'cmake_target_skip_unavailable' from command line to 'False'
[0.969s] Level 5:colcon.colcon_core.verb:set package 'node1' build argument 'cmake_clean_cache' from command line to 'False'
[0.969s] Level 5:colcon.colcon_core.verb:set package 'node1' build argument 'cmake_clean_first' from command line to 'False'
[0.969s] Level 5:colcon.colcon_core.verb:set package 'node1' build argument 'cmake_force_configure' from command line to 'False'
[0.969s] Level 5:colcon.colcon_core.verb:set package 'node1' build argument 'ament_cmake_args' from command line to 'None'
[0.969s] Level 5:colcon.colcon_core.verb:set package 'node1' build argument 'catkin_cmake_args' from command line to 'None'
[0.969s] Level 5:colcon.colcon_core.verb:set package 'node1' build argument 'catkin_skip_building_tests' from command line to 'False'
[0.969s] DEBUG:colcon.colcon_core.verb:Building package 'node1' with the following arguments: {'ament_cmake_args': None, 'build_base': '/home/luisf/robot2_ws/build/node1', 'catkin_cmake_args': None, 'catkin_skip_building_tests': False, 'cmake_args': None, 'cmake_clean_cache': False, 'cmake_clean_first': False, 'cmake_force_configure': False, 'cmake_target': None, 'cmake_target_skip_unavailable': False, 'install_base': '/home/luisf/robot2_ws/install/node1', 'merge_install': False, 'path': '/home/luisf/robot2_ws/src/node1', 'symlink_install': True, 'test_result_base': None}
[0.970s] INFO:colcon.colcon_core.executor:Executing jobs using 'parallel' executor
[0.976s] DEBUG:colcon.colcon_parallel_executor.executor.parallel:run_until_complete
[0.977s] INFO:colcon.colcon_ros.task.ament_cmake.build:Building ROS package in '/home/luisf/robot2_ws/src/cpp_publisher_subscriber' with build type 'ament_cmake'
[0.977s] INFO:colcon.colcon_cmake.task.cmake.build:Building CMake package in '/home/luisf/robot2_ws/src/cpp_publisher_subscriber'
[1.045s] INFO:colcon.colcon_core.plugin_system:Skipping extension 'colcon_core.shell.bat': Not used on non-Windows systems
[1.045s] INFO:colcon.colcon_core.shell:Skip shell extension 'powershell' for command environment: Not usable outside of PowerShell
[1.045s] DEBUG:colcon.colcon_core.shell:Skip shell extension 'dsv' for command environment
[1.058s] INFO:colcon.colcon_ros.task.ament_cmake.build:Building ROS package in '/home/luisf/robot2_ws/src/my_package' with build type 'ament_cmake'
[1.059s] INFO:colcon.colcon_cmake.task.cmake.build:Building CMake package in '/home/luisf/robot2_ws/src/my_package'
[1.064s] INFO:colcon.colcon_core.shell:Skip shell extension 'powershell' for command environment: Not usable outside of PowerShell
[1.064s] DEBUG:colcon.colcon_core.shell:Skip shell extension 'dsv' for command environment
[1.082s] INFO:colcon.colcon_ros.task.ament_cmake.build:Building ROS package in '/home/luisf/robot2_ws/src/node1' with build type 'ament_cmake'
[1.083s] INFO:colcon.colcon_cmake.task.cmake.build:Building CMake package in '/home/luisf/robot2_ws/src/node1'
[1.089s] INFO:colcon.colcon_core.shell:Skip shell extension 'powershell' for command environment: Not usable outside of PowerShell
[1.089s] DEBUG:colcon.colcon_core.shell:Skip shell extension 'dsv' for command environment
[1.112s] DEBUG:colcon.colcon_core.event_handler.log_command:Invoking command in '/home/luisf/robot2_ws/build/cpp_publisher_subscriber': CMAKE_PREFIX_PATH=${CMAKE_PREFIX_PATH}:/home/luisf/robot2_ws/install/program2:/opt/ros/foxy /usr/bin/cmake --build /home/luisf/robot2_ws/build/cpp_publisher_subscriber -- -j4 -l4
[1.139s] DEBUG:colcon.colcon_core.event_handler.log_command:Invoking command in '/home/luisf/robot2_ws/build/my_package': CMAKE_PREFIX_PATH=${CMAKE_PREFIX_PATH}:/home/luisf/robot2_ws/install/program2:/opt/ros/foxy /usr/bin/cmake --build /home/luisf/robot2_ws/build/my_package -- -j4 -l4
[1.149s] DEBUG:colcon.colcon_core.event_handler.log_command:Invoking command in '/home/luisf/robot2_ws/build/node1': CMAKE_PREFIX_PATH=${CMAKE_PREFIX_PATH}:/home/luisf/robot2_ws/install/program2:/opt/ros/foxy /usr/bin/cmake --build /home/luisf/robot2_ws/build/node1 -- -j4 -l4
[1.258s] DEBUG:colcon.colcon_core.event_handler.log_command:Invoked command in '/home/luisf/robot2_ws/build/node1' returned '0': CMAKE_PREFIX_PATH=${CMAKE_PREFIX_PATH}:/home/luisf/robot2_ws/install/program2:/opt/ros/foxy /usr/bin/cmake --build /home/luisf/robot2_ws/build/node1 -- -j4 -l4
[1.269s] DEBUG:colcon.colcon_core.event_handler.log_command:Invoked command in '/home/luisf/robot2_ws/build/my_package' returned '0': CMAKE_PREFIX_PATH=${CMAKE_PREFIX_PATH}:/home/luisf/robot2_ws/install/program2:/opt/ros/foxy /usr/bin/cmake --build /home/luisf/robot2_ws/build/my_package -- -j4 -l4
[1.336s] DEBUG:colcon.colcon_core.event_handler.log_command:Invoking command in '/home/luisf/robot2_ws/build/node1': CMAKE_PREFIX_PATH=${CMAKE_PREFIX_PATH}:/home/luisf/robot2_ws/install/program2:/opt/ros/foxy /usr/bin/cmake --install /home/luisf/robot2_ws/build/node1
[1.342s] DEBUG:colcon.colcon_core.event_handler.log_command:Invoking command in '/home/luisf/robot2_ws/build/my_package': CMAKE_PREFIX_PATH=${CMAKE_PREFIX_PATH}:/home/luisf/robot2_ws/install/program2:/opt/ros/foxy /usr/bin/cmake --install /home/luisf/robot2_ws/build/my_package
[1.393s] Level 1:colcon.colcon_core.environment:create_environment_scripts_only(node1)
[1.396s] DEBUG:colcon.colcon_core.event_handler.log_command:Invoked command in '/home/luisf/robot2_ws/build/node1' returned '0': CMAKE_PREFIX_PATH=${CMAKE_PREFIX_PATH}:/home/luisf/robot2_ws/install/program2:/opt/ros/foxy /usr/bin/cmake --install /home/luisf/robot2_ws/build/node1
[1.420s] Level 1:colcon.colcon_core.environment:checking '/home/luisf/robot2_ws/install/node1' for CMake module files
[1.421s] Level 1:colcon.colcon_core.environment:checking '/home/luisf/robot2_ws/install/node1' for CMake config files
[1.422s] Level 1:colcon.colcon_core.shell:create_environment_hook('node1', 'cmake_prefix_path')
[1.425s] INFO:colcon.colcon_core.shell:Creating environment hook '/home/luisf/robot2_ws/install/node1/share/node1/hook/cmake_prefix_path.ps1'
[1.426s] INFO:colcon.colcon_core.shell:Creating environment descriptor '/home/luisf/robot2_ws/install/node1/share/node1/hook/cmake_prefix_path.dsv'
[1.427s] INFO:colcon.colcon_core.shell:Creating environment hook '/home/luisf/robot2_ws/install/node1/share/node1/hook/cmake_prefix_path.sh'
[1.429s] Level 1:colcon.colcon_core.environment:checking '/home/luisf/robot2_ws/install/node1/bin'
[1.429s] Level 1:colcon.colcon_core.environment:checking '/home/luisf/robot2_ws/install/node1/lib/pkgconfig/node1.pc'
[1.430s] Level 1:colcon.colcon_core.environment:checking '/home/luisf/robot2_ws/install/node1/lib/python3.8/site-packages'
[1.430s] Level 1:colcon.colcon_core.environment:checking '/home/luisf/robot2_ws/install/node1/bin'
[1.433s] INFO:colcon.colcon_core.shell:Creating package script '/home/luisf/robot2_ws/install/node1/share/node1/package.ps1'
[1.434s] INFO:colcon.colcon_core.shell:Creating package descriptor '/home/luisf/robot2_ws/install/node1/share/node1/package.dsv'
[1.435s] INFO:colcon.colcon_core.shell:Creating package script '/home/luisf/robot2_ws/install/node1/share/node1/package.sh'
[1.437s] INFO:colcon.colcon_core.shell:Creating package script '/home/luisf/robot2_ws/install/node1/share/node1/package.bash'
[1.438s] INFO:colcon.colcon_core.shell:Creating package script '/home/luisf/robot2_ws/install/node1/share/node1/package.zsh'
[1.439s] Level 1:colcon.colcon_core.environment:create_file_with_runtime_dependencies(/home/luisf/robot2_ws/install/node1/share/colcon-core/packages/node1)
[1.447s] Level 1:colcon.colcon_core.environment:create_environment_scripts_only(my_package)
[1.457s] Level 1:colcon.colcon_core.environment:checking '/home/luisf/robot2_ws/install/my_package' for CMake module files
[1.458s] DEBUG:colcon.colcon_core.event_handler.log_command:Invoked command in '/home/luisf/robot2_ws/build/my_package' returned '0': CMAKE_PREFIX_PATH=${CMAKE_PREFIX_PATH}:/home/luisf/robot2_ws/install/program2:/opt/ros/foxy /usr/bin/cmake --install /home/luisf/robot2_ws/build/my_package
[1.460s] Level 1:colcon.colcon_core.environment:checking '/home/luisf/robot2_ws/install/my_package' for CMake config files
[1.460s] Level 1:colcon.colcon_core.shell:create_environment_hook('my_package', 'cmake_prefix_path')
[1.465s] INFO:colcon.colcon_core.shell:Creating environment hook '/home/luisf/robot2_ws/install/my_package/share/my_package/hook/cmake_prefix_path.ps1'
[1.466s] INFO:colcon.colcon_core.shell:Creating environment descriptor '/home/luisf/robot2_ws/install/my_package/share/my_package/hook/cmake_prefix_path.dsv'
[1.467s] INFO:colcon.colcon_core.shell:Creating environment hook '/home/luisf/robot2_ws/install/my_package/share/my_package/hook/cmake_prefix_path.sh'
[1.468s] Level 1:colcon.colcon_core.environment:checking '/home/luisf/robot2_ws/install/my_package/lib'
[1.469s] Level 1:colcon.colcon_core.environment:checking '/home/luisf/robot2_ws/install/my_package/bin'
[1.469s] Level 1:colcon.colcon_core.environment:checking '/home/luisf/robot2_ws/install/my_package/lib/pkgconfig/my_package.pc'
[1.470s] Level 1:colcon.colcon_core.environment:checking '/home/luisf/robot2_ws/install/my_package/lib/python3.8/site-packages'
[1.470s] Level 1:colcon.colcon_core.environment:checking '/home/luisf/robot2_ws/install/my_package/bin'
[1.475s] INFO:colcon.colcon_core.shell:Creating package script '/home/luisf/robot2_ws/install/my_package/share/my_package/package.ps1'
[1.476s] INFO:colcon.colcon_core.shell:Creating package descriptor '/home/luisf/robot2_ws/install/my_package/share/my_package/package.dsv'
[1.476s] INFO:colcon.colcon_core.shell:Creating package script '/home/luisf/robot2_ws/install/my_package/share/my_package/package.sh'
[1.477s] INFO:colcon.colcon_core.shell:Creating package script '/home/luisf/robot2_ws/install/my_package/share/my_package/package.bash'
[1.479s] INFO:colcon.colcon_core.shell:Creating package script '/home/luisf/robot2_ws/install/my_package/share/my_package/package.zsh'
[1.479s] Level 1:colcon.colcon_core.environment:create_file_with_runtime_dependencies(/home/luisf/robot2_ws/install/my_package/share/colcon-core/packages/my_package)
[1.496s] Level 1:colcon.colcon_core.environment:create_environment_scripts_only(node1)
[1.504s] Level 1:colcon.colcon_core.environment:checking '/home/luisf/robot2_ws/install/node1' for CMake module files
[1.506s] Level 1:colcon.colcon_core.environment:checking '/home/luisf/robot2_ws/install/node1' for CMake config files
[1.507s] Level 1:colcon.colcon_core.shell:create_environment_hook('node1', 'cmake_prefix_path')
[1.514s] INFO:colcon.colcon_core.shell:Creating environment hook '/home/luisf/robot2_ws/install/node1/share/node1/hook/cmake_prefix_path.ps1'
[1.515s] INFO:colcon.colcon_core.shell:Creating environment descriptor '/home/luisf/robot2_ws/install/node1/share/node1/hook/cmake_prefix_path.dsv'
[1.516s] INFO:colcon.colcon_core.shell:Creating environment hook '/home/luisf/robot2_ws/install/node1/share/node1/hook/cmake_prefix_path.sh'
[1.518s] Level 1:colcon.colcon_core.environment:checking '/home/luisf/robot2_ws/install/node1/bin'
[1.518s] Level 1:colcon.colcon_core.environment:checking '/home/luisf/robot2_ws/install/node1/lib/pkgconfig/node1.pc'
[1.519s] Level 1:colcon.colcon_core.environment:checking '/home/luisf/robot2_ws/install/node1/lib/python3.8/site-packages'
[1.520s] Level 1:colcon.colcon_core.environment:checking '/home/luisf/robot2_ws/install/node1/bin'
[1.524s] INFO:colcon.colcon_core.shell:Creating package script '/home/luisf/robot2_ws/install/node1/share/node1/package.ps1'
[1.526s] INFO:colcon.colcon_core.shell:Creating package descriptor '/home/luisf/robot2_ws/install/node1/share/node1/package.dsv'
[1.527s] INFO:colcon.colcon_core.shell:Creating package script '/home/luisf/robot2_ws/install/node1/share/node1/package.sh'
[1.529s] INFO:colcon.colcon_core.shell:Creating package script '/home/luisf/robot2_ws/install/node1/share/node1/package.bash'
[1.530s] INFO:colcon.colcon_core.shell:Creating package script '/home/luisf/robot2_ws/install/node1/share/node1/package.zsh'
[1.531s] Level 1:colcon.colcon_core.environment:create_file_with_runtime_dependencies(/home/luisf/robot2_ws/install/node1/share/colcon-core/packages/node1)
[1.538s] Level 1:colcon.colcon_core.environment:create_environment_scripts_only(my_package)
[1.544s] Level 1:colcon.colcon_core.environment:checking '/home/luisf/robot2_ws/install/my_package' for CMake module files
[1.546s] Level 1:colcon.colcon_core.environment:checking '/home/luisf/robot2_ws/install/my_package' for CMake config files
[1.547s] Level 1:colcon.colcon_core.shell:create_environment_hook('my_package', 'cmake_prefix_path')
[1.552s] INFO:colcon.colcon_core.shell:Creating environment hook '/home/luisf/robot2_ws/install/my_package/share/my_package/hook/cmake_prefix_path.ps1'
[1.553s] INFO:colcon.colcon_core.shell:Creating environment descriptor '/home/luisf/robot2_ws/install/my_package/share/my_package/hook/cmake_prefix_path.dsv'
[1.554s] INFO:colcon.colcon_core.shell:Creating environment hook '/home/luisf/robot2_ws/install/my_package/share/my_package/hook/cmake_prefix_path.sh'
[1.555s] Level 1:colcon.colcon_core.environment:checking '/home/luisf/robot2_ws/install/my_package/lib'
[1.555s] Level 1:colcon.colcon_core.environment:checking '/home/luisf/robot2_ws/install/my_package/bin'
[1.555s] Level 1:colcon.colcon_core.environment:checking '/home/luisf/robot2_ws/install/my_package/lib/pkgconfig/my_package.pc'
[1.556s] Level 1:colcon.colcon_core.environment:checking '/home/luisf/robot2_ws/install/my_package/lib/python3.8/site-packages'
[1.556s] Level 1:colcon.colcon_core.environment:checking '/home/luisf/robot2_ws/install/my_package/bin'
[1.561s] INFO:colcon.colcon_core.shell:Creating package script '/home/luisf/robot2_ws/install/my_package/share/my_package/package.ps1'
[1.563s] INFO:colcon.colcon_core.shell:Creating package descriptor '/home/luisf/robot2_ws/install/my_package/share/my_package/package.dsv'
[1.564s] INFO:colcon.colcon_core.shell:Creating package script '/home/luisf/robot2_ws/install/my_package/share/my_package/package.sh'
[1.565s] INFO:colcon.colcon_core.shell:Creating package script '/home/luisf/robot2_ws/install/my_package/share/my_package/package.bash'
[1.566s] INFO:colcon.colcon_core.shell:Creating package script '/home/luisf/robot2_ws/install/my_package/share/my_package/package.zsh'
[1.567s] Level 1:colcon.colcon_core.environment:create_file_with_runtime_dependencies(/home/luisf/robot2_ws/install/my_package/share/colcon-core/packages/my_package)
[2.862s] DEBUG:colcon.colcon_core.event_handler.log_command:Invoked command in '/home/luisf/robot2_ws/build/cpp_publisher_subscriber' returned '2': CMAKE_PREFIX_PATH=${CMAKE_PREFIX_PATH}:/home/luisf/robot2_ws/install/program2:/opt/ros/foxy /usr/bin/cmake --build /home/luisf/robot2_ws/build/cpp_publisher_subscriber -- -j4 -l4
[2.927s] Level 1:colcon.colcon_core.environment:create_environment_scripts_only(cpp_publisher_subscriber)
[2.933s] Level 1:colcon.colcon_core.environment:checking '/home/luisf/robot2_ws/install/cpp_publisher_subscriber' for CMake module files
[2.934s] Level 1:colcon.colcon_core.environment:checking '/home/luisf/robot2_ws/install/cpp_publisher_subscriber' for CMake config files
[2.935s] Level 1:colcon.colcon_core.shell:create_environment_hook('cpp_publisher_subscriber', 'cmake_prefix_path')
[2.937s] INFO:colcon.colcon_core.shell:Creating environment hook '/home/luisf/robot2_ws/install/cpp_publisher_subscriber/share/cpp_publisher_subscriber/hook/cmake_prefix_path.ps1'
[2.938s] INFO:colcon.colcon_core.shell:Creating environment descriptor '/home/luisf/robot2_ws/install/cpp_publisher_subscriber/share/cpp_publisher_subscriber/hook/cmake_prefix_path.dsv'
[2.939s] INFO:colcon.colcon_core.shell:Creating environment hook '/home/luisf/robot2_ws/install/cpp_publisher_subscriber/share/cpp_publisher_subscriber/hook/cmake_prefix_path.sh'
[2.940s] Level 1:colcon.colcon_core.environment:checking '/home/luisf/robot2_ws/install/cpp_publisher_subscriber/lib'
[2.940s] Level 1:colcon.colcon_core.environment:checking '/home/luisf/robot2_ws/install/cpp_publisher_subscriber/bin'
[2.940s] Level 1:colcon.colcon_core.environment:checking '/home/luisf/robot2_ws/install/cpp_publisher_subscriber/lib/pkgconfig/cpp_publisher_subscriber.pc'
[2.941s] Level 1:colcon.colcon_core.environment:checking '/home/luisf/robot2_ws/install/cpp_publisher_subscriber/lib/python3.8/site-packages'
[2.941s] Level 1:colcon.colcon_core.environment:checking '/home/luisf/robot2_ws/install/cpp_publisher_subscriber/bin'
[2.944s] INFO:colcon.colcon_core.shell:Creating package script '/home/luisf/robot2_ws/install/cpp_publisher_subscriber/share/cpp_publisher_subscriber/package.ps1'
[2.945s] INFO:colcon.colcon_core.shell:Creating package descriptor '/home/luisf/robot2_ws/install/cpp_publisher_subscriber/share/cpp_publisher_subscriber/package.dsv'
[2.946s] INFO:colcon.colcon_core.shell:Creating package script '/home/luisf/robot2_ws/install/cpp_publisher_subscriber/share/cpp_publisher_subscriber/package.sh'
[2.947s] INFO:colcon.colcon_core.shell:Creating package script '/home/luisf/robot2_ws/install/cpp_publisher_subscriber/share/cpp_publisher_subscriber/package.bash'
[2.947s] INFO:colcon.colcon_core.shell:Creating package script '/home/luisf/robot2_ws/install/cpp_publisher_subscriber/share/cpp_publisher_subscriber/package.zsh'
[2.948s] Level 1:colcon.colcon_core.environment:create_file_with_runtime_dependencies(/home/luisf/robot2_ws/install/cpp_publisher_subscriber/share/colcon-core/packages/cpp_publisher_subscriber)
[2.959s] DEBUG:colcon.colcon_parallel_executor.executor.parallel:closing loop
[2.959s] DEBUG:colcon.colcon_parallel_executor.executor.parallel:loop closed
[2.960s] DEBUG:colcon.colcon_parallel_executor.executor.parallel:run_until_complete finished with '2'
[2.960s] DEBUG:colcon.colcon_core.event_reactor:joining thread
[2.977s] INFO:colcon.colcon_core.plugin_system:Skipping extension 'colcon_notification.desktop_notification.terminal_notifier': Not used on non-Darwin systems
[2.977s] INFO:colcon.colcon_core.plugin_system:Skipping extension 'colcon_notification.desktop_notification.win32': Not used on non-Windows systems
[2.977s] INFO:colcon.colcon_notification.desktop_notification:Sending desktop notification using 'notify2'
[3.013s] DEBUG:colcon.colcon_core.event_reactor:joined thread
[3.016s] INFO:colcon.colcon_core.shell:Creating prefix script '/home/luisf/robot2_ws/install/local_setup.ps1'
[3.018s] INFO:colcon.colcon_core.shell:Creating prefix util module '/home/luisf/robot2_ws/install/_local_setup_util_ps1.py'
[3.020s] INFO:colcon.colcon_core.shell:Creating prefix chain script '/home/luisf/robot2_ws/install/setup.ps1'
[3.024s] INFO:colcon.colcon_core.shell:Creating prefix script '/home/luisf/robot2_ws/install/local_setup.sh'
[3.025s] INFO:colcon.colcon_core.shell:Creating prefix util module '/home/luisf/robot2_ws/install/_local_setup_util_sh.py'
[3.026s] INFO:colcon.colcon_core.shell:Creating prefix chain script '/home/luisf/robot2_ws/install/setup.sh'
[3.029s] INFO:colcon.colcon_core.shell:Creating prefix script '/home/luisf/robot2_ws/install/local_setup.bash'
[3.031s] INFO:colcon.colcon_core.shell:Creating prefix chain script '/home/luisf/robot2_ws/install/setup.bash'
[3.034s] INFO:colcon.colcon_core.shell:Creating prefix script '/home/luisf/robot2_ws/install/local_setup.zsh'
[3.035s] INFO:colcon.colcon_core.shell:Creating prefix chain script '/home/luisf/robot2_ws/install/setup.zsh'
