[0.140s] Invoking command in '/home/luisf/robot2_ws/build/node1': CMAKE_PREFIX_PATH=${CMAKE_PREFIX_PATH}:/home/luisf/robot2_ws/install/program2:/opt/ros/foxy /usr/bin/cmake /home/luisf/robot2_ws/src/node1 -DAMENT_CMAKE_SYMLINK_INSTALL=1 -DCMAKE_INSTALL_PREFIX=/home/luisf/robot2_ws/install/node1
[4.655s] -- The C compiler identification is GNU 9.4.0
[8.038s] -- The CXX compiler identification is GNU 9.4.0
[8.131s] -- Check for working C compiler: /usr/bin/cc
[8.264s] -- Check for working C compiler: /usr/bin/cc -- works
[8.266s] -- Detecting C compiler ABI info
[8.458s] -- Detecting C compiler ABI info - done
[8.481s] -- Detecting C compile features
[8.491s] -- Detecting C compile features - done
[8.509s] -- Check for working CXX compiler: /usr/bin/c++
[8.655s] -- Check for working CXX compiler: /usr/bin/c++ -- works
[8.657s] -- Detecting CXX compiler ABI info
[8.823s] -- Detecting CXX compiler ABI info - done
[8.847s] -- Detecting CXX compile features
[8.848s] -- Detecting CXX compile features - done
[8.869s] -- Found ament_cmake: 0.9.12 (/opt/ros/foxy/share/ament_cmake/cmake)
[8.927s] -- Found PythonInterp: /usr/bin/python3 (found suitable version "3.8.10", minimum required is "3") 
[8.927s] -- Using PYTHON_EXECUTABLE: /usr/bin/python3
[9.266s] -- Override CMake install command with custom implementation using symlinks instead of copying resources
[9.401s] -- Found rclcpp: 2.4.3 (/opt/ros/foxy/share/rclcpp/cmake)
[9.512s] -- Using all available rosidl_typesupport_c: rosidl_typesupport_fastrtps_c;rosidl_typesupport_introspection_c
[9.539s] -- Found rosidl_adapter: 1.3.1 (/opt/ros/foxy/share/rosidl_adapter/cmake)
[10.102s] -- Found OpenSSL: /usr/lib/x86_64-linux-gnu/libcrypto.so (found version "1.1.1f")  
[10.155s] -- Found FastRTPS: /opt/ros/foxy/include  
[10.332s] -- Using all available rosidl_typesupport_cpp: rosidl_typesupport_fastrtps_cpp;rosidl_typesupport_introspection_cpp
[10.440s] -- Found rmw_implementation_cmake: 1.0.4 (/opt/ros/foxy/share/rmw_implementation_cmake/cmake)
[10.443s] -- Using RMW implementation 'rmw_fastrtps_cpp' as default
[10.458s] -- Looking for pthread.h
[10.595s] -- Looking for pthread.h - found
[10.595s] -- Performing Test CMAKE_HAVE_LIBC_PTHREAD
[10.759s] -- Performing Test CMAKE_HAVE_LIBC_PTHREAD - Failed
[10.759s] -- Looking for pthread_create in pthreads
[10.884s] -- Looking for pthread_create in pthreads - not found
[10.884s] -- Looking for pthread_create in pthread
[11.017s] -- Looking for pthread_create in pthread - found
[11.019s] -- Found Threads: TRUE  
[11.331s] -- Found ament_lint_auto: 0.9.8 (/opt/ros/foxy/share/ament_lint_auto/cmake)
[11.486s] -- Added test 'copyright' to check source files copyright and LICENSE
[11.490s] -- Added test 'lint_cmake' to check CMake code style
[11.492s] -- Added test 'xmllint' to check XML markup files
[11.498s] -- Configuring done
[11.501s] -- Generating done
[11.504s] -- Build files have been written to: /home/luisf/robot2_ws/build/node1
