[0.116s] Invoking command in '/home/luisf/robot2_ws/build/custom_msg': CMAKE_PREFIX_PATH=${CMAKE_PREFIX_PATH}:/home/luisf/robot2_ws/install/publisher_subscriber_r:/home/luisf/robot2_ws/install/program2:/opt/ros/foxy /usr/bin/cmake --build /home/luisf/robot2_ws/build/custom_msg -- -j4 -l4
[0.669s] [  3%] Built target custom_msg__cpp
[0.749s] [ 12%] Built target custom_msg__rosidl_generator_c
[0.835s] [ 22%] Built target custom_msg__rosidl_typesupport_introspection_cpp
[0.906s] [ 32%] Built target custom_msg__rosidl_typesupport_c
[0.975s] [ 41%] Built target custom_msg__rosidl_typesupport_introspection_c
[1.056s] [ 51%] Built target custom_msg__rosidl_typesupport_fastrtps_cpp
[1.148s] [ 61%] Built target custom_msg__rosidl_typesupport_cpp
[1.234s] [ 70%] Built target custom_msg__rosidl_typesupport_fastrtps_c
[1.280s] [ 70%] Built target custom_msg
[1.318s] [ 74%] Built target custom_msg__py
[1.373s] [ 80%] Built target custom_msg__python
[1.425s] [ 87%] Built target custom_msg__rosidl_typesupport_fastrtps_c__pyext
[1.478s] [ 93%] Built target custom_msg__rosidl_typesupport_c__pyext
[1.539s] [100%] Built target custom_msg__rosidl_typesupport_introspection_c__pyext
[1.848s] Invoked command in '/home/luisf/robot2_ws/build/custom_msg' returned '0': CMAKE_PREFIX_PATH=${CMAKE_PREFIX_PATH}:/home/luisf/robot2_ws/install/publisher_subscriber_r:/home/luisf/robot2_ws/install/program2:/opt/ros/foxy /usr/bin/cmake --build /home/luisf/robot2_ws/build/custom_msg -- -j4 -l4
[1.992s] Invoking command in '/home/luisf/robot2_ws/build/custom_msg': CMAKE_PREFIX_PATH=${CMAKE_PREFIX_PATH}:/home/luisf/robot2_ws/install/publisher_subscriber_r:/home/luisf/robot2_ws/install/program2:/opt/ros/foxy /usr/bin/cmake --install /home/luisf/robot2_ws/build/custom_msg
[2.014s] -- Install configuration: ""
[2.017s] -- Execute custom install script
[2.020s] -- Up-to-date symlink: /home/luisf/robot2_ws/install/custom_msg/share/ament_index/resource_index/rosidl_interfaces/custom_msg
[2.023s] -- Up-to-date symlink: /home/luisf/robot2_ws/install/custom_msg/include/custom_msg/msg/detail/log_tf__functions.h
[2.027s] -- Up-to-date symlink: /home/luisf/robot2_ws/install/custom_msg/include/custom_msg/msg/detail/log_tf__struct.h
[2.029s] -- Up-to-date symlink: /home/luisf/robot2_ws/install/custom_msg/include/custom_msg/msg/detail/log_tf__type_support.h
[2.035s] -- Up-to-date symlink: /home/luisf/robot2_ws/install/custom_msg/include/custom_msg/msg/log_tf.h
[2.041s] -- Up-to-date symlink: /home/luisf/robot2_ws/install/custom_msg/include/custom_msg/msg/rosidl_generator_c__visibility_control.h
[2.049s] -- Up-to-date symlink: /home/luisf/robot2_ws/install/custom_msg/share/custom_msg/environment/library_path.sh
[2.051s] -- Up-to-date symlink: /home/luisf/robot2_ws/install/custom_msg/share/custom_msg/environment/library_path.dsv
[2.056s] -- Up-to-date symlink: /home/luisf/robot2_ws/install/custom_msg/include/custom_msg/msg/detail/log_tf__rosidl_typesupport_fastrtps_c.h
[2.056s] -- Up-to-date symlink: /home/luisf/robot2_ws/install/custom_msg/include/custom_msg/msg/rosidl_typesupport_fastrtps_c__visibility_control.h
[2.056s] -- Up-to-date symlink: /home/luisf/robot2_ws/install/custom_msg/lib/libcustom_msg__rosidl_typesupport_fastrtps_c.so
[2.057s] -- Up-to-date symlink: /home/luisf/robot2_ws/install/custom_msg/include/custom_msg/msg/detail/log_tf__rosidl_typesupport_fastrtps_cpp.hpp
[2.066s] -- Up-to-date symlink: /home/luisf/robot2_ws/install/custom_msg/include/custom_msg/msg/rosidl_typesupport_fastrtps_cpp__visibility_control.h
[2.067s] -- Up-to-date symlink: /home/luisf/robot2_ws/install/custom_msg/lib/libcustom_msg__rosidl_typesupport_fastrtps_cpp.so
[2.070s] -- Up-to-date symlink: /home/luisf/robot2_ws/install/custom_msg/include/custom_msg/msg/detail/log_tf__rosidl_typesupport_introspection_c.h
[2.072s] -- Up-to-date symlink: /home/luisf/robot2_ws/install/custom_msg/include/custom_msg/msg/rosidl_typesupport_introspection_c__visibility_control.h
[2.073s] -- Up-to-date symlink: /home/luisf/robot2_ws/install/custom_msg/include/custom_msg/msg/detail/log_tf__builder.hpp
[2.073s] -- Up-to-date symlink: /home/luisf/robot2_ws/install/custom_msg/include/custom_msg/msg/detail/log_tf__struct.hpp
[2.073s] -- Up-to-date symlink: /home/luisf/robot2_ws/install/custom_msg/include/custom_msg/msg/detail/log_tf__traits.hpp
[2.080s] -- Up-to-date symlink: /home/luisf/robot2_ws/install/custom_msg/include/custom_msg/msg/detail/log_tf__type_support.hpp
[2.082s] -- Up-to-date symlink: /home/luisf/robot2_ws/install/custom_msg/include/custom_msg/msg/log_tf.hpp
[2.082s] -- Up-to-date symlink: /home/luisf/robot2_ws/install/custom_msg/include/custom_msg/msg/rosidl_generator_cpp__visibility_control.hpp
[2.087s] -- Up-to-date symlink: /home/luisf/robot2_ws/install/custom_msg/include/custom_msg/msg/detail/log_tf__rosidl_typesupport_introspection_cpp.hpp
[2.088s] -- Up-to-date symlink: /home/luisf/robot2_ws/install/custom_msg/share/custom_msg/environment/pythonpath.sh
[2.089s] -- Up-to-date symlink: /home/luisf/robot2_ws/install/custom_msg/share/custom_msg/environment/pythonpath.dsv
[2.090s] -- Up-to-date symlink: /home/luisf/robot2_ws/install/custom_msg/lib/python3.8/site-packages/custom_msg/__init__.py
[2.093s] -- Up-to-date symlink: /home/luisf/robot2_ws/install/custom_msg/lib/python3.8/site-packages/custom_msg/msg/__init__.py
[2.094s] -- Up-to-date symlink: /home/luisf/robot2_ws/install/custom_msg/lib/python3.8/site-packages/custom_msg/msg/_log_tf.py
[2.094s] -- Up-to-date symlink: /home/luisf/robot2_ws/install/custom_msg/lib/python3.8/site-packages/custom_msg/custom_msg_s__rosidl_typesupport_fastrtps_c.cpython-38-x86_64-linux-gnu.so
[2.094s] -- Up-to-date symlink: /home/luisf/robot2_ws/install/custom_msg/lib/python3.8/site-packages/custom_msg/custom_msg_s__rosidl_typesupport_introspection_c.cpython-38-x86_64-linux-gnu.so
[2.095s] -- Up-to-date symlink: /home/luisf/robot2_ws/install/custom_msg/lib/python3.8/site-packages/custom_msg/custom_msg_s__rosidl_typesupport_c.cpython-38-x86_64-linux-gnu.so
[2.095s] -- Up-to-date symlink: /home/luisf/robot2_ws/install/custom_msg/lib/libcustom_msg__python.so
[2.095s] -- Up-to-date symlink: /home/luisf/robot2_ws/install/custom_msg/share/custom_msg/msg/LogTf.idl
[2.096s] -- Up-to-date symlink: /home/luisf/robot2_ws/install/custom_msg/share/custom_msg/msg/LogTf.msg
[2.096s] -- Up-to-date symlink: /home/luisf/robot2_ws/install/custom_msg/share/ament_index/resource_index/package_run_dependencies/custom_msg
[2.096s] -- Up-to-date symlink: /home/luisf/robot2_ws/install/custom_msg/share/ament_index/resource_index/parent_prefix_path/custom_msg
[2.096s] -- Up-to-date symlink: /home/luisf/robot2_ws/install/custom_msg/share/custom_msg/environment/ament_prefix_path.sh
[2.101s] -- Up-to-date symlink: /home/luisf/robot2_ws/install/custom_msg/share/custom_msg/environment/ament_prefix_path.dsv
[2.101s] -- Up-to-date symlink: /home/luisf/robot2_ws/install/custom_msg/share/custom_msg/environment/path.sh
[2.102s] -- Up-to-date symlink: /home/luisf/robot2_ws/install/custom_msg/share/custom_msg/environment/path.dsv
[2.102s] -- Up-to-date symlink: /home/luisf/robot2_ws/install/custom_msg/share/custom_msg/local_setup.bash
[2.102s] -- Up-to-date symlink: /home/luisf/robot2_ws/install/custom_msg/share/custom_msg/local_setup.sh
[2.103s] -- Up-to-date symlink: /home/luisf/robot2_ws/install/custom_msg/share/custom_msg/local_setup.zsh
[2.103s] -- Up-to-date symlink: /home/luisf/robot2_ws/install/custom_msg/share/custom_msg/local_setup.dsv
[2.103s] -- Symlinking: /home/luisf/robot2_ws/install/custom_msg/share/custom_msg/package.dsv
[2.111s] -- Up-to-date symlink: /home/luisf/robot2_ws/install/custom_msg/share/ament_index/resource_index/packages/custom_msg
[2.112s] -- Up-to-date symlink: /home/luisf/robot2_ws/install/custom_msg/share/custom_msg/cmake/rosidl_cmake-extras.cmake
[2.112s] -- Up-to-date symlink: /home/luisf/robot2_ws/install/custom_msg/share/custom_msg/cmake/ament_cmake_export_dependencies-extras.cmake
[2.113s] -- Up-to-date symlink: /home/luisf/robot2_ws/install/custom_msg/share/custom_msg/cmake/ament_cmake_export_libraries-extras.cmake
[2.114s] -- Up-to-date symlink: /home/luisf/robot2_ws/install/custom_msg/share/custom_msg/cmake/ament_cmake_export_targets-extras.cmake
[2.115s] -- Up-to-date symlink: /home/luisf/robot2_ws/install/custom_msg/share/custom_msg/cmake/ament_cmake_export_include_directories-extras.cmake
[2.115s] -- Up-to-date symlink: /home/luisf/robot2_ws/install/custom_msg/share/custom_msg/cmake/rosidl_cmake_export_typesupport_libraries-extras.cmake
[2.116s] -- Up-to-date symlink: /home/luisf/robot2_ws/install/custom_msg/share/custom_msg/cmake/rosidl_cmake_export_typesupport_targets-extras.cmake
[2.117s] -- Up-to-date symlink: /home/luisf/robot2_ws/install/custom_msg/share/custom_msg/cmake/custom_msgConfig.cmake
[2.118s] -- Up-to-date symlink: /home/luisf/robot2_ws/install/custom_msg/share/custom_msg/cmake/custom_msgConfig-version.cmake
[2.118s] -- Up-to-date symlink: /home/luisf/robot2_ws/install/custom_msg/share/custom_msg/package.xml
[2.120s] -- Up-to-date: /home/luisf/robot2_ws/install/custom_msg/lib/libcustom_msg__rosidl_generator_c.so
[2.120s] -- Up-to-date: /home/luisf/robot2_ws/install/custom_msg/lib/libcustom_msg__rosidl_typesupport_introspection_c.so
[2.122s] -- Up-to-date: /home/luisf/robot2_ws/install/custom_msg/lib/libcustom_msg__rosidl_typesupport_c.so
[2.122s] -- Up-to-date: /home/luisf/robot2_ws/install/custom_msg/lib/libcustom_msg__rosidl_typesupport_introspection_cpp.so
[2.123s] -- Up-to-date: /home/luisf/robot2_ws/install/custom_msg/lib/libcustom_msg__rosidl_typesupport_cpp.so
[2.215s] -- Up-to-date: /home/luisf/robot2_ws/install/custom_msg/share/custom_msg/cmake/custom_msg__rosidl_generator_cExport.cmake
[2.217s] -- Up-to-date: /home/luisf/robot2_ws/install/custom_msg/share/custom_msg/cmake/custom_msg__rosidl_generator_cExport-noconfig.cmake
[2.217s] -- Up-to-date: /home/luisf/robot2_ws/install/custom_msg/share/custom_msg/cmake/custom_msg__rosidl_typesupport_introspection_cExport.cmake
[2.218s] -- Up-to-date: /home/luisf/robot2_ws/install/custom_msg/share/custom_msg/cmake/custom_msg__rosidl_typesupport_introspection_cExport-noconfig.cmake
[2.218s] -- Up-to-date: /home/luisf/robot2_ws/install/custom_msg/share/custom_msg/cmake/custom_msg__rosidl_typesupport_cExport.cmake
[2.218s] -- Up-to-date: /home/luisf/robot2_ws/install/custom_msg/share/custom_msg/cmake/custom_msg__rosidl_typesupport_cExport-noconfig.cmake
[2.218s] -- Up-to-date: /home/luisf/robot2_ws/install/custom_msg/share/custom_msg/cmake/custom_msg__rosidl_generator_cppExport.cmake
[2.219s] -- Up-to-date: /home/luisf/robot2_ws/install/custom_msg/share/custom_msg/cmake/custom_msg__rosidl_typesupport_introspection_cppExport.cmake
[2.219s] -- Up-to-date: /home/luisf/robot2_ws/install/custom_msg/share/custom_msg/cmake/custom_msg__rosidl_typesupport_introspection_cppExport-noconfig.cmake
[2.219s] -- Up-to-date: /home/luisf/robot2_ws/install/custom_msg/share/custom_msg/cmake/custom_msg__rosidl_typesupport_cppExport.cmake
[2.219s] -- Up-to-date: /home/luisf/robot2_ws/install/custom_msg/share/custom_msg/cmake/custom_msg__rosidl_typesupport_cppExport-noconfig.cmake
[2.235s] Invoked command in '/home/luisf/robot2_ws/build/custom_msg' returned '0': CMAKE_PREFIX_PATH=${CMAKE_PREFIX_PATH}:/home/luisf/robot2_ws/install/publisher_subscriber_r:/home/luisf/robot2_ws/install/program2:/opt/ros/foxy /usr/bin/cmake --install /home/luisf/robot2_ws/build/custom_msg
