[0.330s] Invoking command in '/home/luisf/robot2_ws/build/custom_msg': CMAKE_PREFIX_PATH=${CMAKE_PREFIX_PATH}:/home/luisf/robot2_ws/install/publisher_subscriber_r:/home/luisf/robot2_ws/install/program2:/opt/ros/foxy /usr/bin/cmake --build /home/luisf/robot2_ws/build/custom_msg -- -j4 -l4
[6.423s] -- Found ament_cmake: 0.9.12 (/opt/ros/foxy/share/ament_cmake/cmake)
[6.773s] -- Found PythonInterp: /usr/bin/python3 (found suitable version "3.8.10", minimum required is "3") 
[6.773s] -- Using PYTHON_EXECUTABLE: /usr/bin/python3
[7.764s] -- Override CMake install command with custom implementation using symlinks instead of copying resources
[8.603s] -- Found rclcpp: 2.4.3 (/opt/ros/foxy/share/rclcpp/cmake)
[9.261s] -- Using all available rosidl_typesupport_c: rosidl_typesupport_fastrtps_c;rosidl_typesupport_introspection_c
[9.471s] -- Found rosidl_adapter: 1.3.1 (/opt/ros/foxy/share/rosidl_adapter/cmake)
[10.517s] -- Using all available rosidl_typesupport_cpp: rosidl_typesupport_fastrtps_cpp;rosidl_typesupport_introspection_cpp
[10.742s] -- Found rmw_implementation_cmake: 1.0.4 (/opt/ros/foxy/share/rmw_implementation_cmake/cmake)
[10.756s] -- Using RMW implementation 'rmw_fastrtps_cpp' as default
[11.650s] -- Found rosidl_default_generators: 1.0.1 (/opt/ros/foxy/share/rosidl_default_generators/cmake)
[11.730s] -- Found ament_lint_auto: 0.9.8 (/opt/ros/foxy/share/ament_lint_auto/cmake)
[12.203s] -- Found PythonInterp: /usr/bin/python3 (found version "3.8.10") 
[12.432s] -- Found ament_cmake_ros: 0.9.2 (/opt/ros/foxy/share/ament_cmake_ros/cmake)
[12.730s] -- Using all available rosidl_typesupport_c: rosidl_typesupport_fastrtps_c;rosidl_typesupport_introspection_c
[13.011s] -- Using all available rosidl_typesupport_cpp: rosidl_typesupport_fastrtps_cpp;rosidl_typesupport_introspection_cpp
[13.083s] -- Found PythonInterp: /usr/bin/python3 (found suitable version "3.8.10", minimum required is "3.5") 
[13.092s] -- Found python_cmake_module: 0.8.1 (/opt/ros/foxy/share/python_cmake_module/cmake)
[13.178s] -- Using PYTHON_EXECUTABLE: /usr/bin/python3
[13.178s] -- Using PYTHON_INCLUDE_DIRS: /usr/include/python3.8
[13.178s] -- Using PYTHON_LIBRARIES: /usr/lib/x86_64-linux-gnu/libpython3.8.so
[13.314s] -- Added test 'copyright' to check source files copyright and LICENSE
[13.349s] -- Added test 'lint_cmake' to check CMake code style
[13.365s] -- Added test 'xmllint' to check XML markup files
[13.459s] -- Configuring done
[13.752s] -- Generating done
[13.761s] -- Build files have been written to: /home/luisf/robot2_ws/build/custom_msg
[13.840s] [  3%] Built target custom_msg__cpp
[13.853s] [ 12%] Built target custom_msg__rosidl_generator_c
[13.909s] [ 22%] Built target custom_msg__rosidl_typesupport_cpp
[13.913s] [ 32%] Built target custom_msg__rosidl_typesupport_introspection_cpp
[13.942s] [ 41%] Built target custom_msg__rosidl_typesupport_c
[13.956s] [ 51%] Built target custom_msg__rosidl_typesupport_fastrtps_cpp
[13.971s] [ 61%] Built target custom_msg__rosidl_typesupport_introspection_c
[14.038s] [ 70%] Built target custom_msg__rosidl_typesupport_fastrtps_c
[14.092s] [ 70%] Built target custom_msg
[14.161s] [ 74%] Built target custom_msg__py
[14.237s] [ 80%] Built target custom_msg__python
[14.333s] [ 87%] Built target custom_msg__rosidl_typesupport_introspection_c__pyext
[14.377s] [ 93%] Built target custom_msg__rosidl_typesupport_fastrtps_c__pyext
[14.385s] [100%] Built target custom_msg__rosidl_typesupport_c__pyext
[14.416s] Invoked command in '/home/luisf/robot2_ws/build/custom_msg' returned '0': CMAKE_PREFIX_PATH=${CMAKE_PREFIX_PATH}:/home/luisf/robot2_ws/install/publisher_subscriber_r:/home/luisf/robot2_ws/install/program2:/opt/ros/foxy /usr/bin/cmake --build /home/luisf/robot2_ws/build/custom_msg -- -j4 -l4
[14.520s] Invoking command in '/home/luisf/robot2_ws/build/custom_msg': CMAKE_PREFIX_PATH=${CMAKE_PREFIX_PATH}:/home/luisf/robot2_ws/install/publisher_subscriber_r:/home/luisf/robot2_ws/install/program2:/opt/ros/foxy /usr/bin/cmake --install /home/luisf/robot2_ws/build/custom_msg
[14.536s] -- Install configuration: ""
[14.538s] -- Execute custom install script
[14.541s] -- Up-to-date symlink: /home/luisf/robot2_ws/install/custom_msg/share/ament_index/resource_index/rosidl_interfaces/custom_msg
[14.542s] -- Up-to-date symlink: /home/luisf/robot2_ws/install/custom_msg/include/custom_msg/msg/detail/log_tf__functions.h
[14.543s] -- Up-to-date symlink: /home/luisf/robot2_ws/install/custom_msg/include/custom_msg/msg/detail/log_tf__struct.h
[14.543s] -- Up-to-date symlink: /home/luisf/robot2_ws/install/custom_msg/include/custom_msg/msg/detail/log_tf__type_support.h
[14.543s] -- Up-to-date symlink: /home/luisf/robot2_ws/install/custom_msg/include/custom_msg/msg/log_tf.h
[14.544s] -- Up-to-date symlink: /home/luisf/robot2_ws/install/custom_msg/include/custom_msg/msg/rosidl_generator_c__visibility_control.h
[14.544s] -- Up-to-date symlink: /home/luisf/robot2_ws/install/custom_msg/share/custom_msg/environment/library_path.sh
[14.544s] -- Up-to-date symlink: /home/luisf/robot2_ws/install/custom_msg/share/custom_msg/environment/library_path.dsv
[14.545s] -- Up-to-date symlink: /home/luisf/robot2_ws/install/custom_msg/include/custom_msg/msg/detail/log_tf__rosidl_typesupport_fastrtps_c.h
[14.566s] -- Up-to-date symlink: /home/luisf/robot2_ws/install/custom_msg/include/custom_msg/msg/rosidl_typesupport_fastrtps_c__visibility_control.h
[14.567s] -- Up-to-date symlink: /home/luisf/robot2_ws/install/custom_msg/lib/libcustom_msg__rosidl_typesupport_fastrtps_c.so
[14.569s] -- Up-to-date symlink: /home/luisf/robot2_ws/install/custom_msg/include/custom_msg/msg/detail/log_tf__rosidl_typesupport_fastrtps_cpp.hpp
[14.569s] -- Up-to-date symlink: /home/luisf/robot2_ws/install/custom_msg/include/custom_msg/msg/rosidl_typesupport_fastrtps_cpp__visibility_control.h
[14.570s] -- Up-to-date symlink: /home/luisf/robot2_ws/install/custom_msg/lib/libcustom_msg__rosidl_typesupport_fastrtps_cpp.so
[14.571s] -- Up-to-date symlink: /home/luisf/robot2_ws/install/custom_msg/include/custom_msg/msg/detail/log_tf__rosidl_typesupport_introspection_c.h
[14.572s] -- Up-to-date symlink: /home/luisf/robot2_ws/install/custom_msg/include/custom_msg/msg/rosidl_typesupport_introspection_c__visibility_control.h
[14.573s] -- Up-to-date symlink: /home/luisf/robot2_ws/install/custom_msg/include/custom_msg/msg/detail/log_tf__builder.hpp
[14.574s] -- Up-to-date symlink: /home/luisf/robot2_ws/install/custom_msg/include/custom_msg/msg/detail/log_tf__struct.hpp
[14.574s] -- Up-to-date symlink: /home/luisf/robot2_ws/install/custom_msg/include/custom_msg/msg/detail/log_tf__traits.hpp
[14.575s] -- Up-to-date symlink: /home/luisf/robot2_ws/install/custom_msg/include/custom_msg/msg/detail/log_tf__type_support.hpp
[14.575s] -- Up-to-date symlink: /home/luisf/robot2_ws/install/custom_msg/include/custom_msg/msg/log_tf.hpp
[14.576s] -- Up-to-date symlink: /home/luisf/robot2_ws/install/custom_msg/include/custom_msg/msg/rosidl_generator_cpp__visibility_control.hpp
[14.577s] -- Up-to-date symlink: /home/luisf/robot2_ws/install/custom_msg/include/custom_msg/msg/detail/log_tf__rosidl_typesupport_introspection_cpp.hpp
[14.578s] -- Up-to-date symlink: /home/luisf/robot2_ws/install/custom_msg/share/custom_msg/environment/pythonpath.sh
[14.579s] -- Up-to-date symlink: /home/luisf/robot2_ws/install/custom_msg/share/custom_msg/environment/pythonpath.dsv
[14.579s] -- Up-to-date symlink: /home/luisf/robot2_ws/install/custom_msg/lib/python3.8/site-packages/custom_msg/__init__.py
[14.581s] -- Up-to-date symlink: /home/luisf/robot2_ws/install/custom_msg/lib/python3.8/site-packages/custom_msg/msg/__init__.py
[14.581s] -- Up-to-date symlink: /home/luisf/robot2_ws/install/custom_msg/lib/python3.8/site-packages/custom_msg/msg/_log_tf.py
[14.582s] -- Up-to-date symlink: /home/luisf/robot2_ws/install/custom_msg/lib/python3.8/site-packages/custom_msg/custom_msg_s__rosidl_typesupport_fastrtps_c.cpython-38-x86_64-linux-gnu.so
[14.583s] -- Up-to-date symlink: /home/luisf/robot2_ws/install/custom_msg/lib/python3.8/site-packages/custom_msg/custom_msg_s__rosidl_typesupport_introspection_c.cpython-38-x86_64-linux-gnu.so
[14.585s] -- Up-to-date symlink: /home/luisf/robot2_ws/install/custom_msg/lib/python3.8/site-packages/custom_msg/custom_msg_s__rosidl_typesupport_c.cpython-38-x86_64-linux-gnu.so
[14.586s] -- Up-to-date symlink: /home/luisf/robot2_ws/install/custom_msg/lib/libcustom_msg__python.so
[14.587s] -- Up-to-date symlink: /home/luisf/robot2_ws/install/custom_msg/share/custom_msg/msg/LogTf.idl
[14.587s] -- Up-to-date symlink: /home/luisf/robot2_ws/install/custom_msg/share/custom_msg/msg/LogTf.msg
[14.588s] -- Up-to-date symlink: /home/luisf/robot2_ws/install/custom_msg/share/ament_index/resource_index/package_run_dependencies/custom_msg
[14.589s] -- Up-to-date symlink: /home/luisf/robot2_ws/install/custom_msg/share/ament_index/resource_index/parent_prefix_path/custom_msg
[14.589s] -- Up-to-date symlink: /home/luisf/robot2_ws/install/custom_msg/share/custom_msg/environment/ament_prefix_path.sh
[14.590s] -- Up-to-date symlink: /home/luisf/robot2_ws/install/custom_msg/share/custom_msg/environment/ament_prefix_path.dsv
[14.591s] -- Up-to-date symlink: /home/luisf/robot2_ws/install/custom_msg/share/custom_msg/environment/path.sh
[14.592s] -- Up-to-date symlink: /home/luisf/robot2_ws/install/custom_msg/share/custom_msg/environment/path.dsv
[14.592s] -- Up-to-date symlink: /home/luisf/robot2_ws/install/custom_msg/share/custom_msg/local_setup.bash
[14.593s] -- Up-to-date symlink: /home/luisf/robot2_ws/install/custom_msg/share/custom_msg/local_setup.sh
[14.594s] -- Up-to-date symlink: /home/luisf/robot2_ws/install/custom_msg/share/custom_msg/local_setup.zsh
[14.595s] -- Up-to-date symlink: /home/luisf/robot2_ws/install/custom_msg/share/custom_msg/local_setup.dsv
[14.595s] -- Symlinking: /home/luisf/robot2_ws/install/custom_msg/share/custom_msg/package.dsv
[14.612s] -- Up-to-date symlink: /home/luisf/robot2_ws/install/custom_msg/share/ament_index/resource_index/packages/custom_msg
[14.612s] -- Up-to-date symlink: /home/luisf/robot2_ws/install/custom_msg/share/custom_msg/cmake/rosidl_cmake-extras.cmake
[14.613s] -- Up-to-date symlink: /home/luisf/robot2_ws/install/custom_msg/share/custom_msg/cmake/ament_cmake_export_dependencies-extras.cmake
[14.614s] -- Up-to-date symlink: /home/luisf/robot2_ws/install/custom_msg/share/custom_msg/cmake/ament_cmake_export_libraries-extras.cmake
[14.614s] -- Up-to-date symlink: /home/luisf/robot2_ws/install/custom_msg/share/custom_msg/cmake/ament_cmake_export_targets-extras.cmake
[14.615s] -- Up-to-date symlink: /home/luisf/robot2_ws/install/custom_msg/share/custom_msg/cmake/ament_cmake_export_include_directories-extras.cmake
[14.669s] -- Up-to-date symlink: /home/luisf/robot2_ws/install/custom_msg/share/custom_msg/cmake/rosidl_cmake_export_typesupport_libraries-extras.cmake
[14.671s] -- Up-to-date symlink: /home/luisf/robot2_ws/install/custom_msg/share/custom_msg/cmake/rosidl_cmake_export_typesupport_targets-extras.cmake
[14.671s] -- Up-to-date symlink: /home/luisf/robot2_ws/install/custom_msg/share/custom_msg/cmake/custom_msgConfig.cmake
[14.673s] -- Up-to-date symlink: /home/luisf/robot2_ws/install/custom_msg/share/custom_msg/cmake/custom_msgConfig-version.cmake
[14.674s] -- Up-to-date symlink: /home/luisf/robot2_ws/install/custom_msg/share/custom_msg/package.xml
[14.681s] -- Up-to-date: /home/luisf/robot2_ws/install/custom_msg/lib/libcustom_msg__rosidl_generator_c.so
[14.682s] -- Up-to-date: /home/luisf/robot2_ws/install/custom_msg/lib/libcustom_msg__rosidl_typesupport_introspection_c.so
[14.683s] -- Up-to-date: /home/luisf/robot2_ws/install/custom_msg/lib/libcustom_msg__rosidl_typesupport_c.so
[14.685s] -- Up-to-date: /home/luisf/robot2_ws/install/custom_msg/lib/libcustom_msg__rosidl_typesupport_introspection_cpp.so
[14.686s] -- Up-to-date: /home/luisf/robot2_ws/install/custom_msg/lib/libcustom_msg__rosidl_typesupport_cpp.so
[14.785s] Compiling '/home/luisf/robot2_ws/install/custom_msg/lib/python3.8/site-packages/custom_msg/__init__.py'...
[14.794s] -- Up-to-date: /home/luisf/robot2_ws/install/custom_msg/share/custom_msg/cmake/custom_msg__rosidl_generator_cExport.cmake
[14.794s] -- Installing: /home/luisf/robot2_ws/install/custom_msg/share/custom_msg/cmake/custom_msg__rosidl_generator_cExport-noconfig.cmake
[14.795s] -- Up-to-date: /home/luisf/robot2_ws/install/custom_msg/share/custom_msg/cmake/custom_msg__rosidl_typesupport_introspection_cExport.cmake
[14.795s] -- Installing: /home/luisf/robot2_ws/install/custom_msg/share/custom_msg/cmake/custom_msg__rosidl_typesupport_introspection_cExport-noconfig.cmake
[14.796s] -- Up-to-date: /home/luisf/robot2_ws/install/custom_msg/share/custom_msg/cmake/custom_msg__rosidl_typesupport_cExport.cmake
[14.796s] -- Installing: /home/luisf/robot2_ws/install/custom_msg/share/custom_msg/cmake/custom_msg__rosidl_typesupport_cExport-noconfig.cmake
[14.797s] -- Up-to-date: /home/luisf/robot2_ws/install/custom_msg/share/custom_msg/cmake/custom_msg__rosidl_generator_cppExport.cmake
[14.798s] -- Up-to-date: /home/luisf/robot2_ws/install/custom_msg/share/custom_msg/cmake/custom_msg__rosidl_typesupport_introspection_cppExport.cmake
[14.798s] -- Installing: /home/luisf/robot2_ws/install/custom_msg/share/custom_msg/cmake/custom_msg__rosidl_typesupport_introspection_cppExport-noconfig.cmake
[14.799s] -- Up-to-date: /home/luisf/robot2_ws/install/custom_msg/share/custom_msg/cmake/custom_msg__rosidl_typesupport_cppExport.cmake
[14.799s] -- Installing: /home/luisf/robot2_ws/install/custom_msg/share/custom_msg/cmake/custom_msg__rosidl_typesupport_cppExport-noconfig.cmake
[14.808s] Invoked command in '/home/luisf/robot2_ws/build/custom_msg' returned '0': CMAKE_PREFIX_PATH=${CMAKE_PREFIX_PATH}:/home/luisf/robot2_ws/install/publisher_subscriber_r:/home/luisf/robot2_ws/install/program2:/opt/ros/foxy /usr/bin/cmake --install /home/luisf/robot2_ws/build/custom_msg
