[0.101s] Invoking command in '/home/luisf/robot2_ws/build/node1': CMAKE_PREFIX_PATH=${CMAKE_PREFIX_PATH}:/home/luisf/robot2_ws/install/program2:/opt/ros/foxy /usr/bin/cmake --build /home/luisf/robot2_ws/build/node1 -- -j4 -l4
[0.642s] Invoked command in '/home/luisf/robot2_ws/build/node1' returned '0': CMAKE_PREFIX_PATH=${CMAKE_PREFIX_PATH}:/home/luisf/robot2_ws/install/program2:/opt/ros/foxy /usr/bin/cmake --build /home/luisf/robot2_ws/build/node1 -- -j4 -l4
[0.739s] Invoking command in '/home/luisf/robot2_ws/build/node1': CMAKE_PREFIX_PATH=${CMAKE_PREFIX_PATH}:/home/luisf/robot2_ws/install/program2:/opt/ros/foxy /usr/bin/cmake --install /home/luisf/robot2_ws/build/node1
[0.762s] -- Install configuration: ""
[0.766s] -- Execute custom install script
[0.770s] -- Up-to-date symlink: /home/luisf/robot2_ws/install/node1/share/ament_index/resource_index/package_run_dependencies/node1
[0.773s] -- Up-to-date symlink: /home/luisf/robot2_ws/install/node1/share/ament_index/resource_index/parent_prefix_path/node1
[0.780s] -- Up-to-date symlink: /home/luisf/robot2_ws/install/node1/share/node1/environment/ament_prefix_path.sh
[0.797s] -- Up-to-date symlink: /home/luisf/robot2_ws/install/node1/share/node1/environment/ament_prefix_path.dsv
[0.812s] -- Up-to-date symlink: /home/luisf/robot2_ws/install/node1/share/node1/environment/path.sh
[0.812s] -- Up-to-date symlink: /home/luisf/robot2_ws/install/node1/share/node1/environment/path.dsv
[0.812s] -- Up-to-date symlink: /home/luisf/robot2_ws/install/node1/share/node1/local_setup.bash
[0.812s] -- Up-to-date symlink: /home/luisf/robot2_ws/install/node1/share/node1/local_setup.sh
[0.813s] -- Up-to-date symlink: /home/luisf/robot2_ws/install/node1/share/node1/local_setup.zsh
[0.813s] -- Up-to-date symlink: /home/luisf/robot2_ws/install/node1/share/node1/local_setup.dsv
[0.813s] -- Symlinking: /home/luisf/robot2_ws/install/node1/share/node1/package.dsv
[0.850s] -- Up-to-date symlink: /home/luisf/robot2_ws/install/node1/share/ament_index/resource_index/packages/node1
[0.850s] -- Up-to-date symlink: /home/luisf/robot2_ws/install/node1/share/node1/cmake/node1Config.cmake
[0.850s] -- Up-to-date symlink: /home/luisf/robot2_ws/install/node1/share/node1/cmake/node1Config-version.cmake
[0.851s] -- Up-to-date symlink: /home/luisf/robot2_ws/install/node1/share/node1/package.xml
[0.944s] Invoked command in '/home/luisf/robot2_ws/build/node1' returned '0': CMAKE_PREFIX_PATH=${CMAKE_PREFIX_PATH}:/home/luisf/robot2_ws/install/program2:/opt/ros/foxy /usr/bin/cmake --install /home/luisf/robot2_ws/build/node1
