[0.576s] DEBUG:colcon:Command line arguments: ['/usr/bin/colcon', 'build', '--packages-select', 'cpp_publisher_subscriber', 'publisher_subscriber_r']
[0.576s] DEBUG:colcon:Parsed command line arguments: Namespace(allow_overriding=[], ament_cmake_args=None, base_paths=['.'], build_base='build', catkin_cmake_args=None, catkin_skip_building_tests=False, cmake_args=None, cmake_clean_cache=False, cmake_clean_first=False, cmake_force_configure=False, cmake_target=None, cmake_target_skip_unavailable=False, continue_on_error=False, event_handlers=None, executor='parallel', ignore_user_meta=False, install_base='install', log_base=None, log_level=None, main=<bound method BuildVerb.main of <colcon_core.verb.build.BuildVerb object at 0x7fecd1733d00>>, merge_install=False, metas=['./colcon.meta'], packages_above=None, packages_above_and_dependencies=None, packages_above_depth=None, packages_end=None, packages_ignore=None, packages_ignore_regex=None, packages_select=['cpp_publisher_subscriber', 'publisher_subscriber_r'], packages_select_build_failed=False, packages_select_by_dep=None, packages_select_regex=None, packages_select_test_failures=False, packages_skip=None, packages_skip_build_finished=False, packages_skip_by_dep=None, packages_skip_regex=None, packages_skip_test_passed=False, packages_skip_up_to=None, packages_start=None, packages_up_to=None, packages_up_to_regex=None, parallel_workers=4, paths=None, symlink_install=False, test_result_base=None, verb_extension=<colcon_core.verb.build.BuildVerb object at 0x7fecd1733d00>, verb_name='build', verb_parser=<colcon_defaults.argument_parser.defaults.DefaultArgumentsDecorator object at 0x7fecd16bf2b0>)
[0.623s] Level 1:colcon.colcon_core.package_discovery:discover_packages(colcon_meta) check parameters
[0.623s] Level 1:colcon.colcon_core.package_discovery:discover_packages(recursive) check parameters
[0.624s] Level 1:colcon.colcon_core.package_discovery:discover_packages(ignore) check parameters
[0.624s] Level 1:colcon.colcon_core.package_discovery:discover_packages(path) check parameters
[0.624s] Level 1:colcon.colcon_core.package_discovery:discover_packages(colcon_meta) discover
[0.624s] Level 1:colcon.colcon_core.package_discovery:discover_packages(recursive) discover
[0.624s] INFO:colcon.colcon_core.package_discovery:Crawling recursively for packages in '/home/luisf/robot2_ws'
[0.624s] Level 1:colcon.colcon_core.package_identification:_identify(.) by extensions ['ignore', 'ignore_ament_install']
[0.624s] Level 1:colcon.colcon_core.package_identification:_identify(.) by extension 'ignore'
[0.624s] Level 1:colcon.colcon_core.package_identification:_identify(.) by extension 'ignore_ament_install'
[0.624s] Level 1:colcon.colcon_core.package_identification:_identify(.) by extensions ['colcon_pkg']
[0.625s] Level 1:colcon.colcon_core.package_identification:_identify(.) by extension 'colcon_pkg'
[0.625s] Level 1:colcon.colcon_core.package_identification:_identify(.) by extensions ['colcon_meta']
[0.625s] Level 1:colcon.colcon_core.package_identification:_identify(.) by extension 'colcon_meta'
[0.625s] Level 1:colcon.colcon_core.package_identification:_identify(.) by extensions ['ros']
[0.625s] Level 1:colcon.colcon_core.package_identification:_identify(.) by extension 'ros'
[0.658s] Level 1:colcon.colcon_core.package_identification:_identify(.) by extensions ['cmake', 'python']
[0.658s] Level 1:colcon.colcon_core.package_identification:_identify(.) by extension 'cmake'
[0.658s] Level 1:colcon.colcon_core.package_identification:_identify(.) by extension 'python'
[0.658s] Level 1:colcon.colcon_core.package_identification:_identify(.) by extensions ['python_setup_py']
[0.658s] Level 1:colcon.colcon_core.package_identification:_identify(.) by extension 'python_setup_py'
[0.659s] Level 1:colcon.colcon_core.package_identification:_identify(build) by extensions ['ignore', 'ignore_ament_install']
[0.659s] Level 1:colcon.colcon_core.package_identification:_identify(build) by extension 'ignore'
[0.659s] Level 1:colcon.colcon_core.package_identification:_identify(build) ignored
[0.659s] Level 1:colcon.colcon_core.package_identification:_identify(install) by extensions ['ignore', 'ignore_ament_install']
[0.659s] Level 1:colcon.colcon_core.package_identification:_identify(install) by extension 'ignore'
[0.660s] Level 1:colcon.colcon_core.package_identification:_identify(install) ignored
[0.660s] Level 1:colcon.colcon_core.package_identification:_identify(log) by extensions ['ignore', 'ignore_ament_install']
[0.660s] Level 1:colcon.colcon_core.package_identification:_identify(log) by extension 'ignore'
[0.660s] Level 1:colcon.colcon_core.package_identification:_identify(log) ignored
[0.660s] Level 1:colcon.colcon_core.package_identification:_identify(src) by extensions ['ignore', 'ignore_ament_install']
[0.660s] Level 1:colcon.colcon_core.package_identification:_identify(src) by extension 'ignore'
[0.660s] Level 1:colcon.colcon_core.package_identification:_identify(src) by extension 'ignore_ament_install'
[0.661s] Level 1:colcon.colcon_core.package_identification:_identify(src) by extensions ['colcon_pkg']
[0.661s] Level 1:colcon.colcon_core.package_identification:_identify(src) by extension 'colcon_pkg'
[0.661s] Level 1:colcon.colcon_core.package_identification:_identify(src) by extensions ['colcon_meta']
[0.661s] Level 1:colcon.colcon_core.package_identification:_identify(src) by extension 'colcon_meta'
[0.661s] Level 1:colcon.colcon_core.package_identification:_identify(src) by extensions ['ros']
[0.661s] Level 1:colcon.colcon_core.package_identification:_identify(src) by extension 'ros'
[0.661s] Level 1:colcon.colcon_core.package_identification:_identify(src) by extensions ['cmake', 'python']
[0.661s] Level 1:colcon.colcon_core.package_identification:_identify(src) by extension 'cmake'
[0.661s] Level 1:colcon.colcon_core.package_identification:_identify(src) by extension 'python'
[0.661s] Level 1:colcon.colcon_core.package_identification:_identify(src) by extensions ['python_setup_py']
[0.661s] Level 1:colcon.colcon_core.package_identification:_identify(src) by extension 'python_setup_py'
[0.662s] Level 1:colcon.colcon_core.package_identification:_identify(src/cpp_publisher_subscriber) by extensions ['ignore', 'ignore_ament_install']
[0.662s] Level 1:colcon.colcon_core.package_identification:_identify(src/cpp_publisher_subscriber) by extension 'ignore'
[0.662s] Level 1:colcon.colcon_core.package_identification:_identify(src/cpp_publisher_subscriber) by extension 'ignore_ament_install'
[0.662s] Level 1:colcon.colcon_core.package_identification:_identify(src/cpp_publisher_subscriber) by extensions ['colcon_pkg']
[0.662s] Level 1:colcon.colcon_core.package_identification:_identify(src/cpp_publisher_subscriber) by extension 'colcon_pkg'
[0.662s] Level 1:colcon.colcon_core.package_identification:_identify(src/cpp_publisher_subscriber) by extensions ['colcon_meta']
[0.662s] Level 1:colcon.colcon_core.package_identification:_identify(src/cpp_publisher_subscriber) by extension 'colcon_meta'
[0.662s] Level 1:colcon.colcon_core.package_identification:_identify(src/cpp_publisher_subscriber) by extensions ['ros']
[0.662s] Level 1:colcon.colcon_core.package_identification:_identify(src/cpp_publisher_subscriber) by extension 'ros'
[0.667s] DEBUG:colcon.colcon_core.package_identification:Package 'src/cpp_publisher_subscriber' with type 'ros.ament_cmake' and name 'cpp_publisher_subscriber'
[0.667s] Level 1:colcon.colcon_core.package_identification:_identify(src/my_package) by extensions ['ignore', 'ignore_ament_install']
[0.667s] Level 1:colcon.colcon_core.package_identification:_identify(src/my_package) by extension 'ignore'
[0.667s] Level 1:colcon.colcon_core.package_identification:_identify(src/my_package) by extension 'ignore_ament_install'
[0.667s] Level 1:colcon.colcon_core.package_identification:_identify(src/my_package) by extensions ['colcon_pkg']
[0.667s] Level 1:colcon.colcon_core.package_identification:_identify(src/my_package) by extension 'colcon_pkg'
[0.668s] Level 1:colcon.colcon_core.package_identification:_identify(src/my_package) by extensions ['colcon_meta']
[0.668s] Level 1:colcon.colcon_core.package_identification:_identify(src/my_package) by extension 'colcon_meta'
[0.668s] Level 1:colcon.colcon_core.package_identification:_identify(src/my_package) by extensions ['ros']
[0.668s] Level 1:colcon.colcon_core.package_identification:_identify(src/my_package) by extension 'ros'
[0.669s] DEBUG:colcon.colcon_core.package_identification:Package 'src/my_package' with type 'ros.ament_cmake' and name 'my_package'
[0.669s] Level 1:colcon.colcon_core.package_identification:_identify(src/node1) by extensions ['ignore', 'ignore_ament_install']
[0.669s] Level 1:colcon.colcon_core.package_identification:_identify(src/node1) by extension 'ignore'
[0.669s] Level 1:colcon.colcon_core.package_identification:_identify(src/node1) by extension 'ignore_ament_install'
[0.669s] Level 1:colcon.colcon_core.package_identification:_identify(src/node1) by extensions ['colcon_pkg']
[0.669s] Level 1:colcon.colcon_core.package_identification:_identify(src/node1) by extension 'colcon_pkg'
[0.670s] Level 1:colcon.colcon_core.package_identification:_identify(src/node1) by extensions ['colcon_meta']
[0.670s] Level 1:colcon.colcon_core.package_identification:_identify(src/node1) by extension 'colcon_meta'
[0.670s] Level 1:colcon.colcon_core.package_identification:_identify(src/node1) by extensions ['ros']
[0.670s] Level 1:colcon.colcon_core.package_identification:_identify(src/node1) by extension 'ros'
[0.671s] DEBUG:colcon.colcon_core.package_identification:Package 'src/node1' with type 'ros.ament_cmake' and name 'node1'
[0.671s] Level 1:colcon.colcon_core.package_identification:_identify(src/publisher_subscriber_r) by extensions ['ignore', 'ignore_ament_install']
[0.671s] Level 1:colcon.colcon_core.package_identification:_identify(src/publisher_subscriber_r) by extension 'ignore'
[0.671s] Level 1:colcon.colcon_core.package_identification:_identify(src/publisher_subscriber_r) by extension 'ignore_ament_install'
[0.671s] Level 1:colcon.colcon_core.package_identification:_identify(src/publisher_subscriber_r) by extensions ['colcon_pkg']
[0.672s] Level 1:colcon.colcon_core.package_identification:_identify(src/publisher_subscriber_r) by extension 'colcon_pkg'
[0.672s] Level 1:colcon.colcon_core.package_identification:_identify(src/publisher_subscriber_r) by extensions ['colcon_meta']
[0.672s] Level 1:colcon.colcon_core.package_identification:_identify(src/publisher_subscriber_r) by extension 'colcon_meta'
[0.672s] Level 1:colcon.colcon_core.package_identification:_identify(src/publisher_subscriber_r) by extensions ['ros']
[0.672s] Level 1:colcon.colcon_core.package_identification:_identify(src/publisher_subscriber_r) by extension 'ros'
[0.673s] DEBUG:colcon.colcon_core.package_identification:Package 'src/publisher_subscriber_r' with type 'ros.ament_python' and name 'publisher_subscriber_r'
[0.673s] Level 1:colcon.colcon_core.package_discovery:discover_packages(recursive) using defaults
[0.673s] Level 1:colcon.colcon_core.package_discovery:discover_packages(ignore) discover
[0.673s] Level 1:colcon.colcon_core.package_discovery:discover_packages(ignore) using defaults
[0.673s] Level 1:colcon.colcon_core.package_discovery:discover_packages(path) discover
[0.673s] Level 1:colcon.colcon_core.package_discovery:discover_packages(path) using defaults
[0.710s] INFO:colcon.colcon_core.package_selection:Skipping not selected package 'my_package' in 'src/my_package'
[0.710s] INFO:colcon.colcon_core.package_selection:Skipping not selected package 'node1' in 'src/node1'
[0.711s] Level 1:colcon.colcon_core.package_discovery:discover_packages(prefix_path) check parameters
[0.712s] Level 1:colcon.colcon_core.package_discovery:discover_packages(prefix_path) discover
[0.717s] DEBUG:colcon.colcon_installed_package_information.package_discovery:Found 266 installed packages in /opt/ros/foxy
[0.720s] Level 1:colcon.colcon_core.package_discovery:discover_packages(prefix_path) using defaults
[0.863s] Level 5:colcon.colcon_core.verb:set package 'cpp_publisher_subscriber' build argument 'cmake_args' from command line to 'None'
[0.863s] Level 5:colcon.colcon_core.verb:set package 'cpp_publisher_subscriber' build argument 'cmake_target' from command line to 'None'
[0.863s] Level 5:colcon.colcon_core.verb:set package 'cpp_publisher_subscriber' build argument 'cmake_target_skip_unavailable' from command line to 'False'
[0.863s] Level 5:colcon.colcon_core.verb:set package 'cpp_publisher_subscriber' build argument 'cmake_clean_cache' from command line to 'False'
[0.863s] Level 5:colcon.colcon_core.verb:set package 'cpp_publisher_subscriber' build argument 'cmake_clean_first' from command line to 'False'
[0.863s] Level 5:colcon.colcon_core.verb:set package 'cpp_publisher_subscriber' build argument 'cmake_force_configure' from command line to 'False'
[0.863s] Level 5:colcon.colcon_core.verb:set package 'cpp_publisher_subscriber' build argument 'ament_cmake_args' from command line to 'None'
[0.863s] Level 5:colcon.colcon_core.verb:set package 'cpp_publisher_subscriber' build argument 'catkin_cmake_args' from command line to 'None'
[0.863s] Level 5:colcon.colcon_core.verb:set package 'cpp_publisher_subscriber' build argument 'catkin_skip_building_tests' from command line to 'False'
[0.863s] DEBUG:colcon.colcon_core.verb:Building package 'cpp_publisher_subscriber' with the following arguments: {'ament_cmake_args': None, 'build_base': '/home/luisf/robot2_ws/build/cpp_publisher_subscriber', 'catkin_cmake_args': None, 'catkin_skip_building_tests': False, 'cmake_args': None, 'cmake_clean_cache': False, 'cmake_clean_first': False, 'cmake_force_configure': False, 'cmake_target': None, 'cmake_target_skip_unavailable': False, 'install_base': '/home/luisf/robot2_ws/install/cpp_publisher_subscriber', 'merge_install': False, 'path': '/home/luisf/robot2_ws/src/cpp_publisher_subscriber', 'symlink_install': False, 'test_result_base': None}
[0.865s] Level 5:colcon.colcon_core.verb:set package 'publisher_subscriber_r' build argument 'cmake_args' from command line to 'None'
[0.865s] Level 5:colcon.colcon_core.verb:set package 'publisher_subscriber_r' build argument 'cmake_target' from command line to 'None'
[0.865s] Level 5:colcon.colcon_core.verb:set package 'publisher_subscriber_r' build argument 'cmake_target_skip_unavailable' from command line to 'False'
[0.866s] Level 5:colcon.colcon_core.verb:set package 'publisher_subscriber_r' build argument 'cmake_clean_cache' from command line to 'False'
[0.866s] Level 5:colcon.colcon_core.verb:set package 'publisher_subscriber_r' build argument 'cmake_clean_first' from command line to 'False'
[0.866s] Level 5:colcon.colcon_core.verb:set package 'publisher_subscriber_r' build argument 'cmake_force_configure' from command line to 'False'
[0.866s] Level 5:colcon.colcon_core.verb:set package 'publisher_subscriber_r' build argument 'ament_cmake_args' from command line to 'None'
[0.866s] Level 5:colcon.colcon_core.verb:set package 'publisher_subscriber_r' build argument 'catkin_cmake_args' from command line to 'None'
[0.866s] Level 5:colcon.colcon_core.verb:set package 'publisher_subscriber_r' build argument 'catkin_skip_building_tests' from command line to 'False'
[0.866s] DEBUG:colcon.colcon_core.verb:Building package 'publisher_subscriber_r' with the following arguments: {'ament_cmake_args': None, 'build_base': '/home/luisf/robot2_ws/build/publisher_subscriber_r', 'catkin_cmake_args': None, 'catkin_skip_building_tests': False, 'cmake_args': None, 'cmake_clean_cache': False, 'cmake_clean_first': False, 'cmake_force_configure': False, 'cmake_target': None, 'cmake_target_skip_unavailable': False, 'install_base': '/home/luisf/robot2_ws/install/publisher_subscriber_r', 'merge_install': False, 'path': '/home/luisf/robot2_ws/src/publisher_subscriber_r', 'symlink_install': False, 'test_result_base': None}
[0.867s] INFO:colcon.colcon_core.executor:Executing jobs using 'parallel' executor
[0.874s] DEBUG:colcon.colcon_parallel_executor.executor.parallel:run_until_complete
[0.874s] INFO:colcon.colcon_ros.task.ament_cmake.build:Building ROS package in '/home/luisf/robot2_ws/src/cpp_publisher_subscriber' with build type 'ament_cmake'
[0.874s] INFO:colcon.colcon_cmake.task.cmake.build:Building CMake package in '/home/luisf/robot2_ws/src/cpp_publisher_subscriber'
[0.883s] INFO:colcon.colcon_core.plugin_system:Skipping extension 'colcon_core.shell.bat': Not used on non-Windows systems
[0.883s] INFO:colcon.colcon_core.shell:Skip shell extension 'powershell' for command environment: Not usable outside of PowerShell
[0.883s] DEBUG:colcon.colcon_core.shell:Skip shell extension 'dsv' for command environment
[0.894s] INFO:colcon.colcon_ros.task.ament_python.build:Building ROS package in '/home/luisf/robot2_ws/src/publisher_subscriber_r' with build type 'ament_python'
[0.902s] Level 1:colcon.colcon_core.shell:create_environment_hook('publisher_subscriber_r', 'ament_prefix_path')
[0.923s] INFO:colcon.colcon_core.shell:Creating environment hook '/home/luisf/robot2_ws/install/publisher_subscriber_r/share/publisher_subscriber_r/hook/ament_prefix_path.ps1'
[0.925s] INFO:colcon.colcon_core.shell:Creating environment descriptor '/home/luisf/robot2_ws/install/publisher_subscriber_r/share/publisher_subscriber_r/hook/ament_prefix_path.dsv'
[0.926s] INFO:colcon.colcon_core.shell:Creating environment hook '/home/luisf/robot2_ws/install/publisher_subscriber_r/share/publisher_subscriber_r/hook/ament_prefix_path.sh'
[0.938s] INFO:colcon.colcon_core.shell:Skip shell extension 'powershell' for command environment: Not usable outside of PowerShell
[0.938s] DEBUG:colcon.colcon_core.shell:Skip shell extension 'dsv' for command environment
[1.007s] DEBUG:colcon.colcon_core.event_handler.log_command:Invoking command in '/home/luisf/robot2_ws/build/cpp_publisher_subscriber': CMAKE_PREFIX_PATH=/opt/ros/foxy /usr/bin/cmake /home/luisf/robot2_ws/src/cpp_publisher_subscriber -DCMAKE_INSTALL_PREFIX=/home/luisf/robot2_ws/install/cpp_publisher_subscriber
[1.494s] INFO:colcon.colcon_core.task.python.build:Building Python package in '/home/luisf/robot2_ws/src/publisher_subscriber_r'
[1.498s] INFO:colcon.colcon_core.shell:Skip shell extension 'powershell' for command environment: Not usable outside of PowerShell
[1.498s] DEBUG:colcon.colcon_core.shell:Skip shell extension 'dsv' for command environment
[2.296s] DEBUG:colcon.colcon_core.event_handler.log_command:Invoking command in '/home/luisf/robot2_ws/src/publisher_subscriber_r': PYTHONPATH=/home/luisf/robot2_ws/build/publisher_subscriber_r/prefix_override:/home/luisf/robot2_ws/install/publisher_subscriber_r/lib/python3.8/site-packages:${PYTHONPATH} /usr/bin/python3 setup.py egg_info --egg-base ../../build/publisher_subscriber_r build --build-base /home/luisf/robot2_ws/build/publisher_subscriber_r/build install --record /home/luisf/robot2_ws/build/publisher_subscriber_r/install.log --install-scripts $base/lib/publisher_subscriber_r --single-version-externally-managed
[2.859s] DEBUG:colcon.colcon_core.event_handler.log_command:Invoked command in '/home/luisf/robot2_ws/src/publisher_subscriber_r' returned '0': PYTHONPATH=/home/luisf/robot2_ws/build/publisher_subscriber_r/prefix_override:/home/luisf/robot2_ws/install/publisher_subscriber_r/lib/python3.8/site-packages:${PYTHONPATH} /usr/bin/python3 setup.py egg_info --egg-base ../../build/publisher_subscriber_r build --build-base /home/luisf/robot2_ws/build/publisher_subscriber_r/build install --record /home/luisf/robot2_ws/build/publisher_subscriber_r/install.log --install-scripts $base/lib/publisher_subscriber_r --single-version-externally-managed
[2.868s] Level 1:colcon.colcon_core.environment:checking '/home/luisf/robot2_ws/install/publisher_subscriber_r' for CMake module files
[2.868s] Level 1:colcon.colcon_core.environment:checking '/home/luisf/robot2_ws/install/publisher_subscriber_r' for CMake config files
[2.870s] Level 1:colcon.colcon_core.environment:checking '/home/luisf/robot2_ws/install/publisher_subscriber_r/lib'
[2.870s] Level 1:colcon.colcon_core.environment:checking '/home/luisf/robot2_ws/install/publisher_subscriber_r/bin'
[2.870s] Level 1:colcon.colcon_core.environment:checking '/home/luisf/robot2_ws/install/publisher_subscriber_r/lib/pkgconfig/publisher_subscriber_r.pc'
[2.871s] Level 1:colcon.colcon_core.environment:checking '/home/luisf/robot2_ws/install/publisher_subscriber_r/lib/python3.8/site-packages'
[2.871s] Level 1:colcon.colcon_core.shell:create_environment_hook('publisher_subscriber_r', 'pythonpath')
[2.873s] INFO:colcon.colcon_core.shell:Creating environment hook '/home/luisf/robot2_ws/install/publisher_subscriber_r/share/publisher_subscriber_r/hook/pythonpath.ps1'
[2.874s] INFO:colcon.colcon_core.shell:Creating environment descriptor '/home/luisf/robot2_ws/install/publisher_subscriber_r/share/publisher_subscriber_r/hook/pythonpath.dsv'
[2.875s] INFO:colcon.colcon_core.shell:Creating environment hook '/home/luisf/robot2_ws/install/publisher_subscriber_r/share/publisher_subscriber_r/hook/pythonpath.sh'
[2.876s] Level 1:colcon.colcon_core.environment:checking '/home/luisf/robot2_ws/install/publisher_subscriber_r/bin'
[2.876s] Level 1:colcon.colcon_core.environment:create_environment_scripts_only(publisher_subscriber_r)
[2.878s] INFO:colcon.colcon_core.shell:Creating package script '/home/luisf/robot2_ws/install/publisher_subscriber_r/share/publisher_subscriber_r/package.ps1'
[2.880s] INFO:colcon.colcon_core.shell:Creating package descriptor '/home/luisf/robot2_ws/install/publisher_subscriber_r/share/publisher_subscriber_r/package.dsv'
[2.881s] INFO:colcon.colcon_core.shell:Creating package script '/home/luisf/robot2_ws/install/publisher_subscriber_r/share/publisher_subscriber_r/package.sh'
[2.883s] INFO:colcon.colcon_core.shell:Creating package script '/home/luisf/robot2_ws/install/publisher_subscriber_r/share/publisher_subscriber_r/package.bash'
[2.884s] INFO:colcon.colcon_core.shell:Creating package script '/home/luisf/robot2_ws/install/publisher_subscriber_r/share/publisher_subscriber_r/package.zsh'
[2.885s] Level 1:colcon.colcon_core.environment:create_file_with_runtime_dependencies(/home/luisf/robot2_ws/install/publisher_subscriber_r/share/colcon-core/packages/publisher_subscriber_r)
[4.452s] DEBUG:colcon.colcon_core.event_handler.log_command:Invoked command in '/home/luisf/robot2_ws/build/cpp_publisher_subscriber' returned '1': CMAKE_PREFIX_PATH=/opt/ros/foxy /usr/bin/cmake /home/luisf/robot2_ws/src/cpp_publisher_subscriber -DCMAKE_INSTALL_PREFIX=/home/luisf/robot2_ws/install/cpp_publisher_subscriber
[4.509s] Level 1:colcon.colcon_core.environment:create_environment_scripts_only(cpp_publisher_subscriber)
[4.516s] Level 1:colcon.colcon_core.environment:checking '/home/luisf/robot2_ws/install/cpp_publisher_subscriber' for CMake module files
[4.518s] Level 1:colcon.colcon_core.environment:checking '/home/luisf/robot2_ws/install/cpp_publisher_subscriber' for CMake config files
[4.519s] Level 1:colcon.colcon_core.shell:create_environment_hook('cpp_publisher_subscriber', 'cmake_prefix_path')
[4.524s] INFO:colcon.colcon_core.shell:Creating environment hook '/home/luisf/robot2_ws/install/cpp_publisher_subscriber/share/cpp_publisher_subscriber/hook/cmake_prefix_path.ps1'
[4.525s] INFO:colcon.colcon_core.shell:Creating environment descriptor '/home/luisf/robot2_ws/install/cpp_publisher_subscriber/share/cpp_publisher_subscriber/hook/cmake_prefix_path.dsv'
[4.526s] INFO:colcon.colcon_core.shell:Creating environment hook '/home/luisf/robot2_ws/install/cpp_publisher_subscriber/share/cpp_publisher_subscriber/hook/cmake_prefix_path.sh'
[4.527s] Level 1:colcon.colcon_core.environment:checking '/home/luisf/robot2_ws/install/cpp_publisher_subscriber/lib'
[4.527s] Level 1:colcon.colcon_core.environment:checking '/home/luisf/robot2_ws/install/cpp_publisher_subscriber/bin'
[4.527s] Level 1:colcon.colcon_core.environment:checking '/home/luisf/robot2_ws/install/cpp_publisher_subscriber/lib/pkgconfig/cpp_publisher_subscriber.pc'
[4.528s] Level 1:colcon.colcon_core.environment:checking '/home/luisf/robot2_ws/install/cpp_publisher_subscriber/lib/python3.8/site-packages'
[4.528s] Level 1:colcon.colcon_core.environment:checking '/home/luisf/robot2_ws/install/cpp_publisher_subscriber/bin'
[4.531s] INFO:colcon.colcon_core.shell:Creating package script '/home/luisf/robot2_ws/install/cpp_publisher_subscriber/share/cpp_publisher_subscriber/package.ps1'
[4.532s] INFO:colcon.colcon_core.shell:Creating package descriptor '/home/luisf/robot2_ws/install/cpp_publisher_subscriber/share/cpp_publisher_subscriber/package.dsv'
[4.533s] INFO:colcon.colcon_core.shell:Creating package script '/home/luisf/robot2_ws/install/cpp_publisher_subscriber/share/cpp_publisher_subscriber/package.sh'
[4.534s] INFO:colcon.colcon_core.shell:Creating package script '/home/luisf/robot2_ws/install/cpp_publisher_subscriber/share/cpp_publisher_subscriber/package.bash'
[4.534s] INFO:colcon.colcon_core.shell:Creating package script '/home/luisf/robot2_ws/install/cpp_publisher_subscriber/share/cpp_publisher_subscriber/package.zsh'
[4.535s] Level 1:colcon.colcon_core.environment:create_file_with_runtime_dependencies(/home/luisf/robot2_ws/install/cpp_publisher_subscriber/share/colcon-core/packages/cpp_publisher_subscriber)
[4.546s] DEBUG:colcon.colcon_parallel_executor.executor.parallel:closing loop
[4.547s] DEBUG:colcon.colcon_parallel_executor.executor.parallel:loop closed
[4.547s] DEBUG:colcon.colcon_parallel_executor.executor.parallel:run_until_complete finished with '1'
[4.548s] DEBUG:colcon.colcon_core.event_reactor:joining thread
[4.563s] INFO:colcon.colcon_core.plugin_system:Skipping extension 'colcon_notification.desktop_notification.terminal_notifier': Not used on non-Darwin systems
[4.564s] INFO:colcon.colcon_core.plugin_system:Skipping extension 'colcon_notification.desktop_notification.win32': Not used on non-Windows systems
[4.564s] INFO:colcon.colcon_notification.desktop_notification:Sending desktop notification using 'notify2'
[4.644s] DEBUG:colcon.colcon_core.event_reactor:joined thread
[4.647s] INFO:colcon.colcon_core.shell:Creating prefix script '/home/luisf/robot2_ws/install/local_setup.ps1'
[4.649s] INFO:colcon.colcon_core.shell:Creating prefix util module '/home/luisf/robot2_ws/install/_local_setup_util_ps1.py'
[4.651s] INFO:colcon.colcon_core.shell:Creating prefix chain script '/home/luisf/robot2_ws/install/setup.ps1'
[4.654s] INFO:colcon.colcon_core.shell:Creating prefix script '/home/luisf/robot2_ws/install/local_setup.sh'
[4.655s] INFO:colcon.colcon_core.shell:Creating prefix util module '/home/luisf/robot2_ws/install/_local_setup_util_sh.py'
[4.656s] INFO:colcon.colcon_core.shell:Creating prefix chain script '/home/luisf/robot2_ws/install/setup.sh'
[4.660s] INFO:colcon.colcon_core.shell:Creating prefix script '/home/luisf/robot2_ws/install/local_setup.bash'
[4.661s] INFO:colcon.colcon_core.shell:Creating prefix chain script '/home/luisf/robot2_ws/install/setup.bash'
[4.666s] INFO:colcon.colcon_core.shell:Creating prefix script '/home/luisf/robot2_ws/install/local_setup.zsh'
[4.666s] INFO:colcon.colcon_core.shell:Creating prefix chain script '/home/luisf/robot2_ws/install/setup.zsh'
