[2.040s] DEBUG:colcon:Command line arguments: ['/usr/bin/colcon', 'list', '-p', '--base-paths', '/home/luisf/robot2_ws']
[2.045s] DEBUG:colcon:Parsed command line arguments: Namespace(allow_overriding=[], base_paths=['/home/luisf/robot2_ws'], build_base='build', ignore_user_meta=False, log_base=None, log_level=None, main=<bound method ListVerb.main of <colcon_package_information.verb.list.ListVerb object at 0x7fc7a0bd4d90>>, metas=['./colcon.meta'], names_only=False, packages_above=None, packages_above_and_dependencies=None, packages_above_depth=None, packages_end=None, packages_ignore=None, packages_ignore_regex=None, packages_select=None, packages_select_build_failed=False, packages_select_by_dep=None, packages_select_regex=None, packages_select_test_failures=False, packages_skip=None, packages_skip_build_finished=False, packages_skip_by_dep=None, packages_skip_regex=None, packages_skip_test_passed=False, packages_skip_up_to=None, packages_start=None, packages_up_to=None, packages_up_to_regex=None, paths=None, paths_only=True, topological_graph=False, topological_graph_density=False, topological_graph_dot=False, topological_graph_dot_cluster=False, topological_graph_dot_include_skipped=False, topological_graph_legend=False, topological_order=False, verb_extension=<colcon_package_information.verb.list.ListVerb object at 0x7fc7a0bd4d90>, verb_name='list', verb_parser=<colcon_defaults.argument_parser.defaults.DefaultArgumentsDecorator object at 0x7fc7a0beb430>)
[2.301s] Level 1:colcon.colcon_core.package_discovery:discover_packages(colcon_meta) check parameters
[2.301s] Level 1:colcon.colcon_core.package_discovery:discover_packages(recursive) check parameters
[2.301s] Level 1:colcon.colcon_core.package_discovery:discover_packages(ignore) check parameters
[2.302s] Level 1:colcon.colcon_core.package_discovery:discover_packages(path) check parameters
[2.302s] Level 1:colcon.colcon_core.package_discovery:discover_packages(recursive) discover
[2.302s] INFO:colcon.colcon_core.package_discovery:Crawling recursively for packages in '/home/luisf/robot2_ws'
[2.302s] Level 1:colcon.colcon_core.package_identification:_identify(/home/luisf/robot2_ws) by extensions ['ignore', 'ignore_ament_install']
[2.306s] Level 1:colcon.colcon_core.package_identification:_identify(/home/luisf/robot2_ws) by extension 'ignore'
[2.307s] Level 1:colcon.colcon_core.package_identification:_identify(/home/luisf/robot2_ws) by extension 'ignore_ament_install'
[2.307s] Level 1:colcon.colcon_core.package_identification:_identify(/home/luisf/robot2_ws) by extensions ['colcon_pkg']
[2.307s] Level 1:colcon.colcon_core.package_identification:_identify(/home/luisf/robot2_ws) by extension 'colcon_pkg'
[2.307s] Level 1:colcon.colcon_core.package_identification:_identify(/home/luisf/robot2_ws) by extensions ['colcon_meta']
[2.308s] Level 1:colcon.colcon_core.package_identification:_identify(/home/luisf/robot2_ws) by extension 'colcon_meta'
[2.308s] Level 1:colcon.colcon_core.package_identification:_identify(/home/luisf/robot2_ws) by extensions ['ros']
[2.308s] Level 1:colcon.colcon_core.package_identification:_identify(/home/luisf/robot2_ws) by extension 'ros'
[2.352s] Level 1:colcon.colcon_core.package_identification:_identify(/home/luisf/robot2_ws) by extensions ['cmake', 'python']
[2.352s] Level 1:colcon.colcon_core.package_identification:_identify(/home/luisf/robot2_ws) by extension 'cmake'
[2.352s] Level 1:colcon.colcon_core.package_identification:_identify(/home/luisf/robot2_ws) by extension 'python'
[2.352s] Level 1:colcon.colcon_core.package_identification:_identify(/home/luisf/robot2_ws) by extensions ['python_setup_py']
[2.353s] Level 1:colcon.colcon_core.package_identification:_identify(/home/luisf/robot2_ws) by extension 'python_setup_py'
[2.353s] Level 1:colcon.colcon_core.package_identification:_identify(/home/luisf/robot2_ws/build) by extensions ['ignore', 'ignore_ament_install']
[2.355s] Level 1:colcon.colcon_core.package_identification:_identify(/home/luisf/robot2_ws/build) by extension 'ignore'
[2.356s] Level 1:colcon.colcon_core.package_identification:_identify(/home/luisf/robot2_ws/build) ignored
[2.356s] Level 1:colcon.colcon_core.package_identification:_identify(/home/luisf/robot2_ws/install) by extensions ['ignore', 'ignore_ament_install']
[2.357s] Level 1:colcon.colcon_core.package_identification:_identify(/home/luisf/robot2_ws/install) by extension 'ignore'
[2.357s] Level 1:colcon.colcon_core.package_identification:_identify(/home/luisf/robot2_ws/install) ignored
[2.357s] Level 1:colcon.colcon_core.package_identification:_identify(/home/luisf/robot2_ws/log) by extensions ['ignore', 'ignore_ament_install']
[2.358s] Level 1:colcon.colcon_core.package_identification:_identify(/home/luisf/robot2_ws/log) by extension 'ignore'
[2.358s] Level 1:colcon.colcon_core.package_identification:_identify(/home/luisf/robot2_ws/log) ignored
[2.358s] Level 1:colcon.colcon_core.package_identification:_identify(/home/luisf/robot2_ws/src) by extensions ['ignore', 'ignore_ament_install']
[2.359s] Level 1:colcon.colcon_core.package_identification:_identify(/home/luisf/robot2_ws/src) by extension 'ignore'
[2.360s] Level 1:colcon.colcon_core.package_identification:_identify(/home/luisf/robot2_ws/src) by extension 'ignore_ament_install'
[2.360s] Level 1:colcon.colcon_core.package_identification:_identify(/home/luisf/robot2_ws/src) by extensions ['colcon_pkg']
[2.360s] Level 1:colcon.colcon_core.package_identification:_identify(/home/luisf/robot2_ws/src) by extension 'colcon_pkg'
[2.361s] Level 1:colcon.colcon_core.package_identification:_identify(/home/luisf/robot2_ws/src) by extensions ['colcon_meta']
[2.361s] Level 1:colcon.colcon_core.package_identification:_identify(/home/luisf/robot2_ws/src) by extension 'colcon_meta'
[2.361s] Level 1:colcon.colcon_core.package_identification:_identify(/home/luisf/robot2_ws/src) by extensions ['ros']
[2.361s] Level 1:colcon.colcon_core.package_identification:_identify(/home/luisf/robot2_ws/src) by extension 'ros'
[2.361s] Level 1:colcon.colcon_core.package_identification:_identify(/home/luisf/robot2_ws/src) by extensions ['cmake', 'python']
[2.361s] Level 1:colcon.colcon_core.package_identification:_identify(/home/luisf/robot2_ws/src) by extension 'cmake'
[2.362s] Level 1:colcon.colcon_core.package_identification:_identify(/home/luisf/robot2_ws/src) by extension 'python'
[2.362s] Level 1:colcon.colcon_core.package_identification:_identify(/home/luisf/robot2_ws/src) by extensions ['python_setup_py']
[2.362s] Level 1:colcon.colcon_core.package_identification:_identify(/home/luisf/robot2_ws/src) by extension 'python_setup_py'
[2.362s] Level 1:colcon.colcon_core.package_identification:_identify(/home/luisf/robot2_ws/src/cpp_publisher_subscriber) by extensions ['ignore', 'ignore_ament_install']
[2.363s] Level 1:colcon.colcon_core.package_identification:_identify(/home/luisf/robot2_ws/src/cpp_publisher_subscriber) by extension 'ignore'
[2.363s] Level 1:colcon.colcon_core.package_identification:_identify(/home/luisf/robot2_ws/src/cpp_publisher_subscriber) by extension 'ignore_ament_install'
[2.363s] Level 1:colcon.colcon_core.package_identification:_identify(/home/luisf/robot2_ws/src/cpp_publisher_subscriber) by extensions ['colcon_pkg']
[2.363s] Level 1:colcon.colcon_core.package_identification:_identify(/home/luisf/robot2_ws/src/cpp_publisher_subscriber) by extension 'colcon_pkg'
[2.363s] Level 1:colcon.colcon_core.package_identification:_identify(/home/luisf/robot2_ws/src/cpp_publisher_subscriber) by extensions ['colcon_meta']
[2.364s] Level 1:colcon.colcon_core.package_identification:_identify(/home/luisf/robot2_ws/src/cpp_publisher_subscriber) by extension 'colcon_meta'
[2.364s] Level 1:colcon.colcon_core.package_identification:_identify(/home/luisf/robot2_ws/src/cpp_publisher_subscriber) by extensions ['ros']
[2.364s] Level 1:colcon.colcon_core.package_identification:_identify(/home/luisf/robot2_ws/src/cpp_publisher_subscriber) by extension 'ros'
[2.378s] DEBUG:colcon.colcon_core.package_identification:Package '/home/luisf/robot2_ws/src/cpp_publisher_subscriber' with type 'ros.ament_cmake' and name 'cpp_publisher_subscriber'
[2.383s] Level 1:colcon.colcon_core.package_identification:_identify(/home/luisf/robot2_ws/src/my_package) by extensions ['ignore', 'ignore_ament_install']
[2.383s] Level 1:colcon.colcon_core.package_identification:_identify(/home/luisf/robot2_ws/src/my_package) by extension 'ignore'
[2.383s] Level 1:colcon.colcon_core.package_identification:_identify(/home/luisf/robot2_ws/src/my_package) by extension 'ignore_ament_install'
[2.384s] Level 1:colcon.colcon_core.package_identification:_identify(/home/luisf/robot2_ws/src/my_package) by extensions ['colcon_pkg']
[2.384s] Level 1:colcon.colcon_core.package_identification:_identify(/home/luisf/robot2_ws/src/my_package) by extension 'colcon_pkg'
[2.384s] Level 1:colcon.colcon_core.package_identification:_identify(/home/luisf/robot2_ws/src/my_package) by extensions ['colcon_meta']
[2.384s] Level 1:colcon.colcon_core.package_identification:_identify(/home/luisf/robot2_ws/src/my_package) by extension 'colcon_meta'
[2.384s] Level 1:colcon.colcon_core.package_identification:_identify(/home/luisf/robot2_ws/src/my_package) by extensions ['ros']
[2.384s] Level 1:colcon.colcon_core.package_identification:_identify(/home/luisf/robot2_ws/src/my_package) by extension 'ros'
[2.386s] DEBUG:colcon.colcon_core.package_identification:Package '/home/luisf/robot2_ws/src/my_package' with type 'ros.ament_cmake' and name 'my_package'
[2.386s] Level 1:colcon.colcon_core.package_identification:_identify(/home/luisf/robot2_ws/src/node1) by extensions ['ignore', 'ignore_ament_install']
[2.388s] Level 1:colcon.colcon_core.package_identification:_identify(/home/luisf/robot2_ws/src/node1) by extension 'ignore'
[2.388s] Level 1:colcon.colcon_core.package_identification:_identify(/home/luisf/robot2_ws/src/node1) by extension 'ignore_ament_install'
[2.388s] Level 1:colcon.colcon_core.package_identification:_identify(/home/luisf/robot2_ws/src/node1) by extensions ['colcon_pkg']
[2.389s] Level 1:colcon.colcon_core.package_identification:_identify(/home/luisf/robot2_ws/src/node1) by extension 'colcon_pkg'
[2.389s] Level 1:colcon.colcon_core.package_identification:_identify(/home/luisf/robot2_ws/src/node1) by extensions ['colcon_meta']
[2.389s] Level 1:colcon.colcon_core.package_identification:_identify(/home/luisf/robot2_ws/src/node1) by extension 'colcon_meta'
[2.389s] Level 1:colcon.colcon_core.package_identification:_identify(/home/luisf/robot2_ws/src/node1) by extensions ['ros']
[2.390s] Level 1:colcon.colcon_core.package_identification:_identify(/home/luisf/robot2_ws/src/node1) by extension 'ros'
[2.393s] DEBUG:colcon.colcon_core.package_identification:Package '/home/luisf/robot2_ws/src/node1' with type 'ros.ament_cmake' and name 'node1'
[2.393s] Level 1:colcon.colcon_core.package_discovery:discover_packages(recursive) using defaults
