[10.566s] DEBUG:colcon:Command line arguments: ['/usr/bin/colcon', 'build', '--symlink-install']
[10.566s] DEBUG:colcon:Parsed command line arguments: Namespace(allow_overriding=[], ament_cmake_args=None, base_paths=['.'], build_base='build', catkin_cmake_args=None, catkin_skip_building_tests=False, cmake_args=None, cmake_clean_cache=False, cmake_clean_first=False, cmake_force_configure=False, cmake_target=None, cmake_target_skip_unavailable=False, continue_on_error=False, event_handlers=None, executor='parallel', ignore_user_meta=False, install_base='install', log_base=None, log_level=None, main=<bound method BuildVerb.main of <colcon_core.verb.build.BuildVerb object at 0x7f263bbcd340>>, merge_install=False, metas=['./colcon.meta'], packages_above=None, packages_above_and_dependencies=None, packages_above_depth=None, packages_end=None, packages_ignore=None, packages_ignore_regex=None, packages_select=None, packages_select_build_failed=False, packages_select_by_dep=None, packages_select_regex=None, packages_select_test_failures=False, packages_skip=None, packages_skip_build_finished=False, packages_skip_by_dep=None, packages_skip_regex=None, packages_skip_test_passed=False, packages_skip_up_to=None, packages_start=None, packages_up_to=None, packages_up_to_regex=None, parallel_workers=4, paths=None, symlink_install=True, test_result_base=None, verb_extension=<colcon_core.verb.build.BuildVerb object at 0x7f263bbcd340>, verb_name='build', verb_parser=<colcon_defaults.argument_parser.defaults.DefaultArgumentsDecorator object at 0x7f263bbcd880>)
[11.374s] Level 1:colcon.colcon_core.package_discovery:discover_packages(colcon_meta) check parameters
[11.374s] Level 1:colcon.colcon_core.package_discovery:discover_packages(recursive) check parameters
[11.375s] Level 1:colcon.colcon_core.package_discovery:discover_packages(ignore) check parameters
[11.375s] Level 1:colcon.colcon_core.package_discovery:discover_packages(path) check parameters
[11.375s] Level 1:colcon.colcon_core.package_discovery:discover_packages(colcon_meta) discover
[11.375s] Level 1:colcon.colcon_core.package_discovery:discover_packages(recursive) discover
[11.375s] INFO:colcon.colcon_core.package_discovery:Crawling recursively for packages in '/home/luisf/robot2_ws'
[11.375s] Level 1:colcon.colcon_core.package_identification:_identify(.) by extensions ['ignore', 'ignore_ament_install']
[11.376s] Level 1:colcon.colcon_core.package_identification:_identify(.) by extension 'ignore'
[11.376s] Level 1:colcon.colcon_core.package_identification:_identify(.) by extension 'ignore_ament_install'
[11.376s] Level 1:colcon.colcon_core.package_identification:_identify(.) by extensions ['colcon_pkg']
[11.376s] Level 1:colcon.colcon_core.package_identification:_identify(.) by extension 'colcon_pkg'
[11.376s] Level 1:colcon.colcon_core.package_identification:_identify(.) by extensions ['colcon_meta']
[11.376s] Level 1:colcon.colcon_core.package_identification:_identify(.) by extension 'colcon_meta'
[11.377s] Level 1:colcon.colcon_core.package_identification:_identify(.) by extensions ['ros']
[11.377s] Level 1:colcon.colcon_core.package_identification:_identify(.) by extension 'ros'
[11.667s] Level 1:colcon.colcon_core.package_identification:_identify(.) by extensions ['cmake', 'python']
[11.667s] Level 1:colcon.colcon_core.package_identification:_identify(.) by extension 'cmake'
[11.668s] Level 1:colcon.colcon_core.package_identification:_identify(.) by extension 'python'
[11.668s] Level 1:colcon.colcon_core.package_identification:_identify(.) by extensions ['python_setup_py']
[11.668s] Level 1:colcon.colcon_core.package_identification:_identify(.) by extension 'python_setup_py'
[11.669s] Level 1:colcon.colcon_core.package_identification:_identify(build) by extensions ['ignore', 'ignore_ament_install']
[11.670s] Level 1:colcon.colcon_core.package_identification:_identify(build) by extension 'ignore'
[11.670s] Level 1:colcon.colcon_core.package_identification:_identify(build) ignored
[11.671s] Level 1:colcon.colcon_core.package_identification:_identify(install) by extensions ['ignore', 'ignore_ament_install']
[11.671s] Level 1:colcon.colcon_core.package_identification:_identify(install) by extension 'ignore'
[11.671s] Level 1:colcon.colcon_core.package_identification:_identify(install) ignored
[11.671s] Level 1:colcon.colcon_core.package_identification:_identify(log) by extensions ['ignore', 'ignore_ament_install']
[11.672s] Level 1:colcon.colcon_core.package_identification:_identify(log) by extension 'ignore'
[11.672s] Level 1:colcon.colcon_core.package_identification:_identify(log) ignored
[11.672s] Level 1:colcon.colcon_core.package_identification:_identify(src) by extensions ['ignore', 'ignore_ament_install']
[11.672s] Level 1:colcon.colcon_core.package_identification:_identify(src) by extension 'ignore'
[11.673s] Level 1:colcon.colcon_core.package_identification:_identify(src) by extension 'ignore_ament_install'
[11.673s] Level 1:colcon.colcon_core.package_identification:_identify(src) by extensions ['colcon_pkg']
[11.673s] Level 1:colcon.colcon_core.package_identification:_identify(src) by extension 'colcon_pkg'
[11.673s] Level 1:colcon.colcon_core.package_identification:_identify(src) by extensions ['colcon_meta']
[11.673s] Level 1:colcon.colcon_core.package_identification:_identify(src) by extension 'colcon_meta'
[11.673s] Level 1:colcon.colcon_core.package_identification:_identify(src) by extensions ['ros']
[11.673s] Level 1:colcon.colcon_core.package_identification:_identify(src) by extension 'ros'
[11.674s] Level 1:colcon.colcon_core.package_identification:_identify(src) by extensions ['cmake', 'python']
[11.674s] Level 1:colcon.colcon_core.package_identification:_identify(src) by extension 'cmake'
[11.674s] Level 1:colcon.colcon_core.package_identification:_identify(src) by extension 'python'
[11.674s] Level 1:colcon.colcon_core.package_identification:_identify(src) by extensions ['python_setup_py']
[11.674s] Level 1:colcon.colcon_core.package_identification:_identify(src) by extension 'python_setup_py'
[11.674s] Level 1:colcon.colcon_core.package_identification:_identify(src/cpp_publisher_subscriber) by extensions ['ignore', 'ignore_ament_install']
[11.675s] Level 1:colcon.colcon_core.package_identification:_identify(src/cpp_publisher_subscriber) by extension 'ignore'
[11.675s] Level 1:colcon.colcon_core.package_identification:_identify(src/cpp_publisher_subscriber) by extension 'ignore_ament_install'
[11.675s] Level 1:colcon.colcon_core.package_identification:_identify(src/cpp_publisher_subscriber) by extensions ['colcon_pkg']
[11.675s] Level 1:colcon.colcon_core.package_identification:_identify(src/cpp_publisher_subscriber) by extension 'colcon_pkg'
[11.675s] Level 1:colcon.colcon_core.package_identification:_identify(src/cpp_publisher_subscriber) by extensions ['colcon_meta']
[11.675s] Level 1:colcon.colcon_core.package_identification:_identify(src/cpp_publisher_subscriber) by extension 'colcon_meta'
[11.675s] Level 1:colcon.colcon_core.package_identification:_identify(src/cpp_publisher_subscriber) by extensions ['ros']
[11.675s] Level 1:colcon.colcon_core.package_identification:_identify(src/cpp_publisher_subscriber) by extension 'ros'
[12.118s] DEBUG:colcon.colcon_core.package_identification:Package 'src/cpp_publisher_subscriber' with type 'ros.ament_cmake' and name 'cpp_publisher_subscriber'
[12.118s] Level 1:colcon.colcon_core.package_identification:_identify(src/custom_msg) by extensions ['ignore', 'ignore_ament_install']
[12.118s] Level 1:colcon.colcon_core.package_identification:_identify(src/custom_msg) by extension 'ignore'
[12.118s] Level 1:colcon.colcon_core.package_identification:_identify(src/custom_msg) by extension 'ignore_ament_install'
[12.119s] Level 1:colcon.colcon_core.package_identification:_identify(src/custom_msg) by extensions ['colcon_pkg']
[12.119s] Level 1:colcon.colcon_core.package_identification:_identify(src/custom_msg) by extension 'colcon_pkg'
[12.119s] Level 1:colcon.colcon_core.package_identification:_identify(src/custom_msg) by extensions ['colcon_meta']
[12.119s] Level 1:colcon.colcon_core.package_identification:_identify(src/custom_msg) by extension 'colcon_meta'
[12.119s] Level 1:colcon.colcon_core.package_identification:_identify(src/custom_msg) by extensions ['ros']
[12.120s] Level 1:colcon.colcon_core.package_identification:_identify(src/custom_msg) by extension 'ros'
[12.123s] DEBUG:colcon.colcon_core.package_identification:Package 'src/custom_msg' with type 'ros.ament_cmake' and name 'custom_msg'
[12.124s] Level 1:colcon.colcon_core.package_identification:_identify(src/my_package) by extensions ['ignore', 'ignore_ament_install']
[12.125s] Level 1:colcon.colcon_core.package_identification:_identify(src/my_package) by extension 'ignore'
[12.125s] Level 1:colcon.colcon_core.package_identification:_identify(src/my_package) by extension 'ignore_ament_install'
[12.125s] Level 1:colcon.colcon_core.package_identification:_identify(src/my_package) by extensions ['colcon_pkg']
[12.125s] Level 1:colcon.colcon_core.package_identification:_identify(src/my_package) by extension 'colcon_pkg'
[12.125s] Level 1:colcon.colcon_core.package_identification:_identify(src/my_package) by extensions ['colcon_meta']
[12.125s] Level 1:colcon.colcon_core.package_identification:_identify(src/my_package) by extension 'colcon_meta'
[12.126s] Level 1:colcon.colcon_core.package_identification:_identify(src/my_package) by extensions ['ros']
[12.126s] Level 1:colcon.colcon_core.package_identification:_identify(src/my_package) by extension 'ros'
[12.127s] DEBUG:colcon.colcon_core.package_identification:Package 'src/my_package' with type 'ros.ament_cmake' and name 'my_package'
[12.127s] Level 1:colcon.colcon_core.package_identification:_identify(src/node1) by extensions ['ignore', 'ignore_ament_install']
[12.127s] Level 1:colcon.colcon_core.package_identification:_identify(src/node1) by extension 'ignore'
[12.127s] Level 1:colcon.colcon_core.package_identification:_identify(src/node1) by extension 'ignore_ament_install'
[12.128s] Level 1:colcon.colcon_core.package_identification:_identify(src/node1) by extensions ['colcon_pkg']
[12.128s] Level 1:colcon.colcon_core.package_identification:_identify(src/node1) by extension 'colcon_pkg'
[12.128s] Level 1:colcon.colcon_core.package_identification:_identify(src/node1) by extensions ['colcon_meta']
[12.128s] Level 1:colcon.colcon_core.package_identification:_identify(src/node1) by extension 'colcon_meta'
[12.128s] Level 1:colcon.colcon_core.package_identification:_identify(src/node1) by extensions ['ros']
[12.128s] Level 1:colcon.colcon_core.package_identification:_identify(src/node1) by extension 'ros'
[12.129s] DEBUG:colcon.colcon_core.package_identification:Package 'src/node1' with type 'ros.ament_cmake' and name 'node1'
[12.130s] Level 1:colcon.colcon_core.package_identification:_identify(src/publisher_subscriber_custom_msg) by extensions ['ignore', 'ignore_ament_install']
[12.130s] Level 1:colcon.colcon_core.package_identification:_identify(src/publisher_subscriber_custom_msg) by extension 'ignore'
[12.130s] Level 1:colcon.colcon_core.package_identification:_identify(src/publisher_subscriber_custom_msg) by extension 'ignore_ament_install'
[12.130s] Level 1:colcon.colcon_core.package_identification:_identify(src/publisher_subscriber_custom_msg) by extensions ['colcon_pkg']
[12.130s] Level 1:colcon.colcon_core.package_identification:_identify(src/publisher_subscriber_custom_msg) by extension 'colcon_pkg'
[12.130s] Level 1:colcon.colcon_core.package_identification:_identify(src/publisher_subscriber_custom_msg) by extensions ['colcon_meta']
[12.131s] Level 1:colcon.colcon_core.package_identification:_identify(src/publisher_subscriber_custom_msg) by extension 'colcon_meta'
[12.131s] Level 1:colcon.colcon_core.package_identification:_identify(src/publisher_subscriber_custom_msg) by extensions ['ros']
[12.131s] Level 1:colcon.colcon_core.package_identification:_identify(src/publisher_subscriber_custom_msg) by extension 'ros'
[12.284s] DEBUG:colcon.colcon_core.package_identification:Package 'src/publisher_subscriber_custom_msg' with type 'ros.ament_cmake' and name 'publisher_subscriber_custom_msg'
[12.285s] Level 1:colcon.colcon_core.package_identification:_identify(src/publisher_subscriber_r) by extensions ['ignore', 'ignore_ament_install']
[12.285s] Level 1:colcon.colcon_core.package_identification:_identify(src/publisher_subscriber_r) by extension 'ignore'
[12.285s] Level 1:colcon.colcon_core.package_identification:_identify(src/publisher_subscriber_r) by extension 'ignore_ament_install'
[12.285s] Level 1:colcon.colcon_core.package_identification:_identify(src/publisher_subscriber_r) by extensions ['colcon_pkg']
[12.285s] Level 1:colcon.colcon_core.package_identification:_identify(src/publisher_subscriber_r) by extension 'colcon_pkg'
[12.286s] Level 1:colcon.colcon_core.package_identification:_identify(src/publisher_subscriber_r) by extensions ['colcon_meta']
[12.286s] Level 1:colcon.colcon_core.package_identification:_identify(src/publisher_subscriber_r) by extension 'colcon_meta'
[12.287s] Level 1:colcon.colcon_core.package_identification:_identify(src/publisher_subscriber_r) by extensions ['ros']
[12.288s] Level 1:colcon.colcon_core.package_identification:_identify(src/publisher_subscriber_r) by extension 'ros'
[12.290s] DEBUG:colcon.colcon_core.package_identification:Package 'src/publisher_subscriber_r' with type 'ros.ament_python' and name 'publisher_subscriber_r'
[12.290s] Level 1:colcon.colcon_core.package_discovery:discover_packages(recursive) using defaults
[12.290s] Level 1:colcon.colcon_core.package_discovery:discover_packages(ignore) discover
[12.290s] Level 1:colcon.colcon_core.package_discovery:discover_packages(ignore) using defaults
[12.290s] Level 1:colcon.colcon_core.package_discovery:discover_packages(path) discover
[12.291s] Level 1:colcon.colcon_core.package_discovery:discover_packages(path) using defaults
[13.521s] Level 1:colcon.colcon_core.package_discovery:discover_packages(prefix_path) check parameters
[13.521s] Level 1:colcon.colcon_core.package_discovery:discover_packages(prefix_path) discover
[13.779s] DEBUG:colcon.colcon_installed_package_information.package_discovery:Found 8 installed packages in /home/luisf/robot2_ws/install
[13.782s] DEBUG:colcon.colcon_installed_package_information.package_discovery:Found 266 installed packages in /opt/ros/foxy
[13.785s] Level 1:colcon.colcon_core.package_discovery:discover_packages(prefix_path) using defaults
[22.156s] Level 5:colcon.colcon_core.verb:set package 'cpp_publisher_subscriber' build argument 'cmake_args' from command line to 'None'
[22.156s] Level 5:colcon.colcon_core.verb:set package 'cpp_publisher_subscriber' build argument 'cmake_target' from command line to 'None'
[22.156s] Level 5:colcon.colcon_core.verb:set package 'cpp_publisher_subscriber' build argument 'cmake_target_skip_unavailable' from command line to 'False'
[22.157s] Level 5:colcon.colcon_core.verb:set package 'cpp_publisher_subscriber' build argument 'cmake_clean_cache' from command line to 'False'
[22.157s] Level 5:colcon.colcon_core.verb:set package 'cpp_publisher_subscriber' build argument 'cmake_clean_first' from command line to 'False'
[22.157s] Level 5:colcon.colcon_core.verb:set package 'cpp_publisher_subscriber' build argument 'cmake_force_configure' from command line to 'False'
[22.157s] Level 5:colcon.colcon_core.verb:set package 'cpp_publisher_subscriber' build argument 'ament_cmake_args' from command line to 'None'
[22.157s] Level 5:colcon.colcon_core.verb:set package 'cpp_publisher_subscriber' build argument 'catkin_cmake_args' from command line to 'None'
[22.157s] Level 5:colcon.colcon_core.verb:set package 'cpp_publisher_subscriber' build argument 'catkin_skip_building_tests' from command line to 'False'
[22.157s] DEBUG:colcon.colcon_core.verb:Building package 'cpp_publisher_subscriber' with the following arguments: {'ament_cmake_args': None, 'build_base': '/home/luisf/robot2_ws/build/cpp_publisher_subscriber', 'catkin_cmake_args': None, 'catkin_skip_building_tests': False, 'cmake_args': None, 'cmake_clean_cache': False, 'cmake_clean_first': False, 'cmake_force_configure': False, 'cmake_target': None, 'cmake_target_skip_unavailable': False, 'install_base': '/home/luisf/robot2_ws/install/cpp_publisher_subscriber', 'merge_install': False, 'path': '/home/luisf/robot2_ws/src/cpp_publisher_subscriber', 'symlink_install': True, 'test_result_base': None}
[22.159s] Level 5:colcon.colcon_core.verb:set package 'custom_msg' build argument 'cmake_args' from command line to 'None'
[22.159s] Level 5:colcon.colcon_core.verb:set package 'custom_msg' build argument 'cmake_target' from command line to 'None'
[22.159s] Level 5:colcon.colcon_core.verb:set package 'custom_msg' build argument 'cmake_target_skip_unavailable' from command line to 'False'
[22.159s] Level 5:colcon.colcon_core.verb:set package 'custom_msg' build argument 'cmake_clean_cache' from command line to 'False'
[22.159s] Level 5:colcon.colcon_core.verb:set package 'custom_msg' build argument 'cmake_clean_first' from command line to 'False'
[22.159s] Level 5:colcon.colcon_core.verb:set package 'custom_msg' build argument 'cmake_force_configure' from command line to 'False'
[22.159s] Level 5:colcon.colcon_core.verb:set package 'custom_msg' build argument 'ament_cmake_args' from command line to 'None'
[22.159s] Level 5:colcon.colcon_core.verb:set package 'custom_msg' build argument 'catkin_cmake_args' from command line to 'None'
[22.159s] Level 5:colcon.colcon_core.verb:set package 'custom_msg' build argument 'catkin_skip_building_tests' from command line to 'False'
[22.159s] DEBUG:colcon.colcon_core.verb:Building package 'custom_msg' with the following arguments: {'ament_cmake_args': None, 'build_base': '/home/luisf/robot2_ws/build/custom_msg', 'catkin_cmake_args': None, 'catkin_skip_building_tests': False, 'cmake_args': None, 'cmake_clean_cache': False, 'cmake_clean_first': False, 'cmake_force_configure': False, 'cmake_target': None, 'cmake_target_skip_unavailable': False, 'install_base': '/home/luisf/robot2_ws/install/custom_msg', 'merge_install': False, 'path': '/home/luisf/robot2_ws/src/custom_msg', 'symlink_install': True, 'test_result_base': None}
[22.161s] Level 5:colcon.colcon_core.verb:set package 'my_package' build argument 'cmake_args' from command line to 'None'
[22.161s] Level 5:colcon.colcon_core.verb:set package 'my_package' build argument 'cmake_target' from command line to 'None'
[22.161s] Level 5:colcon.colcon_core.verb:set package 'my_package' build argument 'cmake_target_skip_unavailable' from command line to 'False'
[22.161s] Level 5:colcon.colcon_core.verb:set package 'my_package' build argument 'cmake_clean_cache' from command line to 'False'
[22.162s] Level 5:colcon.colcon_core.verb:set package 'my_package' build argument 'cmake_clean_first' from command line to 'False'
[22.162s] Level 5:colcon.colcon_core.verb:set package 'my_package' build argument 'cmake_force_configure' from command line to 'False'
[22.162s] Level 5:colcon.colcon_core.verb:set package 'my_package' build argument 'ament_cmake_args' from command line to 'None'
[22.162s] Level 5:colcon.colcon_core.verb:set package 'my_package' build argument 'catkin_cmake_args' from command line to 'None'
[22.162s] Level 5:colcon.colcon_core.verb:set package 'my_package' build argument 'catkin_skip_building_tests' from command line to 'False'
[22.162s] DEBUG:colcon.colcon_core.verb:Building package 'my_package' with the following arguments: {'ament_cmake_args': None, 'build_base': '/home/luisf/robot2_ws/build/my_package', 'catkin_cmake_args': None, 'catkin_skip_building_tests': False, 'cmake_args': None, 'cmake_clean_cache': False, 'cmake_clean_first': False, 'cmake_force_configure': False, 'cmake_target': None, 'cmake_target_skip_unavailable': False, 'install_base': '/home/luisf/robot2_ws/install/my_package', 'merge_install': False, 'path': '/home/luisf/robot2_ws/src/my_package', 'symlink_install': True, 'test_result_base': None}
[22.164s] Level 5:colcon.colcon_core.verb:set package 'node1' build argument 'cmake_args' from command line to 'None'
[22.165s] Level 5:colcon.colcon_core.verb:set package 'node1' build argument 'cmake_target' from command line to 'None'
[22.165s] Level 5:colcon.colcon_core.verb:set package 'node1' build argument 'cmake_target_skip_unavailable' from command line to 'False'
[22.165s] Level 5:colcon.colcon_core.verb:set package 'node1' build argument 'cmake_clean_cache' from command line to 'False'
[22.165s] Level 5:colcon.colcon_core.verb:set package 'node1' build argument 'cmake_clean_first' from command line to 'False'
[22.165s] Level 5:colcon.colcon_core.verb:set package 'node1' build argument 'cmake_force_configure' from command line to 'False'
[22.165s] Level 5:colcon.colcon_core.verb:set package 'node1' build argument 'ament_cmake_args' from command line to 'None'
[22.165s] Level 5:colcon.colcon_core.verb:set package 'node1' build argument 'catkin_cmake_args' from command line to 'None'
[22.165s] Level 5:colcon.colcon_core.verb:set package 'node1' build argument 'catkin_skip_building_tests' from command line to 'False'
[22.165s] DEBUG:colcon.colcon_core.verb:Building package 'node1' with the following arguments: {'ament_cmake_args': None, 'build_base': '/home/luisf/robot2_ws/build/node1', 'catkin_cmake_args': None, 'catkin_skip_building_tests': False, 'cmake_args': None, 'cmake_clean_cache': False, 'cmake_clean_first': False, 'cmake_force_configure': False, 'cmake_target': None, 'cmake_target_skip_unavailable': False, 'install_base': '/home/luisf/robot2_ws/install/node1', 'merge_install': False, 'path': '/home/luisf/robot2_ws/src/node1', 'symlink_install': True, 'test_result_base': None}
[22.167s] Level 5:colcon.colcon_core.verb:set package 'publisher_subscriber_r' build argument 'cmake_args' from command line to 'None'
[22.167s] Level 5:colcon.colcon_core.verb:set package 'publisher_subscriber_r' build argument 'cmake_target' from command line to 'None'
[22.167s] Level 5:colcon.colcon_core.verb:set package 'publisher_subscriber_r' build argument 'cmake_target_skip_unavailable' from command line to 'False'
[22.167s] Level 5:colcon.colcon_core.verb:set package 'publisher_subscriber_r' build argument 'cmake_clean_cache' from command line to 'False'
[22.167s] Level 5:colcon.colcon_core.verb:set package 'publisher_subscriber_r' build argument 'cmake_clean_first' from command line to 'False'
[22.167s] Level 5:colcon.colcon_core.verb:set package 'publisher_subscriber_r' build argument 'cmake_force_configure' from command line to 'False'
[22.167s] Level 5:colcon.colcon_core.verb:set package 'publisher_subscriber_r' build argument 'ament_cmake_args' from command line to 'None'
[22.167s] Level 5:colcon.colcon_core.verb:set package 'publisher_subscriber_r' build argument 'catkin_cmake_args' from command line to 'None'
[22.167s] Level 5:colcon.colcon_core.verb:set package 'publisher_subscriber_r' build argument 'catkin_skip_building_tests' from command line to 'False'
[22.168s] DEBUG:colcon.colcon_core.verb:Building package 'publisher_subscriber_r' with the following arguments: {'ament_cmake_args': None, 'build_base': '/home/luisf/robot2_ws/build/publisher_subscriber_r', 'catkin_cmake_args': None, 'catkin_skip_building_tests': False, 'cmake_args': None, 'cmake_clean_cache': False, 'cmake_clean_first': False, 'cmake_force_configure': False, 'cmake_target': None, 'cmake_target_skip_unavailable': False, 'install_base': '/home/luisf/robot2_ws/install/publisher_subscriber_r', 'merge_install': False, 'path': '/home/luisf/robot2_ws/src/publisher_subscriber_r', 'symlink_install': True, 'test_result_base': None}
[22.169s] Level 5:colcon.colcon_core.verb:set package 'publisher_subscriber_custom_msg' build argument 'cmake_args' from command line to 'None'
[22.170s] Level 5:colcon.colcon_core.verb:set package 'publisher_subscriber_custom_msg' build argument 'cmake_target' from command line to 'None'
[22.170s] Level 5:colcon.colcon_core.verb:set package 'publisher_subscriber_custom_msg' build argument 'cmake_target_skip_unavailable' from command line to 'False'
[22.170s] Level 5:colcon.colcon_core.verb:set package 'publisher_subscriber_custom_msg' build argument 'cmake_clean_cache' from command line to 'False'
[22.170s] Level 5:colcon.colcon_core.verb:set package 'publisher_subscriber_custom_msg' build argument 'cmake_clean_first' from command line to 'False'
[22.170s] Level 5:colcon.colcon_core.verb:set package 'publisher_subscriber_custom_msg' build argument 'cmake_force_configure' from command line to 'False'
[22.170s] Level 5:colcon.colcon_core.verb:set package 'publisher_subscriber_custom_msg' build argument 'ament_cmake_args' from command line to 'None'
[22.170s] Level 5:colcon.colcon_core.verb:set package 'publisher_subscriber_custom_msg' build argument 'catkin_cmake_args' from command line to 'None'
[22.170s] Level 5:colcon.colcon_core.verb:set package 'publisher_subscriber_custom_msg' build argument 'catkin_skip_building_tests' from command line to 'False'
[22.170s] DEBUG:colcon.colcon_core.verb:Building package 'publisher_subscriber_custom_msg' with the following arguments: {'ament_cmake_args': None, 'build_base': '/home/luisf/robot2_ws/build/publisher_subscriber_custom_msg', 'catkin_cmake_args': None, 'catkin_skip_building_tests': False, 'cmake_args': None, 'cmake_clean_cache': False, 'cmake_clean_first': False, 'cmake_force_configure': False, 'cmake_target': None, 'cmake_target_skip_unavailable': False, 'install_base': '/home/luisf/robot2_ws/install/publisher_subscriber_custom_msg', 'merge_install': False, 'path': '/home/luisf/robot2_ws/src/publisher_subscriber_custom_msg', 'symlink_install': True, 'test_result_base': None}
[22.171s] INFO:colcon.colcon_core.executor:Executing jobs using 'parallel' executor
[22.178s] DEBUG:colcon.colcon_parallel_executor.executor.parallel:run_until_complete
[22.178s] INFO:colcon.colcon_ros.task.ament_cmake.build:Building ROS package in '/home/luisf/robot2_ws/src/custom_msg' with build type 'ament_cmake'
[22.179s] INFO:colcon.colcon_cmake.task.cmake.build:Building CMake package in '/home/luisf/robot2_ws/src/custom_msg'
[22.272s] INFO:colcon.colcon_core.plugin_system:Skipping extension 'colcon_core.shell.bat': Not used on non-Windows systems
[22.272s] INFO:colcon.colcon_core.shell:Skip shell extension 'powershell' for command environment: Not usable outside of PowerShell
[22.272s] DEBUG:colcon.colcon_core.shell:Skip shell extension 'dsv' for command environment
[22.404s] INFO:colcon.colcon_ros.task.ament_cmake.build:Building ROS package in '/home/luisf/robot2_ws/src/cpp_publisher_subscriber' with build type 'ament_cmake'
[22.405s] INFO:colcon.colcon_cmake.task.cmake.build:Building CMake package in '/home/luisf/robot2_ws/src/cpp_publisher_subscriber'
[22.408s] INFO:colcon.colcon_core.shell:Skip shell extension 'powershell' for command environment: Not usable outside of PowerShell
[22.408s] DEBUG:colcon.colcon_core.shell:Skip shell extension 'dsv' for command environment
[22.420s] INFO:colcon.colcon_ros.task.ament_cmake.build:Building ROS package in '/home/luisf/robot2_ws/src/my_package' with build type 'ament_cmake'
[22.421s] INFO:colcon.colcon_cmake.task.cmake.build:Building CMake package in '/home/luisf/robot2_ws/src/my_package'
[22.424s] INFO:colcon.colcon_core.shell:Skip shell extension 'powershell' for command environment: Not usable outside of PowerShell
[22.424s] DEBUG:colcon.colcon_core.shell:Skip shell extension 'dsv' for command environment
[22.438s] INFO:colcon.colcon_ros.task.ament_cmake.build:Building ROS package in '/home/luisf/robot2_ws/src/node1' with build type 'ament_cmake'
[22.439s] INFO:colcon.colcon_cmake.task.cmake.build:Building CMake package in '/home/luisf/robot2_ws/src/node1'
[22.442s] INFO:colcon.colcon_core.shell:Skip shell extension 'powershell' for command environment: Not usable outside of PowerShell
[22.443s] DEBUG:colcon.colcon_core.shell:Skip shell extension 'dsv' for command environment
[22.510s] DEBUG:colcon.colcon_core.event_handler.log_command:Invoking command in '/home/luisf/robot2_ws/build/custom_msg': CMAKE_PREFIX_PATH=${CMAKE_PREFIX_PATH}:/home/luisf/robot2_ws/install/publisher_subscriber_r:/home/luisf/robot2_ws/install/program2:/opt/ros/foxy /usr/bin/cmake --build /home/luisf/robot2_ws/build/custom_msg -- -j4 -l4
[22.854s] DEBUG:colcon.colcon_core.event_handler.log_command:Invoking command in '/home/luisf/robot2_ws/build/cpp_publisher_subscriber': CMAKE_PREFIX_PATH=${CMAKE_PREFIX_PATH}:/home/luisf/robot2_ws/install/publisher_subscriber_r:/home/luisf/robot2_ws/install/program2:/opt/ros/foxy /usr/bin/cmake --build /home/luisf/robot2_ws/build/cpp_publisher_subscriber -- -j4 -l4
[22.862s] DEBUG:colcon.colcon_core.event_handler.log_command:Invoking command in '/home/luisf/robot2_ws/build/my_package': CMAKE_PREFIX_PATH=${CMAKE_PREFIX_PATH}:/home/luisf/robot2_ws/install/publisher_subscriber_r:/home/luisf/robot2_ws/install/program2:/opt/ros/foxy /usr/bin/cmake --build /home/luisf/robot2_ws/build/my_package -- -j4 -l4
[22.872s] DEBUG:colcon.colcon_core.event_handler.log_command:Invoking command in '/home/luisf/robot2_ws/build/node1': CMAKE_PREFIX_PATH=${CMAKE_PREFIX_PATH}:/home/luisf/robot2_ws/install/publisher_subscriber_r:/home/luisf/robot2_ws/install/program2:/opt/ros/foxy /usr/bin/cmake --build /home/luisf/robot2_ws/build/node1 -- -j4 -l4
[28.014s] DEBUG:colcon.colcon_core.event_handler.log_command:Invoked command in '/home/luisf/robot2_ws/build/node1' returned '0': CMAKE_PREFIX_PATH=${CMAKE_PREFIX_PATH}:/home/luisf/robot2_ws/install/publisher_subscriber_r:/home/luisf/robot2_ws/install/program2:/opt/ros/foxy /usr/bin/cmake --build /home/luisf/robot2_ws/build/node1 -- -j4 -l4
[28.079s] DEBUG:colcon.colcon_core.event_handler.log_command:Invoking command in '/home/luisf/robot2_ws/build/node1': CMAKE_PREFIX_PATH=${CMAKE_PREFIX_PATH}:/home/luisf/robot2_ws/install/publisher_subscriber_r:/home/luisf/robot2_ws/install/program2:/opt/ros/foxy /usr/bin/cmake --install /home/luisf/robot2_ws/build/node1
[28.192s] DEBUG:colcon.colcon_core.event_handler.log_command:Invoked command in '/home/luisf/robot2_ws/build/my_package' returned '0': CMAKE_PREFIX_PATH=${CMAKE_PREFIX_PATH}:/home/luisf/robot2_ws/install/publisher_subscriber_r:/home/luisf/robot2_ws/install/program2:/opt/ros/foxy /usr/bin/cmake --build /home/luisf/robot2_ws/build/my_package -- -j4 -l4
[28.236s] DEBUG:colcon.colcon_core.event_handler.log_command:Invoking command in '/home/luisf/robot2_ws/build/my_package': CMAKE_PREFIX_PATH=${CMAKE_PREFIX_PATH}:/home/luisf/robot2_ws/install/publisher_subscriber_r:/home/luisf/robot2_ws/install/program2:/opt/ros/foxy /usr/bin/cmake --install /home/luisf/robot2_ws/build/my_package
[28.273s] Level 1:colcon.colcon_core.environment:create_environment_scripts_only(node1)
[28.275s] DEBUG:colcon.colcon_core.event_handler.log_command:Invoked command in '/home/luisf/robot2_ws/build/node1' returned '0': CMAKE_PREFIX_PATH=${CMAKE_PREFIX_PATH}:/home/luisf/robot2_ws/install/publisher_subscriber_r:/home/luisf/robot2_ws/install/program2:/opt/ros/foxy /usr/bin/cmake --install /home/luisf/robot2_ws/build/node1
[28.541s] Level 1:colcon.colcon_core.environment:checking '/home/luisf/robot2_ws/install/node1' for CMake module files
[28.542s] Level 1:colcon.colcon_core.environment:checking '/home/luisf/robot2_ws/install/node1' for CMake config files
[28.543s] Level 1:colcon.colcon_core.shell:create_environment_hook('node1', 'cmake_prefix_path')
[28.546s] INFO:colcon.colcon_core.shell:Creating environment hook '/home/luisf/robot2_ws/install/node1/share/node1/hook/cmake_prefix_path.ps1'
[28.577s] INFO:colcon.colcon_core.shell:Creating environment descriptor '/home/luisf/robot2_ws/install/node1/share/node1/hook/cmake_prefix_path.dsv'
[28.580s] INFO:colcon.colcon_core.shell:Creating environment hook '/home/luisf/robot2_ws/install/node1/share/node1/hook/cmake_prefix_path.sh'
[28.615s] Level 1:colcon.colcon_core.environment:checking '/home/luisf/robot2_ws/install/node1/bin'
[28.616s] Level 1:colcon.colcon_core.environment:checking '/home/luisf/robot2_ws/install/node1/lib/pkgconfig/node1.pc'
[28.616s] Level 1:colcon.colcon_core.environment:checking '/home/luisf/robot2_ws/install/node1/lib/python3.8/site-packages'
[28.617s] Level 1:colcon.colcon_core.environment:checking '/home/luisf/robot2_ws/install/node1/bin'
[28.622s] INFO:colcon.colcon_core.shell:Creating package script '/home/luisf/robot2_ws/install/node1/share/node1/package.ps1'
[28.624s] INFO:colcon.colcon_core.shell:Creating package descriptor '/home/luisf/robot2_ws/install/node1/share/node1/package.dsv'
[28.625s] INFO:colcon.colcon_core.shell:Creating package script '/home/luisf/robot2_ws/install/node1/share/node1/package.sh'
[28.628s] INFO:colcon.colcon_core.shell:Creating package script '/home/luisf/robot2_ws/install/node1/share/node1/package.bash'
[28.655s] INFO:colcon.colcon_core.shell:Creating package script '/home/luisf/robot2_ws/install/node1/share/node1/package.zsh'
[28.683s] Level 1:colcon.colcon_core.environment:create_file_with_runtime_dependencies(/home/luisf/robot2_ws/install/node1/share/colcon-core/packages/node1)
[28.694s] Level 1:colcon.colcon_core.environment:create_environment_scripts_only(my_package)
[28.707s] DEBUG:colcon.colcon_core.event_handler.log_command:Invoked command in '/home/luisf/robot2_ws/build/my_package' returned '0': CMAKE_PREFIX_PATH=${CMAKE_PREFIX_PATH}:/home/luisf/robot2_ws/install/publisher_subscriber_r:/home/luisf/robot2_ws/install/program2:/opt/ros/foxy /usr/bin/cmake --install /home/luisf/robot2_ws/build/my_package
[28.709s] Level 1:colcon.colcon_core.environment:checking '/home/luisf/robot2_ws/install/my_package' for CMake module files
[28.710s] Level 1:colcon.colcon_core.environment:checking '/home/luisf/robot2_ws/install/my_package' for CMake config files
[28.711s] Level 1:colcon.colcon_core.shell:create_environment_hook('my_package', 'cmake_prefix_path')
[28.720s] INFO:colcon.colcon_core.shell:Creating environment hook '/home/luisf/robot2_ws/install/my_package/share/my_package/hook/cmake_prefix_path.ps1'
[28.722s] INFO:colcon.colcon_core.shell:Creating environment descriptor '/home/luisf/robot2_ws/install/my_package/share/my_package/hook/cmake_prefix_path.dsv'
[28.723s] INFO:colcon.colcon_core.shell:Creating environment hook '/home/luisf/robot2_ws/install/my_package/share/my_package/hook/cmake_prefix_path.sh'
[28.725s] Level 1:colcon.colcon_core.environment:checking '/home/luisf/robot2_ws/install/my_package/lib'
[28.726s] Level 1:colcon.colcon_core.environment:checking '/home/luisf/robot2_ws/install/my_package/bin'
[28.726s] Level 1:colcon.colcon_core.environment:checking '/home/luisf/robot2_ws/install/my_package/lib/pkgconfig/my_package.pc'
[28.728s] Level 1:colcon.colcon_core.environment:checking '/home/luisf/robot2_ws/install/my_package/lib/python3.8/site-packages'
[28.728s] Level 1:colcon.colcon_core.environment:checking '/home/luisf/robot2_ws/install/my_package/bin'
[28.733s] INFO:colcon.colcon_core.shell:Creating package script '/home/luisf/robot2_ws/install/my_package/share/my_package/package.ps1'
[28.734s] INFO:colcon.colcon_core.shell:Creating package descriptor '/home/luisf/robot2_ws/install/my_package/share/my_package/package.dsv'
[28.735s] INFO:colcon.colcon_core.shell:Creating package script '/home/luisf/robot2_ws/install/my_package/share/my_package/package.sh'
[28.736s] INFO:colcon.colcon_core.shell:Creating package script '/home/luisf/robot2_ws/install/my_package/share/my_package/package.bash'
[28.737s] INFO:colcon.colcon_core.shell:Creating package script '/home/luisf/robot2_ws/install/my_package/share/my_package/package.zsh'
[28.738s] Level 1:colcon.colcon_core.environment:create_file_with_runtime_dependencies(/home/luisf/robot2_ws/install/my_package/share/colcon-core/packages/my_package)
[28.755s] Level 1:colcon.colcon_core.environment:create_environment_scripts_only(node1)
[28.760s] Level 1:colcon.colcon_core.environment:checking '/home/luisf/robot2_ws/install/node1' for CMake module files
[28.762s] Level 1:colcon.colcon_core.environment:checking '/home/luisf/robot2_ws/install/node1' for CMake config files
[28.762s] Level 1:colcon.colcon_core.shell:create_environment_hook('node1', 'cmake_prefix_path')
[28.767s] INFO:colcon.colcon_core.shell:Creating environment hook '/home/luisf/robot2_ws/install/node1/share/node1/hook/cmake_prefix_path.ps1'
[28.768s] INFO:colcon.colcon_core.shell:Creating environment descriptor '/home/luisf/robot2_ws/install/node1/share/node1/hook/cmake_prefix_path.dsv'
[28.769s] INFO:colcon.colcon_core.shell:Creating environment hook '/home/luisf/robot2_ws/install/node1/share/node1/hook/cmake_prefix_path.sh'
[28.771s] Level 1:colcon.colcon_core.environment:checking '/home/luisf/robot2_ws/install/node1/bin'
[28.771s] Level 1:colcon.colcon_core.environment:checking '/home/luisf/robot2_ws/install/node1/lib/pkgconfig/node1.pc'
[28.772s] Level 1:colcon.colcon_core.environment:checking '/home/luisf/robot2_ws/install/node1/lib/python3.8/site-packages'
[28.772s] Level 1:colcon.colcon_core.environment:checking '/home/luisf/robot2_ws/install/node1/bin'
[28.775s] INFO:colcon.colcon_core.shell:Creating package script '/home/luisf/robot2_ws/install/node1/share/node1/package.ps1'
[28.776s] INFO:colcon.colcon_core.shell:Creating package descriptor '/home/luisf/robot2_ws/install/node1/share/node1/package.dsv'
[28.777s] INFO:colcon.colcon_core.shell:Creating package script '/home/luisf/robot2_ws/install/node1/share/node1/package.sh'
[28.778s] INFO:colcon.colcon_core.shell:Creating package script '/home/luisf/robot2_ws/install/node1/share/node1/package.bash'
[28.779s] INFO:colcon.colcon_core.shell:Creating package script '/home/luisf/robot2_ws/install/node1/share/node1/package.zsh'
[28.780s] Level 1:colcon.colcon_core.environment:create_file_with_runtime_dependencies(/home/luisf/robot2_ws/install/node1/share/colcon-core/packages/node1)
[28.782s] INFO:colcon.colcon_ros.task.ament_python.build:Building ROS package in '/home/luisf/robot2_ws/src/publisher_subscriber_r' with build type 'ament_python'
[28.783s] Level 1:colcon.colcon_core.shell:create_environment_hook('publisher_subscriber_r', 'ament_prefix_path')
[28.786s] INFO:colcon.colcon_core.shell:Creating environment hook '/home/luisf/robot2_ws/install/publisher_subscriber_r/share/publisher_subscriber_r/hook/ament_prefix_path.ps1'
[28.805s] INFO:colcon.colcon_core.shell:Creating environment descriptor '/home/luisf/robot2_ws/install/publisher_subscriber_r/share/publisher_subscriber_r/hook/ament_prefix_path.dsv'
[28.806s] INFO:colcon.colcon_core.shell:Creating environment hook '/home/luisf/robot2_ws/install/publisher_subscriber_r/share/publisher_subscriber_r/hook/ament_prefix_path.sh'
[28.809s] INFO:colcon.colcon_core.shell:Skip shell extension 'powershell' for command environment: Not usable outside of PowerShell
[28.809s] DEBUG:colcon.colcon_core.shell:Skip shell extension 'dsv' for command environment
[28.826s] Level 1:colcon.colcon_core.environment:create_environment_scripts_only(my_package)
[28.830s] Level 1:colcon.colcon_core.environment:checking '/home/luisf/robot2_ws/install/my_package' for CMake module files
[28.831s] Level 1:colcon.colcon_core.environment:checking '/home/luisf/robot2_ws/install/my_package' for CMake config files
[28.831s] Level 1:colcon.colcon_core.shell:create_environment_hook('my_package', 'cmake_prefix_path')
[28.834s] INFO:colcon.colcon_core.shell:Creating environment hook '/home/luisf/robot2_ws/install/my_package/share/my_package/hook/cmake_prefix_path.ps1'
[28.835s] INFO:colcon.colcon_core.shell:Creating environment descriptor '/home/luisf/robot2_ws/install/my_package/share/my_package/hook/cmake_prefix_path.dsv'
[28.836s] INFO:colcon.colcon_core.shell:Creating environment hook '/home/luisf/robot2_ws/install/my_package/share/my_package/hook/cmake_prefix_path.sh'
[28.838s] Level 1:colcon.colcon_core.environment:checking '/home/luisf/robot2_ws/install/my_package/lib'
[28.838s] Level 1:colcon.colcon_core.environment:checking '/home/luisf/robot2_ws/install/my_package/bin'
[28.838s] Level 1:colcon.colcon_core.environment:checking '/home/luisf/robot2_ws/install/my_package/lib/pkgconfig/my_package.pc'
[28.839s] Level 1:colcon.colcon_core.environment:checking '/home/luisf/robot2_ws/install/my_package/lib/python3.8/site-packages'
[28.839s] Level 1:colcon.colcon_core.environment:checking '/home/luisf/robot2_ws/install/my_package/bin'
[28.842s] INFO:colcon.colcon_core.shell:Creating package script '/home/luisf/robot2_ws/install/my_package/share/my_package/package.ps1'
[28.843s] INFO:colcon.colcon_core.shell:Creating package descriptor '/home/luisf/robot2_ws/install/my_package/share/my_package/package.dsv'
[28.844s] INFO:colcon.colcon_core.shell:Creating package script '/home/luisf/robot2_ws/install/my_package/share/my_package/package.sh'
[28.846s] INFO:colcon.colcon_core.shell:Creating package script '/home/luisf/robot2_ws/install/my_package/share/my_package/package.bash'
[28.847s] INFO:colcon.colcon_core.shell:Creating package script '/home/luisf/robot2_ws/install/my_package/share/my_package/package.zsh'
[28.848s] Level 1:colcon.colcon_core.environment:create_file_with_runtime_dependencies(/home/luisf/robot2_ws/install/my_package/share/colcon-core/packages/my_package)
[29.500s] INFO:colcon.colcon_core.task.python.build:Building Python package in '/home/luisf/robot2_ws/src/publisher_subscriber_r'
[29.504s] INFO:colcon.colcon_core.shell:Skip shell extension 'powershell' for command environment: Not usable outside of PowerShell
[29.504s] DEBUG:colcon.colcon_core.shell:Skip shell extension 'dsv' for command environment
[32.828s] DEBUG:colcon.colcon_core.event_handler.log_command:Invoking command in '/home/luisf/robot2_ws/build/publisher_subscriber_r': PYTHONPATH=/home/luisf/robot2_ws/build/publisher_subscriber_r/prefix_override:/home/luisf/robot2_ws/install/publisher_subscriber_r/lib/python3.8/site-packages:${PYTHONPATH} /usr/bin/python3 setup.py develop --editable --build-directory /home/luisf/robot2_ws/build/publisher_subscriber_r/build --no-deps install_data
[34.256s] Level 1:colcon.colcon_core.shell:create_environment_hook('publisher_subscriber_r', 'pythonpath_develop')
[34.259s] INFO:colcon.colcon_core.shell:Creating environment hook '/home/luisf/robot2_ws/build/publisher_subscriber_r/share/publisher_subscriber_r/hook/pythonpath_develop.ps1'
[34.260s] DEBUG:colcon.colcon_core.event_handler.log_command:Invoked command in '/home/luisf/robot2_ws/build/publisher_subscriber_r' returned '0': PYTHONPATH=/home/luisf/robot2_ws/build/publisher_subscriber_r/prefix_override:/home/luisf/robot2_ws/install/publisher_subscriber_r/lib/python3.8/site-packages:${PYTHONPATH} /usr/bin/python3 setup.py develop --editable --build-directory /home/luisf/robot2_ws/build/publisher_subscriber_r/build --no-deps install_data
[34.262s] INFO:colcon.colcon_core.shell:Creating environment descriptor '/home/luisf/robot2_ws/build/publisher_subscriber_r/share/publisher_subscriber_r/hook/pythonpath_develop.dsv'
[34.263s] INFO:colcon.colcon_core.shell:Creating environment hook '/home/luisf/robot2_ws/build/publisher_subscriber_r/share/publisher_subscriber_r/hook/pythonpath_develop.sh'
[34.271s] Level 1:colcon.colcon_core.environment:checking '/home/luisf/robot2_ws/install/publisher_subscriber_r' for CMake module files
[34.273s] Level 1:colcon.colcon_core.environment:checking '/home/luisf/robot2_ws/install/publisher_subscriber_r' for CMake config files
[34.274s] Level 1:colcon.colcon_core.environment:checking '/home/luisf/robot2_ws/install/publisher_subscriber_r/lib'
[34.275s] Level 1:colcon.colcon_core.environment:checking '/home/luisf/robot2_ws/install/publisher_subscriber_r/bin'
[34.275s] Level 1:colcon.colcon_core.environment:checking '/home/luisf/robot2_ws/install/publisher_subscriber_r/lib/pkgconfig/publisher_subscriber_r.pc'
[34.276s] Level 1:colcon.colcon_core.environment:checking '/home/luisf/robot2_ws/install/publisher_subscriber_r/lib/python3.8/site-packages'
[34.276s] Level 1:colcon.colcon_core.shell:create_environment_hook('publisher_subscriber_r', 'pythonpath')
[34.281s] INFO:colcon.colcon_core.shell:Creating environment hook '/home/luisf/robot2_ws/install/publisher_subscriber_r/share/publisher_subscriber_r/hook/pythonpath.ps1'
[34.282s] INFO:colcon.colcon_core.shell:Creating environment descriptor '/home/luisf/robot2_ws/install/publisher_subscriber_r/share/publisher_subscriber_r/hook/pythonpath.dsv'
[34.283s] INFO:colcon.colcon_core.shell:Creating environment hook '/home/luisf/robot2_ws/install/publisher_subscriber_r/share/publisher_subscriber_r/hook/pythonpath.sh'
[34.285s] Level 1:colcon.colcon_core.environment:checking '/home/luisf/robot2_ws/install/publisher_subscriber_r/bin'
[34.285s] Level 1:colcon.colcon_core.environment:create_environment_scripts_only(publisher_subscriber_r)
[34.291s] INFO:colcon.colcon_core.shell:Creating package script '/home/luisf/robot2_ws/install/publisher_subscriber_r/share/publisher_subscriber_r/package.ps1'
[34.292s] INFO:colcon.colcon_core.shell:Creating package descriptor '/home/luisf/robot2_ws/install/publisher_subscriber_r/share/publisher_subscriber_r/package.dsv'
[34.294s] INFO:colcon.colcon_core.shell:Creating package script '/home/luisf/robot2_ws/install/publisher_subscriber_r/share/publisher_subscriber_r/package.sh'
[34.295s] INFO:colcon.colcon_core.shell:Creating package script '/home/luisf/robot2_ws/install/publisher_subscriber_r/share/publisher_subscriber_r/package.bash'
[34.297s] INFO:colcon.colcon_core.shell:Creating package script '/home/luisf/robot2_ws/install/publisher_subscriber_r/share/publisher_subscriber_r/package.zsh'
[34.298s] Level 1:colcon.colcon_core.environment:create_file_with_runtime_dependencies(/home/luisf/robot2_ws/install/publisher_subscriber_r/share/colcon-core/packages/publisher_subscriber_r)
[36.596s] DEBUG:colcon.colcon_core.event_handler.log_command:Invoked command in '/home/luisf/robot2_ws/build/custom_msg' returned '0': CMAKE_PREFIX_PATH=${CMAKE_PREFIX_PATH}:/home/luisf/robot2_ws/install/publisher_subscriber_r:/home/luisf/robot2_ws/install/program2:/opt/ros/foxy /usr/bin/cmake --build /home/luisf/robot2_ws/build/custom_msg -- -j4 -l4
[36.700s] DEBUG:colcon.colcon_core.event_handler.log_command:Invoking command in '/home/luisf/robot2_ws/build/custom_msg': CMAKE_PREFIX_PATH=${CMAKE_PREFIX_PATH}:/home/luisf/robot2_ws/install/publisher_subscriber_r:/home/luisf/robot2_ws/install/program2:/opt/ros/foxy /usr/bin/cmake --install /home/luisf/robot2_ws/build/custom_msg
[36.982s] Level 1:colcon.colcon_core.environment:create_environment_scripts_only(custom_msg)
[36.986s] Level 1:colcon.colcon_core.environment:checking '/home/luisf/robot2_ws/install/custom_msg' for CMake module files
[36.988s] DEBUG:colcon.colcon_core.event_handler.log_command:Invoked command in '/home/luisf/robot2_ws/build/custom_msg' returned '0': CMAKE_PREFIX_PATH=${CMAKE_PREFIX_PATH}:/home/luisf/robot2_ws/install/publisher_subscriber_r:/home/luisf/robot2_ws/install/program2:/opt/ros/foxy /usr/bin/cmake --install /home/luisf/robot2_ws/build/custom_msg
[36.989s] Level 1:colcon.colcon_core.environment:checking '/home/luisf/robot2_ws/install/custom_msg' for CMake config files
[36.989s] Level 1:colcon.colcon_core.shell:create_environment_hook('custom_msg', 'cmake_prefix_path')
[36.994s] INFO:colcon.colcon_core.shell:Creating environment hook '/home/luisf/robot2_ws/install/custom_msg/share/custom_msg/hook/cmake_prefix_path.ps1'
[36.995s] INFO:colcon.colcon_core.shell:Creating environment descriptor '/home/luisf/robot2_ws/install/custom_msg/share/custom_msg/hook/cmake_prefix_path.dsv'
[36.997s] INFO:colcon.colcon_core.shell:Creating environment hook '/home/luisf/robot2_ws/install/custom_msg/share/custom_msg/hook/cmake_prefix_path.sh'
[36.998s] Level 1:colcon.colcon_core.environment:checking '/home/luisf/robot2_ws/install/custom_msg/lib'
[36.999s] Level 1:colcon.colcon_core.shell:create_environment_hook('custom_msg', 'ld_library_path_lib')
[37.004s] INFO:colcon.colcon_core.shell:Creating environment hook '/home/luisf/robot2_ws/install/custom_msg/share/custom_msg/hook/ld_library_path_lib.ps1'
[37.005s] INFO:colcon.colcon_core.shell:Creating environment descriptor '/home/luisf/robot2_ws/install/custom_msg/share/custom_msg/hook/ld_library_path_lib.dsv'
[37.007s] INFO:colcon.colcon_core.shell:Creating environment hook '/home/luisf/robot2_ws/install/custom_msg/share/custom_msg/hook/ld_library_path_lib.sh'
[37.008s] Level 1:colcon.colcon_core.environment:checking '/home/luisf/robot2_ws/install/custom_msg/bin'
[37.009s] Level 1:colcon.colcon_core.environment:checking '/home/luisf/robot2_ws/install/custom_msg/lib/pkgconfig/custom_msg.pc'
[37.009s] Level 1:colcon.colcon_core.environment:checking '/home/luisf/robot2_ws/install/custom_msg/lib/python3.8/site-packages'
[37.010s] Level 1:colcon.colcon_core.shell:create_environment_hook('custom_msg', 'pythonpath')
[37.014s] INFO:colcon.colcon_core.shell:Creating environment hook '/home/luisf/robot2_ws/install/custom_msg/share/custom_msg/hook/pythonpath.ps1'
[37.016s] INFO:colcon.colcon_core.shell:Creating environment descriptor '/home/luisf/robot2_ws/install/custom_msg/share/custom_msg/hook/pythonpath.dsv'
[37.017s] INFO:colcon.colcon_core.shell:Creating environment hook '/home/luisf/robot2_ws/install/custom_msg/share/custom_msg/hook/pythonpath.sh'
[37.018s] Level 1:colcon.colcon_core.environment:checking '/home/luisf/robot2_ws/install/custom_msg/bin'
[37.024s] INFO:colcon.colcon_core.shell:Creating package script '/home/luisf/robot2_ws/install/custom_msg/share/custom_msg/package.ps1'
[37.025s] INFO:colcon.colcon_core.shell:Creating package descriptor '/home/luisf/robot2_ws/install/custom_msg/share/custom_msg/package.dsv'
[37.027s] INFO:colcon.colcon_core.shell:Creating package script '/home/luisf/robot2_ws/install/custom_msg/share/custom_msg/package.sh'
[37.028s] INFO:colcon.colcon_core.shell:Creating package script '/home/luisf/robot2_ws/install/custom_msg/share/custom_msg/package.bash'
[37.029s] INFO:colcon.colcon_core.shell:Creating package script '/home/luisf/robot2_ws/install/custom_msg/share/custom_msg/package.zsh'
[37.030s] Level 1:colcon.colcon_core.environment:create_file_with_runtime_dependencies(/home/luisf/robot2_ws/install/custom_msg/share/colcon-core/packages/custom_msg)
[37.131s] Level 1:colcon.colcon_core.environment:create_environment_scripts_only(custom_msg)
[37.137s] Level 1:colcon.colcon_core.environment:checking '/home/luisf/robot2_ws/install/custom_msg' for CMake module files
[37.139s] Level 1:colcon.colcon_core.environment:checking '/home/luisf/robot2_ws/install/custom_msg' for CMake config files
[37.139s] Level 1:colcon.colcon_core.shell:create_environment_hook('custom_msg', 'cmake_prefix_path')
[37.142s] INFO:colcon.colcon_core.shell:Creating environment hook '/home/luisf/robot2_ws/install/custom_msg/share/custom_msg/hook/cmake_prefix_path.ps1'
[37.144s] INFO:colcon.colcon_core.shell:Creating environment descriptor '/home/luisf/robot2_ws/install/custom_msg/share/custom_msg/hook/cmake_prefix_path.dsv'
[37.147s] INFO:colcon.colcon_core.shell:Creating environment hook '/home/luisf/robot2_ws/install/custom_msg/share/custom_msg/hook/cmake_prefix_path.sh'
[37.149s] Level 1:colcon.colcon_core.environment:checking '/home/luisf/robot2_ws/install/custom_msg/lib'
[37.149s] Level 1:colcon.colcon_core.shell:create_environment_hook('custom_msg', 'ld_library_path_lib')
[37.155s] INFO:colcon.colcon_core.shell:Creating environment hook '/home/luisf/robot2_ws/install/custom_msg/share/custom_msg/hook/ld_library_path_lib.ps1'
[37.156s] INFO:colcon.colcon_core.shell:Creating environment descriptor '/home/luisf/robot2_ws/install/custom_msg/share/custom_msg/hook/ld_library_path_lib.dsv'
[37.157s] INFO:colcon.colcon_core.shell:Creating environment hook '/home/luisf/robot2_ws/install/custom_msg/share/custom_msg/hook/ld_library_path_lib.sh'
[37.159s] Level 1:colcon.colcon_core.environment:checking '/home/luisf/robot2_ws/install/custom_msg/bin'
[37.159s] Level 1:colcon.colcon_core.environment:checking '/home/luisf/robot2_ws/install/custom_msg/lib/pkgconfig/custom_msg.pc'
[37.160s] Level 1:colcon.colcon_core.environment:checking '/home/luisf/robot2_ws/install/custom_msg/lib/python3.8/site-packages'
[37.160s] Level 1:colcon.colcon_core.shell:create_environment_hook('custom_msg', 'pythonpath')
[37.165s] INFO:colcon.colcon_core.shell:Creating environment hook '/home/luisf/robot2_ws/install/custom_msg/share/custom_msg/hook/pythonpath.ps1'
[37.167s] INFO:colcon.colcon_core.shell:Creating environment descriptor '/home/luisf/robot2_ws/install/custom_msg/share/custom_msg/hook/pythonpath.dsv'
[37.168s] INFO:colcon.colcon_core.shell:Creating environment hook '/home/luisf/robot2_ws/install/custom_msg/share/custom_msg/hook/pythonpath.sh'
[37.169s] Level 1:colcon.colcon_core.environment:checking '/home/luisf/robot2_ws/install/custom_msg/bin'
[37.175s] INFO:colcon.colcon_core.shell:Creating package script '/home/luisf/robot2_ws/install/custom_msg/share/custom_msg/package.ps1'
[37.177s] INFO:colcon.colcon_core.shell:Creating package descriptor '/home/luisf/robot2_ws/install/custom_msg/share/custom_msg/package.dsv'
[37.178s] INFO:colcon.colcon_core.shell:Creating package script '/home/luisf/robot2_ws/install/custom_msg/share/custom_msg/package.sh'
[37.180s] INFO:colcon.colcon_core.shell:Creating package script '/home/luisf/robot2_ws/install/custom_msg/share/custom_msg/package.bash'
[37.181s] INFO:colcon.colcon_core.shell:Creating package script '/home/luisf/robot2_ws/install/custom_msg/share/custom_msg/package.zsh'
[37.182s] Level 1:colcon.colcon_core.environment:create_file_with_runtime_dependencies(/home/luisf/robot2_ws/install/custom_msg/share/colcon-core/packages/custom_msg)
[37.184s] INFO:colcon.colcon_ros.task.ament_cmake.build:Building ROS package in '/home/luisf/robot2_ws/src/publisher_subscriber_custom_msg' with build type 'ament_cmake'
[37.185s] INFO:colcon.colcon_cmake.task.cmake.build:Building CMake package in '/home/luisf/robot2_ws/src/publisher_subscriber_custom_msg'
[37.190s] INFO:colcon.colcon_core.shell:Skip shell extension 'powershell' for command environment: Not usable outside of PowerShell
[37.190s] DEBUG:colcon.colcon_core.shell:Skip shell extension 'dsv' for command environment
[37.292s] DEBUG:colcon.colcon_core.event_handler.log_command:Invoking command in '/home/luisf/robot2_ws/build/publisher_subscriber_custom_msg': CMAKE_PREFIX_PATH=/home/luisf/robot2_ws/install/custom_msg:/home/luisf/robot2_ws/install/publisher_subscriber_custom_msg:/home/luisf/robot2_ws/install/program1:/home/luisf/robot2_ws/install/node1:/home/luisf/robot2_ws/install/my_package:/home/luisf/robot2_ws/install/cpp_publisher_subscriber:/home/luisf/robot2_ws/install/publisher_subscriber_r:/home/luisf/robot2_ws/install/program2:/opt/ros/foxy /usr/bin/cmake --build /home/luisf/robot2_ws/build/publisher_subscriber_custom_msg -- -j4 -l4
[40.837s] DEBUG:colcon.colcon_core.event_handler.log_command:Invoked command in '/home/luisf/robot2_ws/build/publisher_subscriber_custom_msg' returned '2': CMAKE_PREFIX_PATH=/home/luisf/robot2_ws/install/custom_msg:/home/luisf/robot2_ws/install/publisher_subscriber_custom_msg:/home/luisf/robot2_ws/install/program1:/home/luisf/robot2_ws/install/node1:/home/luisf/robot2_ws/install/my_package:/home/luisf/robot2_ws/install/cpp_publisher_subscriber:/home/luisf/robot2_ws/install/publisher_subscriber_r:/home/luisf/robot2_ws/install/program2:/opt/ros/foxy /usr/bin/cmake --build /home/luisf/robot2_ws/build/publisher_subscriber_custom_msg -- -j4 -l4
[40.910s] Level 1:colcon.colcon_core.environment:create_environment_scripts_only(publisher_subscriber_custom_msg)
[40.917s] Level 1:colcon.colcon_core.environment:checking '/home/luisf/robot2_ws/install/publisher_subscriber_custom_msg' for CMake module files
[40.939s] Level 1:colcon.colcon_core.environment:checking '/home/luisf/robot2_ws/install/publisher_subscriber_custom_msg' for CMake config files
[40.940s] Level 1:colcon.colcon_core.shell:create_environment_hook('publisher_subscriber_custom_msg', 'cmake_prefix_path')
[40.945s] INFO:colcon.colcon_core.shell:Creating environment hook '/home/luisf/robot2_ws/install/publisher_subscriber_custom_msg/share/publisher_subscriber_custom_msg/hook/cmake_prefix_path.ps1'
[40.947s] INFO:colcon.colcon_core.shell:Creating environment descriptor '/home/luisf/robot2_ws/install/publisher_subscriber_custom_msg/share/publisher_subscriber_custom_msg/hook/cmake_prefix_path.dsv'
[40.948s] INFO:colcon.colcon_core.shell:Creating environment hook '/home/luisf/robot2_ws/install/publisher_subscriber_custom_msg/share/publisher_subscriber_custom_msg/hook/cmake_prefix_path.sh'
[40.949s] Level 1:colcon.colcon_core.environment:checking '/home/luisf/robot2_ws/install/publisher_subscriber_custom_msg/bin'
[40.950s] Level 1:colcon.colcon_core.environment:checking '/home/luisf/robot2_ws/install/publisher_subscriber_custom_msg/lib/pkgconfig/publisher_subscriber_custom_msg.pc'
[40.951s] Level 1:colcon.colcon_core.environment:checking '/home/luisf/robot2_ws/install/publisher_subscriber_custom_msg/lib/python3.8/site-packages'
[40.951s] Level 1:colcon.colcon_core.environment:checking '/home/luisf/robot2_ws/install/publisher_subscriber_custom_msg/bin'
[40.956s] INFO:colcon.colcon_core.shell:Creating package script '/home/luisf/robot2_ws/install/publisher_subscriber_custom_msg/share/publisher_subscriber_custom_msg/package.ps1'
[40.958s] INFO:colcon.colcon_core.shell:Creating package descriptor '/home/luisf/robot2_ws/install/publisher_subscriber_custom_msg/share/publisher_subscriber_custom_msg/package.dsv'
[40.960s] INFO:colcon.colcon_core.shell:Creating package script '/home/luisf/robot2_ws/install/publisher_subscriber_custom_msg/share/publisher_subscriber_custom_msg/package.sh'
[40.962s] INFO:colcon.colcon_core.shell:Creating package script '/home/luisf/robot2_ws/install/publisher_subscriber_custom_msg/share/publisher_subscriber_custom_msg/package.bash'
[40.963s] INFO:colcon.colcon_core.shell:Creating package script '/home/luisf/robot2_ws/install/publisher_subscriber_custom_msg/share/publisher_subscriber_custom_msg/package.zsh'
[40.964s] Level 1:colcon.colcon_core.environment:create_file_with_runtime_dependencies(/home/luisf/robot2_ws/install/publisher_subscriber_custom_msg/share/colcon-core/packages/publisher_subscriber_custom_msg)
[43.963s] DEBUG:colcon.colcon_parallel_executor.executor.parallel:closing loop
[43.963s] DEBUG:colcon.colcon_parallel_executor.executor.parallel:loop closed
[43.963s] DEBUG:colcon.colcon_parallel_executor.executor.parallel:run_until_complete finished with '2'
[43.963s] DEBUG:colcon.colcon_core.event_reactor:joining thread
[44.129s] INFO:colcon.colcon_core.plugin_system:Skipping extension 'colcon_notification.desktop_notification.terminal_notifier': Not used on non-Darwin systems
[44.129s] INFO:colcon.colcon_core.plugin_system:Skipping extension 'colcon_notification.desktop_notification.win32': Not used on non-Windows systems
[44.129s] INFO:colcon.colcon_notification.desktop_notification:Sending desktop notification using 'notify2'
[44.288s] DEBUG:colcon.colcon_core.event_reactor:joined thread
[44.291s] INFO:colcon.colcon_core.shell:Creating prefix script '/home/luisf/robot2_ws/install/local_setup.ps1'
[44.311s] INFO:colcon.colcon_core.shell:Creating prefix util module '/home/luisf/robot2_ws/install/_local_setup_util_ps1.py'
[44.321s] INFO:colcon.colcon_core.shell:Creating prefix chain script '/home/luisf/robot2_ws/install/setup.ps1'
[44.324s] INFO:colcon.colcon_core.shell:Creating prefix script '/home/luisf/robot2_ws/install/local_setup.sh'
[44.337s] INFO:colcon.colcon_core.shell:Creating prefix util module '/home/luisf/robot2_ws/install/_local_setup_util_sh.py'
[44.338s] INFO:colcon.colcon_core.shell:Creating prefix chain script '/home/luisf/robot2_ws/install/setup.sh'
[44.341s] INFO:colcon.colcon_core.shell:Creating prefix script '/home/luisf/robot2_ws/install/local_setup.bash'
[44.342s] INFO:colcon.colcon_core.shell:Creating prefix chain script '/home/luisf/robot2_ws/install/setup.bash'
[44.346s] INFO:colcon.colcon_core.shell:Creating prefix script '/home/luisf/robot2_ws/install/local_setup.zsh'
[44.360s] INFO:colcon.colcon_core.shell:Creating prefix chain script '/home/luisf/robot2_ws/install/setup.zsh'
