[0.093s] Invoking command in '/home/luisf/robot2_ws/build/custom_msg': CMAKE_PREFIX_PATH=${CMAKE_PREFIX_PATH}:/home/luisf/robot2_ws/install/publisher_subscriber_r:/home/luisf/robot2_ws/install/program2:/opt/ros/foxy /usr/bin/cmake --build /home/luisf/robot2_ws/build/custom_msg -- -j4 -l4
[0.307s] [  3%] Built target custom_msg__cpp
[0.545s] [ 12%] Built target custom_msg__rosidl_generator_c
[0.561s] [ 22%] Built target custom_msg__rosidl_typesupport_cpp
[0.592s] [ 32%] Built target custom_msg__rosidl_typesupport_fastrtps_cpp
[0.622s] [ 41%] Built target custom_msg__rosidl_typesupport_introspection_cpp
[0.687s] [ 51%] Built target custom_msg__rosidl_typesupport_c
[0.699s] [ 61%] Built target custom_msg__rosidl_typesupport_fastrtps_c
[0.720s] [ 70%] Built target custom_msg__rosidl_typesupport_introspection_c
[0.793s] [ 70%] Built target custom_msg
[0.891s] [ 74%] Built target custom_msg__py
[0.960s] [ 80%] Built target custom_msg__python
[1.097s] [ 87%] Built target custom_msg__rosidl_typesupport_fastrtps_c__pyext
[1.107s] [ 93%] Built target custom_msg__rosidl_typesupport_introspection_c__pyext
[1.130s] [100%] Built target custom_msg__rosidl_typesupport_c__pyext
[1.681s] Invoked command in '/home/luisf/robot2_ws/build/custom_msg' returned '0': CMAKE_PREFIX_PATH=${CMAKE_PREFIX_PATH}:/home/luisf/robot2_ws/install/publisher_subscriber_r:/home/luisf/robot2_ws/install/program2:/opt/ros/foxy /usr/bin/cmake --build /home/luisf/robot2_ws/build/custom_msg -- -j4 -l4
[1.799s] Invoking command in '/home/luisf/robot2_ws/build/custom_msg': CMAKE_PREFIX_PATH=${CMAKE_PREFIX_PATH}:/home/luisf/robot2_ws/install/publisher_subscriber_r:/home/luisf/robot2_ws/install/program2:/opt/ros/foxy /usr/bin/cmake --install /home/luisf/robot2_ws/build/custom_msg
[1.823s] -- Install configuration: ""
[1.824s] -- Execute custom install script
[1.825s] -- Up-to-date symlink: /home/luisf/robot2_ws/install/custom_msg/share/ament_index/resource_index/rosidl_interfaces/custom_msg
[1.827s] -- Up-to-date symlink: /home/luisf/robot2_ws/install/custom_msg/include/custom_msg/msg/detail/log_tf__functions.h
[1.827s] -- Up-to-date symlink: /home/luisf/robot2_ws/install/custom_msg/include/custom_msg/msg/detail/log_tf__struct.h
[1.828s] -- Up-to-date symlink: /home/luisf/robot2_ws/install/custom_msg/include/custom_msg/msg/detail/log_tf__type_support.h
[1.829s] -- Up-to-date symlink: /home/luisf/robot2_ws/install/custom_msg/include/custom_msg/msg/log_tf.h
[1.829s] -- Up-to-date symlink: /home/luisf/robot2_ws/install/custom_msg/include/custom_msg/msg/rosidl_generator_c__visibility_control.h
[1.830s] -- Up-to-date symlink: /home/luisf/robot2_ws/install/custom_msg/share/custom_msg/environment/library_path.sh
[1.831s] -- Up-to-date symlink: /home/luisf/robot2_ws/install/custom_msg/share/custom_msg/environment/library_path.dsv
[1.832s] -- Up-to-date symlink: /home/luisf/robot2_ws/install/custom_msg/include/custom_msg/msg/detail/log_tf__rosidl_typesupport_fastrtps_c.h
[1.833s] -- Up-to-date symlink: /home/luisf/robot2_ws/install/custom_msg/include/custom_msg/msg/rosidl_typesupport_fastrtps_c__visibility_control.h
[1.834s] -- Up-to-date symlink: /home/luisf/robot2_ws/install/custom_msg/lib/libcustom_msg__rosidl_typesupport_fastrtps_c.so
[1.835s] -- Up-to-date symlink: /home/luisf/robot2_ws/install/custom_msg/include/custom_msg/msg/detail/log_tf__rosidl_typesupport_fastrtps_cpp.hpp
[1.836s] -- Up-to-date symlink: /home/luisf/robot2_ws/install/custom_msg/include/custom_msg/msg/rosidl_typesupport_fastrtps_cpp__visibility_control.h
[1.837s] -- Up-to-date symlink: /home/luisf/robot2_ws/install/custom_msg/lib/libcustom_msg__rosidl_typesupport_fastrtps_cpp.so
[1.838s] -- Up-to-date symlink: /home/luisf/robot2_ws/install/custom_msg/include/custom_msg/msg/detail/log_tf__rosidl_typesupport_introspection_c.h
[1.838s] -- Up-to-date symlink: /home/luisf/robot2_ws/install/custom_msg/include/custom_msg/msg/rosidl_typesupport_introspection_c__visibility_control.h
[1.840s] -- Up-to-date symlink: /home/luisf/robot2_ws/install/custom_msg/include/custom_msg/msg/detail/log_tf__builder.hpp
[1.840s] -- Up-to-date symlink: /home/luisf/robot2_ws/install/custom_msg/include/custom_msg/msg/detail/log_tf__struct.hpp
[1.841s] -- Up-to-date symlink: /home/luisf/robot2_ws/install/custom_msg/include/custom_msg/msg/detail/log_tf__traits.hpp
[1.841s] -- Up-to-date symlink: /home/luisf/robot2_ws/install/custom_msg/include/custom_msg/msg/detail/log_tf__type_support.hpp
[1.842s] -- Up-to-date symlink: /home/luisf/robot2_ws/install/custom_msg/include/custom_msg/msg/log_tf.hpp
[1.842s] -- Up-to-date symlink: /home/luisf/robot2_ws/install/custom_msg/include/custom_msg/msg/rosidl_generator_cpp__visibility_control.hpp
[1.843s] -- Up-to-date symlink: /home/luisf/robot2_ws/install/custom_msg/include/custom_msg/msg/detail/log_tf__rosidl_typesupport_introspection_cpp.hpp
[1.844s] -- Up-to-date symlink: /home/luisf/robot2_ws/install/custom_msg/share/custom_msg/environment/pythonpath.sh
[1.845s] -- Up-to-date symlink: /home/luisf/robot2_ws/install/custom_msg/share/custom_msg/environment/pythonpath.dsv
[1.845s] -- Up-to-date symlink: /home/luisf/robot2_ws/install/custom_msg/lib/python3.8/site-packages/custom_msg/__init__.py
[1.846s] -- Up-to-date symlink: /home/luisf/robot2_ws/install/custom_msg/lib/python3.8/site-packages/custom_msg/msg/__init__.py
[1.847s] -- Up-to-date symlink: /home/luisf/robot2_ws/install/custom_msg/lib/python3.8/site-packages/custom_msg/msg/_log_tf.py
[1.848s] -- Up-to-date symlink: /home/luisf/robot2_ws/install/custom_msg/lib/python3.8/site-packages/custom_msg/custom_msg_s__rosidl_typesupport_fastrtps_c.cpython-38-x86_64-linux-gnu.so
[1.849s] -- Up-to-date symlink: /home/luisf/robot2_ws/install/custom_msg/lib/python3.8/site-packages/custom_msg/custom_msg_s__rosidl_typesupport_introspection_c.cpython-38-x86_64-linux-gnu.so
[1.850s] -- Up-to-date symlink: /home/luisf/robot2_ws/install/custom_msg/lib/python3.8/site-packages/custom_msg/custom_msg_s__rosidl_typesupport_c.cpython-38-x86_64-linux-gnu.so
[1.851s] -- Up-to-date symlink: /home/luisf/robot2_ws/install/custom_msg/lib/libcustom_msg__python.so
[1.852s] -- Up-to-date symlink: /home/luisf/robot2_ws/install/custom_msg/share/custom_msg/msg/LogTf.idl
[1.852s] -- Up-to-date symlink: /home/luisf/robot2_ws/install/custom_msg/share/custom_msg/msg/LogTf.msg
[1.853s] -- Up-to-date symlink: /home/luisf/robot2_ws/install/custom_msg/share/ament_index/resource_index/package_run_dependencies/custom_msg
[1.854s] -- Up-to-date symlink: /home/luisf/robot2_ws/install/custom_msg/share/ament_index/resource_index/parent_prefix_path/custom_msg
[1.854s] -- Up-to-date symlink: /home/luisf/robot2_ws/install/custom_msg/share/custom_msg/environment/ament_prefix_path.sh
[1.855s] -- Up-to-date symlink: /home/luisf/robot2_ws/install/custom_msg/share/custom_msg/environment/ament_prefix_path.dsv
[1.856s] -- Up-to-date symlink: /home/luisf/robot2_ws/install/custom_msg/share/custom_msg/environment/path.sh
[1.856s] -- Up-to-date symlink: /home/luisf/robot2_ws/install/custom_msg/share/custom_msg/environment/path.dsv
[1.857s] -- Up-to-date symlink: /home/luisf/robot2_ws/install/custom_msg/share/custom_msg/local_setup.bash
[1.858s] -- Up-to-date symlink: /home/luisf/robot2_ws/install/custom_msg/share/custom_msg/local_setup.sh
[1.858s] -- Up-to-date symlink: /home/luisf/robot2_ws/install/custom_msg/share/custom_msg/local_setup.zsh
[1.860s] -- Up-to-date symlink: /home/luisf/robot2_ws/install/custom_msg/share/custom_msg/local_setup.dsv
[1.861s] -- Symlinking: /home/luisf/robot2_ws/install/custom_msg/share/custom_msg/package.dsv
[1.877s] -- Up-to-date symlink: /home/luisf/robot2_ws/install/custom_msg/share/ament_index/resource_index/packages/custom_msg
[1.877s] -- Up-to-date symlink: /home/luisf/robot2_ws/install/custom_msg/share/custom_msg/cmake/rosidl_cmake-extras.cmake
[1.878s] -- Up-to-date symlink: /home/luisf/robot2_ws/install/custom_msg/share/custom_msg/cmake/ament_cmake_export_dependencies-extras.cmake
[1.879s] -- Up-to-date symlink: /home/luisf/robot2_ws/install/custom_msg/share/custom_msg/cmake/ament_cmake_export_libraries-extras.cmake
[1.879s] -- Up-to-date symlink: /home/luisf/robot2_ws/install/custom_msg/share/custom_msg/cmake/ament_cmake_export_targets-extras.cmake
[1.880s] -- Up-to-date symlink: /home/luisf/robot2_ws/install/custom_msg/share/custom_msg/cmake/ament_cmake_export_include_directories-extras.cmake
[1.881s] -- Up-to-date symlink: /home/luisf/robot2_ws/install/custom_msg/share/custom_msg/cmake/rosidl_cmake_export_typesupport_libraries-extras.cmake
[1.881s] -- Up-to-date symlink: /home/luisf/robot2_ws/install/custom_msg/share/custom_msg/cmake/rosidl_cmake_export_typesupport_targets-extras.cmake
[1.882s] -- Up-to-date symlink: /home/luisf/robot2_ws/install/custom_msg/share/custom_msg/cmake/custom_msgConfig.cmake
[1.883s] -- Up-to-date symlink: /home/luisf/robot2_ws/install/custom_msg/share/custom_msg/cmake/custom_msgConfig-version.cmake
[1.883s] -- Up-to-date symlink: /home/luisf/robot2_ws/install/custom_msg/share/custom_msg/package.xml
[1.884s] -- Up-to-date: /home/luisf/robot2_ws/install/custom_msg/lib/libcustom_msg__rosidl_generator_c.so
[1.885s] -- Up-to-date: /home/luisf/robot2_ws/install/custom_msg/lib/libcustom_msg__rosidl_typesupport_introspection_c.so
[1.886s] -- Up-to-date: /home/luisf/robot2_ws/install/custom_msg/lib/libcustom_msg__rosidl_typesupport_c.so
[1.887s] -- Up-to-date: /home/luisf/robot2_ws/install/custom_msg/lib/libcustom_msg__rosidl_typesupport_introspection_cpp.so
[1.888s] -- Up-to-date: /home/luisf/robot2_ws/install/custom_msg/lib/libcustom_msg__rosidl_typesupport_cpp.so
[1.960s] -- Up-to-date: /home/luisf/robot2_ws/install/custom_msg/share/custom_msg/cmake/custom_msg__rosidl_generator_cExport.cmake
[1.961s] -- Up-to-date: /home/luisf/robot2_ws/install/custom_msg/share/custom_msg/cmake/custom_msg__rosidl_generator_cExport-noconfig.cmake
[1.961s] -- Up-to-date: /home/luisf/robot2_ws/install/custom_msg/share/custom_msg/cmake/custom_msg__rosidl_typesupport_introspection_cExport.cmake
[1.961s] -- Up-to-date: /home/luisf/robot2_ws/install/custom_msg/share/custom_msg/cmake/custom_msg__rosidl_typesupport_introspection_cExport-noconfig.cmake
[1.962s] -- Up-to-date: /home/luisf/robot2_ws/install/custom_msg/share/custom_msg/cmake/custom_msg__rosidl_typesupport_cExport.cmake
[1.962s] -- Up-to-date: /home/luisf/robot2_ws/install/custom_msg/share/custom_msg/cmake/custom_msg__rosidl_typesupport_cExport-noconfig.cmake
[1.962s] -- Up-to-date: /home/luisf/robot2_ws/install/custom_msg/share/custom_msg/cmake/custom_msg__rosidl_generator_cppExport.cmake
[1.963s] -- Up-to-date: /home/luisf/robot2_ws/install/custom_msg/share/custom_msg/cmake/custom_msg__rosidl_typesupport_introspection_cppExport.cmake
[1.963s] -- Up-to-date: /home/luisf/robot2_ws/install/custom_msg/share/custom_msg/cmake/custom_msg__rosidl_typesupport_introspection_cppExport-noconfig.cmake
[1.963s] -- Up-to-date: /home/luisf/robot2_ws/install/custom_msg/share/custom_msg/cmake/custom_msg__rosidl_typesupport_cppExport.cmake
[1.963s] -- Up-to-date: /home/luisf/robot2_ws/install/custom_msg/share/custom_msg/cmake/custom_msg__rosidl_typesupport_cppExport-noconfig.cmake
[1.975s] Invoked command in '/home/luisf/robot2_ws/build/custom_msg' returned '0': CMAKE_PREFIX_PATH=${CMAKE_PREFIX_PATH}:/home/luisf/robot2_ws/install/publisher_subscriber_r:/home/luisf/robot2_ws/install/program2:/opt/ros/foxy /usr/bin/cmake --install /home/luisf/robot2_ws/build/custom_msg
