[0.245s] Invoking command in '/home/luisf/robot2_ws/build/my_package': CMAKE_PREFIX_PATH=/opt/ros/foxy /usr/bin/cmake --build /home/luisf/robot2_ws/build/my_package -- -j4 -l4
[0.925s] [100%] Built target my_node
[0.943s] Invoked command in '/home/luisf/robot2_ws/build/my_package' returned '0': CMAKE_PREFIX_PATH=/opt/ros/foxy /usr/bin/cmake --build /home/luisf/robot2_ws/build/my_package -- -j4 -l4
[1.002s] Invoking command in '/home/luisf/robot2_ws/build/my_package': CMAKE_PREFIX_PATH=/opt/ros/foxy /usr/bin/cmake --install /home/luisf/robot2_ws/build/my_package
[1.053s] -- Install configuration: ""
[1.059s] -- Execute custom install script
[1.073s] -- Up-to-date symlink: /home/luisf/robot2_ws/install/my_package/lib/my_package/my_node
[1.074s] -- Up-to-date symlink: /home/luisf/robot2_ws/install/my_package/share/ament_index/resource_index/package_run_dependencies/my_package
[1.075s] -- Up-to-date symlink: /home/luisf/robot2_ws/install/my_package/share/ament_index/resource_index/parent_prefix_path/my_package
[1.076s] -- Up-to-date symlink: /home/luisf/robot2_ws/install/my_package/share/my_package/environment/ament_prefix_path.sh
[1.077s] -- Up-to-date symlink: /home/luisf/robot2_ws/install/my_package/share/my_package/environment/ament_prefix_path.dsv
[1.078s] -- Up-to-date symlink: /home/luisf/robot2_ws/install/my_package/share/my_package/environment/path.sh
[1.078s] -- Up-to-date symlink: /home/luisf/robot2_ws/install/my_package/share/my_package/environment/path.dsv
[1.079s] -- Up-to-date symlink: /home/luisf/robot2_ws/install/my_package/share/my_package/local_setup.bash
[1.080s] -- Up-to-date symlink: /home/luisf/robot2_ws/install/my_package/share/my_package/local_setup.sh
[1.081s] -- Up-to-date symlink: /home/luisf/robot2_ws/install/my_package/share/my_package/local_setup.zsh
[1.081s] -- Up-to-date symlink: /home/luisf/robot2_ws/install/my_package/share/my_package/local_setup.dsv
[1.082s] -- Symlinking: /home/luisf/robot2_ws/install/my_package/share/my_package/package.dsv
[1.098s] -- Up-to-date symlink: /home/luisf/robot2_ws/install/my_package/share/ament_index/resource_index/packages/my_package
[1.099s] -- Up-to-date symlink: /home/luisf/robot2_ws/install/my_package/share/my_package/cmake/my_packageConfig.cmake
[1.099s] -- Up-to-date symlink: /home/luisf/robot2_ws/install/my_package/share/my_package/cmake/my_packageConfig-version.cmake
[1.100s] -- Up-to-date symlink: /home/luisf/robot2_ws/install/my_package/share/my_package/package.xml
[1.105s] Invoked command in '/home/luisf/robot2_ws/build/my_package' returned '0': CMAKE_PREFIX_PATH=/opt/ros/foxy /usr/bin/cmake --install /home/luisf/robot2_ws/build/my_package
