[0.604s] DEBUG:colcon:Command line arguments: ['/usr/bin/colcon', 'build', '--symlink-install']
[0.605s] DEBUG:colcon:Parsed command line arguments: Namespace(allow_overriding=[], ament_cmake_args=None, base_paths=['.'], build_base='build', catkin_cmake_args=None, catkin_skip_building_tests=False, cmake_args=None, cmake_clean_cache=False, cmake_clean_first=False, cmake_force_configure=False, cmake_target=None, cmake_target_skip_unavailable=False, continue_on_error=False, event_handlers=None, executor='parallel', ignore_user_meta=False, install_base='install', log_base=None, log_level=None, main=<bound method BuildVerb.main of <colcon_core.verb.build.BuildVerb object at 0x7fa93bd172e0>>, merge_install=False, metas=['./colcon.meta'], packages_above=None, packages_above_and_dependencies=None, packages_above_depth=None, packages_end=None, packages_ignore=None, packages_ignore_regex=None, packages_select=None, packages_select_build_failed=False, packages_select_by_dep=None, packages_select_regex=None, packages_select_test_failures=False, packages_skip=None, packages_skip_build_finished=False, packages_skip_by_dep=None, packages_skip_regex=None, packages_skip_test_passed=False, packages_skip_up_to=None, packages_start=None, packages_up_to=None, packages_up_to_regex=None, parallel_workers=4, paths=None, symlink_install=True, test_result_base=None, verb_extension=<colcon_core.verb.build.BuildVerb object at 0x7fa93bd172e0>, verb_name='build', verb_parser=<colcon_defaults.argument_parser.defaults.DefaultArgumentsDecorator object at 0x7fa93bd17820>)
[0.654s] Level 1:colcon.colcon_core.package_discovery:discover_packages(colcon_meta) check parameters
[0.654s] Level 1:colcon.colcon_core.package_discovery:discover_packages(recursive) check parameters
[0.654s] Level 1:colcon.colcon_core.package_discovery:discover_packages(ignore) check parameters
[0.654s] Level 1:colcon.colcon_core.package_discovery:discover_packages(path) check parameters
[0.654s] Level 1:colcon.colcon_core.package_discovery:discover_packages(colcon_meta) discover
[0.655s] Level 1:colcon.colcon_core.package_discovery:discover_packages(recursive) discover
[0.655s] INFO:colcon.colcon_core.package_discovery:Crawling recursively for packages in '/home/luisf/robot2_ws'
[0.655s] Level 1:colcon.colcon_core.package_identification:_identify(.) by extensions ['ignore', 'ignore_ament_install']
[0.655s] Level 1:colcon.colcon_core.package_identification:_identify(.) by extension 'ignore'
[0.655s] Level 1:colcon.colcon_core.package_identification:_identify(.) by extension 'ignore_ament_install'
[0.656s] Level 1:colcon.colcon_core.package_identification:_identify(.) by extensions ['colcon_pkg']
[0.656s] Level 1:colcon.colcon_core.package_identification:_identify(.) by extension 'colcon_pkg'
[0.656s] Level 1:colcon.colcon_core.package_identification:_identify(.) by extensions ['colcon_meta']
[0.656s] Level 1:colcon.colcon_core.package_identification:_identify(.) by extension 'colcon_meta'
[0.656s] Level 1:colcon.colcon_core.package_identification:_identify(.) by extensions ['ros']
[0.656s] Level 1:colcon.colcon_core.package_identification:_identify(.) by extension 'ros'
[0.690s] Level 1:colcon.colcon_core.package_identification:_identify(.) by extensions ['cmake', 'python']
[0.691s] Level 1:colcon.colcon_core.package_identification:_identify(.) by extension 'cmake'
[0.691s] Level 1:colcon.colcon_core.package_identification:_identify(.) by extension 'python'
[0.691s] Level 1:colcon.colcon_core.package_identification:_identify(.) by extensions ['python_setup_py']
[0.691s] Level 1:colcon.colcon_core.package_identification:_identify(.) by extension 'python_setup_py'
[0.691s] Level 1:colcon.colcon_core.package_identification:_identify(build) by extensions ['ignore', 'ignore_ament_install']
[0.692s] Level 1:colcon.colcon_core.package_identification:_identify(build) by extension 'ignore'
[0.692s] Level 1:colcon.colcon_core.package_identification:_identify(build) ignored
[0.692s] Level 1:colcon.colcon_core.package_identification:_identify(install) by extensions ['ignore', 'ignore_ament_install']
[0.693s] Level 1:colcon.colcon_core.package_identification:_identify(install) by extension 'ignore'
[0.693s] Level 1:colcon.colcon_core.package_identification:_identify(install) ignored
[0.693s] Level 1:colcon.colcon_core.package_identification:_identify(log) by extensions ['ignore', 'ignore_ament_install']
[0.693s] Level 1:colcon.colcon_core.package_identification:_identify(log) by extension 'ignore'
[0.693s] Level 1:colcon.colcon_core.package_identification:_identify(log) ignored
[0.694s] Level 1:colcon.colcon_core.package_identification:_identify(src) by extensions ['ignore', 'ignore_ament_install']
[0.694s] Level 1:colcon.colcon_core.package_identification:_identify(src) by extension 'ignore'
[0.694s] Level 1:colcon.colcon_core.package_identification:_identify(src) by extension 'ignore_ament_install'
[0.694s] Level 1:colcon.colcon_core.package_identification:_identify(src) by extensions ['colcon_pkg']
[0.694s] Level 1:colcon.colcon_core.package_identification:_identify(src) by extension 'colcon_pkg'
[0.694s] Level 1:colcon.colcon_core.package_identification:_identify(src) by extensions ['colcon_meta']
[0.695s] Level 1:colcon.colcon_core.package_identification:_identify(src) by extension 'colcon_meta'
[0.695s] Level 1:colcon.colcon_core.package_identification:_identify(src) by extensions ['ros']
[0.695s] Level 1:colcon.colcon_core.package_identification:_identify(src) by extension 'ros'
[0.695s] Level 1:colcon.colcon_core.package_identification:_identify(src) by extensions ['cmake', 'python']
[0.695s] Level 1:colcon.colcon_core.package_identification:_identify(src) by extension 'cmake'
[0.695s] Level 1:colcon.colcon_core.package_identification:_identify(src) by extension 'python'
[0.695s] Level 1:colcon.colcon_core.package_identification:_identify(src) by extensions ['python_setup_py']
[0.695s] Level 1:colcon.colcon_core.package_identification:_identify(src) by extension 'python_setup_py'
[0.696s] Level 1:colcon.colcon_core.package_identification:_identify(src/cpp_publisher_subscriber) by extensions ['ignore', 'ignore_ament_install']
[0.696s] Level 1:colcon.colcon_core.package_identification:_identify(src/cpp_publisher_subscriber) by extension 'ignore'
[0.696s] Level 1:colcon.colcon_core.package_identification:_identify(src/cpp_publisher_subscriber) by extension 'ignore_ament_install'
[0.696s] Level 1:colcon.colcon_core.package_identification:_identify(src/cpp_publisher_subscriber) by extensions ['colcon_pkg']
[0.696s] Level 1:colcon.colcon_core.package_identification:_identify(src/cpp_publisher_subscriber) by extension 'colcon_pkg'
[0.697s] Level 1:colcon.colcon_core.package_identification:_identify(src/cpp_publisher_subscriber) by extensions ['colcon_meta']
[0.697s] Level 1:colcon.colcon_core.package_identification:_identify(src/cpp_publisher_subscriber) by extension 'colcon_meta'
[0.697s] Level 1:colcon.colcon_core.package_identification:_identify(src/cpp_publisher_subscriber) by extensions ['ros']
[0.697s] Level 1:colcon.colcon_core.package_identification:_identify(src/cpp_publisher_subscriber) by extension 'ros'
[0.701s] DEBUG:colcon.colcon_core.package_identification:Package 'src/cpp_publisher_subscriber' with type 'ros.ament_cmake' and name 'cpp_publisher_subscriber'
[0.702s] Level 1:colcon.colcon_core.package_identification:_identify(src/my_package) by extensions ['ignore', 'ignore_ament_install']
[0.702s] Level 1:colcon.colcon_core.package_identification:_identify(src/my_package) by extension 'ignore'
[0.702s] Level 1:colcon.colcon_core.package_identification:_identify(src/my_package) by extension 'ignore_ament_install'
[0.702s] Level 1:colcon.colcon_core.package_identification:_identify(src/my_package) by extensions ['colcon_pkg']
[0.702s] Level 1:colcon.colcon_core.package_identification:_identify(src/my_package) by extension 'colcon_pkg'
[0.702s] Level 1:colcon.colcon_core.package_identification:_identify(src/my_package) by extensions ['colcon_meta']
[0.703s] Level 1:colcon.colcon_core.package_identification:_identify(src/my_package) by extension 'colcon_meta'
[0.703s] Level 1:colcon.colcon_core.package_identification:_identify(src/my_package) by extensions ['ros']
[0.703s] Level 1:colcon.colcon_core.package_identification:_identify(src/my_package) by extension 'ros'
[0.704s] DEBUG:colcon.colcon_core.package_identification:Package 'src/my_package' with type 'ros.ament_cmake' and name 'my_package'
[0.704s] Level 1:colcon.colcon_core.package_identification:_identify(src/node1) by extensions ['ignore', 'ignore_ament_install']
[0.705s] Level 1:colcon.colcon_core.package_identification:_identify(src/node1) by extension 'ignore'
[0.705s] Level 1:colcon.colcon_core.package_identification:_identify(src/node1) by extension 'ignore_ament_install'
[0.705s] Level 1:colcon.colcon_core.package_identification:_identify(src/node1) by extensions ['colcon_pkg']
[0.705s] Level 1:colcon.colcon_core.package_identification:_identify(src/node1) by extension 'colcon_pkg'
[0.705s] Level 1:colcon.colcon_core.package_identification:_identify(src/node1) by extensions ['colcon_meta']
[0.705s] Level 1:colcon.colcon_core.package_identification:_identify(src/node1) by extension 'colcon_meta'
[0.705s] Level 1:colcon.colcon_core.package_identification:_identify(src/node1) by extensions ['ros']
[0.705s] Level 1:colcon.colcon_core.package_identification:_identify(src/node1) by extension 'ros'
[0.707s] DEBUG:colcon.colcon_core.package_identification:Package 'src/node1' with type 'ros.ament_cmake' and name 'node1'
[0.707s] Level 1:colcon.colcon_core.package_identification:_identify(src/publisher_subscriber_r) by extensions ['ignore', 'ignore_ament_install']
[0.707s] Level 1:colcon.colcon_core.package_identification:_identify(src/publisher_subscriber_r) by extension 'ignore'
[0.707s] Level 1:colcon.colcon_core.package_identification:_identify(src/publisher_subscriber_r) by extension 'ignore_ament_install'
[0.708s] Level 1:colcon.colcon_core.package_identification:_identify(src/publisher_subscriber_r) by extensions ['colcon_pkg']
[0.708s] Level 1:colcon.colcon_core.package_identification:_identify(src/publisher_subscriber_r) by extension 'colcon_pkg'
[0.708s] Level 1:colcon.colcon_core.package_identification:_identify(src/publisher_subscriber_r) by extensions ['colcon_meta']
[0.708s] Level 1:colcon.colcon_core.package_identification:_identify(src/publisher_subscriber_r) by extension 'colcon_meta'
[0.708s] Level 1:colcon.colcon_core.package_identification:_identify(src/publisher_subscriber_r) by extensions ['ros']
[0.708s] Level 1:colcon.colcon_core.package_identification:_identify(src/publisher_subscriber_r) by extension 'ros'
[0.709s] DEBUG:colcon.colcon_core.package_identification:Package 'src/publisher_subscriber_r' with type 'ros.ament_python' and name 'publisher_subscriber_r'
[0.709s] Level 1:colcon.colcon_core.package_discovery:discover_packages(recursive) using defaults
[0.709s] Level 1:colcon.colcon_core.package_discovery:discover_packages(ignore) discover
[0.710s] Level 1:colcon.colcon_core.package_discovery:discover_packages(ignore) using defaults
[0.710s] Level 1:colcon.colcon_core.package_discovery:discover_packages(path) discover
[0.710s] Level 1:colcon.colcon_core.package_discovery:discover_packages(path) using defaults
[0.749s] Level 1:colcon.colcon_core.package_discovery:discover_packages(prefix_path) check parameters
[0.749s] Level 1:colcon.colcon_core.package_discovery:discover_packages(prefix_path) discover
[0.755s] DEBUG:colcon.colcon_installed_package_information.package_discovery:Found 6 installed packages in /home/luisf/robot2_ws/install
[0.758s] DEBUG:colcon.colcon_installed_package_information.package_discovery:Found 266 installed packages in /opt/ros/foxy
[0.761s] Level 1:colcon.colcon_core.package_discovery:discover_packages(prefix_path) using defaults
[0.906s] Level 5:colcon.colcon_core.verb:set package 'cpp_publisher_subscriber' build argument 'cmake_args' from command line to 'None'
[0.906s] Level 5:colcon.colcon_core.verb:set package 'cpp_publisher_subscriber' build argument 'cmake_target' from command line to 'None'
[0.907s] Level 5:colcon.colcon_core.verb:set package 'cpp_publisher_subscriber' build argument 'cmake_target_skip_unavailable' from command line to 'False'
[0.907s] Level 5:colcon.colcon_core.verb:set package 'cpp_publisher_subscriber' build argument 'cmake_clean_cache' from command line to 'False'
[0.907s] Level 5:colcon.colcon_core.verb:set package 'cpp_publisher_subscriber' build argument 'cmake_clean_first' from command line to 'False'
[0.907s] Level 5:colcon.colcon_core.verb:set package 'cpp_publisher_subscriber' build argument 'cmake_force_configure' from command line to 'False'
[0.907s] Level 5:colcon.colcon_core.verb:set package 'cpp_publisher_subscriber' build argument 'ament_cmake_args' from command line to 'None'
[0.907s] Level 5:colcon.colcon_core.verb:set package 'cpp_publisher_subscriber' build argument 'catkin_cmake_args' from command line to 'None'
[0.907s] Level 5:colcon.colcon_core.verb:set package 'cpp_publisher_subscriber' build argument 'catkin_skip_building_tests' from command line to 'False'
[0.907s] DEBUG:colcon.colcon_core.verb:Building package 'cpp_publisher_subscriber' with the following arguments: {'ament_cmake_args': None, 'build_base': '/home/luisf/robot2_ws/build/cpp_publisher_subscriber', 'catkin_cmake_args': None, 'catkin_skip_building_tests': False, 'cmake_args': None, 'cmake_clean_cache': False, 'cmake_clean_first': False, 'cmake_force_configure': False, 'cmake_target': None, 'cmake_target_skip_unavailable': False, 'install_base': '/home/luisf/robot2_ws/install/cpp_publisher_subscriber', 'merge_install': False, 'path': '/home/luisf/robot2_ws/src/cpp_publisher_subscriber', 'symlink_install': True, 'test_result_base': None}
[0.909s] Level 5:colcon.colcon_core.verb:set package 'my_package' build argument 'cmake_args' from command line to 'None'
[0.909s] Level 5:colcon.colcon_core.verb:set package 'my_package' build argument 'cmake_target' from command line to 'None'
[0.909s] Level 5:colcon.colcon_core.verb:set package 'my_package' build argument 'cmake_target_skip_unavailable' from command line to 'False'
[0.909s] Level 5:colcon.colcon_core.verb:set package 'my_package' build argument 'cmake_clean_cache' from command line to 'False'
[0.909s] Level 5:colcon.colcon_core.verb:set package 'my_package' build argument 'cmake_clean_first' from command line to 'False'
[0.909s] Level 5:colcon.colcon_core.verb:set package 'my_package' build argument 'cmake_force_configure' from command line to 'False'
[0.909s] Level 5:colcon.colcon_core.verb:set package 'my_package' build argument 'ament_cmake_args' from command line to 'None'
[0.909s] Level 5:colcon.colcon_core.verb:set package 'my_package' build argument 'catkin_cmake_args' from command line to 'None'
[0.909s] Level 5:colcon.colcon_core.verb:set package 'my_package' build argument 'catkin_skip_building_tests' from command line to 'False'
[0.909s] DEBUG:colcon.colcon_core.verb:Building package 'my_package' with the following arguments: {'ament_cmake_args': None, 'build_base': '/home/luisf/robot2_ws/build/my_package', 'catkin_cmake_args': None, 'catkin_skip_building_tests': False, 'cmake_args': None, 'cmake_clean_cache': False, 'cmake_clean_first': False, 'cmake_force_configure': False, 'cmake_target': None, 'cmake_target_skip_unavailable': False, 'install_base': '/home/luisf/robot2_ws/install/my_package', 'merge_install': False, 'path': '/home/luisf/robot2_ws/src/my_package', 'symlink_install': True, 'test_result_base': None}
[0.911s] Level 5:colcon.colcon_core.verb:set package 'node1' build argument 'cmake_args' from command line to 'None'
[0.912s] Level 5:colcon.colcon_core.verb:set package 'node1' build argument 'cmake_target' from command line to 'None'
[0.912s] Level 5:colcon.colcon_core.verb:set package 'node1' build argument 'cmake_target_skip_unavailable' from command line to 'False'
[0.912s] Level 5:colcon.colcon_core.verb:set package 'node1' build argument 'cmake_clean_cache' from command line to 'False'
[0.912s] Level 5:colcon.colcon_core.verb:set package 'node1' build argument 'cmake_clean_first' from command line to 'False'
[0.912s] Level 5:colcon.colcon_core.verb:set package 'node1' build argument 'cmake_force_configure' from command line to 'False'
[0.912s] Level 5:colcon.colcon_core.verb:set package 'node1' build argument 'ament_cmake_args' from command line to 'None'
[0.912s] Level 5:colcon.colcon_core.verb:set package 'node1' build argument 'catkin_cmake_args' from command line to 'None'
[0.912s] Level 5:colcon.colcon_core.verb:set package 'node1' build argument 'catkin_skip_building_tests' from command line to 'False'
[0.912s] DEBUG:colcon.colcon_core.verb:Building package 'node1' with the following arguments: {'ament_cmake_args': None, 'build_base': '/home/luisf/robot2_ws/build/node1', 'catkin_cmake_args': None, 'catkin_skip_building_tests': False, 'cmake_args': None, 'cmake_clean_cache': False, 'cmake_clean_first': False, 'cmake_force_configure': False, 'cmake_target': None, 'cmake_target_skip_unavailable': False, 'install_base': '/home/luisf/robot2_ws/install/node1', 'merge_install': False, 'path': '/home/luisf/robot2_ws/src/node1', 'symlink_install': True, 'test_result_base': None}
[0.914s] Level 5:colcon.colcon_core.verb:set package 'publisher_subscriber_r' build argument 'cmake_args' from command line to 'None'
[0.914s] Level 5:colcon.colcon_core.verb:set package 'publisher_subscriber_r' build argument 'cmake_target' from command line to 'None'
[0.914s] Level 5:colcon.colcon_core.verb:set package 'publisher_subscriber_r' build argument 'cmake_target_skip_unavailable' from command line to 'False'
[0.914s] Level 5:colcon.colcon_core.verb:set package 'publisher_subscriber_r' build argument 'cmake_clean_cache' from command line to 'False'
[0.914s] Level 5:colcon.colcon_core.verb:set package 'publisher_subscriber_r' build argument 'cmake_clean_first' from command line to 'False'
[0.914s] Level 5:colcon.colcon_core.verb:set package 'publisher_subscriber_r' build argument 'cmake_force_configure' from command line to 'False'
[0.914s] Level 5:colcon.colcon_core.verb:set package 'publisher_subscriber_r' build argument 'ament_cmake_args' from command line to 'None'
[0.914s] Level 5:colcon.colcon_core.verb:set package 'publisher_subscriber_r' build argument 'catkin_cmake_args' from command line to 'None'
[0.914s] Level 5:colcon.colcon_core.verb:set package 'publisher_subscriber_r' build argument 'catkin_skip_building_tests' from command line to 'False'
[0.914s] DEBUG:colcon.colcon_core.verb:Building package 'publisher_subscriber_r' with the following arguments: {'ament_cmake_args': None, 'build_base': '/home/luisf/robot2_ws/build/publisher_subscriber_r', 'catkin_cmake_args': None, 'catkin_skip_building_tests': False, 'cmake_args': None, 'cmake_clean_cache': False, 'cmake_clean_first': False, 'cmake_force_configure': False, 'cmake_target': None, 'cmake_target_skip_unavailable': False, 'install_base': '/home/luisf/robot2_ws/install/publisher_subscriber_r', 'merge_install': False, 'path': '/home/luisf/robot2_ws/src/publisher_subscriber_r', 'symlink_install': True, 'test_result_base': None}
[0.916s] INFO:colcon.colcon_core.executor:Executing jobs using 'parallel' executor
[0.922s] DEBUG:colcon.colcon_parallel_executor.executor.parallel:run_until_complete
[0.922s] INFO:colcon.colcon_ros.task.ament_cmake.build:Building ROS package in '/home/luisf/robot2_ws/src/cpp_publisher_subscriber' with build type 'ament_cmake'
[0.923s] INFO:colcon.colcon_cmake.task.cmake.build:Building CMake package in '/home/luisf/robot2_ws/src/cpp_publisher_subscriber'
[0.932s] INFO:colcon.colcon_core.plugin_system:Skipping extension 'colcon_core.shell.bat': Not used on non-Windows systems
[0.932s] INFO:colcon.colcon_core.shell:Skip shell extension 'powershell' for command environment: Not usable outside of PowerShell
[0.932s] DEBUG:colcon.colcon_core.shell:Skip shell extension 'dsv' for command environment
[0.944s] INFO:colcon.colcon_ros.task.ament_cmake.build:Building ROS package in '/home/luisf/robot2_ws/src/my_package' with build type 'ament_cmake'
[0.945s] INFO:colcon.colcon_cmake.task.cmake.build:Building CMake package in '/home/luisf/robot2_ws/src/my_package'
[0.949s] INFO:colcon.colcon_core.shell:Skip shell extension 'powershell' for command environment: Not usable outside of PowerShell
[0.949s] DEBUG:colcon.colcon_core.shell:Skip shell extension 'dsv' for command environment
[0.967s] INFO:colcon.colcon_ros.task.ament_cmake.build:Building ROS package in '/home/luisf/robot2_ws/src/node1' with build type 'ament_cmake'
[0.968s] INFO:colcon.colcon_cmake.task.cmake.build:Building CMake package in '/home/luisf/robot2_ws/src/node1'
[0.972s] INFO:colcon.colcon_core.shell:Skip shell extension 'powershell' for command environment: Not usable outside of PowerShell
[0.973s] DEBUG:colcon.colcon_core.shell:Skip shell extension 'dsv' for command environment
[0.993s] INFO:colcon.colcon_ros.task.ament_python.build:Building ROS package in '/home/luisf/robot2_ws/src/publisher_subscriber_r' with build type 'ament_python'
[0.995s] Level 1:colcon.colcon_core.shell:create_environment_hook('publisher_subscriber_r', 'ament_prefix_path')
[0.999s] INFO:colcon.colcon_core.shell:Creating environment hook '/home/luisf/robot2_ws/install/publisher_subscriber_r/share/publisher_subscriber_r/hook/ament_prefix_path.ps1'
[1.000s] INFO:colcon.colcon_core.shell:Creating environment descriptor '/home/luisf/robot2_ws/install/publisher_subscriber_r/share/publisher_subscriber_r/hook/ament_prefix_path.dsv'
[1.001s] INFO:colcon.colcon_core.shell:Creating environment hook '/home/luisf/robot2_ws/install/publisher_subscriber_r/share/publisher_subscriber_r/hook/ament_prefix_path.sh'
[1.005s] INFO:colcon.colcon_core.shell:Skip shell extension 'powershell' for command environment: Not usable outside of PowerShell
[1.005s] DEBUG:colcon.colcon_core.shell:Skip shell extension 'dsv' for command environment
[1.035s] DEBUG:colcon.colcon_core.event_handler.log_command:Invoking command in '/home/luisf/robot2_ws/build/cpp_publisher_subscriber': CMAKE_PREFIX_PATH=${CMAKE_PREFIX_PATH}:/home/luisf/robot2_ws/install/publisher_subscriber_r:/home/luisf/robot2_ws/install/program2:/opt/ros/foxy /usr/bin/cmake --build /home/luisf/robot2_ws/build/cpp_publisher_subscriber -- -j4 -l4
[1.060s] DEBUG:colcon.colcon_core.event_handler.log_command:Invoking command in '/home/luisf/robot2_ws/build/my_package': CMAKE_PREFIX_PATH=${CMAKE_PREFIX_PATH}:/home/luisf/robot2_ws/install/publisher_subscriber_r:/home/luisf/robot2_ws/install/program2:/opt/ros/foxy /usr/bin/cmake --build /home/luisf/robot2_ws/build/my_package -- -j4 -l4
[1.070s] DEBUG:colcon.colcon_core.event_handler.log_command:Invoking command in '/home/luisf/robot2_ws/build/node1': CMAKE_PREFIX_PATH=${CMAKE_PREFIX_PATH}:/home/luisf/robot2_ws/install/publisher_subscriber_r:/home/luisf/robot2_ws/install/program2:/opt/ros/foxy /usr/bin/cmake --build /home/luisf/robot2_ws/build/node1 -- -j4 -l4
[1.649s] INFO:colcon.colcon_core.task.python.build:Building Python package in '/home/luisf/robot2_ws/src/publisher_subscriber_r'
[1.654s] INFO:colcon.colcon_core.shell:Skip shell extension 'powershell' for command environment: Not usable outside of PowerShell
[1.654s] DEBUG:colcon.colcon_core.shell:Skip shell extension 'dsv' for command environment
[1.679s] DEBUG:colcon.colcon_core.event_handler.log_command:Invoked command in '/home/luisf/robot2_ws/build/cpp_publisher_subscriber' returned '0': CMAKE_PREFIX_PATH=${CMAKE_PREFIX_PATH}:/home/luisf/robot2_ws/install/publisher_subscriber_r:/home/luisf/robot2_ws/install/program2:/opt/ros/foxy /usr/bin/cmake --build /home/luisf/robot2_ws/build/cpp_publisher_subscriber -- -j4 -l4
[1.688s] DEBUG:colcon.colcon_core.event_handler.log_command:Invoked command in '/home/luisf/robot2_ws/build/my_package' returned '0': CMAKE_PREFIX_PATH=${CMAKE_PREFIX_PATH}:/home/luisf/robot2_ws/install/publisher_subscriber_r:/home/luisf/robot2_ws/install/program2:/opt/ros/foxy /usr/bin/cmake --build /home/luisf/robot2_ws/build/my_package -- -j4 -l4
[1.700s] DEBUG:colcon.colcon_core.event_handler.log_command:Invoked command in '/home/luisf/robot2_ws/build/node1' returned '0': CMAKE_PREFIX_PATH=${CMAKE_PREFIX_PATH}:/home/luisf/robot2_ws/install/publisher_subscriber_r:/home/luisf/robot2_ws/install/program2:/opt/ros/foxy /usr/bin/cmake --build /home/luisf/robot2_ws/build/node1 -- -j4 -l4
[1.776s] DEBUG:colcon.colcon_core.event_handler.log_command:Invoking command in '/home/luisf/robot2_ws/build/node1': CMAKE_PREFIX_PATH=${CMAKE_PREFIX_PATH}:/home/luisf/robot2_ws/install/publisher_subscriber_r:/home/luisf/robot2_ws/install/program2:/opt/ros/foxy /usr/bin/cmake --install /home/luisf/robot2_ws/build/node1
[1.787s] DEBUG:colcon.colcon_core.event_handler.log_command:Invoking command in '/home/luisf/robot2_ws/build/cpp_publisher_subscriber': CMAKE_PREFIX_PATH=${CMAKE_PREFIX_PATH}:/home/luisf/robot2_ws/install/publisher_subscriber_r:/home/luisf/robot2_ws/install/program2:/opt/ros/foxy /usr/bin/cmake --install /home/luisf/robot2_ws/build/cpp_publisher_subscriber
[1.800s] DEBUG:colcon.colcon_core.event_handler.log_command:Invoking command in '/home/luisf/robot2_ws/build/my_package': CMAKE_PREFIX_PATH=${CMAKE_PREFIX_PATH}:/home/luisf/robot2_ws/install/publisher_subscriber_r:/home/luisf/robot2_ws/install/program2:/opt/ros/foxy /usr/bin/cmake --install /home/luisf/robot2_ws/build/my_package
[1.848s] Level 1:colcon.colcon_core.environment:create_environment_scripts_only(node1)
[1.860s] DEBUG:colcon.colcon_core.event_handler.log_command:Invoked command in '/home/luisf/robot2_ws/build/node1' returned '0': CMAKE_PREFIX_PATH=${CMAKE_PREFIX_PATH}:/home/luisf/robot2_ws/install/publisher_subscriber_r:/home/luisf/robot2_ws/install/program2:/opt/ros/foxy /usr/bin/cmake --install /home/luisf/robot2_ws/build/node1
[1.873s] Level 1:colcon.colcon_core.environment:checking '/home/luisf/robot2_ws/install/node1' for CMake module files
[1.874s] Level 1:colcon.colcon_core.environment:checking '/home/luisf/robot2_ws/install/node1' for CMake config files
[1.874s] Level 1:colcon.colcon_core.shell:create_environment_hook('node1', 'cmake_prefix_path')
[1.877s] INFO:colcon.colcon_core.shell:Creating environment hook '/home/luisf/robot2_ws/install/node1/share/node1/hook/cmake_prefix_path.ps1'
[1.878s] INFO:colcon.colcon_core.shell:Creating environment descriptor '/home/luisf/robot2_ws/install/node1/share/node1/hook/cmake_prefix_path.dsv'
[1.879s] INFO:colcon.colcon_core.shell:Creating environment hook '/home/luisf/robot2_ws/install/node1/share/node1/hook/cmake_prefix_path.sh'
[1.881s] Level 1:colcon.colcon_core.environment:checking '/home/luisf/robot2_ws/install/node1/bin'
[1.881s] Level 1:colcon.colcon_core.environment:checking '/home/luisf/robot2_ws/install/node1/lib/pkgconfig/node1.pc'
[1.882s] Level 1:colcon.colcon_core.environment:checking '/home/luisf/robot2_ws/install/node1/lib/python3.8/site-packages'
[1.882s] Level 1:colcon.colcon_core.environment:checking '/home/luisf/robot2_ws/install/node1/bin'
[1.885s] INFO:colcon.colcon_core.shell:Creating package script '/home/luisf/robot2_ws/install/node1/share/node1/package.ps1'
[1.887s] INFO:colcon.colcon_core.shell:Creating package descriptor '/home/luisf/robot2_ws/install/node1/share/node1/package.dsv'
[1.890s] INFO:colcon.colcon_core.shell:Creating package script '/home/luisf/robot2_ws/install/node1/share/node1/package.sh'
[1.892s] INFO:colcon.colcon_core.shell:Creating package script '/home/luisf/robot2_ws/install/node1/share/node1/package.bash'
[1.894s] INFO:colcon.colcon_core.shell:Creating package script '/home/luisf/robot2_ws/install/node1/share/node1/package.zsh'
[1.895s] Level 1:colcon.colcon_core.environment:create_file_with_runtime_dependencies(/home/luisf/robot2_ws/install/node1/share/colcon-core/packages/node1)
[1.903s] Level 1:colcon.colcon_core.environment:create_environment_scripts_only(my_package)
[1.912s] Level 1:colcon.colcon_core.environment:checking '/home/luisf/robot2_ws/install/my_package' for CMake module files
[1.914s] DEBUG:colcon.colcon_core.event_handler.log_command:Invoked command in '/home/luisf/robot2_ws/build/my_package' returned '0': CMAKE_PREFIX_PATH=${CMAKE_PREFIX_PATH}:/home/luisf/robot2_ws/install/publisher_subscriber_r:/home/luisf/robot2_ws/install/program2:/opt/ros/foxy /usr/bin/cmake --install /home/luisf/robot2_ws/build/my_package
[1.915s] Level 1:colcon.colcon_core.environment:checking '/home/luisf/robot2_ws/install/my_package' for CMake config files
[1.916s] Level 1:colcon.colcon_core.shell:create_environment_hook('my_package', 'cmake_prefix_path')
[1.921s] INFO:colcon.colcon_core.shell:Creating environment hook '/home/luisf/robot2_ws/install/my_package/share/my_package/hook/cmake_prefix_path.ps1'
[1.923s] INFO:colcon.colcon_core.shell:Creating environment descriptor '/home/luisf/robot2_ws/install/my_package/share/my_package/hook/cmake_prefix_path.dsv'
[1.924s] INFO:colcon.colcon_core.shell:Creating environment hook '/home/luisf/robot2_ws/install/my_package/share/my_package/hook/cmake_prefix_path.sh'
[1.926s] Level 1:colcon.colcon_core.environment:checking '/home/luisf/robot2_ws/install/my_package/lib'
[1.927s] Level 1:colcon.colcon_core.environment:checking '/home/luisf/robot2_ws/install/my_package/bin'
[1.927s] Level 1:colcon.colcon_core.environment:checking '/home/luisf/robot2_ws/install/my_package/lib/pkgconfig/my_package.pc'
[1.928s] Level 1:colcon.colcon_core.environment:checking '/home/luisf/robot2_ws/install/my_package/lib/python3.8/site-packages'
[1.929s] Level 1:colcon.colcon_core.environment:checking '/home/luisf/robot2_ws/install/my_package/bin'
[1.935s] INFO:colcon.colcon_core.shell:Creating package script '/home/luisf/robot2_ws/install/my_package/share/my_package/package.ps1'
[1.936s] INFO:colcon.colcon_core.shell:Creating package descriptor '/home/luisf/robot2_ws/install/my_package/share/my_package/package.dsv'
[1.937s] INFO:colcon.colcon_core.shell:Creating package script '/home/luisf/robot2_ws/install/my_package/share/my_package/package.sh'
[1.939s] INFO:colcon.colcon_core.shell:Creating package script '/home/luisf/robot2_ws/install/my_package/share/my_package/package.bash'
[1.940s] INFO:colcon.colcon_core.shell:Creating package script '/home/luisf/robot2_ws/install/my_package/share/my_package/package.zsh'
[1.941s] Level 1:colcon.colcon_core.environment:create_file_with_runtime_dependencies(/home/luisf/robot2_ws/install/my_package/share/colcon-core/packages/my_package)
[1.948s] Level 1:colcon.colcon_core.environment:create_environment_scripts_only(cpp_publisher_subscriber)
[1.957s] Level 1:colcon.colcon_core.environment:checking '/home/luisf/robot2_ws/install/cpp_publisher_subscriber' for CMake module files
[1.958s] DEBUG:colcon.colcon_core.event_handler.log_command:Invoked command in '/home/luisf/robot2_ws/build/cpp_publisher_subscriber' returned '0': CMAKE_PREFIX_PATH=${CMAKE_PREFIX_PATH}:/home/luisf/robot2_ws/install/publisher_subscriber_r:/home/luisf/robot2_ws/install/program2:/opt/ros/foxy /usr/bin/cmake --install /home/luisf/robot2_ws/build/cpp_publisher_subscriber
[1.960s] Level 1:colcon.colcon_core.environment:checking '/home/luisf/robot2_ws/install/cpp_publisher_subscriber' for CMake config files
[1.961s] Level 1:colcon.colcon_core.shell:create_environment_hook('cpp_publisher_subscriber', 'cmake_prefix_path')
[1.966s] INFO:colcon.colcon_core.shell:Creating environment hook '/home/luisf/robot2_ws/install/cpp_publisher_subscriber/share/cpp_publisher_subscriber/hook/cmake_prefix_path.ps1'
[1.967s] INFO:colcon.colcon_core.shell:Creating environment descriptor '/home/luisf/robot2_ws/install/cpp_publisher_subscriber/share/cpp_publisher_subscriber/hook/cmake_prefix_path.dsv'
[1.969s] INFO:colcon.colcon_core.shell:Creating environment hook '/home/luisf/robot2_ws/install/cpp_publisher_subscriber/share/cpp_publisher_subscriber/hook/cmake_prefix_path.sh'
[1.970s] Level 1:colcon.colcon_core.environment:checking '/home/luisf/robot2_ws/install/cpp_publisher_subscriber/lib'
[1.971s] Level 1:colcon.colcon_core.environment:checking '/home/luisf/robot2_ws/install/cpp_publisher_subscriber/bin'
[1.971s] Level 1:colcon.colcon_core.environment:checking '/home/luisf/robot2_ws/install/cpp_publisher_subscriber/lib/pkgconfig/cpp_publisher_subscriber.pc'
[1.972s] Level 1:colcon.colcon_core.environment:checking '/home/luisf/robot2_ws/install/cpp_publisher_subscriber/lib/python3.8/site-packages'
[1.972s] Level 1:colcon.colcon_core.environment:checking '/home/luisf/robot2_ws/install/cpp_publisher_subscriber/bin'
[1.978s] INFO:colcon.colcon_core.shell:Creating package script '/home/luisf/robot2_ws/install/cpp_publisher_subscriber/share/cpp_publisher_subscriber/package.ps1'
[1.979s] INFO:colcon.colcon_core.shell:Creating package descriptor '/home/luisf/robot2_ws/install/cpp_publisher_subscriber/share/cpp_publisher_subscriber/package.dsv'
[1.981s] INFO:colcon.colcon_core.shell:Creating package script '/home/luisf/robot2_ws/install/cpp_publisher_subscriber/share/cpp_publisher_subscriber/package.sh'
[1.982s] INFO:colcon.colcon_core.shell:Creating package script '/home/luisf/robot2_ws/install/cpp_publisher_subscriber/share/cpp_publisher_subscriber/package.bash'
[1.983s] INFO:colcon.colcon_core.shell:Creating package script '/home/luisf/robot2_ws/install/cpp_publisher_subscriber/share/cpp_publisher_subscriber/package.zsh'
[1.984s] Level 1:colcon.colcon_core.environment:create_file_with_runtime_dependencies(/home/luisf/robot2_ws/install/cpp_publisher_subscriber/share/colcon-core/packages/cpp_publisher_subscriber)
[1.998s] Level 1:colcon.colcon_core.environment:create_environment_scripts_only(node1)
[2.005s] Level 1:colcon.colcon_core.environment:checking '/home/luisf/robot2_ws/install/node1' for CMake module files
[2.006s] Level 1:colcon.colcon_core.environment:checking '/home/luisf/robot2_ws/install/node1' for CMake config files
[2.007s] Level 1:colcon.colcon_core.shell:create_environment_hook('node1', 'cmake_prefix_path')
[2.012s] INFO:colcon.colcon_core.shell:Creating environment hook '/home/luisf/robot2_ws/install/node1/share/node1/hook/cmake_prefix_path.ps1'
[2.014s] INFO:colcon.colcon_core.shell:Creating environment descriptor '/home/luisf/robot2_ws/install/node1/share/node1/hook/cmake_prefix_path.dsv'
[2.015s] INFO:colcon.colcon_core.shell:Creating environment hook '/home/luisf/robot2_ws/install/node1/share/node1/hook/cmake_prefix_path.sh'
[2.017s] Level 1:colcon.colcon_core.environment:checking '/home/luisf/robot2_ws/install/node1/bin'
[2.017s] Level 1:colcon.colcon_core.environment:checking '/home/luisf/robot2_ws/install/node1/lib/pkgconfig/node1.pc'
[2.018s] Level 1:colcon.colcon_core.environment:checking '/home/luisf/robot2_ws/install/node1/lib/python3.8/site-packages'
[2.018s] Level 1:colcon.colcon_core.environment:checking '/home/luisf/robot2_ws/install/node1/bin'
[2.023s] INFO:colcon.colcon_core.shell:Creating package script '/home/luisf/robot2_ws/install/node1/share/node1/package.ps1'
[2.025s] INFO:colcon.colcon_core.shell:Creating package descriptor '/home/luisf/robot2_ws/install/node1/share/node1/package.dsv'
[2.026s] INFO:colcon.colcon_core.shell:Creating package script '/home/luisf/robot2_ws/install/node1/share/node1/package.sh'
[2.028s] INFO:colcon.colcon_core.shell:Creating package script '/home/luisf/robot2_ws/install/node1/share/node1/package.bash'
[2.030s] INFO:colcon.colcon_core.shell:Creating package script '/home/luisf/robot2_ws/install/node1/share/node1/package.zsh'
[2.031s] Level 1:colcon.colcon_core.environment:create_file_with_runtime_dependencies(/home/luisf/robot2_ws/install/node1/share/colcon-core/packages/node1)
[2.039s] Level 1:colcon.colcon_core.environment:create_environment_scripts_only(my_package)
[2.048s] Level 1:colcon.colcon_core.environment:checking '/home/luisf/robot2_ws/install/my_package' for CMake module files
[2.049s] Level 1:colcon.colcon_core.environment:checking '/home/luisf/robot2_ws/install/my_package' for CMake config files
[2.050s] Level 1:colcon.colcon_core.shell:create_environment_hook('my_package', 'cmake_prefix_path')
[2.053s] INFO:colcon.colcon_core.shell:Creating environment hook '/home/luisf/robot2_ws/install/my_package/share/my_package/hook/cmake_prefix_path.ps1'
[2.054s] INFO:colcon.colcon_core.shell:Creating environment descriptor '/home/luisf/robot2_ws/install/my_package/share/my_package/hook/cmake_prefix_path.dsv'
[2.054s] INFO:colcon.colcon_core.shell:Creating environment hook '/home/luisf/robot2_ws/install/my_package/share/my_package/hook/cmake_prefix_path.sh'
[2.056s] Level 1:colcon.colcon_core.environment:checking '/home/luisf/robot2_ws/install/my_package/lib'
[2.056s] Level 1:colcon.colcon_core.environment:checking '/home/luisf/robot2_ws/install/my_package/bin'
[2.056s] Level 1:colcon.colcon_core.environment:checking '/home/luisf/robot2_ws/install/my_package/lib/pkgconfig/my_package.pc'
[2.056s] Level 1:colcon.colcon_core.environment:checking '/home/luisf/robot2_ws/install/my_package/lib/python3.8/site-packages'
[2.057s] Level 1:colcon.colcon_core.environment:checking '/home/luisf/robot2_ws/install/my_package/bin'
[2.060s] INFO:colcon.colcon_core.shell:Creating package script '/home/luisf/robot2_ws/install/my_package/share/my_package/package.ps1'
[2.061s] INFO:colcon.colcon_core.shell:Creating package descriptor '/home/luisf/robot2_ws/install/my_package/share/my_package/package.dsv'
[2.062s] INFO:colcon.colcon_core.shell:Creating package script '/home/luisf/robot2_ws/install/my_package/share/my_package/package.sh'
[2.063s] INFO:colcon.colcon_core.shell:Creating package script '/home/luisf/robot2_ws/install/my_package/share/my_package/package.bash'
[2.063s] INFO:colcon.colcon_core.shell:Creating package script '/home/luisf/robot2_ws/install/my_package/share/my_package/package.zsh'
[2.064s] Level 1:colcon.colcon_core.environment:create_file_with_runtime_dependencies(/home/luisf/robot2_ws/install/my_package/share/colcon-core/packages/my_package)
[2.068s] Level 1:colcon.colcon_core.environment:create_environment_scripts_only(cpp_publisher_subscriber)
[2.072s] Level 1:colcon.colcon_core.environment:checking '/home/luisf/robot2_ws/install/cpp_publisher_subscriber' for CMake module files
[2.074s] Level 1:colcon.colcon_core.environment:checking '/home/luisf/robot2_ws/install/cpp_publisher_subscriber' for CMake config files
[2.074s] Level 1:colcon.colcon_core.shell:create_environment_hook('cpp_publisher_subscriber', 'cmake_prefix_path')
[2.077s] INFO:colcon.colcon_core.shell:Creating environment hook '/home/luisf/robot2_ws/install/cpp_publisher_subscriber/share/cpp_publisher_subscriber/hook/cmake_prefix_path.ps1'
[2.078s] INFO:colcon.colcon_core.shell:Creating environment descriptor '/home/luisf/robot2_ws/install/cpp_publisher_subscriber/share/cpp_publisher_subscriber/hook/cmake_prefix_path.dsv'
[2.079s] INFO:colcon.colcon_core.shell:Creating environment hook '/home/luisf/robot2_ws/install/cpp_publisher_subscriber/share/cpp_publisher_subscriber/hook/cmake_prefix_path.sh'
[2.080s] Level 1:colcon.colcon_core.environment:checking '/home/luisf/robot2_ws/install/cpp_publisher_subscriber/lib'
[2.080s] Level 1:colcon.colcon_core.environment:checking '/home/luisf/robot2_ws/install/cpp_publisher_subscriber/bin'
[2.080s] Level 1:colcon.colcon_core.environment:checking '/home/luisf/robot2_ws/install/cpp_publisher_subscriber/lib/pkgconfig/cpp_publisher_subscriber.pc'
[2.080s] Level 1:colcon.colcon_core.environment:checking '/home/luisf/robot2_ws/install/cpp_publisher_subscriber/lib/python3.8/site-packages'
[2.081s] Level 1:colcon.colcon_core.environment:checking '/home/luisf/robot2_ws/install/cpp_publisher_subscriber/bin'
[2.083s] INFO:colcon.colcon_core.shell:Creating package script '/home/luisf/robot2_ws/install/cpp_publisher_subscriber/share/cpp_publisher_subscriber/package.ps1'
[2.084s] INFO:colcon.colcon_core.shell:Creating package descriptor '/home/luisf/robot2_ws/install/cpp_publisher_subscriber/share/cpp_publisher_subscriber/package.dsv'
[2.085s] INFO:colcon.colcon_core.shell:Creating package script '/home/luisf/robot2_ws/install/cpp_publisher_subscriber/share/cpp_publisher_subscriber/package.sh'
[2.086s] INFO:colcon.colcon_core.shell:Creating package script '/home/luisf/robot2_ws/install/cpp_publisher_subscriber/share/cpp_publisher_subscriber/package.bash'
[2.088s] INFO:colcon.colcon_core.shell:Creating package script '/home/luisf/robot2_ws/install/cpp_publisher_subscriber/share/cpp_publisher_subscriber/package.zsh'
[2.089s] Level 1:colcon.colcon_core.environment:create_file_with_runtime_dependencies(/home/luisf/robot2_ws/install/cpp_publisher_subscriber/share/colcon-core/packages/cpp_publisher_subscriber)
[2.643s] DEBUG:colcon.colcon_core.event_handler.log_command:Invoking command in '/home/luisf/robot2_ws/build/publisher_subscriber_r': PYTHONPATH=/home/luisf/robot2_ws/build/publisher_subscriber_r/prefix_override:/home/luisf/robot2_ws/install/publisher_subscriber_r/lib/python3.8/site-packages:${PYTHONPATH} /usr/bin/python3 setup.py develop --editable --build-directory /home/luisf/robot2_ws/build/publisher_subscriber_r/build --no-deps install_data
[3.563s] Level 1:colcon.colcon_core.shell:create_environment_hook('publisher_subscriber_r', 'pythonpath_develop')
[3.566s] INFO:colcon.colcon_core.shell:Creating environment hook '/home/luisf/robot2_ws/build/publisher_subscriber_r/share/publisher_subscriber_r/hook/pythonpath_develop.ps1'
[3.567s] DEBUG:colcon.colcon_core.event_handler.log_command:Invoked command in '/home/luisf/robot2_ws/build/publisher_subscriber_r' returned '0': PYTHONPATH=/home/luisf/robot2_ws/build/publisher_subscriber_r/prefix_override:/home/luisf/robot2_ws/install/publisher_subscriber_r/lib/python3.8/site-packages:${PYTHONPATH} /usr/bin/python3 setup.py develop --editable --build-directory /home/luisf/robot2_ws/build/publisher_subscriber_r/build --no-deps install_data
[3.568s] INFO:colcon.colcon_core.shell:Creating environment descriptor '/home/luisf/robot2_ws/build/publisher_subscriber_r/share/publisher_subscriber_r/hook/pythonpath_develop.dsv'
[3.570s] INFO:colcon.colcon_core.shell:Creating environment hook '/home/luisf/robot2_ws/build/publisher_subscriber_r/share/publisher_subscriber_r/hook/pythonpath_develop.sh'
[3.577s] Level 1:colcon.colcon_core.environment:checking '/home/luisf/robot2_ws/install/publisher_subscriber_r' for CMake module files
[3.578s] Level 1:colcon.colcon_core.environment:checking '/home/luisf/robot2_ws/install/publisher_subscriber_r' for CMake config files
[3.579s] Level 1:colcon.colcon_core.environment:checking '/home/luisf/robot2_ws/install/publisher_subscriber_r/lib'
[3.579s] Level 1:colcon.colcon_core.environment:checking '/home/luisf/robot2_ws/install/publisher_subscriber_r/bin'
[3.579s] Level 1:colcon.colcon_core.environment:checking '/home/luisf/robot2_ws/install/publisher_subscriber_r/lib/pkgconfig/publisher_subscriber_r.pc'
[3.580s] Level 1:colcon.colcon_core.environment:checking '/home/luisf/robot2_ws/install/publisher_subscriber_r/lib/python3.8/site-packages'
[3.580s] Level 1:colcon.colcon_core.shell:create_environment_hook('publisher_subscriber_r', 'pythonpath')
[3.582s] INFO:colcon.colcon_core.shell:Creating environment hook '/home/luisf/robot2_ws/install/publisher_subscriber_r/share/publisher_subscriber_r/hook/pythonpath.ps1'
[3.583s] INFO:colcon.colcon_core.shell:Creating environment descriptor '/home/luisf/robot2_ws/install/publisher_subscriber_r/share/publisher_subscriber_r/hook/pythonpath.dsv'
[3.584s] INFO:colcon.colcon_core.shell:Creating environment hook '/home/luisf/robot2_ws/install/publisher_subscriber_r/share/publisher_subscriber_r/hook/pythonpath.sh'
[3.585s] Level 1:colcon.colcon_core.environment:checking '/home/luisf/robot2_ws/install/publisher_subscriber_r/bin'
[3.585s] Level 1:colcon.colcon_core.environment:create_environment_scripts_only(publisher_subscriber_r)
[3.588s] INFO:colcon.colcon_core.shell:Creating package script '/home/luisf/robot2_ws/install/publisher_subscriber_r/share/publisher_subscriber_r/package.ps1'
[3.589s] INFO:colcon.colcon_core.shell:Creating package descriptor '/home/luisf/robot2_ws/install/publisher_subscriber_r/share/publisher_subscriber_r/package.dsv'
[3.590s] INFO:colcon.colcon_core.shell:Creating package script '/home/luisf/robot2_ws/install/publisher_subscriber_r/share/publisher_subscriber_r/package.sh'
[3.591s] INFO:colcon.colcon_core.shell:Creating package script '/home/luisf/robot2_ws/install/publisher_subscriber_r/share/publisher_subscriber_r/package.bash'
[3.592s] INFO:colcon.colcon_core.shell:Creating package script '/home/luisf/robot2_ws/install/publisher_subscriber_r/share/publisher_subscriber_r/package.zsh'
[3.592s] Level 1:colcon.colcon_core.environment:create_file_with_runtime_dependencies(/home/luisf/robot2_ws/install/publisher_subscriber_r/share/colcon-core/packages/publisher_subscriber_r)
[3.593s] DEBUG:colcon.colcon_parallel_executor.executor.parallel:closing loop
[3.594s] DEBUG:colcon.colcon_parallel_executor.executor.parallel:loop closed
[3.594s] DEBUG:colcon.colcon_parallel_executor.executor.parallel:run_until_complete finished with '0'
[3.594s] DEBUG:colcon.colcon_core.event_reactor:joining thread
[3.606s] INFO:colcon.colcon_core.plugin_system:Skipping extension 'colcon_notification.desktop_notification.terminal_notifier': Not used on non-Darwin systems
[3.606s] INFO:colcon.colcon_core.plugin_system:Skipping extension 'colcon_notification.desktop_notification.win32': Not used on non-Windows systems
[3.607s] INFO:colcon.colcon_notification.desktop_notification:Sending desktop notification using 'notify2'
[3.639s] DEBUG:colcon.colcon_core.event_reactor:joined thread
[3.642s] INFO:colcon.colcon_core.shell:Creating prefix script '/home/luisf/robot2_ws/install/local_setup.ps1'
[3.644s] INFO:colcon.colcon_core.shell:Creating prefix util module '/home/luisf/robot2_ws/install/_local_setup_util_ps1.py'
[3.647s] INFO:colcon.colcon_core.shell:Creating prefix chain script '/home/luisf/robot2_ws/install/setup.ps1'
[3.650s] INFO:colcon.colcon_core.shell:Creating prefix script '/home/luisf/robot2_ws/install/local_setup.sh'
[3.652s] INFO:colcon.colcon_core.shell:Creating prefix util module '/home/luisf/robot2_ws/install/_local_setup_util_sh.py'
[3.653s] INFO:colcon.colcon_core.shell:Creating prefix chain script '/home/luisf/robot2_ws/install/setup.sh'
[3.657s] INFO:colcon.colcon_core.shell:Creating prefix script '/home/luisf/robot2_ws/install/local_setup.bash'
[3.658s] INFO:colcon.colcon_core.shell:Creating prefix chain script '/home/luisf/robot2_ws/install/setup.bash'
[3.662s] INFO:colcon.colcon_core.shell:Creating prefix script '/home/luisf/robot2_ws/install/local_setup.zsh'
[3.663s] INFO:colcon.colcon_core.shell:Creating prefix chain script '/home/luisf/robot2_ws/install/setup.zsh'
