[0.151s] Invoking command in '/home/luisf/robot2_ws/build/custom_msg': CMAKE_PREFIX_PATH=${CMAKE_PREFIX_PATH}:/home/luisf/robot2_ws/install/publisher_subscriber_r:/home/luisf/robot2_ws/install/program2:/opt/ros/foxy /usr/bin/cmake --build /home/luisf/robot2_ws/build/custom_msg -- -j4 -l4
[0.425s] [  3%] Built target custom_msg__cpp
[0.535s] [ 12%] Built target custom_msg__rosidl_generator_c
[0.536s] [ 22%] Built target custom_msg__rosidl_typesupport_introspection_cpp
[0.623s] [ 32%] Built target custom_msg__rosidl_typesupport_cpp
[0.715s] [ 41%] Built target custom_msg__rosidl_typesupport_fastrtps_cpp
[0.802s] [ 51%] Built target custom_msg__rosidl_typesupport_introspection_c
[0.958s] [ 61%] Built target custom_msg__rosidl_typesupport_fastrtps_c
[1.076s] [ 70%] Built target custom_msg__rosidl_typesupport_c
[1.257s] [ 70%] Built target custom_msg
[1.356s] [ 74%] Built target custom_msg__py
[1.453s] [ 80%] Built target custom_msg__python
[1.537s] [ 87%] Built target custom_msg__rosidl_typesupport_fastrtps_c__pyext
[1.621s] [ 93%] Built target custom_msg__rosidl_typesupport_c__pyext
[1.696s] [100%] Built target custom_msg__rosidl_typesupport_introspection_c__pyext
[2.300s] Invoked command in '/home/luisf/robot2_ws/build/custom_msg' returned '0': CMAKE_PREFIX_PATH=${CMAKE_PREFIX_PATH}:/home/luisf/robot2_ws/install/publisher_subscriber_r:/home/luisf/robot2_ws/install/program2:/opt/ros/foxy /usr/bin/cmake --build /home/luisf/robot2_ws/build/custom_msg -- -j4 -l4
[2.576s] Invoking command in '/home/luisf/robot2_ws/build/custom_msg': CMAKE_PREFIX_PATH=${CMAKE_PREFIX_PATH}:/home/luisf/robot2_ws/install/publisher_subscriber_r:/home/luisf/robot2_ws/install/program2:/opt/ros/foxy /usr/bin/cmake --install /home/luisf/robot2_ws/build/custom_msg
[2.615s] -- Install configuration: ""
[2.619s] -- Execute custom install script
[2.622s] -- Up-to-date symlink: /home/luisf/robot2_ws/install/custom_msg/share/ament_index/resource_index/rosidl_interfaces/custom_msg
[2.624s] -- Up-to-date symlink: /home/luisf/robot2_ws/install/custom_msg/include/custom_msg/msg/detail/log_tf__functions.h
[2.624s] -- Up-to-date symlink: /home/luisf/robot2_ws/install/custom_msg/include/custom_msg/msg/detail/log_tf__struct.h
[2.625s] -- Up-to-date symlink: /home/luisf/robot2_ws/install/custom_msg/include/custom_msg/msg/detail/log_tf__type_support.h
[2.630s] -- Up-to-date symlink: /home/luisf/robot2_ws/install/custom_msg/include/custom_msg/msg/log_tf.h
[2.631s] -- Up-to-date symlink: /home/luisf/robot2_ws/install/custom_msg/include/custom_msg/msg/rosidl_generator_c__visibility_control.h
[2.632s] -- Up-to-date symlink: /home/luisf/robot2_ws/install/custom_msg/share/custom_msg/environment/library_path.sh
[2.636s] -- Up-to-date symlink: /home/luisf/robot2_ws/install/custom_msg/share/custom_msg/environment/library_path.dsv
[2.638s] -- Up-to-date symlink: /home/luisf/robot2_ws/install/custom_msg/include/custom_msg/msg/detail/log_tf__rosidl_typesupport_fastrtps_c.h
[2.639s] -- Up-to-date symlink: /home/luisf/robot2_ws/install/custom_msg/include/custom_msg/msg/rosidl_typesupport_fastrtps_c__visibility_control.h
[2.640s] -- Up-to-date symlink: /home/luisf/robot2_ws/install/custom_msg/lib/libcustom_msg__rosidl_typesupport_fastrtps_c.so
[2.642s] -- Up-to-date symlink: /home/luisf/robot2_ws/install/custom_msg/include/custom_msg/msg/detail/log_tf__rosidl_typesupport_fastrtps_cpp.hpp
[2.643s] -- Up-to-date symlink: /home/luisf/robot2_ws/install/custom_msg/include/custom_msg/msg/rosidl_typesupport_fastrtps_cpp__visibility_control.h
[2.644s] -- Up-to-date symlink: /home/luisf/robot2_ws/install/custom_msg/lib/libcustom_msg__rosidl_typesupport_fastrtps_cpp.so
[2.654s] -- Up-to-date symlink: /home/luisf/robot2_ws/install/custom_msg/include/custom_msg/msg/detail/log_tf__rosidl_typesupport_introspection_c.h
[2.654s] -- Up-to-date symlink: /home/luisf/robot2_ws/install/custom_msg/include/custom_msg/msg/rosidl_typesupport_introspection_c__visibility_control.h
[2.656s] -- Up-to-date symlink: /home/luisf/robot2_ws/install/custom_msg/include/custom_msg/msg/detail/log_tf__builder.hpp
[2.656s] -- Up-to-date symlink: /home/luisf/robot2_ws/install/custom_msg/include/custom_msg/msg/detail/log_tf__struct.hpp
[2.657s] -- Up-to-date symlink: /home/luisf/robot2_ws/install/custom_msg/include/custom_msg/msg/detail/log_tf__traits.hpp
[2.661s] -- Up-to-date symlink: /home/luisf/robot2_ws/install/custom_msg/include/custom_msg/msg/detail/log_tf__type_support.hpp
[2.661s] -- Up-to-date symlink: /home/luisf/robot2_ws/install/custom_msg/include/custom_msg/msg/log_tf.hpp
[2.662s] -- Up-to-date symlink: /home/luisf/robot2_ws/install/custom_msg/include/custom_msg/msg/rosidl_generator_cpp__visibility_control.hpp
[2.663s] -- Up-to-date symlink: /home/luisf/robot2_ws/install/custom_msg/include/custom_msg/msg/detail/log_tf__rosidl_typesupport_introspection_cpp.hpp
[2.664s] -- Up-to-date symlink: /home/luisf/robot2_ws/install/custom_msg/share/custom_msg/environment/pythonpath.sh
[2.665s] -- Up-to-date symlink: /home/luisf/robot2_ws/install/custom_msg/share/custom_msg/environment/pythonpath.dsv
[2.674s] -- Up-to-date symlink: /home/luisf/robot2_ws/install/custom_msg/lib/python3.8/site-packages/custom_msg/__init__.py
[2.676s] -- Up-to-date symlink: /home/luisf/robot2_ws/install/custom_msg/lib/python3.8/site-packages/custom_msg/msg/__init__.py
[2.676s] -- Up-to-date symlink: /home/luisf/robot2_ws/install/custom_msg/lib/python3.8/site-packages/custom_msg/msg/_log_tf.py
[2.677s] -- Up-to-date symlink: /home/luisf/robot2_ws/install/custom_msg/lib/python3.8/site-packages/custom_msg/custom_msg_s__rosidl_typesupport_fastrtps_c.cpython-38-x86_64-linux-gnu.so
[2.679s] -- Up-to-date symlink: /home/luisf/robot2_ws/install/custom_msg/lib/python3.8/site-packages/custom_msg/custom_msg_s__rosidl_typesupport_introspection_c.cpython-38-x86_64-linux-gnu.so
[2.680s] -- Up-to-date symlink: /home/luisf/robot2_ws/install/custom_msg/lib/python3.8/site-packages/custom_msg/custom_msg_s__rosidl_typesupport_c.cpython-38-x86_64-linux-gnu.so
[2.681s] -- Up-to-date symlink: /home/luisf/robot2_ws/install/custom_msg/lib/libcustom_msg__python.so
[2.687s] -- Up-to-date symlink: /home/luisf/robot2_ws/install/custom_msg/share/custom_msg/msg/LogTf.idl
[2.688s] -- Up-to-date symlink: /home/luisf/robot2_ws/install/custom_msg/share/custom_msg/msg/LogTf.msg
[2.688s] -- Up-to-date symlink: /home/luisf/robot2_ws/install/custom_msg/share/ament_index/resource_index/package_run_dependencies/custom_msg
[2.689s] -- Up-to-date symlink: /home/luisf/robot2_ws/install/custom_msg/share/ament_index/resource_index/parent_prefix_path/custom_msg
[2.690s] -- Up-to-date symlink: /home/luisf/robot2_ws/install/custom_msg/share/custom_msg/environment/ament_prefix_path.sh
[2.691s] -- Up-to-date symlink: /home/luisf/robot2_ws/install/custom_msg/share/custom_msg/environment/ament_prefix_path.dsv
[2.692s] -- Up-to-date symlink: /home/luisf/robot2_ws/install/custom_msg/share/custom_msg/environment/path.sh
[2.693s] -- Up-to-date symlink: /home/luisf/robot2_ws/install/custom_msg/share/custom_msg/environment/path.dsv
[2.699s] -- Up-to-date symlink: /home/luisf/robot2_ws/install/custom_msg/share/custom_msg/local_setup.bash
[2.700s] -- Up-to-date symlink: /home/luisf/robot2_ws/install/custom_msg/share/custom_msg/local_setup.sh
[2.701s] -- Up-to-date symlink: /home/luisf/robot2_ws/install/custom_msg/share/custom_msg/local_setup.zsh
[2.702s] -- Up-to-date symlink: /home/luisf/robot2_ws/install/custom_msg/share/custom_msg/local_setup.dsv
[2.702s] -- Symlinking: /home/luisf/robot2_ws/install/custom_msg/share/custom_msg/package.dsv
[2.741s] -- Up-to-date symlink: /home/luisf/robot2_ws/install/custom_msg/share/ament_index/resource_index/packages/custom_msg
[2.743s] -- Up-to-date symlink: /home/luisf/robot2_ws/install/custom_msg/share/custom_msg/cmake/rosidl_cmake-extras.cmake
[2.744s] -- Up-to-date symlink: /home/luisf/robot2_ws/install/custom_msg/share/custom_msg/cmake/ament_cmake_export_dependencies-extras.cmake
[2.745s] -- Up-to-date symlink: /home/luisf/robot2_ws/install/custom_msg/share/custom_msg/cmake/ament_cmake_export_libraries-extras.cmake
[2.749s] -- Up-to-date symlink: /home/luisf/robot2_ws/install/custom_msg/share/custom_msg/cmake/ament_cmake_export_targets-extras.cmake
[2.750s] -- Up-to-date symlink: /home/luisf/robot2_ws/install/custom_msg/share/custom_msg/cmake/ament_cmake_export_include_directories-extras.cmake
[2.751s] -- Up-to-date symlink: /home/luisf/robot2_ws/install/custom_msg/share/custom_msg/cmake/rosidl_cmake_export_typesupport_libraries-extras.cmake
[2.752s] -- Up-to-date symlink: /home/luisf/robot2_ws/install/custom_msg/share/custom_msg/cmake/rosidl_cmake_export_typesupport_targets-extras.cmake
[2.753s] -- Up-to-date symlink: /home/luisf/robot2_ws/install/custom_msg/share/custom_msg/cmake/custom_msgConfig.cmake
[2.761s] -- Up-to-date symlink: /home/luisf/robot2_ws/install/custom_msg/share/custom_msg/cmake/custom_msgConfig-version.cmake
[2.761s] -- Up-to-date symlink: /home/luisf/robot2_ws/install/custom_msg/share/custom_msg/package.xml
[2.762s] -- Up-to-date: /home/luisf/robot2_ws/install/custom_msg/lib/libcustom_msg__rosidl_generator_c.so
[2.763s] -- Up-to-date: /home/luisf/robot2_ws/install/custom_msg/lib/libcustom_msg__rosidl_typesupport_introspection_c.so
[2.764s] -- Up-to-date: /home/luisf/robot2_ws/install/custom_msg/lib/libcustom_msg__rosidl_typesupport_c.so
[2.770s] -- Up-to-date: /home/luisf/robot2_ws/install/custom_msg/lib/libcustom_msg__rosidl_typesupport_introspection_cpp.so
[2.771s] -- Up-to-date: /home/luisf/robot2_ws/install/custom_msg/lib/libcustom_msg__rosidl_typesupport_cpp.so
[2.901s] -- Up-to-date: /home/luisf/robot2_ws/install/custom_msg/share/custom_msg/cmake/custom_msg__rosidl_generator_cExport.cmake
[2.902s] -- Up-to-date: /home/luisf/robot2_ws/install/custom_msg/share/custom_msg/cmake/custom_msg__rosidl_generator_cExport-noconfig.cmake
[2.904s] -- Up-to-date: /home/luisf/robot2_ws/install/custom_msg/share/custom_msg/cmake/custom_msg__rosidl_typesupport_introspection_cExport.cmake
[2.904s] -- Up-to-date: /home/luisf/robot2_ws/install/custom_msg/share/custom_msg/cmake/custom_msg__rosidl_typesupport_introspection_cExport-noconfig.cmake
[2.904s] -- Up-to-date: /home/luisf/robot2_ws/install/custom_msg/share/custom_msg/cmake/custom_msg__rosidl_typesupport_cExport.cmake
[2.905s] -- Up-to-date: /home/luisf/robot2_ws/install/custom_msg/share/custom_msg/cmake/custom_msg__rosidl_typesupport_cExport-noconfig.cmake
[2.909s] -- Up-to-date: /home/luisf/robot2_ws/install/custom_msg/share/custom_msg/cmake/custom_msg__rosidl_generator_cppExport.cmake
[2.922s] -- Up-to-date: /home/luisf/robot2_ws/install/custom_msg/share/custom_msg/cmake/custom_msg__rosidl_typesupport_introspection_cppExport.cmake
[2.922s] -- Up-to-date: /home/luisf/robot2_ws/install/custom_msg/share/custom_msg/cmake/custom_msg__rosidl_typesupport_introspection_cppExport-noconfig.cmake
[2.922s] -- Up-to-date: /home/luisf/robot2_ws/install/custom_msg/share/custom_msg/cmake/custom_msg__rosidl_typesupport_cppExport.cmake
[2.923s] -- Up-to-date: /home/luisf/robot2_ws/install/custom_msg/share/custom_msg/cmake/custom_msg__rosidl_typesupport_cppExport-noconfig.cmake
[2.923s] Invoked command in '/home/luisf/robot2_ws/build/custom_msg' returned '0': CMAKE_PREFIX_PATH=${CMAKE_PREFIX_PATH}:/home/luisf/robot2_ws/install/publisher_subscriber_r:/home/luisf/robot2_ws/install/program2:/opt/ros/foxy /usr/bin/cmake --install /home/luisf/robot2_ws/build/custom_msg
