[0.090s] Invoking command in '/home/luisf/robot2_ws/build/my_package': CMAKE_PREFIX_PATH=${CMAKE_PREFIX_PATH}:/home/luisf/robot2_ws/install/publisher_subscriber_r:/home/luisf/robot2_ws/install/program2:/opt/ros/foxy /usr/bin/cmake --build /home/luisf/robot2_ws/build/my_package -- -j4 -l4
[0.683s] [100%] Built target my_node
[0.686s] Invoked command in '/home/luisf/robot2_ws/build/my_package' returned '0': CMAKE_PREFIX_PATH=${CMAKE_PREFIX_PATH}:/home/luisf/robot2_ws/install/publisher_subscriber_r:/home/luisf/robot2_ws/install/program2:/opt/ros/foxy /usr/bin/cmake --build /home/luisf/robot2_ws/build/my_package -- -j4 -l4
[0.770s] Invoking command in '/home/luisf/robot2_ws/build/my_package': CMAKE_PREFIX_PATH=${CMAKE_PREFIX_PATH}:/home/luisf/robot2_ws/install/publisher_subscriber_r:/home/luisf/robot2_ws/install/program2:/opt/ros/foxy /usr/bin/cmake --install /home/luisf/robot2_ws/build/my_package
[0.802s] -- Install configuration: ""
[0.804s] -- Execute custom install script
[0.806s] -- Up-to-date symlink: /home/luisf/robot2_ws/install/my_package/lib/my_package/my_node
[0.807s] -- Up-to-date symlink: /home/luisf/robot2_ws/install/my_package/share/ament_index/resource_index/package_run_dependencies/my_package
[0.814s] -- Up-to-date symlink: /home/luisf/robot2_ws/install/my_package/share/ament_index/resource_index/parent_prefix_path/my_package
[0.816s] -- Up-to-date symlink: /home/luisf/robot2_ws/install/my_package/share/my_package/environment/ament_prefix_path.sh
[0.817s] -- Up-to-date symlink: /home/luisf/robot2_ws/install/my_package/share/my_package/environment/ament_prefix_path.dsv
[0.818s] -- Up-to-date symlink: /home/luisf/robot2_ws/install/my_package/share/my_package/environment/path.sh
[0.818s] -- Up-to-date symlink: /home/luisf/robot2_ws/install/my_package/share/my_package/environment/path.dsv
[0.820s] -- Up-to-date symlink: /home/luisf/robot2_ws/install/my_package/share/my_package/local_setup.bash
[0.820s] -- Up-to-date symlink: /home/luisf/robot2_ws/install/my_package/share/my_package/local_setup.sh
[0.829s] -- Up-to-date symlink: /home/luisf/robot2_ws/install/my_package/share/my_package/local_setup.zsh
[0.829s] -- Up-to-date symlink: /home/luisf/robot2_ws/install/my_package/share/my_package/local_setup.dsv
[0.829s] -- Symlinking: /home/luisf/robot2_ws/install/my_package/share/my_package/package.dsv
[0.861s] -- Up-to-date symlink: /home/luisf/robot2_ws/install/my_package/share/ament_index/resource_index/packages/my_package
[0.861s] -- Up-to-date symlink: /home/luisf/robot2_ws/install/my_package/share/my_package/cmake/my_packageConfig.cmake
[0.861s] -- Up-to-date symlink: /home/luisf/robot2_ws/install/my_package/share/my_package/cmake/my_packageConfig-version.cmake
[0.862s] -- Up-to-date symlink: /home/luisf/robot2_ws/install/my_package/share/my_package/package.xml
[0.879s] Invoked command in '/home/luisf/robot2_ws/build/my_package' returned '0': CMAKE_PREFIX_PATH=${CMAKE_PREFIX_PATH}:/home/luisf/robot2_ws/install/publisher_subscriber_r:/home/luisf/robot2_ws/install/program2:/opt/ros/foxy /usr/bin/cmake --install /home/luisf/robot2_ws/build/my_package
