[0.125s] Invoking command in '/home/luisf/robot2_ws/build/my_package': CMAKE_PREFIX_PATH=/opt/ros/foxy /usr/bin/cmake --build /home/luisf/robot2_ws/build/my_package -- -j4 -l4
[0.696s] -- Found ament_cmake: 0.9.12 (/opt/ros/foxy/share/ament_cmake/cmake)
[0.957s] -- Using PYTHON_EXECUTABLE: /usr/bin/python3
[1.429s] -- Override CMake install command with custom implementation using symlinks instead of copying resources
[1.756s] -- Found ament_lint_auto: 0.9.8 (/opt/ros/foxy/share/ament_lint_auto/cmake)
[2.287s] -- Added test 'copyright' to check source files copyright and LICENSE
[2.326s] -- Added test 'cppcheck' to perform static code analysis on C / C++ code
[2.327s] -- Configured cppcheck include dirs: $<BUILD_INTERFACE:/home/luisf/robot2_ws/src/my_package/include>
[2.327s] -- Configured cppcheck exclude dirs and/or files: 
[2.338s] -- Added test 'cpplint' to check C / C++ code against the Google style
[2.338s] -- Configured cpplint exclude dirs and/or files: 
[2.355s] -- Added test 'lint_cmake' to check CMake code style
[2.380s] -- Added test 'uncrustify' to check C / C++ code style
[2.380s] -- Configured uncrustify additional arguments: 
[2.382s] -- Added test 'xmllint' to check XML markup files
[2.469s] -- Configuring done
[2.678s] -- Generating done
[2.679s] -- Build files have been written to: /home/luisf/robot2_ws/build/my_package
[2.803s] [100%] Built target my_node
[2.820s] Invoked command in '/home/luisf/robot2_ws/build/my_package' returned '0': CMAKE_PREFIX_PATH=/opt/ros/foxy /usr/bin/cmake --build /home/luisf/robot2_ws/build/my_package -- -j4 -l4
[2.878s] Invoking command in '/home/luisf/robot2_ws/build/my_package': CMAKE_PREFIX_PATH=/opt/ros/foxy /usr/bin/cmake --install /home/luisf/robot2_ws/build/my_package
[2.892s] -- Install configuration: ""
[2.893s] -- Execute custom install script
[2.894s] -- Up-to-date symlink: /home/luisf/robot2_ws/install/my_package/lib/my_package/my_node
[2.965s] -- Up-to-date symlink: /home/luisf/robot2_ws/install/my_package/share/ament_index/resource_index/package_run_dependencies/my_package
[2.998s] -- Up-to-date symlink: /home/luisf/robot2_ws/install/my_package/share/ament_index/resource_index/parent_prefix_path/my_package
[3.032s] -- Up-to-date symlink: /home/luisf/robot2_ws/install/my_package/share/my_package/environment/ament_prefix_path.sh
[3.032s] -- Up-to-date symlink: /home/luisf/robot2_ws/install/my_package/share/my_package/environment/ament_prefix_path.dsv
[3.033s] -- Up-to-date symlink: /home/luisf/robot2_ws/install/my_package/share/my_package/environment/path.sh
[3.034s] -- Up-to-date symlink: /home/luisf/robot2_ws/install/my_package/share/my_package/environment/path.dsv
[3.035s] -- Up-to-date symlink: /home/luisf/robot2_ws/install/my_package/share/my_package/local_setup.bash
[3.036s] -- Up-to-date symlink: /home/luisf/robot2_ws/install/my_package/share/my_package/local_setup.sh
[3.036s] -- Up-to-date symlink: /home/luisf/robot2_ws/install/my_package/share/my_package/local_setup.zsh
[3.037s] -- Up-to-date symlink: /home/luisf/robot2_ws/install/my_package/share/my_package/local_setup.dsv
[3.037s] -- Symlinking: /home/luisf/robot2_ws/install/my_package/share/my_package/package.dsv
[3.053s] -- Up-to-date symlink: /home/luisf/robot2_ws/install/my_package/share/ament_index/resource_index/packages/my_package
[3.053s] -- Up-to-date symlink: /home/luisf/robot2_ws/install/my_package/share/my_package/cmake/my_packageConfig.cmake
[3.054s] -- Up-to-date symlink: /home/luisf/robot2_ws/install/my_package/share/my_package/cmake/my_packageConfig-version.cmake
[3.054s] -- Up-to-date symlink: /home/luisf/robot2_ws/install/my_package/share/my_package/package.xml
[3.058s] Invoked command in '/home/luisf/robot2_ws/build/my_package' returned '0': CMAKE_PREFIX_PATH=/opt/ros/foxy /usr/bin/cmake --install /home/luisf/robot2_ws/build/my_package
