[0.057s] Invoking command in '/home/luisf/robot2_ws/build/program1': CMAKE_PREFIX_PATH=/opt/ros/foxy /usr/bin/cmake /home/luisf/robot2_ws/src/program1 -DAMENT_CMAKE_SYMLINK_INSTALL=1 -DCMAKE_INSTALL_PREFIX=/home/luisf/robot2_ws/install/program1
[0.705s] -- The C compiler identification is GNU 9.4.0
[0.708s] -- The CXX compiler identification is GNU 9.4.0
[0.709s] -- Check for working C compiler: /usr/bin/cc
[0.710s] -- Check for working C compiler: /usr/bin/cc -- works
[0.710s] -- Detecting C compiler ABI info
[0.711s] -- Detecting C compiler ABI info - done
[0.711s] -- Detecting C compile features
[0.711s] -- Detecting C compile features - done
[0.711s] -- Check for working CXX compiler: /usr/bin/c++
[0.855s] -- Check for working CXX compiler: /usr/bin/c++ -- works
[0.858s] -- Detecting CXX compiler ABI info
[1.044s] -- Detecting CXX compiler ABI info - done
[1.066s] -- Detecting CXX compile features
[1.067s] -- Detecting CXX compile features - done
[1.071s] -- Found ament_cmake: 0.9.12 (/opt/ros/foxy/share/ament_cmake/cmake)
[1.129s] -- Found PythonInterp: /usr/bin/python3 (found suitable version "3.8.10", minimum required is "3") 
[1.129s] -- Using PYTHON_EXECUTABLE: /usr/bin/python3
[1.480s] -- Override CMake install command with custom implementation using symlinks instead of copying resources
[1.517s] -- Found ament_lint_auto: 0.9.8 (/opt/ros/foxy/share/ament_lint_auto/cmake)
[1.660s] -- Added test 'copyright' to check source files copyright and LICENSE
[1.663s] -- Added test 'lint_cmake' to check CMake code style
[1.665s] -- Added test 'xmllint' to check XML markup files
[1.669s] -- Configuring done
[1.673s] -- Generating done
[1.675s] -- Build files have been written to: /home/luisf/robot2_ws/build/program1
[1.682s] Invoked command in '/home/luisf/robot2_ws/build/program1' returned '0': CMAKE_PREFIX_PATH=/opt/ros/foxy /usr/bin/cmake /home/luisf/robot2_ws/src/program1 -DAMENT_CMAKE_SYMLINK_INSTALL=1 -DCMAKE_INSTALL_PREFIX=/home/luisf/robot2_ws/install/program1
[1.688s] Invoking command in '/home/luisf/robot2_ws/build/program1': CMAKE_PREFIX_PATH=/opt/ros/foxy /usr/bin/cmake --build /home/luisf/robot2_ws/build/program1 -- -j4 -l4
[1.759s] Invoked command in '/home/luisf/robot2_ws/build/program1' returned '0': CMAKE_PREFIX_PATH=/opt/ros/foxy /usr/bin/cmake --build /home/luisf/robot2_ws/build/program1 -- -j4 -l4
[1.819s] Invoking command in '/home/luisf/robot2_ws/build/program1': CMAKE_PREFIX_PATH=/opt/ros/foxy /usr/bin/cmake --install /home/luisf/robot2_ws/build/program1
[1.834s] -- Install configuration: ""
[1.835s] -- Execute custom install script
[1.835s] -- Symlinking: /home/luisf/robot2_ws/install/program1/share/ament_index/resource_index/package_run_dependencies/program1
[1.850s] -- Symlinking: /home/luisf/robot2_ws/install/program1/share/ament_index/resource_index/parent_prefix_path/program1
[1.878s] -- Symlinking: /home/luisf/robot2_ws/install/program1/share/program1/environment/ament_prefix_path.sh
[1.887s] -- Symlinking: /home/luisf/robot2_ws/install/program1/share/program1/environment/ament_prefix_path.dsv
[1.902s] -- Symlinking: /home/luisf/robot2_ws/install/program1/share/program1/environment/path.sh
[1.918s] -- Symlinking: /home/luisf/robot2_ws/install/program1/share/program1/environment/path.dsv
[1.942s] -- Symlinking: /home/luisf/robot2_ws/install/program1/share/program1/local_setup.bash
[1.961s] -- Symlinking: /home/luisf/robot2_ws/install/program1/share/program1/local_setup.sh
[1.976s] -- Symlinking: /home/luisf/robot2_ws/install/program1/share/program1/local_setup.zsh
[1.992s] -- Symlinking: /home/luisf/robot2_ws/install/program1/share/program1/local_setup.dsv
[2.008s] -- Symlinking: /home/luisf/robot2_ws/install/program1/share/program1/package.dsv
[2.025s] -- Symlinking: /home/luisf/robot2_ws/install/program1/share/ament_index/resource_index/packages/program1
[2.041s] -- Symlinking: /home/luisf/robot2_ws/install/program1/share/program1/cmake/program1Config.cmake
[2.056s] -- Symlinking: /home/luisf/robot2_ws/install/program1/share/program1/cmake/program1Config-version.cmake
[2.071s] -- Symlinking: /home/luisf/robot2_ws/install/program1/share/program1/package.xml
[2.090s] Invoked command in '/home/luisf/robot2_ws/build/program1' returned '0': CMAKE_PREFIX_PATH=/opt/ros/foxy /usr/bin/cmake --install /home/luisf/robot2_ws/build/program1
